Log file open, 08/23/18 15:46:56
LogInit:Display: Running engine for game: Pinball
LogPlatformFile: Not using cached read wrapper
LogInit:Display: RandInit(-1883886680) SRandInit(-1883886680).
LogTaskGraph: Started task graph with 5 named threads and 10 total threads with 1 sets of task threads.
LogStats: Stats thread started at 0.105388
LogPluginManager: Loaded Plugin Paper2D, From C:/Program Files/Epic Games/UE_4.14/Engine/Plugins/2D/Paper2D/Paper2D.uplugin
LogPluginManager: Loaded Plugin LightPropagationVolume, From C:/Program Files/Epic Games/UE_4.14/Engine/Plugins/Blendables/LightPropagationVolume/LightPropagationVolume.uplugin
LogPluginManager: Loaded Plugin BlankPlugin, From C:/Program Files/Epic Games/UE_4.14/Engine/Plugins/Developer/BlankPlugin/BlankPlugin.uplugin
LogPluginManager: Loaded Plugin CodeLiteSourceCodeAccess, From C:/Program Files/Epic Games/UE_4.14/Engine/Plugins/Developer/CodeLiteSourceCodeAccess/CodeLiteSourceCodeAccess.uplugin
LogPluginManager: Loaded Plugin GitSourceControl, From C:/Program Files/Epic Games/UE_4.14/Engine/Plugins/Developer/GitSourceControl/GitSourceControl.uplugin
LogPluginManager: Loaded Plugin KDevelopSourceCodeAccess, From C:/Program Files/Epic Games/UE_4.14/Engine/Plugins/Developer/KDevelopSourceCodeAccess/KDevelopSourceCodeAccess.uplugin
LogPluginManager: Loaded Plugin NullSourceCodeAccess, From C:/Program Files/Epic Games/UE_4.14/Engine/Plugins/Developer/NullSourceCodeAccess/NullSourceCodeAccess.uplugin
LogPluginManager: Loaded Plugin OneSkyLocalizationService, From C:/Program Files/Epic Games/UE_4.14/Engine/Plugins/Developer/OneSkyLocalizationService/OneSkyLocalizationService.uplugin
LogPluginManager: Loaded Plugin PerforceSourceControl, From C:/Program Files/Epic Games/UE_4.14/Engine/Plugins/Developer/PerforceSourceControl/PerforceSourceControl.uplugin
LogPluginManager: Loaded Plugin SubversionSourceControl, From C:/Program Files/Epic Games/UE_4.14/Engine/Plugins/Developer/SubversionSourceControl/SubversionSourceControl.uplugin
LogPluginManager: Loaded Plugin UObjectPlugin, From C:/Program Files/Epic Games/UE_4.14/Engine/Plugins/Developer/UObjectPlugin/UObjectPlugin.uplugin
LogPluginManager: Loaded Plugin VisualStudioSourceCodeAccess, From C:/Program Files/Epic Games/UE_4.14/Engine/Plugins/Developer/VisualStudioSourceCodeAccess/VisualStudioSourceCodeAccess.uplugin
LogPluginManager: Loaded Plugin XCodeSourceCodeAccess, From C:/Program Files/Epic Games/UE_4.14/Engine/Plugins/Developer/XCodeSourceCodeAccess/XCodeSourceCodeAccess.uplugin
LogPluginManager: Loaded Plugin AudioCapture, From C:/Program Files/Epic Games/UE_4.14/Engine/Plugins/Editor/AudioCapture/AudioCapture.uplugin
LogPluginManager: Loaded Plugin EpicSurvey, From C:/Program Files/Epic Games/UE_4.14/Engine/Plugins/Editor/EpicSurvey/EpicSurvey.uplugin
LogPluginManager: Loaded Plugin MacGraphicsSwitching, From C:/Program Files/Epic Games/UE_4.14/Engine/Plugins/Editor/MacGraphicsSwitching/MacGraphicsSwitching.uplugin
LogPluginManager: Loaded Plugin MobileLauncherProfileWizard, From C:/Program Files/Epic Games/UE_4.14/Engine/Plugins/Editor/MobileLauncherProfileWizard/MobileLauncherProfileWizard.uplugin
LogPluginManager: Loaded Plugin PluginBrowser, From C:/Program Files/Epic Games/UE_4.14/Engine/Plugins/Editor/PluginBrowser/PluginBrowser.uplugin
LogPluginManager: Loaded Plugin SpeedTreeImporter, From C:/Program Files/Epic Games/UE_4.14/Engine/Plugins/Editor/SpeedTreeImporter/SpeedTreeImporter.uplugin
LogPluginManager: Loaded Plugin SuperSearchEditor, From C:/Program Files/Epic Games/UE_4.14/Engine/Plugins/Editor/SuperSearchEditor/SuperSearchEditor.uplugin
LogPluginManager: Loaded Plugin AlembicImporter, From C:/Program Files/Epic Games/UE_4.14/Engine/Plugins/Experimental/AlembicImporter/AlembicImporter.uplugin
LogPluginManager: Loaded Plugin BlueprintStats, From C:/Program Files/Epic Games/UE_4.14/Engine/Plugins/Experimental/BlueprintStats/BlueprintStats.uplugin
LogPluginManager: Loaded Plugin CharacterAI, From C:/Program Files/Epic Games/UE_4.14/Engine/Plugins/Experimental/CharacterAI/CharacterAI.uplugin
LogPluginManager: Loaded Plugin CodeEditor, From C:/Program Files/Epic Games/UE_4.14/Engine/Plugins/Experimental/CodeEditor/CodeEditor.uplugin
LogPluginManager: Loaded Plugin CodeView, From C:/Program Files/Epic Games/UE_4.14/Engine/Plugins/Experimental/CodeView/CodeView.uplugin
LogPluginManager: Loaded Plugin HTML5Networking, From C:/Program Files/Epic Games/UE_4.14/Engine/Plugins/Experimental/HTML5Networking/HTML5Networking.uplugin
LogPluginManager: Loaded Plugin OSVR, From C:/Program Files/Epic Games/UE_4.14/Engine/Plugins/Experimental/OSVR/OSVR.uplugin
LogPluginManager: Loaded Plugin Phya, From C:/Program Files/Epic Games/UE_4.14/Engine/Plugins/Experimental/Phya/Phya.uplugin
LogPluginManager: Loaded Plugin SignificanceManager, From C:/Program Files/Epic Games/UE_4.14/Engine/Plugins/Experimental/SignificanceManager/SignificanceManager.uplugin
LogPluginManager: Loaded Plugin SimpleHMD, From C:/Program Files/Epic Games/UE_4.14/Engine/Plugins/Experimental/SimpleHMD/SimpleHMD.uplugin
LogPluginManager: Loaded Plugin StereoPanorama, From C:/Program Files/Epic Games/UE_4.14/Engine/Plugins/Experimental/StereoPanorama/StereoPanorama.uplugin
LogPluginManager: Loaded Plugin StructBox, From C:/Program Files/Epic Games/UE_4.14/Engine/Plugins/Experimental/StructBox/StructBox.uplugin
LogPluginManager: Loaded Plugin AndroidMedia, From C:/Program Files/Epic Games/UE_4.14/Engine/Plugins/Media/AndroidMedia/AndroidMedia.uplugin
LogPluginManager: Loaded Plugin AvfMedia, From C:/Program Files/Epic Games/UE_4.14/Engine/Plugins/Media/AvfMedia/AvfMedia.uplugin
LogPluginManager: Loaded Plugin MediaPlayerEditor, From C:/Program Files/Epic Games/UE_4.14/Engine/Plugins/Media/MediaPlayerEditor/MediaPlayerEditor.uplugin
LogPluginManager: Loaded Plugin WmfMedia, From C:/Program Files/Epic Games/UE_4.14/Engine/Plugins/Media/WmfMedia/WmfMedia.uplugin
LogPluginManager: Loaded Plugin MessagingDebugger, From C:/Program Files/Epic Games/UE_4.14/Engine/Plugins/Messaging/MessagingDebugger/MessagingDebugger.uplugin
LogPluginManager: Loaded Plugin TcpMessaging, From C:/Program Files/Epic Games/UE_4.14/Engine/Plugins/Messaging/TcpMessaging/TcpMessaging.uplugin
LogPluginManager: Loaded Plugin UdpMessaging, From C:/Program Files/Epic Games/UE_4.14/Engine/Plugins/Messaging/UdpMessaging/UdpMessaging.uplugin
LogPluginManager: Loaded Plugin LevelSequenceEditor, From C:/Program Files/Epic Games/UE_4.14/Engine/Plugins/MovieScene/LevelSequenceEditor/LevelSequenceEditor.uplugin
LogPluginManager: Loaded Plugin MatineeToLevelSequence, From C:/Program Files/Epic Games/UE_4.14/Engine/Plugins/MovieScene/MatineeToLevelSequence/MatineeToLevelSequence.uplugin
LogPluginManager: Loaded Plugin NetcodeUnitTest, From C:/Program Files/Epic Games/UE_4.14/Engine/Plugins/NetcodeUnitTest/NetcodeUnitTest/NetcodeUnitTest.uplugin
LogPluginManager: Loaded Plugin NUTUnrealEngine4, From C:/Program Files/Epic Games/UE_4.14/Engine/Plugins/NetcodeUnitTest/NUTUnrealEngine4/NUTUnrealEngine4.uplugin
LogPluginManager: Loaded Plugin OnlineSubsystemGameCircle, From C:/Program Files/Epic Games/UE_4.14/Engine/Plugins/Online/Android/OnlineSubsystemGameCircle/OnlineSubsystemGameCircle.uplugin
LogPluginManager: Loaded Plugin OnlineSubsystemGooglePlay, From C:/Program Files/Epic Games/UE_4.14/Engine/Plugins/Online/Android/OnlineSubsystemGooglePlay/OnlineSubsystemGooglePlay.uplugin
LogPluginManager: Loaded Plugin OnlineSubsystemIOS, From C:/Program Files/Epic Games/UE_4.14/Engine/Plugins/Online/IOS/OnlineSubsystemIOS/OnlineSubsystemIOS.uplugin
LogPluginManager: Loaded Plugin OnlineFramework, From C:/Program Files/Epic Games/UE_4.14/Engine/Plugins/Online/OnlineFramework/OnlineFramework.uplugin
LogPluginManager: Loaded Plugin OnlineSubsystem, From C:/Program Files/Epic Games/UE_4.14/Engine/Plugins/Online/OnlineSubsystem/OnlineSubsystem.uplugin
LogPluginManager: Loaded Plugin OnlineSubsystemAmazon, From C:/Program Files/Epic Games/UE_4.14/Engine/Plugins/Online/OnlineSubsystemAmazon/OnlineSubsystemAmazon.uplugin
LogPluginManager: Loaded Plugin OnlineSubsystemFacebook, From C:/Program Files/Epic Games/UE_4.14/Engine/Plugins/Online/OnlineSubsystemFacebook/OnlineSubsystemFacebook.uplugin
LogPluginManager: Loaded Plugin OnlineSubsystemNull, From C:/Program Files/Epic Games/UE_4.14/Engine/Plugins/Online/OnlineSubsystemNull/OnlineSubsystemNull.uplugin
LogPluginManager: Loaded Plugin OnlineSubsystemOculus, From C:/Program Files/Epic Games/UE_4.14/Engine/Plugins/Online/OnlineSubsystemOculus/OnlineSubsystemOculus.uplugin
LogPluginManager: Loaded Plugin OnlineSubsystemSteam, From C:/Program Files/Epic Games/UE_4.14/Engine/Plugins/Online/OnlineSubsystemSteam/OnlineSubsystemSteam.uplugin
LogPluginManager: Loaded Plugin OnlineSubsystemUtils, From C:/Program Files/Epic Games/UE_4.14/Engine/Plugins/Online/OnlineSubsystemUtils/OnlineSubsystemUtils.uplugin
LogPluginManager: Loaded Plugin IOSTapJoy, From C:/Program Files/Epic Games/UE_4.14/Engine/Plugins/Runtime/Advertising/IOSTapJoy/IOSTapJoy.uplugin
LogPluginManager: Loaded Plugin AnalyticsBlueprintLibrary, From C:/Program Files/Epic Games/UE_4.14/Engine/Plugins/Runtime/Analytics/AnalyticsBlueprintLibrary/AnalyticsBlueprintLibrary.uplugin
LogPluginManager: Loaded Plugin AnalyticsMulticast, From C:/Program Files/Epic Games/UE_4.14/Engine/Plugins/Runtime/Analytics/AnalyticsMulticast/AnalyticsMulticast.uplugin
LogPluginManager: Loaded Plugin Apsalar, From C:/Program Files/Epic Games/UE_4.14/Engine/Plugins/Runtime/Analytics/Apsalar/Apsalar.uplugin
LogPluginManager: Loaded Plugin FileLogging, From C:/Program Files/Epic Games/UE_4.14/Engine/Plugins/Runtime/Analytics/FileLogging/FileLogging.uplugin
LogPluginManager: Loaded Plugin Flurry, From C:/Program Files/Epic Games/UE_4.14/Engine/Plugins/Runtime/Analytics/Flurry/Flurry.uplugin
LogPluginManager: Loaded Plugin AndroidDeviceProfileSelector, From C:/Program Files/Epic Games/UE_4.14/Engine/Plugins/Runtime/AndroidDeviceProfileSelector/AndroidDeviceProfileSelector.uplugin
LogPluginManager: Loaded Plugin AndroidMoviePlayer, From C:/Program Files/Epic Games/UE_4.14/Engine/Plugins/Runtime/AndroidMoviePlayer/AndroidMoviePlayer.uplugin
LogPluginManager: Loaded Plugin AppleMoviePlayer, From C:/Program Files/Epic Games/UE_4.14/Engine/Plugins/Runtime/AppleMoviePlayer/AppleMoviePlayer.uplugin
LogPluginManager: Loaded Plugin ArchVisCharacter, From C:/Program Files/Epic Games/UE_4.14/Engine/Plugins/Runtime/ArchVisCharacter/ArchVisCharacter.uplugin
LogPluginManager: Loaded Plugin CableComponent, From C:/Program Files/Epic Games/UE_4.14/Engine/Plugins/Runtime/CableComponent/CableComponent.uplugin
LogPluginManager: Loaded Plugin CustomMeshComponent, From C:/Program Files/Epic Games/UE_4.14/Engine/Plugins/Runtime/CustomMeshComponent/CustomMeshComponent.uplugin
LogPluginManager: Loaded Plugin ExampleDeviceProfileSelector, From C:/Program Files/Epic Games/UE_4.14/Engine/Plugins/Runtime/ExampleDeviceProfileSelector/ExampleDeviceProfileSelector.uplugin
LogPluginManager: Loaded Plugin GearVR, From C:/Program Files/Epic Games/UE_4.14/Engine/Plugins/Runtime/GearVR/GearVR.uplugin
LogPluginManager: Loaded Plugin GoogleVRController, From C:/Program Files/Epic Games/UE_4.14/Engine/Plugins/Runtime/GoogleVR/GoogleVRController/GoogleVRController.uplugin
LogPluginManager: Loaded Plugin GoogleVRHMD, From C:/Program Files/Epic Games/UE_4.14/Engine/Plugins/Runtime/GoogleVR/GoogleVRHMD/GoogleVRHMD.uplugin
LogPluginManager: Loaded Plugin IOSDeviceProfileSelector, From C:/Program Files/Epic Games/UE_4.14/Engine/Plugins/Runtime/IOSDeviceProfileSelector/IOSDeviceProfileSelector.uplugin
LogPluginManager: Loaded Plugin LeapMotion, From C:/Program Files/Epic Games/UE_4.14/Engine/Plugins/Runtime/LeapMotion/LeapMotion.uplugin
LogPluginManager: Loaded Plugin LinuxDeviceProfileSelector, From C:/Program Files/Epic Games/UE_4.14/Engine/Plugins/Runtime/LinuxDeviceProfileSelector/LinuxDeviceProfileSelector.uplugin
LogPluginManager: Loaded Plugin MIDIDevice, From C:/Program Files/Epic Games/UE_4.14/Engine/Plugins/Runtime/MIDIDevice/MIDIDevice.uplugin
LogPluginManager: Loaded Plugin MobilePatchingUtils, From C:/Program Files/Epic Games/UE_4.14/Engine/Plugins/Runtime/MobilePatchingUtils/MobilePatchingUtils.uplugin
LogPluginManager: Loaded Plugin Ansel, From C:/Program Files/Epic Games/UE_4.14/Engine/Plugins/Runtime/Nvidia/Ansel/Ansel.uplugin
LogPluginManager: Loaded Plugin OculusAudio, From C:/Program Files/Epic Games/UE_4.14/Engine/Plugins/Runtime/OculusAudio/OculusAudio.uplugin
LogPluginManager: Loaded Plugin OculusInput, From C:/Program Files/Epic Games/UE_4.14/Engine/Plugins/Runtime/OculusInput/OculusInput.uplugin
LogPluginManager: Loaded Plugin OculusLibrary, From C:/Program Files/Epic Games/UE_4.14/Engine/Plugins/Runtime/OculusLibrary/OculusLibrary.uplugin
LogPluginManager: Loaded Plugin OculusRift, From C:/Program Files/Epic Games/UE_4.14/Engine/Plugins/Runtime/OculusRift/OculusRift.uplugin
LogPluginManager: Loaded Plugin Oodle, From C:/Program Files/Epic Games/UE_4.14/Engine/Plugins/Runtime/PacketHandlers/CompressionComponents/Oodle/Oodle.uplugin
LogPluginManager: Loaded Plugin ProceduralMeshComponent, From C:/Program Files/Epic Games/UE_4.14/Engine/Plugins/Runtime/ProceduralMeshComponent/ProceduralMeshComponent.uplugin
LogPluginManager: Loaded Plugin SoundMod, From C:/Program Files/Epic Games/UE_4.14/Engine/Plugins/Runtime/SoundMod/SoundMod.uplugin
LogPluginManager: Loaded Plugin SoundVisualizations, From C:/Program Files/Epic Games/UE_4.14/Engine/Plugins/Runtime/SoundVisualizations/SoundVisualizations.uplugin
LogPluginManager: Loaded Plugin SteamController, From C:/Program Files/Epic Games/UE_4.14/Engine/Plugins/Runtime/Steam/SteamController/SteamController.uplugin
LogPluginManager: Loaded Plugin SteamVR, From C:/Program Files/Epic Games/UE_4.14/Engine/Plugins/Runtime/Steam/SteamVR/SteamVR.uplugin
LogPluginManager: Loaded Plugin WebBrowserWidget, From C:/Program Files/Epic Games/UE_4.14/Engine/Plugins/Runtime/WebBrowserWidget/WebBrowserWidget.uplugin
LogPluginManager: Loaded Plugin WindowsDeviceProfileSelector, From C:/Program Files/Epic Games/UE_4.14/Engine/Plugins/Runtime/WindowsDeviceProfileSelector/WindowsDeviceProfileSelector.uplugin
LogPluginManager: Loaded Plugin WindowsMoviePlayer, From C:/Program Files/Epic Games/UE_4.14/Engine/Plugins/Runtime/WindowsMoviePlayer/WindowsMoviePlayer.uplugin
LogPluginManager: Loaded Plugin ScriptPlugin, From C:/Program Files/Epic Games/UE_4.14/Engine/Plugins/ScriptPlugin/ScriptPlugin.uplugin
LogPluginManager: Loaded Plugin SlateRemote, From C:/Program Files/Epic Games/UE_4.14/Engine/Plugins/Slate/SlateRemote/SlateRemote.uplugin
LogPluginManager: Loaded Plugin EditorTests, From C:/Program Files/Epic Games/UE_4.14/Engine/Plugins/Tests/EditorTests/EditorTests.uplugin
LogPluginManager: Loaded Plugin FbxAutomationTestBuilder, From C:/Program Files/Epic Games/UE_4.14/Engine/Plugins/Tests/FbxAutomationTestBuilder/FbxAutomationTestBuilder.uplugin
LogPluginManager: Loaded Plugin FunctionalTestingEditor, From C:/Program Files/Epic Games/UE_4.14/Engine/Plugins/Tests/FunctionalTestingEditor/FunctionalTestingEditor.uplugin
LogPluginManager: Loaded Plugin RuntimeTests, From C:/Program Files/Epic Games/UE_4.14/Engine/Plugins/Tests/RuntimeTests/RuntimeTests.uplugin
LogPluginManager: Loaded Plugin ScreenshotTools, From C:/Program Files/Epic Games/UE_4.14/Engine/Plugins/Tests/ScreenshotTools/ScreenshotTools.uplugin
LogInit: Using libcurl 7.47.1
LogInit:  - built for x86_64-pc-win32
LogInit:  - supports SSL with OpenSSL/1.0.2g
LogInit:  - supports HTTP deflate (compression) using libz 1.2.8
LogInit:  - other features:
LogInit:      CURL_VERSION_SSL
LogInit:      CURL_VERSION_LIBZ
LogInit:      CURL_VERSION_IPV6
LogInit:      CURL_VERSION_ASYNCHDNS
LogInit:      CURL_VERSION_LARGEFILE
LogInit:      CURL_VERSION_IDN
LogInit:  CurlRequestOptions (configurable via config and command line):
LogInit:  - bVerifyPeer = false  - Libcurl will NOT verify peer certificate
LogInit:  - bUseHttpProxy = false  - Libcurl will NOT use HTTP proxy
LogInit:  - bDontReuseConnections = false  - Libcurl will reuse connections
LogInit:  - CertBundlePath = nullptr  - Libcurl will use whatever was configured at build time.
LogInit: Build: ++UE4+Release-4.14-CL-3249277
LogInit: Engine Version: 4.14.3-3249277+++UE4+Release-4.14
LogInit: Compatible Engine Version: 4.14.0-3195953+++UE4+Release-4.14
LogInit: Net CL: 3195953
LogDevObjectVersion: Number of dev versions registered: 13
LogDevObjectVersion:   Dev-Blueprints (B0D832E4-1F89-4F0D-ACCF-7EB736FD4AA2): 7
LogDevObjectVersion:   Dev-Build (E1C64328-A22C-4D53-A36C-8E866417BD8C): 0
LogDevObjectVersion:   Dev-Core (375EC13C-06E4-48FB-B500-84F0262A717E): 1
LogDevObjectVersion:   Dev-Editor (E4B068ED-F494-42E9-A231-DA0B2E46BB41): 8
LogDevObjectVersion:   Dev-Framework (CFFC743F-43B0-4480-9391-14DF171D2073): 17
LogDevObjectVersion:   Dev-Mobile (B02B49B5-BB20-44E9-A304-32B752E40360): 0
LogDevObjectVersion:   Dev-Networking (A4E4105C-59A1-49B5-A7C5-40C4547EDFEE): 0
LogDevObjectVersion:   Dev-Online (39C831C9-5AE6-47DC-9A44-9C173E1C8E7C): 0
LogDevObjectVersion:   Dev-Physics (78F01B33-EBEA-4F98-B9B4-84EACCB95AA2): 0
LogDevObjectVersion:   Dev-Platform (6631380F-2D4D-43E0-8009-CF276956A95A): 0
LogDevObjectVersion:   Dev-Rendering (12F88B9F-8875-4AFC-A67C-D90C383ABD29): 12
LogDevObjectVersion:   Dev-Sequencer (7B5AE74C-D270-4C10-A958-57980B212A5A): 1
LogDevObjectVersion:   Dev-VR (D7296918-1DD6-4BDD-9DE2-64A83CC13884): 0
LogInit: Compiled (64-bit): Jan  6 2017 10:49:43
LogInit: Compiled with Visual C++: 19.00.23026.00
LogInit: Build Configuration: Development
LogInit: Branch Name: ++UE4+Release-4.14
LogInit: Command line: 
LogInit: Base directory: C:/Program Files/Epic Games/UE_4.14/Engine/Binaries/Win64/
LogInit: Installed Engine Build: 1
LogInit: Presizing for max 8388607 objects, including 0 objects not considered by GC, pre-allocating 0 bytes for permanent pool.
LogInit: Object subsystem initialized
[2018.08.23-05.46.56:600][  0]LogInit: Selected Device Profile: [Windows]
[2018.08.23-05.46.56:600][  0]LogInit: Applying CVar settings loaded from the selected device profile: [Windows]
[2018.08.23-05.46.56:642][  0]LogInit: Computer: LAPTOP-RVR0KLH5
[2018.08.23-05.46.56:642][  0]LogInit: User: Darry
[2018.08.23-05.46.56:642][  0]LogInit: CPU Page size=65536, Cores=6
[2018.08.23-05.46.56:642][  0]LogInit: High frequency timer resolution =2.156252 MHz
[2018.08.23-05.46.56:643][  0]LogMemory: Memory total: Physical=15.9GB (16GB approx)
[2018.08.23-05.46.56:643][  0]LogMemory: Platform Memory Stats for Windows
[2018.08.23-05.46.56:643][  0]LogMemory: Process Physical Memory: 263.57 MB used, 263.57 MB peak
[2018.08.23-05.46.56:643][  0]LogMemory: Process Virtual Memory: 268.96 MB used, 268.96 MB peak
[2018.08.23-05.46.56:643][  0]LogMemory: Physical Memory: 5454.36 MB used,  10832.33 MB free, 16286.69 MB total
[2018.08.23-05.46.56:643][  0]LogMemory: Virtual Memory: 718.58 MB used,  10832.33 MB free, 134217728.00 MB total
[2018.08.23-05.46.56:692][  0]LogInit: Overriding culture en with editor configuration.
[2018.08.23-05.46.57:234][  0]LogD3D11RHI: D3D11 adapters:
[2018.08.23-05.46.57:290][  0]LogD3D11RHI:    0. 'NVIDIA GeForce GTX 1070 with Max-Q Design' (Feature Level 11_0)
[2018.08.23-05.46.57:290][  0]LogD3D11RHI:       8089/0/8143 MB DedicatedVideo/DedicatedSystem/SharedSystem, Outputs:1, VendorId:0x10de
[2018.08.23-05.46.57:304][  0]LogD3D11RHI:    1. 'Intel(R) UHD Graphics 630' (Feature Level 11_0)
[2018.08.23-05.46.57:304][  0]LogD3D11RHI:       128/0/8143 MB DedicatedVideo/DedicatedSystem/SharedSystem, Outputs:0, VendorId:0x8086
[2018.08.23-05.46.57:306][  0]LogD3D11RHI:    2. 'Microsoft Basic Render Driver' (Feature Level 11_0)
[2018.08.23-05.46.57:306][  0]LogD3D11RHI:       0/0/8143 MB DedicatedVideo/DedicatedSystem/SharedSystem, Outputs:0, VendorId:0x1414
[2018.08.23-05.46.57:306][  0]LogD3D11RHI: Chosen D3D11 Adapter: 0
[2018.08.23-05.46.57:311][  0]LogD3D11RHI: Creating new Direct3DDevice
[2018.08.23-05.46.57:311][  0]LogD3D11RHI:     GPU DeviceId: 0x1ba1 (for the marketing name, search the web for "GPU Device Id")
[2018.08.23-05.46.57:311][  0]LogWindows: EnumDisplayDevices:
[2018.08.23-05.46.57:311][  0]LogWindows:    0. 'Intel(R) UHD Graphics 630' (P:1 D:1)
[2018.08.23-05.46.57:311][  0]LogWindows:    1. 'Intel(R) UHD Graphics 630' (P:0 D:0)
[2018.08.23-05.46.57:312][  0]LogWindows:    2. 'Intel(R) UHD Graphics 630' (P:0 D:0)
[2018.08.23-05.46.57:312][  0]LogWindows:    3. 'NVIDIA GeForce GTX 1070 with Max-Q Design' (P:0 D:0)
[2018.08.23-05.46.57:312][  0]LogWindows:    4. 'NVIDIA GeForce GTX 1070 with Max-Q Design' (P:0 D:0)
[2018.08.23-05.46.57:312][  0]LogWindows:    5. 'NVIDIA GeForce GTX 1070 with Max-Q Design' (P:0 D:0)
[2018.08.23-05.46.57:312][  0]LogWindows:    6. 'NVIDIA GeForce GTX 1070 with Max-Q Design' (P:0 D:0)
[2018.08.23-05.46.57:312][  0]LogWindows: DebugString: GetVideoDriverDetailsInvalid PrimaryIsNotTheChoosenAdapter GetVideoDriverDetailsInvalid PrimaryIsNotTheChoosenAdapter GetVideoDriverDetailsInvalid PrimaryIsNotTheChoosenAdapter GetVideoDriverDetailsInvalid PrimaryIsNotTheChoosenAdapter GetVideoDriverDetailsInvalid PrimaryIsNotTheChoosenAdapter GetVideoDriverDetailsInvalid PrimaryIsNotTheChoosenAdapter GetVideoDriverDetailsInvalid PrimaryIsNotTheChoosenAdapter FoundDriverCount:0 
[2018.08.23-05.46.57:312][  0]LogD3D11RHI:     Adapter Name: NVIDIA GeForce GTX 1070 with Max-Q Design
[2018.08.23-05.46.57:312][  0]LogD3D11RHI:   Driver Version: Unknown (internal:Unknown, unified:Unknown)
[2018.08.23-05.46.57:312][  0]LogD3D11RHI:      Driver Date: Unknown
[2018.08.23-05.46.57:312][  0]LogRHI: Texture pool is 1361 MB (70% of 1945 MB)
[2018.08.23-05.46.57:338][  0]LogD3D11RHI: Async texture creation enabled
[2018.08.23-05.46.57:349][  0]LogD3D11RHI: GPU Timing Frequency: 1000.000000 (Debug: 2 1)
[2018.08.23-05.46.57:350][  0]LogShaderCompilers: Guid format shader working directory is 20 characters bigger than the processId version (D:/Unreal Project/Pinball/Intermediate/Shaders/WorkingDirectory/12488/).
[2018.08.23-05.46.57:350][  0]LogShaderCompilers: Cleaned the shader compiler working directory 'C:/Users/Darry/AppData/Local/Temp/UnrealShaderWorkingDir/7D4E53154601C829F0A642BCF69F1C38/'.
[2018.08.23-05.46.57:350][  0]LogShaderCompilers:Display: Using Local Shader Compiler.
[2018.08.23-05.46.58:238][  0]LogTemp:Display: Loaded TP AllDesktopTargetPlatform
[2018.08.23-05.46.58:290][  0]LogTemp:Display: Loaded TP MacClientTargetPlatform
[2018.08.23-05.46.58:343][  0]LogTemp:Display: Loaded TP MacNoEditorTargetPlatform
[2018.08.23-05.46.58:396][  0]LogTemp:Display: Loaded TP MacServerTargetPlatform
[2018.08.23-05.46.58:449][  0]LogTemp:Display: Loaded TP MacTargetPlatform
[2018.08.23-05.46.58:501][  0]LogTemp:Display: Loaded TP WindowsClientTargetPlatform
[2018.08.23-05.46.58:574][  0]LogTemp:Display: Loaded TP WindowsNoEditorTargetPlatform
[2018.08.23-05.46.58:630][  0]LogTemp:Display: Loaded TP WindowsServerTargetPlatform
[2018.08.23-05.46.58:678][  0]LogTemp:Display: Loaded TP WindowsTargetPlatform
[2018.08.23-05.46.58:732][  0]LogTemp:Display: Loaded TP AndroidTargetPlatform
[2018.08.23-05.46.58:784][  0]LogTemp:Display: Loaded TP Android_ASTCTargetPlatform
[2018.08.23-05.46.58:835][  0]LogTemp:Display: Loaded TP Android_ATCTargetPlatform
[2018.08.23-05.46.58:886][  0]LogTemp:Display: Loaded TP Android_DXTTargetPlatform
[2018.08.23-05.46.58:937][  0]LogTemp:Display: Loaded TP Android_ETC1TargetPlatform
[2018.08.23-05.46.58:988][  0]LogTemp:Display: Loaded TP Android_ETC2TargetPlatform
[2018.08.23-05.46.59:090][  0]LogTemp:Display: Loaded TP Android_MultiTargetPlatform
[2018.08.23-05.46.59:090][  0]LogTemp:Display: Loaded TP Android_PVRTCTargetPlatform
[2018.08.23-05.46.59:131][  0]LogTemp:Display: Loaded TP HTML5TargetPlatform
[2018.08.23-05.46.59:215][  0]LogTemp:Display: Loaded TP IOSTargetPlatform
[2018.08.23-05.46.59:247][  0]LogTemp:Display: Loaded TP TVOSTargetPlatform
[2018.08.23-05.46.59:298][  0]LogTemp:Display: Loaded TP LinuxClientTargetPlatform
[2018.08.23-05.46.59:349][  0]LogTemp:Display: Loaded TP LinuxNoEditorTargetPlatform
[2018.08.23-05.46.59:402][  0]LogTemp:Display: Loaded TP LinuxServerTargetPlatform
[2018.08.23-05.46.59:470][  0]LogTemp:Display: Loaded TP LinuxTargetPlatform
[2018.08.23-05.46.59:470][  0]LogTargetPlatformManager:Display: Building Assets For Windows
[2018.08.23-05.46.59:888][  0]LogDerivedDataCache:Display: Max Cache Size: 512 MB
[2018.08.23-05.46.59:922][  0]LogDerivedDataCache: Loaded boot cache 0.03s 50MB C:/Users/Darry/AppData/Local/UnrealEngine/4.14/DerivedDataCache/Boot.ddc.
[2018.08.23-05.46.59:922][  0]LogDerivedDataCache:Display: Loaded Boot cache: C:/Users/Darry/AppData/Local/UnrealEngine/4.14/DerivedDataCache/Boot.ddc
[2018.08.23-05.46.59:922][  0]LogDerivedDataCache: FDerivedDataBackendGraph:  Pak pak cache file D:/Unreal Project/Pinball/DerivedDataCache/DDC.ddp not found, will not use a pak cache.
[2018.08.23-05.46.59:922][  0]LogDerivedDataCache: Unable to find inner node Pak for hierarchical cache Hierarchy.
[2018.08.23-05.46.59:922][  0]LogDerivedDataCache: FDerivedDataBackendGraph:  CompressedPak pak cache file D:/Unreal Project/Pinball/DerivedDataCache/Compressed.ddp not found, will not use a pak cache.
[2018.08.23-05.46.59:922][  0]LogDerivedDataCache: Unable to find inner node CompressedPak for hierarchical cache Hierarchy.
[2018.08.23-05.46.59:934][  0]LogDerivedDataCache:Display: Pak cache opened for reading ../../../Engine/DerivedDataCache/Compressed.ddp.
[2018.08.23-05.46.59:947][  0]LogDerivedDataCache: Using Local data cache path C:/Users/Darry/AppData/Local/UnrealEngine/Common/DerivedDataCache: Writable
[2018.08.23-05.47.00:103][  0]LogInit: Selected Device Profile: [Windows]
[2018.08.23-05.47.00:105][  0]LogContentStreaming: Texture pool size is 0.00 MB
[2018.08.23-05.47.00:291][  0]LogMeshUtilities: Using QuadricMeshReduction for automatic static mesh reduction
[2018.08.23-05.47.00:334][  0]LogSimplygon: Simplygon DLL not present - disabling.
[2018.08.23-05.47.00:382][  0]LogMeshUtilities: Using SimplygonSwarm for distributed automatic mesh merging
[2018.08.23-05.47.00:382][  0]LogMeshUtilities: No automatic skeletal mesh reduction module available
[2018.08.23-05.47.00:382][  0]LogMeshUtilities: No automatic mesh merging module available
[2018.08.23-05.47.00:873][  0]LogNetVersion: GetLocalNetworkVersion: CL: 3195953, ProjectName: pinball, ProjectVersion: , EngineNetworkVersion: 2, GameNetworkVersion: 0, NetworkChecksum: 1748929517
[2018.08.23-05.47.00:927][  0]LogAssetRegistry: FAssetRegistry took 0.0222 seconds to start up
[2018.08.23-05.47.01:050][  0]LogPackageLocalizationCache: Processed 3 localized package path(s) for 1 prioritized culture(s) in 0.099193 seconds
[2018.08.23-05.47.01:063][  0]LogUObjectArray: 31946 objects as part of root set at end of initial load.
[2018.08.23-05.47.01:063][  0]LogUObjectAllocator: 6935848 out of 0 bytes used by permanent object pool.
[2018.08.23-05.47.01:063][  0]LogUObjectArray: CloseDisregardForGC: 0/0 objects in disregard for GC pool
[2018.08.23-05.47.01:146][  0]LogInit: WinSock: version 1.1 (2.2), MaxSocks=32767, MaxUdp=65467
[2018.08.23-05.47.01:921][  0]LogSlate: Using Freetype 2.6.0
[2018.08.23-05.47.01:921][  0]LogSlate: SlateFontCache - WITH_FREETYPE: 1, WITH_HARFBUZZ: 1
[2018.08.23-05.47.01:921][  0]LogSlate: SlateFontCache - WITH_FREETYPE: 1, WITH_HARFBUZZ: 1
[2018.08.23-05.47.02:598][  0]LogTcpMessaging: Initializing TcpMessaging bridge
[2018.08.23-05.47.02:638][  0]LogUdpMessaging: Initializing bridge on interface 0.0.0.0:0 to multicast group 230.0.0.1:6666.
[2018.08.23-05.47.03:085][  0]LogMaterial: Uniform references updated for custom material expression Custom.
[2018.08.23-05.47.03:511][  0]SourceControl: Info Source control is disabled
[2018.08.23-05.47.03:514][  0]SourceControl: Info Source control is disabled
[2018.08.23-05.47.03:584][  0]SourceControl: Info Source control is disabled
[2018.08.23-05.47.03:632][  0]SourceControl: Info Source control is disabled
[2018.08.23-05.47.05:030][  0]LogEngine: Initializing Engine...
[2018.08.23-05.47.05:031][  0]LogHMD: Failed to initialize OpenVR with code 110
[2018.08.23-05.47.05:246][  0]LogAIModule: Creating AISystem for world Untitled
[2018.08.23-05.47.05:254][  0]LogInit: XAudio2 using 'Speakers (Realtek(R) Audio)' : 2 channels at 48 kHz using 32 bits per sample (channel mask 0x3)
[2018.08.23-05.47.05:288][  0]LogInit: FAudioDevice initialized.
[2018.08.23-05.47.05:310][  0]LogDerivedDataCache: Saved boot cache 0.02s 50MB C:/Users/Darry/AppData/Local/UnrealEngine/4.14/DerivedDataCache/Boot.ddc.
[2018.08.23-05.47.05:313][  0]LogInit: Texture streaming: Enabled
[2018.08.23-05.47.05:504][  0]LogInit: Transaction tracking system initialized
[2018.08.23-05.47.05:864][  0]BlueprintLog: New page: Editor Load
[2018.08.23-05.47.06:822][  0]LocalizationService: Info Localization service is disabled
[2018.08.23-05.47.07:515][  0]LogConsoleResponse:Display: 
[2018.08.23-05.47.07:624][  0]LogCook:Display: Max memory allowance for cook 16384mb min free memory 0mb
[2018.08.23-05.47.07:624][  0]LogCook:Display: Mobile HDR setting 1
[2018.08.23-05.47.08:555][  0]LogFileCache: Scanning file cache for directory 'D:/Unreal Project/Pinball/Content/' took 0.01s
[2018.08.23-05.47.08:600][  0]SourceControl: Info Source control is disabled
[2018.08.23-05.47.08:600][  0]Cmd: MAP LOAD FILE="../../../Engine/Content/Maps/Templates/Template_Default.umap" TEMPLATE=1 SHOWPROGRESS=1 FEATURELEVEL=3
[2018.08.23-05.47.08:600][  0]LightingResults: New page: Lighting Build
[2018.08.23-05.47.08:642][  0]MapCheck: New page: Map Check
[2018.08.23-05.47.08:642][  0]LightingResults: New page: Lighting Build
[2018.08.23-05.47.08:791][  0]LogAIModule: Creating AISystem for world Untitled_1
[2018.08.23-05.47.08:791][  0]LogActorComponent: RegisterComponentWithWorld: (/Temp/Untitled_1.Untitled_1:PersistentLevel.WorldSettings_1.StaticMeshComponent0) Trying to register component with IsPendingKill() == true. Aborting.
[2018.08.23-05.47.08:795][  0]LogEditorServer: Finished looking for orphan Actors (0.000 secs)
[2018.08.23-05.47.08:799][  0]Cmd: MAP CHECKDEP NOCLEARLOG
[2018.08.23-05.47.08:834][  0]MapCheck: Info Map check complete: 0 Error(s), 0 Warning(s), took 34.263ms to complete.
[2018.08.23-05.47.08:834][  0]LogFileHelpers: Loading map 'Template_Default' took 0.233
[2018.08.23-05.47.08:953][  0]LogWindowsTextInputMethodSystem:Display: IME system now activated using TSF (微软拼音).
[2018.08.23-05.47.09:075][  0]LogCollectionManager: Loaded 0 collections in 0.001463 seconds
[2018.08.23-05.47.09:207][  0]LogFileCache: Scanning file cache for directory 'D:/Unreal Project/Pinball/Saved/Collections/' took 0.01s
[2018.08.23-05.47.09:207][  0]LogFileCache: Scanning file cache for directory 'D:/Unreal Project/Pinball/Content/Developers/Darry/Collections/' took 0.01s
[2018.08.23-05.47.09:207][  0]LogFileCache: Scanning file cache for directory 'D:/Unreal Project/Pinball/Content/Collections/' took 0.01s
[2018.08.23-05.47.09:207][  0]LogCollectionManager: Rebuilt the GUID cache for 0 collections in 0.000002 seconds
[2018.08.23-05.47.09:214][  0]LogContentBrowser: Native class hierarchy populated in 0.0066 seconds. Added 2190 classes and 428 folders.
[2018.08.23-05.47.09:256][  0]LogStats: UGameplayTagsManager::ConstructGameplayTagTree: Construct from data asset -  0.000 s
[2018.08.23-05.47.09:256][  0]LogStats: UGameplayTagsManager::ConstructGameplayTagTree: GameplayTagTreeChangedEvent.Broadcast -  0.000 s
[2018.08.23-05.47.09:257][  0]LogContentBrowser: Native class hierarchy updated for 'GameplayTags' in 0.0004 seconds. Added 13 classes and 0 folders.
[2018.08.23-05.47.09:320][  0]LogContentBrowser: Native class hierarchy updated for 'WidgetCarousel' in 0.0003 seconds. Added 0 classes and 0 folders.
[2018.08.23-05.47.09:358][  0]LogContentBrowser: Native class hierarchy updated for 'AddContentDialog' in 0.0004 seconds. Added 0 classes and 0 folders.
[2018.08.23-05.47.09:401][  0]LogContentBrowser: Native class hierarchy updated for 'SceneOutliner' in 0.0003 seconds. Added 1 classes and 2 folders.
[2018.08.23-05.47.09:437][  0]LogCrashTracker: Crashtracker disabled due to settings.
[2018.08.23-05.47.10:228][  0]LogSlate: Only BGRA pngs, bmps or icos are supported in by External Image Picker
[2018.08.23-05.47.10:247][  0]LogUObjectGlobals:Warning: Failed to find object 'Class None.'
[2018.08.23-05.47.10:471][  0]LogTemp:Display: Executing iPhonePackager certificates Engine -bundlename com.YourCompany.Pinball

[2018.08.23-05.47.10:471][  0]LogTemp:Display: CWD: C:\Program Files\Epic Games\UE_4.14\Engine\Binaries\DotNet\IOS

[2018.08.23-05.47.10:471][  0]LogTemp:Display: Initial Dir: C:\Program Files\Epic Games\UE_4.14

[2018.08.23-05.47.10:471][  0]LogTemp:Display: Env CWD: C:\Program Files\Epic Games\UE_4.14\Engine\Binaries\DotNet\IOS

[2018.08.23-05.47.10:471][  0]LogTemp:Display: BranchPath = LAPTOP-RVR0KLH5/C/Program Files/Epic Games/UE_4.14/Engine/Binaries --- GameBranchPath = LAPTOP-RVR0KLH5/C/Program Files/Epic Games/UE_4.14/Engine/Binaries

[2018.08.23-05.47.10:471][  0]LogTemp:Display: IPP ERROR: Application exception: System.IO.DirectoryNotFoundException: δ???ҵ?·????C:\Users\Darry\AppData\Local\Apple Computer\MobileDevice\Provisioning Profiles????һ???֡?

[2018.08.23-05.47.10:471][  0]LogTemp:Display:    ?? System.IO.__Error.WinIOError(Int32 errorCode, String maybeFullPath)

[2018.08.23-05.47.10:471][  0]LogTemp:Display:    ?? System.IO.FileSystemEnumerableIterator`1.CommonInit()

[2018.08.23-05.47.10:471][  0]LogTemp:Display:    ?? System.IO.FileSystemEnumerableIterator`1..ctor(String path, String originalUserPath, String searchPattern, SearchOption searchOption, SearchResultHandler`1 resultHandler, Boolean checkHost)

[2018.08.23-05.47.10:471][  0]LogTemp:Display:    ?? System.IO.Directory.EnumerateFiles(String path, String searchPattern)

[2018.08.23-05.47.10:471][  0]LogTemp:Display:    ?? iPhonePackager.CodeSignatureBuilder.FindProvisions(String CFBundleIdentifier)

[2018.08.23-05.47.10:471][  0]LogTemp:Display:    ?? iPhonePackager.Program.Main(String[] args)

[2018.08.23-05.47.10:550][  0]LogContentBrowser: Native class hierarchy updated for 'HierarchicalLODOutliner' in 0.0004 seconds. Added 1 classes and 2 folders.
[2018.08.23-05.47.10:551][  0]LogLoad: (Engine Initialization) Total time: 16.07 seconds
[2018.08.23-05.47.10:551][  0]LogLoad: (Engine Initialization) Total Blueprint compile time: 0.07 seconds
[2018.08.23-05.47.10:551][  0]LogExternalProfiler: No external profilers were discovered.  External profiling features will not be available.
[2018.08.23-05.47.10:561][  0]LogOcInput: OculusInput pre-init called
[2018.08.23-05.47.10:575][  0]LogAssetRegistry: Asset discovery search completed in 9.6699 seconds
[2018.08.23-05.47.10:575][  0]LogCollectionManager: Rebuilt the object cache for 0 collections in 0.000000 seconds (found 0 objects)
[2018.08.23-05.47.10:575][  0]LogCollectionManager: Fixed up redirectors for 0 collections in 0.000012 seconds (updated 0 objects)
[2018.08.23-05.47.10:576][  0]LogContentStreaming: Texture pool size now 1000 MB
[2018.08.23-05.47.10:712][  0]LogRenderer: Reallocating scene render targets to support 1208x576 NumSamples 1 (Frame:2).
[2018.08.23-05.47.17:944][778]LogContentBrowser: Native class hierarchy updated for 'BlueprintGraph' in 0.0017 seconds. Added 111 classes and 0 folders.
[2018.08.23-05.48.11:935][421]LogTemp: Repeting last play command: New Editor Window (PIE)
[2018.08.23-05.48.11:956][421]LogBlueprintUserMessages: Early PlayInEditor Detection: Level '/Temp/Untitled_1.Untitled_1:PersistentLevel' has LevelScriptBlueprint '/Temp/Untitled_1.Untitled_1:PersistentLevel.Untitled' with GeneratedClass '/Temp/Untitled_1.Untitled_C' with ClassGeneratedBy '/Temp/Untitled_1.Untitled_1:PersistentLevel.Untitled'
[2018.08.23-05.48.11:956][421]LogPlayLevel: PlayLevel: No blueprints needed recompiling
[2018.08.23-05.48.11:957][421]PIE: New page: PIE session: Untitled_1 (Aug 24, 2018, 1:48:11 AM)
[2018.08.23-05.48.11:957][421]LogPlayLevel: Creating play world package: /Temp/UEDPIE_1_Untitled_1
[2018.08.23-05.48.11:959][421]LogPlayLevel: PIE: StaticDuplicateObject took: (0.001157s)
[2018.08.23-05.48.11:959][421]LogAIModule: Creating AISystem for world Untitled_1
[2018.08.23-05.48.11:959][421]LogPlayLevel: PIE: World Init took: (0.000400s)
[2018.08.23-05.48.11:959][421]LogPlayLevel: PIE: Created PIE world by copying editor world from /Temp/Untitled_1.Untitled_1 to /Temp/UEDPIE_1_Untitled_1.Untitled_1 (0.001684s)
[2018.08.23-05.48.11:979][421]LogInit: XAudio2 using 'Speakers (Realtek(R) Audio)' : 2 channels at 48 kHz using 32 bits per sample (channel mask 0x3)
[2018.08.23-05.48.11:987][421]LogInit: FAudioDevice initialized.
[2018.08.23-05.48.12:039][421]LogLoad: Game class is 'GameModeBase'
[2018.08.23-05.48.12:045][421]LogWorld: Bringing World /Temp/UEDPIE_1_Untitled_1.Untitled_1 up for play (max tick rate 0) at 2018.08.23-15.48.12
[2018.08.23-05.48.12:046][421]LogWorld: Bringing up level for play took: 0.002059
[2018.08.23-05.48.12:123][421]LogContentBrowser: Native class hierarchy updated for 'MovieSceneCapture' in 0.0004 seconds. Added 11 classes and 0 folders.
[2018.08.23-05.48.12:123][421]LogInit: WinSock: Socket queue 131072 / 131072
[2018.08.23-05.48.12:125][421]LogInit: WinSock: I am LAPTOP-RVR0KLH5 (118.138.83.199:0)
[2018.08.23-05.48.12:125][421]PacketHandlerLog: Loaded PacketHandler component: Engine.EngineHandlerComponentFactory (StatelessConnectHandlerComponent)
[2018.08.23-05.48.12:125][421]LogNet: GameNetDriver IpNetDriver_0 IpNetDriver listening on port 7777
[2018.08.23-05.48.12:130][421]PIE: Info Play in editor start time for /Temp/UEDPIE_1_Untitled_1 1.091
[2018.08.23-05.48.12:132][421]PIE: New page: PIE session: Untitled_1 (Aug 24, 2018, 1:48:12 AM)
[2018.08.23-05.48.12:170][421]LogNet: Browse: 127.0.0.1//Engine/Maps/Entry
[2018.08.23-05.48.12:171][421]LogInit: WinSock: Socket queue 32768 / 32768
[2018.08.23-05.48.12:171][421]PacketHandlerLog: Loaded PacketHandler component: Engine.EngineHandlerComponentFactory (StatelessConnectHandlerComponent)
[2018.08.23-05.48.12:171][421]LogNet: Game client on port 7777, rate 10000
[2018.08.23-05.48.12:171][421]LogNetVersion: GetLocalNetworkVersion: CL: 3195953, ProjectName: pinball, ProjectVersion: 1.0.0.0, EngineNetworkVersion: 2, GameNetworkVersion: 0, NetworkChecksum: 2867694331
[2018.08.23-05.48.12:171][421]LogNet: UPendingNetGame::InitNetDriver: Sending hello. [UNetConnection] RemoteAddr: 127.0.0.1:7777, Name: IpConnection_0, Driver: PendingNetDriver IpNetDriver_1, IsServer: NO, PC: NULL, Owner: NULL
[2018.08.23-05.48.12:175][421]PIE: Info Play in editor start time for /Engine/Maps/Entry 1.136
[2018.08.23-05.48.12:184][421]LogBlueprintUserMessages: Late PlayInEditor Detection: Level '/Temp/Untitled_1.Untitled_1:PersistentLevel' has LevelScriptBlueprint '/Temp/Untitled_1.Untitled_1:PersistentLevel.Untitled' with GeneratedClass '/Temp/Untitled_1.Untitled_C' with ClassGeneratedBy '/Temp/Untitled_1.Untitled_1:PersistentLevel.Untitled'
[2018.08.23-05.48.12:184][421]LogHandshake: SendConnectChallenge. Timestamp: 0.008334, Cookie: 143070199238072098054001138023036102048244174139029037221009
[2018.08.23-05.48.12:214][421]LogHandshake: SendChallengeResponse. Timestamp: 0.008334, Cookie: 143070199238072098054001138023036102048244174139029037221009
[2018.08.23-05.48.12:229][421]LogRenderer: Reallocating scene render targets to support 1292x756 NumSamples 1 (Frame:5).
[2018.08.23-05.48.12:308][422]LogNet: Server accepting post-challenge connection from: 127.0.0.1:65155
[2018.08.23-05.48.12:308][422]PacketHandlerLog: Loaded PacketHandler component: Engine.EngineHandlerComponentFactory (StatelessConnectHandlerComponent)
[2018.08.23-05.48.12:308][422]LogNet: NotifyAcceptedConnection: Name: Untitled_1, TimeStamp: 08/23/18 15:48:12, [UNetConnection] RemoteAddr: 127.0.0.1:65155, Name: IpConnection_1, Driver: GameNetDriver IpNetDriver_0, IsServer: YES, PC: NULL, Owner: NULL
[2018.08.23-05.48.12:308][422]LogNet: AddClientConnection: Added client connection: [UNetConnection] RemoteAddr: 127.0.0.1:65155, Name: IpConnection_1, Driver: GameNetDriver IpNetDriver_0, IsServer: YES, PC: NULL, Owner: NULL
[2018.08.23-05.48.12:366][424]LogNet: NotifyAcceptingChannel Control 0 server World /Temp/UEDPIE_1_Untitled_1.Untitled_1: Accepted
[2018.08.23-05.48.12:366][424]LogNet: Remote platform little endian=1
[2018.08.23-05.48.12:366][424]LogNet: This platform little endian=1
[2018.08.23-05.48.12:376][425]LogNet: Login request: /Engine/Maps/Entry userId: Invalid
[2018.08.23-05.48.12:377][425]LogNet: Welcomed by server (Level: /Temp/UEDPIE_1_Untitled_1, Game: /Script/Engine.GameModeBase)
[2018.08.23-05.48.12:377][425]LogLoad: LoadMap: 127.0.0.1//Temp/UEDPIE_1_Untitled_1?game=/Script/Engine.GameModeBase
[2018.08.23-05.48.12:398][425]Cmd: MEM
[2018.08.23-05.48.12:408][425]LogMemory: Platform Memory Stats for Windows
[2018.08.23-05.48.12:408][425]LogMemory: Process Physical Memory: 1091.30 MB used, 1354.48 MB peak
[2018.08.23-05.48.12:408][425]LogMemory: Process Virtual Memory: 1626.09 MB used, 1783.18 MB peak
[2018.08.23-05.48.12:408][425]LogMemory: Physical Memory: 5568.97 MB used,  10717.72 MB free, 16286.69 MB total
[2018.08.23-05.48.12:408][425]LogMemory: Virtual Memory: 2706.71 MB used,  10717.72 MB free, 134217728.00 MB total
[2018.08.23-05.48.12:408][425]LogMemory: 
[2018.08.23-05.48.12:408][425]Allocator Stats for TBB: (not implemented)
[2018.08.23-05.48.12:410][425]LogAIModule: Creating AISystem for world Untitled_1
[2018.08.23-05.48.12:411][425]LogWorld: Bringing World /Temp/UEDPIE_2_Untitled_1.Untitled_1 up for play (max tick rate 0) at 2018.08.23-15.48.12
[2018.08.23-05.48.12:411][425]LogWorld: Bringing up level for play took: 0.000634
[2018.08.23-05.48.12:412][425]LogLoad: Took 0.034511 seconds to LoadMap(/Temp/UEDPIE_1_Untitled_1)
[2018.08.23-05.48.12:426][426]LogNet: Client netspeed is 10000
[2018.08.23-05.48.12:426][426]LogNet: Join request: /Engine/Maps/Entry?SplitscreenCount=1
[2018.08.23-05.48.12:428][426]LogNet: Join succeeded: 257
[2018.08.23-05.48.15:361][775]LogBlueprintUserMessages: Early EndPlayMap Detection: Level '/Temp/Untitled_1.Untitled_1:PersistentLevel' has LevelScriptBlueprint '/Temp/Untitled_1.Untitled_1:PersistentLevel.Untitled' with GeneratedClass '/Temp/Untitled_1.Untitled_C' with ClassGeneratedBy '/Temp/Untitled_1.Untitled_1:PersistentLevel.Untitled'
[2018.08.23-05.48.15:461][775]LogBlueprintUserMessages: Late EndPlayMap Detection: Level '/Temp/Untitled_1.Untitled_1:PersistentLevel' has LevelScriptBlueprint '/Temp/Untitled_1.Untitled_1:PersistentLevel.Untitled' with GeneratedClass '/Temp/Untitled_1.Untitled_C' with ClassGeneratedBy '/Temp/Untitled_1.Untitled_1:PersistentLevel.Untitled'
[2018.08.23-05.48.15:496][775]LogNet: UChannel::CleanUp: ChIndex == 0. Closing connection. [UChannel] ChIndex: 0, Closing: 0 [UNetConnection] RemoteAddr: 127.0.0.1:65155, Name: IpConnection_1, Driver: GameNetDriver IpNetDriver_0, IsServer: YES, PC: None, Owner: None
[2018.08.23-05.48.15:496][775]LogNet: UNetConnection::Close: [UNetConnection] RemoteAddr: 127.0.0.1:65155, Name: IpConnection_1, Driver: GameNetDriver IpNetDriver_0, IsServer: YES, PC: None, Owner: None, Channels: 2, Time: 2018.08.23-05.48.15
[2018.08.23-05.48.15:496][775]LogNet: UChannel::Close: Sending CloseBunch. ChIndex == 0. Name: [UChannel] ChIndex: 0, Closing: 0 [UNetConnection] RemoteAddr: 127.0.0.1:65155, Name: IpConnection_1, Driver: GameNetDriver IpNetDriver_0, IsServer: YES, PC: None, Owner: None
[2018.08.23-05.48.15:496][775]LogNet: UChannel::CleanUp: ChIndex == 0. Closing connection. [UChannel] ChIndex: 0, Closing: 0 [UNetConnection] RemoteAddr: 127.0.0.1:7777, Name: IpConnection_0, Driver: GameNetDriver IpNetDriver_1, IsServer: NO, PC: None, Owner: None
[2018.08.23-05.48.15:496][775]LogNet: UNetConnection::Close: [UNetConnection] RemoteAddr: 127.0.0.1:7777, Name: IpConnection_0, Driver: GameNetDriver IpNetDriver_1, IsServer: NO, PC: None, Owner: None, Channels: 2, Time: 2018.08.23-05.48.15
[2018.08.23-05.48.15:496][775]LogNet: UChannel::Close: Sending CloseBunch. ChIndex == 0. Name: [UChannel] ChIndex: 0, Closing: 0 [UNetConnection] RemoteAddr: 127.0.0.1:7777, Name: IpConnection_0, Driver: GameNetDriver IpNetDriver_1, IsServer: NO, PC: None, Owner: None
[2018.08.23-05.48.15:503][775]LogExit: GameNetDriver None shut down
[2018.08.23-05.48.15:503][775]LogExit: GameNetDriver None shut down
[2018.08.23-05.48.19:410][228]LogEditorViewport: Clicking on Actor (LMB): BP_Sky_Sphere_C (Sky Sphere)
[2018.08.23-05.48.21:886][521]LogTemp: Repeting last play command: New Editor Window (PIE)
[2018.08.23-05.48.21:893][521]LogBlueprintUserMessages: Early PlayInEditor Detection: Level '/Temp/Untitled_1.Untitled_1:PersistentLevel' has LevelScriptBlueprint '/Temp/Untitled_1.Untitled_1:PersistentLevel.Untitled' with GeneratedClass '/Temp/Untitled_1.Untitled_C' with ClassGeneratedBy '/Temp/Untitled_1.Untitled_1:PersistentLevel.Untitled'
[2018.08.23-05.48.21:893][521]LogPlayLevel: PlayLevel: No blueprints needed recompiling
[2018.08.23-05.48.21:893][521]PIE: New page: PIE session: Untitled_1 (Aug 24, 2018, 1:48:21 AM)
[2018.08.23-05.48.21:893][521]LogPlayLevel: Creating play world package: /Temp/UEDPIE_0_Untitled_1
[2018.08.23-05.48.21:894][521]LogPlayLevel: PIE: StaticDuplicateObject took: (0.001137s)
[2018.08.23-05.48.21:895][521]LogAIModule: Creating AISystem for world Untitled_1
[2018.08.23-05.48.21:895][521]LogPlayLevel: PIE: World Init took: (0.000407s)
[2018.08.23-05.48.21:895][521]LogPlayLevel: PIE: Created PIE world by copying editor world from /Temp/Untitled_1.Untitled_1 to /Temp/UEDPIE_0_Untitled_1.Untitled_1 (0.001667s)
[2018.08.23-05.48.21:907][521]LogInit: XAudio2 using 'Speakers (Realtek(R) Audio)' : 2 channels at 48 kHz using 32 bits per sample (channel mask 0x3)
[2018.08.23-05.48.21:916][521]LogInit: FAudioDevice initialized.
[2018.08.23-05.48.21:958][521]LogLoad: Game class is 'GameModeBase'
[2018.08.23-05.48.21:964][521]LogWorld: Bringing World /Temp/UEDPIE_0_Untitled_1.Untitled_1 up for play (max tick rate 0) at 2018.08.23-15.48.21
[2018.08.23-05.48.21:964][521]LogWorld: Bringing up level for play took: 0.002192
[2018.08.23-05.48.21:979][521]PIE: Info Play in editor start time for /Temp/UEDPIE_0_Untitled_1 0.94
[2018.08.23-05.48.21:980][521]LogBlueprintUserMessages: Late PlayInEditor Detection: Level '/Temp/Untitled_1.Untitled_1:PersistentLevel' has LevelScriptBlueprint '/Temp/Untitled_1.Untitled_1:PersistentLevel.Untitled' with GeneratedClass '/Temp/Untitled_1.Untitled_C' with ClassGeneratedBy '/Temp/Untitled_1.Untitled_1:PersistentLevel.Untitled'
[2018.08.23-05.48.24:385][804]LogBlueprintUserMessages: Early EndPlayMap Detection: Level '/Temp/Untitled_1.Untitled_1:PersistentLevel' has LevelScriptBlueprint '/Temp/Untitled_1.Untitled_1:PersistentLevel.Untitled' with GeneratedClass '/Temp/Untitled_1.Untitled_C' with ClassGeneratedBy '/Temp/Untitled_1.Untitled_1:PersistentLevel.Untitled'
[2018.08.23-05.48.24:433][804]LogBlueprintUserMessages: Late EndPlayMap Detection: Level '/Temp/Untitled_1.Untitled_1:PersistentLevel' has LevelScriptBlueprint '/Temp/Untitled_1.Untitled_1:PersistentLevel.Untitled' with GeneratedClass '/Temp/Untitled_1.Untitled_C' with ClassGeneratedBy '/Temp/Untitled_1.Untitled_1:PersistentLevel.Untitled'
[2018.08.23-05.48.26:787][ 62]LogAIModule: Creating AISystem for world Test_level
[2018.08.23-05.48.26:802][ 62]Cmd: MAP LOAD FILE="D:/Unreal Project/Pinball/Content/Test_level.umap" TEMPLATE=0 SHOWPROGRESS=1 FEATURELEVEL=3
[2018.08.23-05.48.26:802][ 62]LightingResults: New page: Lighting Build
[2018.08.23-05.48.26:802][ 62]LoadErrors: New page: Loading map: Test_level.umap
[2018.08.23-05.48.26:803][ 62]MapCheck: New page: Map Check
[2018.08.23-05.48.26:803][ 62]LightingResults: New page: Lighting Build
[2018.08.23-05.48.26:815][ 62]LogEditorServer: Finished looking for orphan Actors (0.000 secs)
[2018.08.23-05.48.26:828][ 62]Cmd: MAP CHECKDEP NOCLEARLOG
[2018.08.23-05.48.26:866][ 62]MapCheck: Info Map check complete: 0 Error(s), 0 Warning(s), took 37.475ms to complete.
[2018.08.23-05.48.26:866][ 62]LogFileHelpers: Loading map 'Test_level' took 0.065
[2018.08.23-05.48.28:273][225]LogTemp: Repeting last play command: New Editor Window (PIE)
[2018.08.23-05.48.28:281][225]LogPlayLevel: PlayLevel: No blueprints needed recompiling
[2018.08.23-05.48.28:281][225]PIE: New page: PIE session: Test_level (Aug 24, 2018, 1:48:28 AM)
[2018.08.23-05.48.28:281][225]LogPlayLevel: Creating play world package: /Game/UEDPIE_0_Test_level
[2018.08.23-05.48.28:283][225]LogPlayLevel: PIE: StaticDuplicateObject took: (0.001786s)
[2018.08.23-05.48.28:283][225]LogAIModule: Creating AISystem for world Test_level
[2018.08.23-05.48.28:283][225]LogPlayLevel: PIE: World Init took: (0.000416s)
[2018.08.23-05.48.28:283][225]LogPlayLevel: PIE: Created PIE world by copying editor world from /Game/Test_level.Test_level to /Game/UEDPIE_0_Test_level.Test_level (0.002329s)
[2018.08.23-05.48.28:295][225]LogInit: XAudio2 using 'Speakers (Realtek(R) Audio)' : 2 channels at 48 kHz using 32 bits per sample (channel mask 0x3)
[2018.08.23-05.48.28:303][225]LogInit: FAudioDevice initialized.
[2018.08.23-05.48.28:341][225]LogLoad: Game class is 'GameModeBase'
[2018.08.23-05.48.28:343][225]LogWorld: Bringing World /Game/UEDPIE_0_Test_level.Test_level up for play (max tick rate 0) at 2018.08.23-15.48.28
[2018.08.23-05.48.28:343][225]LogWorld: Bringing up level for play took: 0.001029
[2018.08.23-05.48.28:348][225]PIE: Info Play in editor start time for /Game/UEDPIE_0_Test_level -0.691
[2018.08.23-05.49.42:146][744]LogTemp: Repeting last play command: New Editor Window (PIE)
[2018.08.23-05.49.42:155][744]LogBlueprintUserMessages: Early PlayInEditor Detection: Level '/Game/Test_level.Test_level:PersistentLevel' has LevelScriptBlueprint '/Game/Test_level.Test_level:PersistentLevel.Test_level' with GeneratedClass '/Game/Test_level.Test_level_C' with ClassGeneratedBy '/Game/Test_level.Test_level:PersistentLevel.Test_level'
[2018.08.23-05.49.42:155][744]BlueprintLog: New page: Pre-Play auto-recompile
[2018.08.23-05.49.42:155][744]LogPlayLevel: [PlayLevel] Compiling Test_level before play...
[2018.08.23-05.49.42:216][744]LogPlayLevel: PlayLevel: Blueprint regeneration took 61 ms (1 blueprints)
[2018.08.23-05.49.42:216][744]PIE: New page: PIE session: Test_level (Aug 24, 2018, 1:49:42 AM)
[2018.08.23-05.49.42:216][744]LogPlayLevel: Creating play world package: /Game/UEDPIE_0_Test_level
[2018.08.23-05.49.42:218][744]LogPlayLevel: PIE: StaticDuplicateObject took: (0.001890s)
[2018.08.23-05.49.42:218][744]LogAIModule: Creating AISystem for world Test_level
[2018.08.23-05.49.42:219][744]LogPlayLevel: PIE: World Init took: (0.000387s)
[2018.08.23-05.49.42:219][744]LogPlayLevel: PIE: Created PIE world by copying editor world from /Game/Test_level.Test_level to /Game/UEDPIE_0_Test_level.Test_level (0.002396s)
[2018.08.23-05.49.42:232][744]LogInit: XAudio2 using 'Speakers (Realtek(R) Audio)' : 2 channels at 48 kHz using 32 bits per sample (channel mask 0x3)
[2018.08.23-05.49.42:240][744]LogInit: FAudioDevice initialized.
[2018.08.23-05.49.42:283][744]LogLoad: Game class is 'GameModeBase'
[2018.08.23-05.49.42:286][744]LogWorld: Bringing World /Game/UEDPIE_0_Test_level.Test_level up for play (max tick rate 0) at 2018.08.23-15.49.42
[2018.08.23-05.49.42:287][744]LogWorld: Bringing up level for play took: 0.001475
[2018.08.23-05.49.42:293][744]PIE: Info Play in editor start time for /Game/UEDPIE_0_Test_level -0.746
[2018.08.23-05.49.42:293][744]LogBlueprintUserMessages: Late PlayInEditor Detection: Level '/Game/Test_level.Test_level:PersistentLevel' has LevelScriptBlueprint '/Game/Test_level.Test_level:PersistentLevel.Test_level' with GeneratedClass '/Game/Test_level.Test_level_C' with ClassGeneratedBy '/Game/Test_level.Test_level:PersistentLevel.Test_level'
[2018.08.23-05.50.00:337][885]LogBlueprintUserMessages: Early EndPlayMap Detection: Level '/Game/Test_level.Test_level:PersistentLevel' has LevelScriptBlueprint '/Game/Test_level.Test_level:PersistentLevel.Test_level' with GeneratedClass '/Game/Test_level.Test_level_C' with ClassGeneratedBy '/Game/Test_level.Test_level:PersistentLevel.Test_level'
[2018.08.23-05.50.00:380][885]LogBlueprintUserMessages: Late EndPlayMap Detection: Level '/Game/Test_level.Test_level:PersistentLevel' has LevelScriptBlueprint '/Game/Test_level.Test_level:PersistentLevel.Test_level' with GeneratedClass '/Game/Test_level.Test_level_C' with ClassGeneratedBy '/Game/Test_level.Test_level:PersistentLevel.Test_level'
[2018.08.23-05.50.43:648][803]LogTemp: Repeting last play command: New Editor Window (PIE)
[2018.08.23-05.50.43:657][803]LogBlueprintUserMessages: Early PlayInEditor Detection: Level '/Game/Test_level.Test_level:PersistentLevel' has LevelScriptBlueprint '/Game/Test_level.Test_level:PersistentLevel.Test_level' with GeneratedClass '/Game/Test_level.Test_level_C' with ClassGeneratedBy '/Game/Test_level.Test_level:PersistentLevel.Test_level'
[2018.08.23-05.50.43:657][803]LogPlayLevel: PlayLevel: No blueprints needed recompiling
[2018.08.23-05.50.43:657][803]PIE: New page: PIE session: Test_level (Aug 24, 2018, 1:50:43 AM)
[2018.08.23-05.50.43:657][803]LogPlayLevel: Creating play world package: /Game/UEDPIE_0_Test_level
[2018.08.23-05.50.43:659][803]LogPlayLevel: PIE: StaticDuplicateObject took: (0.002125s)
[2018.08.23-05.50.43:659][803]LogAIModule: Creating AISystem for world Test_level
[2018.08.23-05.50.43:659][803]LogPlayLevel: PIE: World Init took: (0.000502s)
[2018.08.23-05.50.43:660][803]LogPlayLevel: PIE: Created PIE world by copying editor world from /Game/Test_level.Test_level to /Game/UEDPIE_0_Test_level.Test_level (0.002789s)
[2018.08.23-05.50.43:672][803]LogInit: XAudio2 using 'Speakers (Realtek(R) Audio)' : 2 channels at 48 kHz using 32 bits per sample (channel mask 0x3)
[2018.08.23-05.50.43:681][803]LogInit: FAudioDevice initialized.
[2018.08.23-05.50.43:718][803]LogLoad: Game class is 'GameModeBase'
[2018.08.23-05.50.43:721][803]LogWorld: Bringing World /Game/UEDPIE_0_Test_level.Test_level up for play (max tick rate 0) at 2018.08.23-15.50.43
[2018.08.23-05.50.43:721][803]LogWorld: Bringing up level for play took: 0.001222
[2018.08.23-05.50.43:723][803]PIE: Info Play in editor start time for /Game/UEDPIE_0_Test_level 0.684
[2018.08.23-05.50.43:724][803]LogBlueprintUserMessages: Late PlayInEditor Detection: Level '/Game/Test_level.Test_level:PersistentLevel' has LevelScriptBlueprint '/Game/Test_level.Test_level:PersistentLevel.Test_level' with GeneratedClass '/Game/Test_level.Test_level_C' with ClassGeneratedBy '/Game/Test_level.Test_level:PersistentLevel.Test_level'
[2018.08.23-05.50.46:094][ 84]LogBlueprintUserMessages: Early EndPlayMap Detection: Level '/Game/Test_level.Test_level:PersistentLevel' has LevelScriptBlueprint '/Game/Test_level.Test_level:PersistentLevel.Test_level' with GeneratedClass '/Game/Test_level.Test_level_C' with ClassGeneratedBy '/Game/Test_level.Test_level:PersistentLevel.Test_level'
[2018.08.23-05.50.46:140][ 84]LogBlueprintUserMessages: Late EndPlayMap Detection: Level '/Game/Test_level.Test_level:PersistentLevel' has LevelScriptBlueprint '/Game/Test_level.Test_level:PersistentLevel.Test_level' with GeneratedClass '/Game/Test_level.Test_level_C' with ClassGeneratedBy '/Game/Test_level.Test_level:PersistentLevel.Test_level'
[2018.08.23-05.51.02:903][911]Cmd: OBJ SAVEPACKAGE PACKAGE="/Game/Test_level" FILE="D:/Unreal Project/Pinball/Content/Test_level.umap" SILENT=true AUTOSAVING=false KEEPDIRTY=false
[2018.08.23-05.51.03:040][911]LogSavePackage: Save=85.01ms
[2018.08.23-05.51.03:040][911]LogSavePackage: Moving 'D:/Unreal Project/Pinball/Saved/Test_level661262014BCD9497673EBE85FDB3EF85.tmp' to 'D:/Unreal Project/Pinball/Content/Test_level.umap'
[2018.08.23-05.51.03:043][911]LogSavePackage:Display: Finished SavePackage D:/Unreal Project/Pinball/Content/Test_level.umap
[2018.08.23-05.51.03:167][911]LogFileHelpers: Saving map 'Test_level' took 0.325
[2018.08.23-05.51.05:660][194]Cmd: OBJ SAVEPACKAGE PACKAGE="/Game/Test_level" FILE="D:/Unreal Project/Pinball/Content/Test_level.umap" SILENT=true AUTOSAVING=false KEEPDIRTY=false
[2018.08.23-05.51.05:833][194]LogSavePackage: Save=98.08ms
[2018.08.23-05.51.05:833][194]LogSavePackage: Moving 'D:/Unreal Project/Pinball/Saved/Test_level11E9CAA44011538B1938D7A45A5C6E6D.tmp' to 'D:/Unreal Project/Pinball/Content/Test_level.umap'
[2018.08.23-05.51.05:834][194]LogSavePackage:Display: Finished SavePackage D:/Unreal Project/Pinball/Content/Test_level.umap
[2018.08.23-05.51.07:447][352]LogWindowsTextInputMethodSystem:Display: IME system now activated using TSF (微软拼音).
[2018.08.23-05.51.07:668][353]Cmd: QUIT_EDITOR
[2018.08.23-05.51.08:181][353]LogExit: Preparing to exit.
[2018.08.23-05.51.08:933][353]LogExit: Editor shut down
[2018.08.23-05.51.08:933][353]LogExit: Transaction tracking system shut down
[2018.08.23-05.51.09:018][353]LogObj: Freed 0b from 0 cluster array pools.
[2018.08.23-05.51.09:018][353]LogExit: Object subsystem successfully closed.
[2018.08.23-05.51.09:033][353]LogD3D11RHI: Shutdown
[2018.08.23-05.51.09:033][353]LogD3D11RHI: CleanupD3DDevice
[2018.08.23-05.51.09:075][353]LogD3D11RHI: ~FD3D11DynamicRHI
[2018.08.23-05.51.09:090][353]LogHttp:Display: Http module shutting down, but needs to wait on 1 outstanding Http requests:
[2018.08.23-05.51.09:090][353]LogHttp:Display: 	verb=[POST] url=[https://datarouter.ol.epicgames.com/datarouter/api/v1/public/data?SessionID=%7BE6622327-4938-F8B3-6A0D-D5AAD176527B%7D&AppID=UEEditor.Rocket.Release&AppVersion=4.14.3-3249277%2B%2B%2BUE4%2BRelease-4.14&UserID=ffa27fa94d6e02796dc9839ceb40c893%7C3c4e2f40123147c5a204ded3eddcb2bd%7C7f64047d-132b-4211-8224-b319a13f4cf9&AppEnvironment=datacollector-binary&UploadType=eteventstream] status=Processing
[2018.08.23-05.51.09:125][353]LogModuleManager: Shutting down and abandoning module MovieSceneCapture (245)
[2018.08.23-05.51.09:125][353]LogModuleManager: Shutting down and abandoning module BlueprintGraph (244)
[2018.08.23-05.51.09:125][353]LogModuleManager: Shutting down and abandoning module BlueprintProfiler (243)
[2018.08.23-05.51.09:125][353]LogModuleManager: Shutting down and abandoning module HierarchicalLODOutliner (242)
[2018.08.23-05.51.09:125][353]LogModuleManager: Shutting down and abandoning module ExternalImagePicker (241)
[2018.08.23-05.51.09:125][353]LogModuleManager: Shutting down and abandoning module CrashTracker (240)
[2018.08.23-05.51.09:125][353]LogModuleManager: Shutting down and abandoning module SceneOutliner (239)
[2018.08.23-05.51.09:125][353]LogModuleManager: Shutting down and abandoning module WidgetCarousel (238)
[2018.08.23-05.51.09:125][353]LogModuleManager: Shutting down and abandoning module AddContentDialog (237)
[2018.08.23-05.51.09:126][353]LogDirectoryWatcher: A directory notification for 'C:/Program Files/Epic Games/UE_4.14/FeaturePacks/' was aborted.
[2018.08.23-05.51.09:128][353]LogModuleManager: Shutting down and abandoning module GameplayTags (236)
[2018.08.23-05.51.09:128][353]LogModuleManager: Shutting down and abandoning module EditorWidgets (235)
[2018.08.23-05.51.09:128][353]LogModuleManager: Shutting down and abandoning module CollectionManager (234)
[2018.08.23-05.51.09:128][353]LogDirectoryWatcher: A directory notification for 'D:/Unreal Project/Pinball/Content/Collections/' was aborted.
[2018.08.23-05.51.09:128][353]LogDirectoryWatcher: A directory notification for 'D:/Unreal Project/Pinball/Content/Developers/Darry/Collections/' was aborted.
[2018.08.23-05.51.09:129][353]LogDirectoryWatcher: A directory notification for 'D:/Unreal Project/Pinball/Saved/Collections/' was aborted.
[2018.08.23-05.51.09:129][353]LogModuleManager: Shutting down and abandoning module StatsViewer (233)
[2018.08.23-05.51.09:129][353]LogModuleManager: Shutting down and abandoning module FoliageEdit (232)
[2018.08.23-05.51.09:129][353]LogModuleManager: Shutting down and abandoning module LandscapeEditor (231)
[2018.08.23-05.51.09:129][353]LogModuleManager: Shutting down and abandoning module SceneDepthPickerMode (230)
[2018.08.23-05.51.09:129][353]LogModuleManager: Shutting down and abandoning module ActorPickerMode (229)
[2018.08.23-05.51.09:129][353]LogModuleManager: Shutting down and abandoning module GeometryMode (228)
[2018.08.23-05.51.09:129][353]LogModuleManager: Shutting down and abandoning module TextureAlignMode (227)
[2018.08.23-05.51.09:129][353]LogModuleManager: Shutting down and abandoning module BspMode (226)
[2018.08.23-05.51.09:129][353]LogModuleManager: Shutting down and abandoning module HardwareSurvey (225)
[2018.08.23-05.51.09:129][353]LogModuleManager: Shutting down and abandoning module SequenceRecorderSections (224)
[2018.08.23-05.51.09:129][353]LogModuleManager: Shutting down and abandoning module AutomationWorker (223)
[2018.08.23-05.51.09:129][353]LogModuleManager: Shutting down and abandoning module MatineeToLevelSequence (222)
[2018.08.23-05.51.09:129][353]LogModuleManager: Shutting down and abandoning module PlacementMode (221)
[2018.08.23-05.51.09:129][353]LogModuleManager: Shutting down and abandoning module LevelSequenceEditor (220)
[2018.08.23-05.51.09:130][353]LogModuleManager: Shutting down and abandoning module WmfMediaFactory (219)
[2018.08.23-05.51.09:130][353]LogModuleManager: Shutting down and abandoning module WmfMediaEditor (218)
[2018.08.23-05.51.09:130][353]LogModuleManager: Shutting down and abandoning module AvfMediaFactory (217)
[2018.08.23-05.51.09:130][353]LogModuleManager: Shutting down and abandoning module AvfMediaEditor (216)
[2018.08.23-05.51.09:130][353]LogModuleManager: Shutting down and abandoning module Media (215)
[2018.08.23-05.51.09:130][353]LogModuleManager: Shutting down and abandoning module AndroidMediaFactory (214)
[2018.08.23-05.51.09:130][353]LogModuleManager: Shutting down and abandoning module AndroidMediaEditor (213)
[2018.08.23-05.51.09:130][353]LogModuleManager: Shutting down and abandoning module CharacterAI (212)
[2018.08.23-05.51.09:130][353]LogModuleManager: Shutting down and abandoning module SequenceRecorder (211)
[2018.08.23-05.51.09:130][353]LogModuleManager: Shutting down and abandoning module AudioCapture (210)
[2018.08.23-05.51.09:130][353]LogModuleManager: Shutting down and abandoning module SmartSnapping (209)
[2018.08.23-05.51.09:130][353]LogModuleManager: Shutting down and abandoning module SessionServices (208)
[2018.08.23-05.51.09:130][353]LogModuleManager: Shutting down and abandoning module ViewportSnapping (207)
[2018.08.23-05.51.09:130][353]LogModuleManager: Shutting down and abandoning module ViewportInteraction (206)
[2018.08.23-05.51.09:130][353]LogModuleManager: Shutting down and abandoning module LogVisualizer (205)
[2018.08.23-05.51.09:130][353]LogModuleManager: Shutting down and abandoning module GameProjectGeneration (204)
[2018.08.23-05.51.09:130][353]LogModuleManager: Shutting down and abandoning module IntroTutorials (203)
[2018.08.23-05.51.09:130][353]LogModuleManager: Shutting down and abandoning module EditorLiveStreaming (202)
[2018.08.23-05.51.09:130][353]LogModuleManager: Shutting down and abandoning module IOSPlatformEditor (201)
[2018.08.23-05.51.09:130][353]LogModuleManager: Shutting down and abandoning module HTML5PlatformEditor (200)
[2018.08.23-05.51.09:130][353]LogModuleManager: Shutting down and abandoning module AndroidDeviceDetection (199)
[2018.08.23-05.51.09:297][353]LogModuleManager: Shutting down and abandoning module AndroidPlatformEditor (198)
[2018.08.23-05.51.09:297][353]LogModuleManager: Shutting down and abandoning module IOSRuntimeSettings (197)
[2018.08.23-05.51.09:297][353]LogModuleManager: Shutting down and abandoning module AndroidRuntimeSettings (196)
[2018.08.23-05.51.09:297][353]LogModuleManager: Shutting down and abandoning module InputBindingEditor (195)
[2018.08.23-05.51.09:297][353]LogModuleManager: Shutting down and abandoning module NiagaraEditor (194)
[2018.08.23-05.51.09:297][353]LogModuleManager: Shutting down and abandoning module MergeActors (193)
[2018.08.23-05.51.09:297][353]LogModuleManager: Shutting down and abandoning module SizeMap (192)
[2018.08.23-05.51.09:297][353]LogModuleManager: Shutting down and abandoning module TreeMap (191)
[2018.08.23-05.51.09:297][353]LogModuleManager: Shutting down and abandoning module ReferenceViewer (190)
[2018.08.23-05.51.09:297][353]LogModuleManager: Shutting down and abandoning module LocalizationService (189)
[2018.08.23-05.51.09:297][353]LogModuleManager: Shutting down and abandoning module LocalizationDashboard (188)
[2018.08.23-05.51.09:297][353]LogModuleManager: Shutting down and abandoning module HardwareTargeting (187)
[2018.08.23-05.51.09:297][353]LogModuleManager: Shutting down and abandoning module DeviceProfileEditor (186)
[2018.08.23-05.51.09:297][353]LogModuleManager: Shutting down and abandoning module UndoHistory (185)
[2018.08.23-05.51.09:297][353]LogModuleManager: Shutting down and abandoning module UserFeedback (184)
[2018.08.23-05.51.09:297][353]LogModuleManager: Shutting down and abandoning module XmlParser (183)
[2018.08.23-05.51.09:297][353]LogModuleManager: Shutting down and abandoning module Blutility (182)
[2018.08.23-05.51.09:297][353]LogModuleManager: Shutting down and abandoning module ProjectTargetPlatformEditor (181)
[2018.08.23-05.51.09:298][353]LogModuleManager: Shutting down and abandoning module ProjectSettingsViewer (180)
[2018.08.23-05.51.09:298][353]LogModuleManager: Shutting down and abandoning module EditorSettingsViewer (179)
[2018.08.23-05.51.09:298][353]LogModuleManager: Shutting down and abandoning module SettingsEditor (178)
[2018.08.23-05.51.09:298][353]LogModuleManager: Shutting down and abandoning module ProjectLauncher (177)
[2018.08.23-05.51.09:298][353]LogModuleManager: Shutting down and abandoning module SessionFrontend (176)
[2018.08.23-05.51.09:298][353]LogModuleManager: Shutting down and abandoning module ProfilerClient (175)
[2018.08.23-05.51.09:298][353]LogModuleManager: Shutting down and abandoning module TargetDeviceServices (174)
[2018.08.23-05.51.09:298][353]LogModuleManager: Shutting down and abandoning module DeviceManager (173)
[2018.08.23-05.51.09:342][353]LogModuleManager: Shutting down and abandoning module AutomationController (172)
[2018.08.23-05.51.09:342][353]LogModuleManager: Shutting down and abandoning module AutomationWindow (171)
[2018.08.23-05.51.09:342][353]LogModuleManager: Shutting down and abandoning module Layers (170)
[2018.08.23-05.51.09:342][353]LogModuleManager: Shutting down and abandoning module ComponentVisualizers (169)
[2018.08.23-05.51.09:342][353]LogModuleManager: Shutting down and abandoning module DetailCustomizations (168)
[2018.08.23-05.51.09:342][353]LogModuleManager: Shutting down and abandoning module PackagesDialog (167)
[2018.08.23-05.51.09:342][353]LogModuleManager: Shutting down and abandoning module AnimGraph (166)
[2018.08.23-05.51.09:342][353]LogModuleManager: Shutting down and abandoning module Persona (165)
[2018.08.23-05.51.09:342][353]LogModuleManager: Shutting down and abandoning module Kismet (164)
[2018.08.23-05.51.09:347][353]LogModuleManager: Shutting down and abandoning module GraphEditor (163)
[2018.08.23-05.51.09:347][353]LogModuleManager: Shutting down and abandoning module ClassViewer (162)
[2018.08.23-05.51.09:347][353]LogModuleManager: Shutting down and abandoning module Toolbox (161)
[2018.08.23-05.51.09:347][353]LogModuleManager: Shutting down and abandoning module ModuleUI (160)
[2018.08.23-05.51.09:347][353]LogModuleManager: Shutting down and abandoning module MovieSceneTools (159)
[2018.08.23-05.51.09:347][353]LogModuleManager: Shutting down and abandoning module OutputLog (158)
[2018.08.23-05.51.09:347][353]LogModuleManager: Shutting down and abandoning module GammaUI (157)
[2018.08.23-05.51.09:347][353]LogModuleManager: Shutting down and abandoning module Documentation (156)
[2018.08.23-05.51.09:347][353]LogModuleManager: Shutting down and abandoning module Niagara (155)
[2018.08.23-05.51.09:347][353]LogModuleManager: Shutting down and abandoning module StreamingPauseRendering (154)
[2018.08.23-05.51.09:347][353]LogModuleManager: Shutting down and abandoning module AnalyticsET (153)
[2018.08.23-05.51.09:347][353]LogModuleManager: Shutting down and abandoning module PortalServices (152)
[2018.08.23-05.51.09:347][353]LogModuleManager: Shutting down and abandoning module PortalRpc (151)
[2018.08.23-05.51.09:347][353]LogModuleManager: Shutting down and abandoning module MessagingRpc (150)
[2018.08.23-05.51.09:347][353]LogModuleManager: Shutting down and abandoning module GameplayDebugger (149)
[2018.08.23-05.51.09:347][353]LogModuleManager: Shutting down and abandoning module AITestSuite (148)
[2018.08.23-05.51.09:347][353]LogModuleManager: Shutting down and abandoning module AIModule (147)
[2018.08.23-05.51.09:347][353]LogModuleManager: Shutting down and abandoning module ProfilerService (146)
[2018.08.23-05.51.09:525][353]LogModuleManager: Shutting down and abandoning module TaskGraph (145)
[2018.08.23-05.51.09:525][353]LogModuleManager: Shutting down and abandoning module SlateRemote (144)
[2018.08.23-05.51.09:525][353]LogModuleManager: Shutting down and abandoning module SteamVRController (143)
[2018.08.23-05.51.09:525][353]LogModuleManager: Shutting down and abandoning module SteamVR (142)
[2018.08.23-05.51.09:525][353]LogModuleManager: Shutting down and abandoning module ProceduralMeshComponentEditor (141)
[2018.08.23-05.51.09:525][353]LogModuleManager: Shutting down and abandoning module ProceduralMeshComponent (140)
[2018.08.23-05.51.09:525][353]LogModuleManager: Shutting down and abandoning module OculusLibrary (139)
[2018.08.23-05.51.09:525][353]LogModuleManager: Shutting down and abandoning module OculusInput (138)
[2018.08.23-05.51.09:525][353]LogModuleManager: Shutting down and abandoning module MobilePatchingUtils (137)
[2018.08.23-05.51.09:525][353]LogModuleManager: Shutting down and abandoning module CustomMeshComponent (136)
[2018.08.23-05.51.09:525][353]LogModuleManager: Shutting down and abandoning module CableComponent (135)
[2018.08.23-05.51.09:525][353]LogModuleManager: Shutting down and abandoning module ArchVisCharacter (134)
[2018.08.23-05.51.09:525][353]LogModuleManager: Shutting down and abandoning module MediaPlayerEditor (132)
[2018.08.23-05.51.09:525][353]LogModuleManager: Shutting down and abandoning module HTML5Networking (131)
[2018.08.23-05.51.09:525][353]LogModuleManager: Shutting down and abandoning module GeometryCacheEd (130)
[2018.08.23-05.51.09:525][353]LogModuleManager: Shutting down and abandoning module GeometryCache (129)
[2018.08.23-05.51.09:525][353]LogModuleManager: Shutting down and abandoning module AlembicLibrary (128)
[2018.08.23-05.51.09:525][353]LogModuleManager: Shutting down and abandoning module AlembicImporter (127)
[2018.08.23-05.51.09:525][353]LogModuleManager: Shutting down and abandoning module SuperSearch (126)
[2018.08.23-05.51.09:526][353]LogModuleManager: Shutting down and abandoning module SuperSearchEditor (125)
[2018.08.23-05.51.09:526][353]LogModuleManager: Shutting down and abandoning module SpeedTreeImporter (124)
[2018.08.23-05.51.09:526][353]LogModuleManager: Shutting down and abandoning module PluginBrowser (123)
[2018.08.23-05.51.09:526][353]LogModuleManager: Shutting down and abandoning module MobileLauncherProfileWizard (122)
[2018.08.23-05.51.09:526][353]LogModuleManager: Shutting down and abandoning module EpicSurvey (121)
[2018.08.23-05.51.09:526][353]LogModuleManager: Shutting down and abandoning module DesktopPlatform (120)
[2018.08.23-05.51.09:526][353]LogModuleManager: Shutting down and abandoning module VisualStudioSourceCodeAccess (119)
[2018.08.23-05.51.09:526][353]LogModuleManager: Shutting down and abandoning module UObjectPlugin (118)
[2018.08.23-05.51.09:526][353]LogModuleManager: Shutting down and abandoning module SubversionSourceControl (117)
[2018.08.23-05.51.09:526][353]LogModuleManager: Shutting down and abandoning module PerforceSourceControl (116)
[2018.08.23-05.51.09:526][353]LogModuleManager: Shutting down and abandoning module SourceControl (115)
[2018.08.23-05.51.09:526][353]LogModuleManager: Shutting down and abandoning module GitSourceControl (114)
[2018.08.23-05.51.09:526][353]LogModuleManager: Shutting down and abandoning module LightPropagationVolumeEditor (113)
[2018.08.23-05.51.09:526][353]LogModuleManager: Shutting down and abandoning module PaperTiledImporter (112)
[2018.08.23-05.51.09:526][353]LogModuleManager: Shutting down and abandoning module PaperSpriteSheetImporter (111)
[2018.08.23-05.51.09:526][353]LogModuleManager: Shutting down and abandoning module MeshPaint (110)
[2018.08.23-05.51.09:526][353]LogModuleManager: Shutting down and abandoning module PixelInspectorModule (109)
[2018.08.23-05.51.09:526][353]LogModuleManager: Shutting down and abandoning module HotReload (108)
[2018.08.23-05.51.09:528][353]LogModuleManager: Shutting down and abandoning module MainFrame (107)
[2018.08.23-05.51.09:528][353]LogModuleManager: Shutting down and abandoning module LevelEditor (106)
[2018.08.23-05.51.09:529][353]LogModuleManager: Shutting down and abandoning module ContentBrowser (105)
[2018.08.23-05.51.09:531][353]LogModuleManager: Shutting down and abandoning module Paper2DEditor (104)
[2018.08.23-05.51.09:532][353]LogModuleManager: Shutting down and abandoning module UdpMessaging (103)
[2018.08.23-05.51.09:633][353]LogModuleManager: Shutting down and abandoning module TcpMessaging (102)
[2018.08.23-05.51.09:733][353]LogModuleManager: Shutting down and abandoning module LightPropagationVolumeRuntime (101)
[2018.08.23-05.51.09:733][353]LogModuleManager: Shutting down and abandoning module Paper2D (100)
[2018.08.23-05.51.09:733][353]LogModuleManager: Shutting down and abandoning module WindowsMoviePlayer (99)
[2018.08.23-05.51.09:733][353]LogModuleManager: Shutting down and abandoning module WmfMedia (98)
[2018.08.23-05.51.09:741][353]LogModuleManager: Shutting down and abandoning module MediaAssets (97)
[2018.08.23-05.51.09:741][353]LogModuleManager: Shutting down and abandoning module GameLiveStreaming (96)
[2018.08.23-05.51.09:741][353]LogModuleManager: Shutting down and abandoning module GameplayTagsEditor (95)
[2018.08.23-05.51.09:741][353]LogModuleManager: Shutting down and abandoning module VREditor (94)
[2018.08.23-05.51.09:741][353]LogModuleManager: Shutting down and abandoning module GameplayTasksEditor (93)
[2018.08.23-05.51.09:741][353]LogModuleManager: Shutting down and abandoning module BehaviorTreeEditor (92)
[2018.08.23-05.51.09:742][353]LogModuleManager: Shutting down and abandoning module FunctionalTesting (91)
[2018.08.23-05.51.09:742][353]LogModuleManager: Shutting down and abandoning module CollisionAnalyzer (90)
[2018.08.23-05.51.09:742][353]LogModuleManager: Shutting down and abandoning module Sequencer (89)
[2018.08.23-05.51.09:742][353]LogModuleManager: Shutting down and abandoning module WorkspaceMenuStructure (88)
[2018.08.23-05.51.09:742][353]LogModuleManager: Shutting down and abandoning module MessageLog (87)
[2018.08.23-05.51.09:742][353]LogModuleManager: Shutting down and abandoning module AssetTools (86)
[2018.08.23-05.51.09:742][353]LogModuleManager: Shutting down and abandoning module UMGEditor (85)
[2018.08.23-05.51.09:742][353]LogModuleManager: Shutting down and abandoning module UMG (84)
[2018.08.23-05.51.09:742][353]LogModuleManager: Shutting down and abandoning module SlateReflector (83)
[2018.08.23-05.51.09:742][353]LogModuleManager: Shutting down and abandoning module Slate (82)
[2018.08.23-05.51.09:742][353]LogModuleManager: Shutting down and abandoning module EditorStyle (81)
[2018.08.23-05.51.09:750][353]LogModuleManager: Shutting down and abandoning module SourceCodeAccess (80)
[2018.08.23-05.51.09:750][353]LogModuleManager: Shutting down and abandoning module HeadMountedDisplay (79)
[2018.08.23-05.51.09:751][353]LogModuleManager: Shutting down and abandoning module XAudio2 (78)
[2018.08.23-05.51.09:751][353]LogModuleManager: Shutting down and abandoning module Networking (76)
[2018.08.23-05.51.09:751][353]LogModuleManager: Shutting down and abandoning module Core (75)
[2018.08.23-05.51.09:751][353]LogModuleManager: Shutting down and abandoning module DirectoryWatcher (74)
[2018.08.23-05.51.09:751][353]LogDirectoryWatcher: A directory notification for '../../../Engine/Content/' was aborted.
[2018.08.23-05.51.09:751][353]LogDirectoryWatcher: A directory notification for 'D:/Unreal Project/Pinball/Content/' was aborted.
[2018.08.23-05.51.09:751][353]LogDirectoryWatcher: A directory notification for '../../../Engine/Plugins/2D/Paper2D/Content/' was aborted.
[2018.08.23-05.51.09:752][353]LogModuleManager: Shutting down and abandoning module AssetRegistry (73)
[2018.08.23-05.51.09:954][353]LogModuleManager: Shutting down and abandoning module KismetCompiler (72)
[2018.08.23-05.51.09:954][353]LogModuleManager: Shutting down and abandoning module PhysXFormats (71)
[2018.08.23-05.51.09:954][353]LogModuleManager: Shutting down and abandoning module SimplygonSwarm (70)
[2018.08.23-05.51.09:954][353]LogModuleManager: Shutting down and abandoning module SimplygonMeshReduction (69)
[2018.08.23-05.51.09:954][353]LogModuleManager: Shutting down and abandoning module QuadricMeshReduction (68)
[2018.08.23-05.51.09:954][353]LogModuleManager: Shutting down and abandoning module PropertyEditor (67)
[2018.08.23-05.51.09:954][353]LogModuleManager: Shutting down and abandoning module MeshUtilities (66)
[2018.08.23-05.51.09:954][353]LogModuleManager: Shutting down and abandoning module DerivedDataCache (65)
[2018.08.23-05.51.09:967][353]LogDerivedDataCache: Shutdown
[2018.08.23-05.51.09:967][353]LogModuleManager: Shutting down and abandoning module VulkanShaderFormat (64)
[2018.08.23-05.51.09:967][353]LogModuleManager: Shutting down and abandoning module ShaderFormatOpenGL (63)
[2018.08.23-05.51.09:967][353]LogModuleManager: Shutting down and abandoning module ShaderFormatD3D (62)
[2018.08.23-05.51.09:967][353]LogModuleManager: Shutting down and abandoning module MetalShaderFormat (61)
[2018.08.23-05.51.09:967][353]LogModuleManager: Shutting down and abandoning module TextureFormatUncompressed (60)
[2018.08.23-05.51.09:967][353]LogModuleManager: Shutting down and abandoning module TextureFormatPVR (59)
[2018.08.23-05.51.09:967][353]LogModuleManager: Shutting down and abandoning module TextureFormatDXT (58)
[2018.08.23-05.51.09:967][353]LogModuleManager: Shutting down and abandoning module TextureFormatIntelISPCTexComp (57)
[2018.08.23-05.51.09:968][353]LogModuleManager: Shutting down and abandoning module ImageWrapper (56)
[2018.08.23-05.51.09:968][353]LogModuleManager: Shutting down and abandoning module TextureFormatASTC (55)
[2018.08.23-05.51.09:968][353]LogModuleManager: Shutting down and abandoning module TextureFormatAndroid (54)
[2018.08.23-05.51.09:968][353]LogModuleManager: Shutting down and abandoning module AudioFormatOpus (53)
[2018.08.23-05.51.09:968][353]LogModuleManager: Shutting down and abandoning module AudioFormatOgg (52)
[2018.08.23-05.51.09:968][353]LogModuleManager: Shutting down and abandoning module AudioFormatADPCM (51)
[2018.08.23-05.51.09:968][353]LogModuleManager: Shutting down and abandoning module LinuxTargetPlatform (50)
[2018.08.23-05.51.09:968][353]LogModuleManager: Shutting down and abandoning module LinuxServerTargetPlatform (49)
[2018.08.23-05.51.09:968][353]LogModuleManager: Shutting down and abandoning module LinuxNoEditorTargetPlatform (48)
[2018.08.23-05.51.09:968][353]LogModuleManager: Shutting down and abandoning module LinuxClientTargetPlatform (47)
[2018.08.23-05.51.09:968][353]LogModuleManager: Shutting down and abandoning module TVOSTargetPlatform (46)
[2018.08.23-05.51.09:968][353]LogModuleManager: Shutting down and abandoning module Messaging (45)
[2018.08.23-05.51.09:969][353]LogModuleManager: Shutting down and abandoning module IOSTargetPlatform (44)
[2018.08.23-05.51.09:969][353]LogModuleManager: Shutting down and abandoning module HTML5TargetPlatform (43)
[2018.08.23-05.51.09:969][353]LogModuleManager: Shutting down and abandoning module Android_PVRTCTargetPlatform (42)
[2018.08.23-05.51.09:969][353]LogModuleManager: Shutting down and abandoning module Android_MultiTargetPlatform (41)
[2018.08.23-05.51.09:969][353]LogModuleManager: Shutting down and abandoning module Android_ETC2TargetPlatform (40)
[2018.08.23-05.51.09:969][353]LogModuleManager: Shutting down and abandoning module Android_ETC1TargetPlatform (39)
[2018.08.23-05.51.09:969][353]LogModuleManager: Shutting down and abandoning module Android_DXTTargetPlatform (38)
[2018.08.23-05.51.09:969][353]LogModuleManager: Shutting down and abandoning module Android_ATCTargetPlatform (37)
[2018.08.23-05.51.09:969][353]LogModuleManager: Shutting down and abandoning module Android_ASTCTargetPlatform (36)
[2018.08.23-05.51.09:969][353]LogModuleManager: Shutting down and abandoning module AndroidTargetPlatform (35)
[2018.08.23-05.51.09:969][353]LogModuleManager: Shutting down and abandoning module WindowsTargetPlatform (34)
[2018.08.23-05.51.09:969][353]LogModuleManager: Shutting down and abandoning module WindowsServerTargetPlatform (33)
[2018.08.23-05.51.09:969][353]LogModuleManager: Shutting down and abandoning module WindowsNoEditorTargetPlatform (32)
[2018.08.23-05.51.09:969][353]LogModuleManager: Shutting down and abandoning module WindowsClientTargetPlatform (31)
[2018.08.23-05.51.09:969][353]LogModuleManager: Shutting down and abandoning module MacTargetPlatform (30)
[2018.08.23-05.51.09:969][353]LogModuleManager: Shutting down and abandoning module MacServerTargetPlatform (29)
[2018.08.23-05.51.09:969][353]LogModuleManager: Shutting down and abandoning module MacNoEditorTargetPlatform (28)
[2018.08.23-05.51.09:969][353]LogModuleManager: Shutting down and abandoning module MacClientTargetPlatform (27)
[2018.08.23-05.51.09:969][353]LogModuleManager: Shutting down and abandoning module AllDesktopTargetPlatform (26)
[2018.08.23-05.51.09:969][353]LogModuleManager: Shutting down and abandoning module TargetPlatform (25)
[2018.08.23-05.51.09:969][353]LogModuleManager: Shutting down and abandoning module InputCore (24)
[2018.08.23-05.51.09:969][353]LogModuleManager: Shutting down and abandoning module Settings (23)
[2018.08.23-05.51.09:969][353]LogModuleManager: Shutting down and abandoning module OculusRift (22)
[2018.08.23-05.51.09:969][353]LogModuleManager: Shutting down and abandoning module ExampleDeviceProfileSelector (21)
[2018.08.23-05.51.09:969][353]LogModuleManager: Shutting down and abandoning module OnlineBlueprintSupport (20)
[2018.08.23-05.51.09:969][353]LogModuleManager: Shutting down and abandoning module OnlineSubsystem (18)
[2018.08.23-05.51.09:969][353]LogOnline:Display: Unloading online subsystem: NULL
[2018.08.23-05.51.09:969][353]LogModuleManager: Shutting down and abandoning module SSL (17)
[2018.08.23-05.51.09:973][353]LogModuleManager: Shutting down and abandoning module HTTP (16)
[2018.08.23-05.51.09:973][353]LogModuleManager: Shutting down and abandoning module XMPP (15)
[2018.08.23-05.51.09:973][353]LogModuleManager: Shutting down and abandoning module TextureCompressor (14)
[2018.08.23-05.51.09:974][353]LogModuleManager: Shutting down and abandoning module ShaderCore (13)
[2018.08.23-05.51.09:974][353]LogModuleManager: Shutting down and abandoning module Landscape (12)
[2018.08.23-05.51.09:974][353]LogModuleManager: Shutting down and abandoning module SlateRHIRenderer (11)
[2018.08.23-05.51.09:976][353]LogModuleManager: Shutting down and abandoning module OpenGLDrv (10)
[2018.08.23-05.51.09:976][353]LogModuleManager: Shutting down and abandoning module D3D11RHI (9)
[2018.08.23-05.51.09:976][353]LogModuleManager: Shutting down and abandoning module AnimGraphRuntime (8)
[2018.08.23-05.51.09:976][353]LogModuleManager: Shutting down and abandoning module Renderer (7)
[2018.08.23-05.51.09:976][353]LogModuleManager: Shutting down and abandoning module Engine (6)
[2018.08.23-05.51.09:976][353]LogModuleManager: Shutting down and abandoning module CoreUObject (5)
[2018.08.23-05.51.09:976][353]LogModuleManager: Shutting down and abandoning module NetworkFile (4)
[2018.08.23-05.51.09:976][353]LogModuleManager: Shutting down and abandoning module StreamingFile (3)
[2018.08.23-05.51.09:976][353]LogModuleManager: Shutting down and abandoning module SandboxFile (2)
[2018.08.23-05.51.09:976][353]LogModuleManager: Shutting down and abandoning module PakFile (1)
[2018.08.23-05.51.09:983][353]LogExit: Exiting.
[2018.08.23-05.51.09:986][353]Log file closed, 08/23/18 15:51:09
