Log file open, 08/23/18 15:12:17
LogInit:Display: Running engine for game: Pinball
LogPlatformFile: Not using cached read wrapper
LogInit:Display: RandInit(-2074638815) SRandInit(-2074638815).
LogTaskGraph: Started task graph with 5 named threads and 10 total threads with 1 sets of task threads.
LogStats: Stats thread started at 0.170674
LogPluginManager: Loaded Plugin Paper2D, From C:/Program Files/Epic Games/UE_4.14/Engine/Plugins/2D/Paper2D/Paper2D.uplugin
LogPluginManager: Loaded Plugin LightPropagationVolume, From C:/Program Files/Epic Games/UE_4.14/Engine/Plugins/Blendables/LightPropagationVolume/LightPropagationVolume.uplugin
LogPluginManager: Loaded Plugin BlankPlugin, From C:/Program Files/Epic Games/UE_4.14/Engine/Plugins/Developer/BlankPlugin/BlankPlugin.uplugin
LogPluginManager: Loaded Plugin CodeLiteSourceCodeAccess, From C:/Program Files/Epic Games/UE_4.14/Engine/Plugins/Developer/CodeLiteSourceCodeAccess/CodeLiteSourceCodeAccess.uplugin
LogPluginManager: Loaded Plugin GitSourceControl, From C:/Program Files/Epic Games/UE_4.14/Engine/Plugins/Developer/GitSourceControl/GitSourceControl.uplugin
LogPluginManager: Loaded Plugin KDevelopSourceCodeAccess, From C:/Program Files/Epic Games/UE_4.14/Engine/Plugins/Developer/KDevelopSourceCodeAccess/KDevelopSourceCodeAccess.uplugin
LogPluginManager: Loaded Plugin NullSourceCodeAccess, From C:/Program Files/Epic Games/UE_4.14/Engine/Plugins/Developer/NullSourceCodeAccess/NullSourceCodeAccess.uplugin
LogPluginManager: Loaded Plugin OneSkyLocalizationService, From C:/Program Files/Epic Games/UE_4.14/Engine/Plugins/Developer/OneSkyLocalizationService/OneSkyLocalizationService.uplugin
LogPluginManager: Loaded Plugin PerforceSourceControl, From C:/Program Files/Epic Games/UE_4.14/Engine/Plugins/Developer/PerforceSourceControl/PerforceSourceControl.uplugin
LogPluginManager: Loaded Plugin SubversionSourceControl, From C:/Program Files/Epic Games/UE_4.14/Engine/Plugins/Developer/SubversionSourceControl/SubversionSourceControl.uplugin
LogPluginManager: Loaded Plugin UObjectPlugin, From C:/Program Files/Epic Games/UE_4.14/Engine/Plugins/Developer/UObjectPlugin/UObjectPlugin.uplugin
LogPluginManager: Loaded Plugin VisualStudioSourceCodeAccess, From C:/Program Files/Epic Games/UE_4.14/Engine/Plugins/Developer/VisualStudioSourceCodeAccess/VisualStudioSourceCodeAccess.uplugin
LogPluginManager: Loaded Plugin XCodeSourceCodeAccess, From C:/Program Files/Epic Games/UE_4.14/Engine/Plugins/Developer/XCodeSourceCodeAccess/XCodeSourceCodeAccess.uplugin
LogPluginManager: Loaded Plugin AudioCapture, From C:/Program Files/Epic Games/UE_4.14/Engine/Plugins/Editor/AudioCapture/AudioCapture.uplugin
LogPluginManager: Loaded Plugin EpicSurvey, From C:/Program Files/Epic Games/UE_4.14/Engine/Plugins/Editor/EpicSurvey/EpicSurvey.uplugin
LogPluginManager: Loaded Plugin MacGraphicsSwitching, From C:/Program Files/Epic Games/UE_4.14/Engine/Plugins/Editor/MacGraphicsSwitching/MacGraphicsSwitching.uplugin
LogPluginManager: Loaded Plugin MobileLauncherProfileWizard, From C:/Program Files/Epic Games/UE_4.14/Engine/Plugins/Editor/MobileLauncherProfileWizard/MobileLauncherProfileWizard.uplugin
LogPluginManager: Loaded Plugin PluginBrowser, From C:/Program Files/Epic Games/UE_4.14/Engine/Plugins/Editor/PluginBrowser/PluginBrowser.uplugin
LogPluginManager: Loaded Plugin SpeedTreeImporter, From C:/Program Files/Epic Games/UE_4.14/Engine/Plugins/Editor/SpeedTreeImporter/SpeedTreeImporter.uplugin
LogPluginManager: Loaded Plugin SuperSearchEditor, From C:/Program Files/Epic Games/UE_4.14/Engine/Plugins/Editor/SuperSearchEditor/SuperSearchEditor.uplugin
LogPluginManager: Loaded Plugin AlembicImporter, From C:/Program Files/Epic Games/UE_4.14/Engine/Plugins/Experimental/AlembicImporter/AlembicImporter.uplugin
LogPluginManager: Loaded Plugin BlueprintStats, From C:/Program Files/Epic Games/UE_4.14/Engine/Plugins/Experimental/BlueprintStats/BlueprintStats.uplugin
LogPluginManager: Loaded Plugin CharacterAI, From C:/Program Files/Epic Games/UE_4.14/Engine/Plugins/Experimental/CharacterAI/CharacterAI.uplugin
LogPluginManager: Loaded Plugin CodeEditor, From C:/Program Files/Epic Games/UE_4.14/Engine/Plugins/Experimental/CodeEditor/CodeEditor.uplugin
LogPluginManager: Loaded Plugin CodeView, From C:/Program Files/Epic Games/UE_4.14/Engine/Plugins/Experimental/CodeView/CodeView.uplugin
LogPluginManager: Loaded Plugin HTML5Networking, From C:/Program Files/Epic Games/UE_4.14/Engine/Plugins/Experimental/HTML5Networking/HTML5Networking.uplugin
LogPluginManager: Loaded Plugin OSVR, From C:/Program Files/Epic Games/UE_4.14/Engine/Plugins/Experimental/OSVR/OSVR.uplugin
LogPluginManager: Loaded Plugin Phya, From C:/Program Files/Epic Games/UE_4.14/Engine/Plugins/Experimental/Phya/Phya.uplugin
LogPluginManager: Loaded Plugin SignificanceManager, From C:/Program Files/Epic Games/UE_4.14/Engine/Plugins/Experimental/SignificanceManager/SignificanceManager.uplugin
LogPluginManager: Loaded Plugin SimpleHMD, From C:/Program Files/Epic Games/UE_4.14/Engine/Plugins/Experimental/SimpleHMD/SimpleHMD.uplugin
LogPluginManager: Loaded Plugin StereoPanorama, From C:/Program Files/Epic Games/UE_4.14/Engine/Plugins/Experimental/StereoPanorama/StereoPanorama.uplugin
LogPluginManager: Loaded Plugin StructBox, From C:/Program Files/Epic Games/UE_4.14/Engine/Plugins/Experimental/StructBox/StructBox.uplugin
LogPluginManager: Loaded Plugin AndroidMedia, From C:/Program Files/Epic Games/UE_4.14/Engine/Plugins/Media/AndroidMedia/AndroidMedia.uplugin
LogPluginManager: Loaded Plugin AvfMedia, From C:/Program Files/Epic Games/UE_4.14/Engine/Plugins/Media/AvfMedia/AvfMedia.uplugin
LogPluginManager: Loaded Plugin MediaPlayerEditor, From C:/Program Files/Epic Games/UE_4.14/Engine/Plugins/Media/MediaPlayerEditor/MediaPlayerEditor.uplugin
LogPluginManager: Loaded Plugin WmfMedia, From C:/Program Files/Epic Games/UE_4.14/Engine/Plugins/Media/WmfMedia/WmfMedia.uplugin
LogPluginManager: Loaded Plugin MessagingDebugger, From C:/Program Files/Epic Games/UE_4.14/Engine/Plugins/Messaging/MessagingDebugger/MessagingDebugger.uplugin
LogPluginManager: Loaded Plugin TcpMessaging, From C:/Program Files/Epic Games/UE_4.14/Engine/Plugins/Messaging/TcpMessaging/TcpMessaging.uplugin
LogPluginManager: Loaded Plugin UdpMessaging, From C:/Program Files/Epic Games/UE_4.14/Engine/Plugins/Messaging/UdpMessaging/UdpMessaging.uplugin
LogPluginManager: Loaded Plugin LevelSequenceEditor, From C:/Program Files/Epic Games/UE_4.14/Engine/Plugins/MovieScene/LevelSequenceEditor/LevelSequenceEditor.uplugin
LogPluginManager: Loaded Plugin MatineeToLevelSequence, From C:/Program Files/Epic Games/UE_4.14/Engine/Plugins/MovieScene/MatineeToLevelSequence/MatineeToLevelSequence.uplugin
LogPluginManager: Loaded Plugin NetcodeUnitTest, From C:/Program Files/Epic Games/UE_4.14/Engine/Plugins/NetcodeUnitTest/NetcodeUnitTest/NetcodeUnitTest.uplugin
LogPluginManager: Loaded Plugin NUTUnrealEngine4, From C:/Program Files/Epic Games/UE_4.14/Engine/Plugins/NetcodeUnitTest/NUTUnrealEngine4/NUTUnrealEngine4.uplugin
LogPluginManager: Loaded Plugin OnlineSubsystemGameCircle, From C:/Program Files/Epic Games/UE_4.14/Engine/Plugins/Online/Android/OnlineSubsystemGameCircle/OnlineSubsystemGameCircle.uplugin
LogPluginManager: Loaded Plugin OnlineSubsystemGooglePlay, From C:/Program Files/Epic Games/UE_4.14/Engine/Plugins/Online/Android/OnlineSubsystemGooglePlay/OnlineSubsystemGooglePlay.uplugin
LogPluginManager: Loaded Plugin OnlineSubsystemIOS, From C:/Program Files/Epic Games/UE_4.14/Engine/Plugins/Online/IOS/OnlineSubsystemIOS/OnlineSubsystemIOS.uplugin
LogPluginManager: Loaded Plugin OnlineFramework, From C:/Program Files/Epic Games/UE_4.14/Engine/Plugins/Online/OnlineFramework/OnlineFramework.uplugin
LogPluginManager: Loaded Plugin OnlineSubsystem, From C:/Program Files/Epic Games/UE_4.14/Engine/Plugins/Online/OnlineSubsystem/OnlineSubsystem.uplugin
LogPluginManager: Loaded Plugin OnlineSubsystemAmazon, From C:/Program Files/Epic Games/UE_4.14/Engine/Plugins/Online/OnlineSubsystemAmazon/OnlineSubsystemAmazon.uplugin
LogPluginManager: Loaded Plugin OnlineSubsystemFacebook, From C:/Program Files/Epic Games/UE_4.14/Engine/Plugins/Online/OnlineSubsystemFacebook/OnlineSubsystemFacebook.uplugin
LogPluginManager: Loaded Plugin OnlineSubsystemNull, From C:/Program Files/Epic Games/UE_4.14/Engine/Plugins/Online/OnlineSubsystemNull/OnlineSubsystemNull.uplugin
LogPluginManager: Loaded Plugin OnlineSubsystemOculus, From C:/Program Files/Epic Games/UE_4.14/Engine/Plugins/Online/OnlineSubsystemOculus/OnlineSubsystemOculus.uplugin
LogPluginManager: Loaded Plugin OnlineSubsystemSteam, From C:/Program Files/Epic Games/UE_4.14/Engine/Plugins/Online/OnlineSubsystemSteam/OnlineSubsystemSteam.uplugin
LogPluginManager: Loaded Plugin OnlineSubsystemUtils, From C:/Program Files/Epic Games/UE_4.14/Engine/Plugins/Online/OnlineSubsystemUtils/OnlineSubsystemUtils.uplugin
LogPluginManager: Loaded Plugin IOSTapJoy, From C:/Program Files/Epic Games/UE_4.14/Engine/Plugins/Runtime/Advertising/IOSTapJoy/IOSTapJoy.uplugin
LogPluginManager: Loaded Plugin AnalyticsBlueprintLibrary, From C:/Program Files/Epic Games/UE_4.14/Engine/Plugins/Runtime/Analytics/AnalyticsBlueprintLibrary/AnalyticsBlueprintLibrary.uplugin
LogPluginManager: Loaded Plugin AnalyticsMulticast, From C:/Program Files/Epic Games/UE_4.14/Engine/Plugins/Runtime/Analytics/AnalyticsMulticast/AnalyticsMulticast.uplugin
LogPluginManager: Loaded Plugin Apsalar, From C:/Program Files/Epic Games/UE_4.14/Engine/Plugins/Runtime/Analytics/Apsalar/Apsalar.uplugin
LogPluginManager: Loaded Plugin FileLogging, From C:/Program Files/Epic Games/UE_4.14/Engine/Plugins/Runtime/Analytics/FileLogging/FileLogging.uplugin
LogPluginManager: Loaded Plugin Flurry, From C:/Program Files/Epic Games/UE_4.14/Engine/Plugins/Runtime/Analytics/Flurry/Flurry.uplugin
LogPluginManager: Loaded Plugin AndroidDeviceProfileSelector, From C:/Program Files/Epic Games/UE_4.14/Engine/Plugins/Runtime/AndroidDeviceProfileSelector/AndroidDeviceProfileSelector.uplugin
LogPluginManager: Loaded Plugin AndroidMoviePlayer, From C:/Program Files/Epic Games/UE_4.14/Engine/Plugins/Runtime/AndroidMoviePlayer/AndroidMoviePlayer.uplugin
LogPluginManager: Loaded Plugin AppleMoviePlayer, From C:/Program Files/Epic Games/UE_4.14/Engine/Plugins/Runtime/AppleMoviePlayer/AppleMoviePlayer.uplugin
LogPluginManager: Loaded Plugin ArchVisCharacter, From C:/Program Files/Epic Games/UE_4.14/Engine/Plugins/Runtime/ArchVisCharacter/ArchVisCharacter.uplugin
LogPluginManager: Loaded Plugin CableComponent, From C:/Program Files/Epic Games/UE_4.14/Engine/Plugins/Runtime/CableComponent/CableComponent.uplugin
LogPluginManager: Loaded Plugin CustomMeshComponent, From C:/Program Files/Epic Games/UE_4.14/Engine/Plugins/Runtime/CustomMeshComponent/CustomMeshComponent.uplugin
LogPluginManager: Loaded Plugin ExampleDeviceProfileSelector, From C:/Program Files/Epic Games/UE_4.14/Engine/Plugins/Runtime/ExampleDeviceProfileSelector/ExampleDeviceProfileSelector.uplugin
LogPluginManager: Loaded Plugin GearVR, From C:/Program Files/Epic Games/UE_4.14/Engine/Plugins/Runtime/GearVR/GearVR.uplugin
LogPluginManager: Loaded Plugin GoogleVRController, From C:/Program Files/Epic Games/UE_4.14/Engine/Plugins/Runtime/GoogleVR/GoogleVRController/GoogleVRController.uplugin
LogPluginManager: Loaded Plugin GoogleVRHMD, From C:/Program Files/Epic Games/UE_4.14/Engine/Plugins/Runtime/GoogleVR/GoogleVRHMD/GoogleVRHMD.uplugin
LogPluginManager: Loaded Plugin IOSDeviceProfileSelector, From C:/Program Files/Epic Games/UE_4.14/Engine/Plugins/Runtime/IOSDeviceProfileSelector/IOSDeviceProfileSelector.uplugin
LogPluginManager: Loaded Plugin LeapMotion, From C:/Program Files/Epic Games/UE_4.14/Engine/Plugins/Runtime/LeapMotion/LeapMotion.uplugin
LogPluginManager: Loaded Plugin LinuxDeviceProfileSelector, From C:/Program Files/Epic Games/UE_4.14/Engine/Plugins/Runtime/LinuxDeviceProfileSelector/LinuxDeviceProfileSelector.uplugin
LogPluginManager: Loaded Plugin MIDIDevice, From C:/Program Files/Epic Games/UE_4.14/Engine/Plugins/Runtime/MIDIDevice/MIDIDevice.uplugin
LogPluginManager: Loaded Plugin MobilePatchingUtils, From C:/Program Files/Epic Games/UE_4.14/Engine/Plugins/Runtime/MobilePatchingUtils/MobilePatchingUtils.uplugin
LogPluginManager: Loaded Plugin Ansel, From C:/Program Files/Epic Games/UE_4.14/Engine/Plugins/Runtime/Nvidia/Ansel/Ansel.uplugin
LogPluginManager: Loaded Plugin OculusAudio, From C:/Program Files/Epic Games/UE_4.14/Engine/Plugins/Runtime/OculusAudio/OculusAudio.uplugin
LogPluginManager: Loaded Plugin OculusInput, From C:/Program Files/Epic Games/UE_4.14/Engine/Plugins/Runtime/OculusInput/OculusInput.uplugin
LogPluginManager: Loaded Plugin OculusLibrary, From C:/Program Files/Epic Games/UE_4.14/Engine/Plugins/Runtime/OculusLibrary/OculusLibrary.uplugin
LogPluginManager: Loaded Plugin OculusRift, From C:/Program Files/Epic Games/UE_4.14/Engine/Plugins/Runtime/OculusRift/OculusRift.uplugin
LogPluginManager: Loaded Plugin Oodle, From C:/Program Files/Epic Games/UE_4.14/Engine/Plugins/Runtime/PacketHandlers/CompressionComponents/Oodle/Oodle.uplugin
LogPluginManager: Loaded Plugin ProceduralMeshComponent, From C:/Program Files/Epic Games/UE_4.14/Engine/Plugins/Runtime/ProceduralMeshComponent/ProceduralMeshComponent.uplugin
LogPluginManager: Loaded Plugin SoundMod, From C:/Program Files/Epic Games/UE_4.14/Engine/Plugins/Runtime/SoundMod/SoundMod.uplugin
LogPluginManager: Loaded Plugin SoundVisualizations, From C:/Program Files/Epic Games/UE_4.14/Engine/Plugins/Runtime/SoundVisualizations/SoundVisualizations.uplugin
LogPluginManager: Loaded Plugin SteamController, From C:/Program Files/Epic Games/UE_4.14/Engine/Plugins/Runtime/Steam/SteamController/SteamController.uplugin
LogPluginManager: Loaded Plugin SteamVR, From C:/Program Files/Epic Games/UE_4.14/Engine/Plugins/Runtime/Steam/SteamVR/SteamVR.uplugin
LogPluginManager: Loaded Plugin WebBrowserWidget, From C:/Program Files/Epic Games/UE_4.14/Engine/Plugins/Runtime/WebBrowserWidget/WebBrowserWidget.uplugin
LogPluginManager: Loaded Plugin WindowsDeviceProfileSelector, From C:/Program Files/Epic Games/UE_4.14/Engine/Plugins/Runtime/WindowsDeviceProfileSelector/WindowsDeviceProfileSelector.uplugin
LogPluginManager: Loaded Plugin WindowsMoviePlayer, From C:/Program Files/Epic Games/UE_4.14/Engine/Plugins/Runtime/WindowsMoviePlayer/WindowsMoviePlayer.uplugin
LogPluginManager: Loaded Plugin ScriptPlugin, From C:/Program Files/Epic Games/UE_4.14/Engine/Plugins/ScriptPlugin/ScriptPlugin.uplugin
LogPluginManager: Loaded Plugin SlateRemote, From C:/Program Files/Epic Games/UE_4.14/Engine/Plugins/Slate/SlateRemote/SlateRemote.uplugin
LogPluginManager: Loaded Plugin EditorTests, From C:/Program Files/Epic Games/UE_4.14/Engine/Plugins/Tests/EditorTests/EditorTests.uplugin
LogPluginManager: Loaded Plugin FbxAutomationTestBuilder, From C:/Program Files/Epic Games/UE_4.14/Engine/Plugins/Tests/FbxAutomationTestBuilder/FbxAutomationTestBuilder.uplugin
LogPluginManager: Loaded Plugin FunctionalTestingEditor, From C:/Program Files/Epic Games/UE_4.14/Engine/Plugins/Tests/FunctionalTestingEditor/FunctionalTestingEditor.uplugin
LogPluginManager: Loaded Plugin RuntimeTests, From C:/Program Files/Epic Games/UE_4.14/Engine/Plugins/Tests/RuntimeTests/RuntimeTests.uplugin
LogPluginManager: Loaded Plugin ScreenshotTools, From C:/Program Files/Epic Games/UE_4.14/Engine/Plugins/Tests/ScreenshotTools/ScreenshotTools.uplugin
LogInit: Using libcurl 7.47.1
LogInit:  - built for x86_64-pc-win32
LogInit:  - supports SSL with OpenSSL/1.0.2g
LogInit:  - supports HTTP deflate (compression) using libz 1.2.8
LogInit:  - other features:
LogInit:      CURL_VERSION_SSL
LogInit:      CURL_VERSION_LIBZ
LogInit:      CURL_VERSION_IPV6
LogInit:      CURL_VERSION_ASYNCHDNS
LogInit:      CURL_VERSION_LARGEFILE
LogInit:      CURL_VERSION_IDN
LogInit:  CurlRequestOptions (configurable via config and command line):
LogInit:  - bVerifyPeer = false  - Libcurl will NOT verify peer certificate
LogInit:  - bUseHttpProxy = false  - Libcurl will NOT use HTTP proxy
LogInit:  - bDontReuseConnections = false  - Libcurl will reuse connections
LogInit:  - CertBundlePath = nullptr  - Libcurl will use whatever was configured at build time.
LogInit: Build: ++UE4+Release-4.14-CL-3249277
LogInit: Engine Version: 4.14.3-3249277+++UE4+Release-4.14
LogInit: Compatible Engine Version: 4.14.0-3195953+++UE4+Release-4.14
LogInit: Net CL: 3195953
LogDevObjectVersion: Number of dev versions registered: 13
LogDevObjectVersion:   Dev-Blueprints (B0D832E4-1F89-4F0D-ACCF-7EB736FD4AA2): 7
LogDevObjectVersion:   Dev-Build (E1C64328-A22C-4D53-A36C-8E866417BD8C): 0
LogDevObjectVersion:   Dev-Core (375EC13C-06E4-48FB-B500-84F0262A717E): 1
LogDevObjectVersion:   Dev-Editor (E4B068ED-F494-42E9-A231-DA0B2E46BB41): 8
LogDevObjectVersion:   Dev-Framework (CFFC743F-43B0-4480-9391-14DF171D2073): 17
LogDevObjectVersion:   Dev-Mobile (B02B49B5-BB20-44E9-A304-32B752E40360): 0
LogDevObjectVersion:   Dev-Networking (A4E4105C-59A1-49B5-A7C5-40C4547EDFEE): 0
LogDevObjectVersion:   Dev-Online (39C831C9-5AE6-47DC-9A44-9C173E1C8E7C): 0
LogDevObjectVersion:   Dev-Physics (78F01B33-EBEA-4F98-B9B4-84EACCB95AA2): 0
LogDevObjectVersion:   Dev-Platform (6631380F-2D4D-43E0-8009-CF276956A95A): 0
LogDevObjectVersion:   Dev-Rendering (12F88B9F-8875-4AFC-A67C-D90C383ABD29): 12
LogDevObjectVersion:   Dev-Sequencer (7B5AE74C-D270-4C10-A958-57980B212A5A): 1
LogDevObjectVersion:   Dev-VR (D7296918-1DD6-4BDD-9DE2-64A83CC13884): 0
LogInit: Compiled (64-bit): Jan  6 2017 10:49:43
LogInit: Compiled with Visual C++: 19.00.23026.00
LogInit: Build Configuration: Development
LogInit: Branch Name: ++UE4+Release-4.14
LogInit: Command line: 
LogInit: Base directory: C:/Program Files/Epic Games/UE_4.14/Engine/Binaries/Win64/
LogInit: Installed Engine Build: 1
LogInit: Presizing for max 8388607 objects, including 0 objects not considered by GC, pre-allocating 0 bytes for permanent pool.
LogInit: Object subsystem initialized
[2018.08.23-05.12.18:410][  0]LogInit: Selected Device Profile: [Windows]
[2018.08.23-05.12.18:410][  0]LogInit: Applying CVar settings loaded from the selected device profile: [Windows]
[2018.08.23-05.12.18:516][  0]LogInit: Computer: LAPTOP-RVR0KLH5
[2018.08.23-05.12.18:516][  0]LogInit: User: Darry
[2018.08.23-05.12.18:516][  0]LogInit: CPU Page size=65536, Cores=6
[2018.08.23-05.12.18:517][  0]LogInit: High frequency timer resolution =2.156252 MHz
[2018.08.23-05.12.18:517][  0]LogMemory: Memory total: Physical=15.9GB (16GB approx)
[2018.08.23-05.12.18:517][  0]LogMemory: Platform Memory Stats for Windows
[2018.08.23-05.12.18:517][  0]LogMemory: Process Physical Memory: 263.49 MB used, 263.49 MB peak
[2018.08.23-05.12.18:517][  0]LogMemory: Process Virtual Memory: 268.95 MB used, 268.95 MB peak
[2018.08.23-05.12.18:517][  0]LogMemory: Physical Memory: 4660.23 MB used,  11626.46 MB free, 16286.69 MB total
[2018.08.23-05.12.18:517][  0]LogMemory: Virtual Memory: 718.58 MB used,  11626.46 MB free, 134217728.00 MB total
[2018.08.23-05.12.18:586][  0]LogInit: Overriding culture en with editor configuration.
[2018.08.23-05.12.19:304][  0]LogD3D11RHI: D3D11 adapters:
[2018.08.23-05.12.19:378][  0]LogD3D11RHI:    0. 'NVIDIA GeForce GTX 1070 with Max-Q Design' (Feature Level 11_0)
[2018.08.23-05.12.19:378][  0]LogD3D11RHI:       8089/0/8143 MB DedicatedVideo/DedicatedSystem/SharedSystem, Outputs:1, VendorId:0x10de
[2018.08.23-05.12.19:404][  0]LogD3D11RHI:    1. 'Intel(R) UHD Graphics 630' (Feature Level 11_0)
[2018.08.23-05.12.19:404][  0]LogD3D11RHI:       128/0/8143 MB DedicatedVideo/DedicatedSystem/SharedSystem, Outputs:0, VendorId:0x8086
[2018.08.23-05.12.19:409][  0]LogD3D11RHI:    2. 'Microsoft Basic Render Driver' (Feature Level 11_0)
[2018.08.23-05.12.19:409][  0]LogD3D11RHI:       0/0/8143 MB DedicatedVideo/DedicatedSystem/SharedSystem, Outputs:0, VendorId:0x1414
[2018.08.23-05.12.19:409][  0]LogD3D11RHI: Chosen D3D11 Adapter: 0
[2018.08.23-05.12.19:427][  0]LogD3D11RHI: Creating new Direct3DDevice
[2018.08.23-05.12.19:428][  0]LogD3D11RHI:     GPU DeviceId: 0x1ba1 (for the marketing name, search the web for "GPU Device Id")
[2018.08.23-05.12.19:428][  0]LogWindows: EnumDisplayDevices:
[2018.08.23-05.12.19:428][  0]LogWindows:    0. 'Intel(R) UHD Graphics 630' (P:1 D:1)
[2018.08.23-05.12.19:429][  0]LogWindows:    1. 'Intel(R) UHD Graphics 630' (P:0 D:0)
[2018.08.23-05.12.19:430][  0]LogWindows:    2. 'Intel(R) UHD Graphics 630' (P:0 D:0)
[2018.08.23-05.12.19:430][  0]LogWindows:    3. 'NVIDIA GeForce GTX 1070 with Max-Q Design' (P:0 D:0)
[2018.08.23-05.12.19:431][  0]LogWindows:    4. 'NVIDIA GeForce GTX 1070 with Max-Q Design' (P:0 D:0)
[2018.08.23-05.12.19:432][  0]LogWindows:    5. 'NVIDIA GeForce GTX 1070 with Max-Q Design' (P:0 D:0)
[2018.08.23-05.12.19:433][  0]LogWindows:    6. 'NVIDIA GeForce GTX 1070 with Max-Q Design' (P:0 D:0)
[2018.08.23-05.12.19:433][  0]LogWindows: DebugString: GetVideoDriverDetailsInvalid PrimaryIsNotTheChoosenAdapter GetVideoDriverDetailsInvalid PrimaryIsNotTheChoosenAdapter GetVideoDriverDetailsInvalid PrimaryIsNotTheChoosenAdapter GetVideoDriverDetailsInvalid PrimaryIsNotTheChoosenAdapter GetVideoDriverDetailsInvalid PrimaryIsNotTheChoosenAdapter GetVideoDriverDetailsInvalid PrimaryIsNotTheChoosenAdapter GetVideoDriverDetailsInvalid PrimaryIsNotTheChoosenAdapter FoundDriverCount:0 
[2018.08.23-05.12.19:433][  0]LogD3D11RHI:     Adapter Name: NVIDIA GeForce GTX 1070 with Max-Q Design
[2018.08.23-05.12.19:433][  0]LogD3D11RHI:   Driver Version: Unknown (internal:Unknown, unified:Unknown)
[2018.08.23-05.12.19:433][  0]LogD3D11RHI:      Driver Date: Unknown
[2018.08.23-05.12.19:433][  0]LogRHI: Texture pool is 1361 MB (70% of 1945 MB)
[2018.08.23-05.12.19:518][  0]LogD3D11RHI: Async texture creation enabled
[2018.08.23-05.12.19:536][  0]LogD3D11RHI: GPU Timing Frequency: 1000.000000 (Debug: 2 1)
[2018.08.23-05.12.19:538][  0]LogShaderCompilers: Guid format shader working directory is 20 characters bigger than the processId version (D:/Unreal Project/Pinball/Intermediate/Shaders/WorkingDirectory/19436/).
[2018.08.23-05.12.19:539][  0]LogShaderCompilers: Cleaned the shader compiler working directory 'C:/Users/Darry/AppData/Local/Temp/UnrealShaderWorkingDir/1A45A7894C6A32B6C442CB8A4A04FA0F/'.
[2018.08.23-05.12.19:539][  0]LogShaderCompilers:Display: Using Local Shader Compiler.
[2018.08.23-05.12.21:527][  0]LogTemp:Display: Loaded TP AllDesktopTargetPlatform
[2018.08.23-05.12.21:586][  0]LogTemp:Display: Loaded TP MacClientTargetPlatform
[2018.08.23-05.12.21:647][  0]LogTemp:Display: Loaded TP MacNoEditorTargetPlatform
[2018.08.23-05.12.21:731][  0]LogTemp:Display: Loaded TP MacServerTargetPlatform
[2018.08.23-05.12.21:798][  0]LogTemp:Display: Loaded TP MacTargetPlatform
[2018.08.23-05.12.21:850][  0]LogTemp:Display: Loaded TP WindowsClientTargetPlatform
[2018.08.23-05.12.21:903][  0]LogTemp:Display: Loaded TP WindowsNoEditorTargetPlatform
[2018.08.23-05.12.21:958][  0]LogTemp:Display: Loaded TP WindowsServerTargetPlatform
[2018.08.23-05.12.22:004][  0]LogTemp:Display: Loaded TP WindowsTargetPlatform
[2018.08.23-05.12.22:057][  0]LogTemp:Display: Loaded TP AndroidTargetPlatform
[2018.08.23-05.12.22:109][  0]LogTemp:Display: Loaded TP Android_ASTCTargetPlatform
[2018.08.23-05.12.22:160][  0]LogTemp:Display: Loaded TP Android_ATCTargetPlatform
[2018.08.23-05.12.22:212][  0]LogTemp:Display: Loaded TP Android_DXTTargetPlatform
[2018.08.23-05.12.22:287][  0]LogTemp:Display: Loaded TP Android_ETC1TargetPlatform
[2018.08.23-05.12.22:370][  0]LogTemp:Display: Loaded TP Android_ETC2TargetPlatform
[2018.08.23-05.12.22:484][  0]LogTemp:Display: Loaded TP Android_MultiTargetPlatform
[2018.08.23-05.12.22:484][  0]LogTemp:Display: Loaded TP Android_PVRTCTargetPlatform
[2018.08.23-05.12.22:526][  0]LogTemp:Display: Loaded TP HTML5TargetPlatform
[2018.08.23-05.12.22:616][  0]LogTemp:Display: Loaded TP IOSTargetPlatform
[2018.08.23-05.12.22:650][  0]LogTemp:Display: Loaded TP TVOSTargetPlatform
[2018.08.23-05.12.22:703][  0]LogTemp:Display: Loaded TP LinuxClientTargetPlatform
[2018.08.23-05.12.22:778][  0]LogTemp:Display: Loaded TP LinuxNoEditorTargetPlatform
[2018.08.23-05.12.22:835][  0]LogTemp:Display: Loaded TP LinuxServerTargetPlatform
[2018.08.23-05.12.22:886][  0]LogTemp:Display: Loaded TP LinuxTargetPlatform
[2018.08.23-05.12.22:886][  0]LogTargetPlatformManager:Display: Building Assets For Windows
[2018.08.23-05.12.23:410][  0]LogDerivedDataCache:Display: Max Cache Size: 512 MB
[2018.08.23-05.12.23:444][  0]LogDerivedDataCache: Loaded boot cache 0.03s 50MB C:/Users/Darry/AppData/Local/UnrealEngine/4.14/DerivedDataCache/Boot.ddc.
[2018.08.23-05.12.23:444][  0]LogDerivedDataCache:Display: Loaded Boot cache: C:/Users/Darry/AppData/Local/UnrealEngine/4.14/DerivedDataCache/Boot.ddc
[2018.08.23-05.12.23:444][  0]LogDerivedDataCache: FDerivedDataBackendGraph:  Pak pak cache file D:/Unreal Project/Pinball/DerivedDataCache/DDC.ddp not found, will not use a pak cache.
[2018.08.23-05.12.23:444][  0]LogDerivedDataCache: Unable to find inner node Pak for hierarchical cache Hierarchy.
[2018.08.23-05.12.23:444][  0]LogDerivedDataCache: FDerivedDataBackendGraph:  CompressedPak pak cache file D:/Unreal Project/Pinball/DerivedDataCache/Compressed.ddp not found, will not use a pak cache.
[2018.08.23-05.12.23:444][  0]LogDerivedDataCache: Unable to find inner node CompressedPak for hierarchical cache Hierarchy.
[2018.08.23-05.12.23:456][  0]LogDerivedDataCache:Display: Pak cache opened for reading ../../../Engine/DerivedDataCache/Compressed.ddp.
[2018.08.23-05.12.23:470][  0]LogDerivedDataCache: Using Local data cache path C:/Users/Darry/AppData/Local/UnrealEngine/Common/DerivedDataCache: Writable
[2018.08.23-05.12.23:700][  0]LogInit: Selected Device Profile: [Windows]
[2018.08.23-05.12.23:703][  0]LogContentStreaming: Texture pool size is 0.00 MB
[2018.08.23-05.12.23:915][  0]LogMeshUtilities: Using QuadricMeshReduction for automatic static mesh reduction
[2018.08.23-05.12.23:961][  0]LogSimplygon: Simplygon DLL not present - disabling.
[2018.08.23-05.12.24:011][  0]LogMeshUtilities: Using SimplygonSwarm for distributed automatic mesh merging
[2018.08.23-05.12.24:011][  0]LogMeshUtilities: No automatic skeletal mesh reduction module available
[2018.08.23-05.12.24:011][  0]LogMeshUtilities: No automatic mesh merging module available
[2018.08.23-05.12.24:878][  0]LogNetVersion: GetLocalNetworkVersion: CL: 3195953, ProjectName: pinball, ProjectVersion: , EngineNetworkVersion: 2, GameNetworkVersion: 0, NetworkChecksum: 1748929517
[2018.08.23-05.12.24:969][  0]LogAssetRegistry: FAssetRegistry took 0.0220 seconds to start up
[2018.08.23-05.12.25:229][  0]LogPackageLocalizationCache: Processed 3 localized package path(s) for 1 prioritized culture(s) in 0.237808 seconds
[2018.08.23-05.12.25:240][  0]LogUObjectArray: 31946 objects as part of root set at end of initial load.
[2018.08.23-05.12.25:240][  0]LogUObjectAllocator: 6935848 out of 0 bytes used by permanent object pool.
[2018.08.23-05.12.25:240][  0]LogUObjectArray: CloseDisregardForGC: 0/0 objects in disregard for GC pool
[2018.08.23-05.12.25:340][  0]LogInit: WinSock: version 1.1 (2.2), MaxSocks=32767, MaxUdp=65467
[2018.08.23-05.12.26:290][  0]LogSlate: Using Freetype 2.6.0
[2018.08.23-05.12.26:291][  0]LogSlate: SlateFontCache - WITH_FREETYPE: 1, WITH_HARFBUZZ: 1
[2018.08.23-05.12.26:291][  0]LogSlate: SlateFontCache - WITH_FREETYPE: 1, WITH_HARFBUZZ: 1
[2018.08.23-05.12.27:044][  0]LogTcpMessaging: Initializing TcpMessaging bridge
[2018.08.23-05.12.27:086][  0]LogUdpMessaging: Initializing bridge on interface 0.0.0.0:0 to multicast group 230.0.0.1:6666.
[2018.08.23-05.12.27:668][  0]LogMaterial: Uniform references updated for custom material expression Custom.
[2018.08.23-05.12.28:089][  0]SourceControl: Info Source control is disabled
[2018.08.23-05.12.28:090][  0]SourceControl: Info Source control is disabled
[2018.08.23-05.12.28:206][  0]SourceControl: Info Source control is disabled
[2018.08.23-05.12.28:256][  0]SourceControl: Info Source control is disabled
[2018.08.23-05.12.29:848][  0]LogEngine: Initializing Engine...
[2018.08.23-05.12.29:849][  0]LogHMD: Failed to initialize OpenVR with code 110
[2018.08.23-05.12.30:183][  0]LogAIModule: Creating AISystem for world Untitled
[2018.08.23-05.12.30:193][  0]LogInit: XAudio2 using 'Speakers (Realtek(R) Audio)' : 2 channels at 48 kHz using 32 bits per sample (channel mask 0x3)
[2018.08.23-05.12.30:267][  0]LogInit: FAudioDevice initialized.
[2018.08.23-05.12.30:334][  0]LogDerivedDataCache: Saved boot cache 0.07s 50MB C:/Users/Darry/AppData/Local/UnrealEngine/4.14/DerivedDataCache/Boot.ddc.
[2018.08.23-05.12.30:340][  0]LogInit: Texture streaming: Enabled
[2018.08.23-05.12.30:655][  0]LogInit: Transaction tracking system initialized
[2018.08.23-05.12.31:019][  0]BlueprintLog: New page: Editor Load
[2018.08.23-05.12.32:149][  0]LocalizationService: Info Localization service is disabled
[2018.08.23-05.12.32:962][  0]LogConsoleResponse:Display: 
[2018.08.23-05.12.33:073][  0]LogCook:Display: Max memory allowance for cook 16384mb min free memory 0mb
[2018.08.23-05.12.33:073][  0]LogCook:Display: Mobile HDR setting 1
[2018.08.23-05.12.34:144][  0]LogFileCache: Scanning file cache for directory 'D:/Unreal Project/Pinball/Content/' took 0.01s
[2018.08.23-05.12.34:223][  0]SourceControl: Info Source control is disabled
[2018.08.23-05.12.34:223][  0]Cmd: MAP LOAD FILE="../../../Engine/Content/Maps/Templates/Template_Default.umap" TEMPLATE=1 SHOWPROGRESS=1 FEATURELEVEL=3
[2018.08.23-05.12.34:224][  0]LightingResults: New page: Lighting Build
[2018.08.23-05.12.34:269][  0]MapCheck: New page: Map Check
[2018.08.23-05.12.34:269][  0]LightingResults: New page: Lighting Build
[2018.08.23-05.12.34:518][  0]LogAIModule: Creating AISystem for world Untitled_1
[2018.08.23-05.12.34:518][  0]LogActorComponent: RegisterComponentWithWorld: (/Temp/Untitled_1.Untitled_1:PersistentLevel.WorldSettings_1.StaticMeshComponent0) Trying to register component with IsPendingKill() == true. Aborting.
[2018.08.23-05.12.34:522][  0]LogEditorServer: Finished looking for orphan Actors (0.000 secs)
[2018.08.23-05.12.34:525][  0]Cmd: MAP CHECKDEP NOCLEARLOG
[2018.08.23-05.12.34:560][  0]MapCheck: Info Map check complete: 0 Error(s), 0 Warning(s), took 34.402ms to complete.
[2018.08.23-05.12.34:560][  0]LogFileHelpers: Loading map 'Template_Default' took 0.337
[2018.08.23-05.12.34:698][  0]LogWindowsTextInputMethodSystem:Display: IME system now activated using TSF (微软拼音).
[2018.08.23-05.12.34:990][  0]LogCollectionManager: Loaded 0 collections in 0.001659 seconds
[2018.08.23-05.12.35:140][  0]LogFileCache: Scanning file cache for directory 'D:/Unreal Project/Pinball/Saved/Collections/' took 0.01s
[2018.08.23-05.12.35:140][  0]LogFileCache: Scanning file cache for directory 'D:/Unreal Project/Pinball/Content/Developers/Darry/Collections/' took 0.01s
[2018.08.23-05.12.35:140][  0]LogFileCache: Scanning file cache for directory 'D:/Unreal Project/Pinball/Content/Collections/' took 0.01s
[2018.08.23-05.12.35:140][  0]LogCollectionManager: Rebuilt the GUID cache for 0 collections in 0.000002 seconds
[2018.08.23-05.12.35:152][  0]LogContentBrowser: Native class hierarchy populated in 0.0089 seconds. Added 2190 classes and 428 folders.
[2018.08.23-05.12.35:240][  0]LogStats: UGameplayTagsManager::ConstructGameplayTagTree: Construct from data asset -  0.000 s
[2018.08.23-05.12.35:240][  0]LogStats: UGameplayTagsManager::ConstructGameplayTagTree: GameplayTagTreeChangedEvent.Broadcast -  0.000 s
[2018.08.23-05.12.35:241][  0]LogContentBrowser: Native class hierarchy updated for 'GameplayTags' in 0.0004 seconds. Added 13 classes and 0 folders.
[2018.08.23-05.12.35:316][  0]LogContentBrowser: Native class hierarchy updated for 'WidgetCarousel' in 0.0003 seconds. Added 0 classes and 0 folders.
[2018.08.23-05.12.35:630][  0]LogContentBrowser: Native class hierarchy updated for 'AddContentDialog' in 0.0018 seconds. Added 0 classes and 0 folders.
[2018.08.23-05.12.35:734][  0]LogContentBrowser: Native class hierarchy updated for 'SceneOutliner' in 0.0004 seconds. Added 1 classes and 2 folders.
[2018.08.23-05.12.35:940][  0]LogCrashTracker: Crashtracker disabled due to settings.
[2018.08.23-05.12.35:956][  0]LogUObjectGlobals:Warning: Failed to find object 'Class None.'
[2018.08.23-05.12.36:037][  0]LogContentBrowser: Native class hierarchy updated for 'HierarchicalLODOutliner' in 0.0004 seconds. Added 1 classes and 2 folders.
[2018.08.23-05.12.36:038][  0]LogLoad: (Engine Initialization) Total time: 21.95 seconds
[2018.08.23-05.12.36:038][  0]LogLoad: (Engine Initialization) Total Blueprint compile time: 0.16 seconds
[2018.08.23-05.12.36:038][  0]LogExternalProfiler: No external profilers were discovered.  External profiling features will not be available.
[2018.08.23-05.12.36:058][  0]LogOcInput: OculusInput pre-init called
[2018.08.23-05.12.36:081][  0]LogContentStreaming: Texture pool size now 1000 MB
[2018.08.23-05.12.36:321][  0]LogRenderer: Reallocating scene render targets to support 1208x576 NumSamples 1 (Frame:2).
[2018.08.23-05.12.36:402][  1]LogAssetRegistry: Asset discovery search completed in 11.4549 seconds
[2018.08.23-05.12.36:402][  1]LogCollectionManager: Rebuilt the object cache for 0 collections in 0.000000 seconds (found 0 objects)
[2018.08.23-05.12.36:402][  1]LogCollectionManager: Fixed up redirectors for 0 collections in 0.000024 seconds (updated 0 objects)
[2018.08.23-05.12.40:589][173]LogAIModule: Creating AISystem for world Test_level
[2018.08.23-05.12.40:641][173]Cmd: MAP LOAD FILE="D:/Unreal Project/Pinball/Content/Test_level.umap" TEMPLATE=0 SHOWPROGRESS=1 FEATURELEVEL=3
[2018.08.23-05.12.40:641][173]LightingResults: New page: Lighting Build
[2018.08.23-05.12.40:643][173]LoadErrors: New page: Loading map: Test_level.umap
[2018.08.23-05.12.40:644][173]MapCheck: New page: Map Check
[2018.08.23-05.12.40:644][173]LightingResults: New page: Lighting Build
[2018.08.23-05.12.40:681][173]LogEditorServer: Finished looking for orphan Actors (0.000 secs)
[2018.08.23-05.12.40:733][173]Cmd: MAP CHECKDEP NOCLEARLOG
[2018.08.23-05.12.40:820][173]MapCheck: Info Map check complete: 0 Error(s), 0 Warning(s), took 86.783ms to complete.
[2018.08.23-05.12.40:821][173]LogFileHelpers: Loading map 'Test_level' took 0.182
[2018.08.23-05.12.42:316][256]LogEditorViewport: Clicking on Actor (LMB): StaticMeshActor (Floor)
[2018.08.23-05.12.43:140][283]LogEditorViewport: Clicking on Actor (LMB): BP_pinball_C (BP_pinball)
[2018.08.23-05.12.43:913][318]LogEditorViewport: Clicking on Actor (LMB): BP_pinball_C (BP_pinball)
[2018.08.23-05.13.04:834][970]LogContentBrowser: Native class hierarchy updated for 'BlueprintGraph' in 0.0011 seconds. Added 111 classes and 0 folders.
[2018.08.23-05.13.10:400][ 79]LogRenderer: Reallocating scene render targets to support 1336x712 NumSamples 1 (Frame:1146).
[2018.08.23-05.15.14:984][288]LogRenderer: Reallocating scene render targets to support 1432x924 NumSamples 1 (Frame:5431).
[2018.08.23-05.19.15:839][936]Cmd: OBJ SAVEPACKAGE PACKAGE="/Game/Contents/Assets/BallSphere" FILE="D:/Unreal Project/Pinball/Content/Contents/Assets/BallSphere.uasset" SILENT=true
[2018.08.23-05.19.16:159][936]LogSavePackage: Save=55.33ms
[2018.08.23-05.19.16:159][936]LogSavePackage: Moving 'D:/Unreal Project/Pinball/Saved/BallSphereB9B79B5A4EF8E45875B9ECBAA5E2927C.tmp' to 'D:/Unreal Project/Pinball/Content/Contents/Assets/BallSphere.uasset'
[2018.08.23-05.19.16:164][936]LogSavePackage:Display: Finished SavePackage D:/Unreal Project/Pinball/Content/Contents/Assets/BallSphere.uasset
[2018.08.23-05.19.25:862][306]LogEditorViewport: Clicking on Actor (LMB): BP_pinball_C (BP_pinball)
[2018.08.23-05.19.31:313][568]LogEditorViewport: Clicking on Actor (LMB): BP_pinball_C (BP_pinball)
[2018.08.23-05.19.31:442][575]LogEditorViewport: Clicking on Component (LMB): StaticMeshComponent (pinball)
[2018.08.23-05.23.38:580][838]Cmd: OBJ SAVEPACKAGE PACKAGE="/Game/Test_level" FILE="D:/Unreal Project/Pinball/Saved/Autosaves/Game/Test_level_Auto1.umap" SILENT=true AUTOSAVING=true KEEPDIRTY=false
[2018.08.23-05.23.38:820][838]LogSavePackage: Save=163.27ms
[2018.08.23-05.23.38:820][838]LogSavePackage: Moving 'D:/Unreal Project/Pinball/Saved/Test_level_Auto1FD015AC54269818051EA9F803156874C.tmp' to 'D:/Unreal Project/Pinball/Saved/Autosaves/Game/Test_level_Auto1.umap'
[2018.08.23-05.23.38:823][838]LogSavePackage:Display: Finished SavePackage D:/Unreal Project/Pinball/Saved/Autosaves/Game/Test_level_Auto1.umap
[2018.08.23-05.23.39:052][838]LogFileHelpers: Editor autosave (incl. sublevels) for '/Game/Test_level' took 0.610
[2018.08.23-05.23.39:052][838]LogFileHelpers: Editor autosave (incl. sublevels) for all levels took 0.610
[2018.08.23-05.23.39:064][838]OBJ SavePackage: Generating thumbnails for [1] asset(s) in package [/Game/Contents/BluePrints/BP_pinball] ([1] browsable assets)...
[2018.08.23-05.23.39:154][838]OBJ SavePackage:     Rendered thumbnail for [Blueprint /Game/Contents/BluePrints/BP_pinball.BP_pinball]
[2018.08.23-05.23.39:154][838]OBJ SavePackage: Finished generating thumbnails for package [/Game/Contents/BluePrints/BP_pinball]
[2018.08.23-05.23.39:154][838]Cmd: OBJ SAVEPACKAGE PACKAGE="/Game/Contents/BluePrints/BP_pinball" FILE="D:/Unreal Project/Pinball/Saved/Autosaves/Game/Contents/BluePrints/BP_pinball_Auto1.uasset" SILENT=false AUTOSAVING=true
[2018.08.23-05.23.39:315][838]LogSavePackage: Save=90.13ms
[2018.08.23-05.23.39:315][838]LogSavePackage: Moving 'D:/Unreal Project/Pinball/Saved/BP_pinball_Auto1B882BDE24E81BFE5BE005484D268C0D4.tmp' to 'D:/Unreal Project/Pinball/Saved/Autosaves/Game/Contents/BluePrints/BP_pinball_Auto1.uasset'
[2018.08.23-05.23.39:318][838]LogSavePackage:Display: Finished SavePackage D:/Unreal Project/Pinball/Saved/Autosaves/Game/Contents/BluePrints/BP_pinball_Auto1.uasset
[2018.08.23-05.23.39:318][838]LogFileHelpers: Auto-saving content packages took 0.257
[2018.08.23-05.38.28:207][703]LogTemp: Repeting last play command: New Editor Window (PIE)
[2018.08.23-05.38.28:309][703]LogPlayLevel: PlayLevel: No blueprints needed recompiling
[2018.08.23-05.38.28:311][703]PIE: New page: PIE session: Test_level (Aug 24, 2018, 1:38:28 AM)
[2018.08.23-05.38.28:311][703]LogPlayLevel: Creating play world package: /Game/UEDPIE_0_Test_level
[2018.08.23-05.38.28:319][703]LogPlayLevel: PIE: StaticDuplicateObject took: (0.007666s)
[2018.08.23-05.38.28:321][703]LogAIModule: Creating AISystem for world Test_level
[2018.08.23-05.38.28:321][703]LogPlayLevel: PIE: World Init took: (0.001752s)
[2018.08.23-05.38.28:321][703]LogPlayLevel: PIE: Created PIE world by copying editor world from /Game/Test_level.Test_level to /Game/UEDPIE_0_Test_level.Test_level (0.010567s)
[2018.08.23-05.38.28:380][703]LogInit: XAudio2 using 'Speakers (Realtek(R) Audio)' : 2 channels at 48 kHz using 32 bits per sample (channel mask 0x3)
[2018.08.23-05.38.28:421][703]LogInit: FAudioDevice initialized.
[2018.08.23-05.38.28:564][703]LogLoad: Game class is 'GameModeBase'
[2018.08.23-05.38.28:573][703]LogWorld: Bringing World /Game/UEDPIE_0_Test_level.Test_level up for play (max tick rate 60) at 2018.08.23-15.38.28
[2018.08.23-05.38.28:574][703]LogWorld: Bringing up level for play took: 0.004519
[2018.08.23-05.38.28:778][703]LogContentBrowser: Native class hierarchy updated for 'MovieSceneCapture' in 0.0020 seconds. Added 11 classes and 0 folders.
[2018.08.23-05.38.28:803][703]PIE: Info Play in editor start time for /Game/UEDPIE_0_Test_level -0.236
[2018.08.23-05.38.34:967][919]LogEditorViewport: Clicking on Actor (LMB): CameraActor (CameraActor)
[2018.08.23-05.38.39:115][ 44]LogEditorViewport: Clicking on Actor (LMB): CameraActor (CameraActor2)
[2018.08.23-05.38.45:766][223]LogEditorViewport: Clicking on Actor (LMB): BP_Sky_Sphere_C (Sky Sphere)
[2018.08.23-05.38.47:210][266]LogEditorViewport: Clicking on Actor (LMB): CameraActor (CameraActor)
[2018.08.23-05.38.57:613][546]LogEditorViewport: Clicking on Actor (LMB): BP_Sky_Sphere_C (Sky Sphere)
[2018.08.23-05.38.58:199][562]LogEditorViewport: Clicking on Actor (LMB): CameraActor (CameraActor2)
[2018.08.23-05.39.00:578][617]LogEditorViewport: Clicking on Actor (context menu): BP_Sky_Sphere_C (Sky Sphere)
[2018.08.23-05.39.01:287][629]LogEditorViewport: Clicking on Actor (LMB): BP_Sky_Sphere_C (Sky Sphere)
[2018.08.23-05.39.46:570][964]LogEditorViewport: Clicking on Actor (LMB): BP_Sky_Sphere_C (Sky Sphere)
[2018.08.23-05.40.17:614][809]LogSlate: Only BGRA pngs, bmps or icos are supported in by External Image Picker
[2018.08.23-05.40.18:260][826]LogTemp:Display: Executing iPhonePackager certificates Engine -bundlename com.YourCompany.Pinball

[2018.08.23-05.40.18:260][826]LogTemp:Display: CWD: C:\Program Files\Epic Games\UE_4.14\Engine\Binaries\DotNet\IOS

[2018.08.23-05.40.18:260][826]LogTemp:Display: Initial Dir: C:\Program Files\Epic Games\UE_4.14

[2018.08.23-05.40.18:260][826]LogTemp:Display: Env CWD: C:\Program Files\Epic Games\UE_4.14\Engine\Binaries\DotNet\IOS

[2018.08.23-05.40.18:297][827]LogTemp:Display: BranchPath = LAPTOP-RVR0KLH5/C/Program Files/Epic Games/UE_4.14/Engine/Binaries --- GameBranchPath = LAPTOP-RVR0KLH5/C/Program Files/Epic Games/UE_4.14/Engine/Binaries

[2018.08.23-05.40.18:354][829]LogTemp:Display: IPP ERROR: Application exception: System.IO.DirectoryNotFoundException: δ???ҵ?·????C:\Users\Darry\AppData\Local\Apple Computer\MobileDevice\Provisioning Profiles????һ???֡?

[2018.08.23-05.40.18:354][829]LogTemp:Display:    ?? System.IO.__Error.WinIOError(Int32 errorCode, String maybeFullPath)

[2018.08.23-05.40.18:354][829]LogTemp:Display:    ?? System.IO.FileSystemEnumerableIterator`1.CommonInit()

[2018.08.23-05.40.18:354][829]LogTemp:Display:    ?? System.IO.FileSystemEnumerableIterator`1..ctor(String path, String originalUserPath, String searchPattern, SearchOption searchOption, SearchResultHandler`1 resultHandler, Boolean checkHost)

[2018.08.23-05.40.18:354][829]LogTemp:Display:    ?? System.IO.Directory.EnumerateFiles(String path, String searchPattern)

[2018.08.23-05.40.18:354][829]LogTemp:Display:    ?? iPhonePackager.CodeSignatureBuilder.FindProvisions(String CFBundleIdentifier)

[2018.08.23-05.40.18:354][829]LogTemp:Display:    ?? iPhonePackager.Program.Main(String[] args)

[2018.08.23-05.41.24:923][745]LogTemp: Repeting last play command: New Editor Window (PIE)
[2018.08.23-05.41.24:957][745]LogPlayLevel: PlayLevel: No blueprints needed recompiling
[2018.08.23-05.41.24:967][745]PIE: New page: PIE session: Test_level (Aug 24, 2018, 1:41:24 AM)
[2018.08.23-05.41.24:967][745]LogPlayLevel: Creating play world package: /Game/UEDPIE_1_Test_level
[2018.08.23-05.41.24:975][745]LogPlayLevel: PIE: StaticDuplicateObject took: (0.008126s)
[2018.08.23-05.41.24:977][745]LogAIModule: Creating AISystem for world Test_level
[2018.08.23-05.41.24:977][745]LogPlayLevel: PIE: World Init took: (0.001722s)
[2018.08.23-05.41.24:977][745]LogPlayLevel: PIE: Created PIE world by copying editor world from /Game/Test_level.Test_level to /Game/UEDPIE_1_Test_level.Test_level (0.010369s)
[2018.08.23-05.41.25:033][745]LogInit: XAudio2 using 'Speakers (Realtek(R) Audio)' : 2 channels at 48 kHz using 32 bits per sample (channel mask 0x3)
[2018.08.23-05.41.25:077][745]LogInit: FAudioDevice initialized.
[2018.08.23-05.41.25:205][745]LogLoad: Game class is 'GameModeBase'
[2018.08.23-05.41.25:214][745]LogWorld: Bringing World /Game/UEDPIE_1_Test_level.Test_level up for play (max tick rate 60) at 2018.08.23-15.41.25
[2018.08.23-05.41.25:214][745]LogWorld: Bringing up level for play took: 0.004575
[2018.08.23-05.41.25:219][745]LogInit: WinSock: Socket queue 131072 / 131072
[2018.08.23-05.41.25:226][745]LogInit: WinSock: I am LAPTOP-RVR0KLH5 (118.138.83.199:0)
[2018.08.23-05.41.25:227][745]PacketHandlerLog: Loaded PacketHandler component: Engine.EngineHandlerComponentFactory (StatelessConnectHandlerComponent)
[2018.08.23-05.41.25:228][745]LogNet: GameNetDriver IpNetDriver_0 IpNetDriver listening on port 7777
[2018.08.23-05.41.25:256][745]PIE: Info Play in editor start time for /Game/UEDPIE_1_Test_level 0.217
[2018.08.23-05.41.25:267][745]PIE: New page: PIE session: Test_level (Aug 24, 2018, 1:41:25 AM)
[2018.08.23-05.41.25:412][745]LogNet: Browse: 127.0.0.1//Engine/Maps/Entry
[2018.08.23-05.41.25:412][745]LogInit: WinSock: Socket queue 32768 / 32768
[2018.08.23-05.41.25:414][745]PacketHandlerLog: Loaded PacketHandler component: Engine.EngineHandlerComponentFactory (StatelessConnectHandlerComponent)
[2018.08.23-05.41.25:414][745]LogNet: Game client on port 7777, rate 10000
[2018.08.23-05.41.25:415][745]LogNetVersion: GetLocalNetworkVersion: CL: 3195953, ProjectName: pinball, ProjectVersion: 1.0.0.0, EngineNetworkVersion: 2, GameNetworkVersion: 0, NetworkChecksum: 2867694331
[2018.08.23-05.41.25:415][745]LogNet: UPendingNetGame::InitNetDriver: Sending hello. [UNetConnection] RemoteAddr: 127.0.0.1:7777, Name: IpConnection_0, Driver: PendingNetDriver IpNetDriver_1, IsServer: NO, PC: NULL, Owner: NULL
[2018.08.23-05.41.25:446][745]PIE: Info Play in editor start time for /Engine/Maps/Entry 0.407
[2018.08.23-05.41.25:516][745]LogHandshake: SendConnectChallenge. Timestamp: 0.018913, Cookie: 007221049223016088236115196107063196083214248088062093020178
[2018.08.23-05.41.25:639][745]LogHandshake: SendChallengeResponse. Timestamp: 0.018913, Cookie: 007221049223016088236115196107063196083214248088062093020178
[2018.08.23-05.41.25:742][746]LogNet: Server accepting post-challenge connection from: 127.0.0.1:54760
[2018.08.23-05.41.25:743][746]PacketHandlerLog: Loaded PacketHandler component: Engine.EngineHandlerComponentFactory (StatelessConnectHandlerComponent)
[2018.08.23-05.41.25:743][746]LogNet: NotifyAcceptedConnection: Name: Test_level, TimeStamp: 08/23/18 15:41:25, [UNetConnection] RemoteAddr: 127.0.0.1:54760, Name: IpConnection_1, Driver: GameNetDriver IpNetDriver_0, IsServer: YES, PC: NULL, Owner: NULL
[2018.08.23-05.41.25:751][746]LogNet: AddClientConnection: Added client connection: [UNetConnection] RemoteAddr: 127.0.0.1:54760, Name: IpConnection_1, Driver: GameNetDriver IpNetDriver_0, IsServer: YES, PC: NULL, Owner: NULL
[2018.08.23-05.41.25:841][748]LogNet: NotifyAcceptingChannel Control 0 server World /Game/UEDPIE_1_Test_level.Test_level: Accepted
[2018.08.23-05.41.25:841][748]LogNet: Remote platform little endian=1
[2018.08.23-05.41.25:841][748]LogNet: This platform little endian=1
[2018.08.23-05.41.25:930][749]LogNet: Login request: /Engine/Maps/Entry userId: Invalid
[2018.08.23-05.41.25:933][749]LogNet: Welcomed by server (Level: /Game/UEDPIE_1_Test_level, Game: /Script/Engine.GameModeBase)
[2018.08.23-05.41.25:933][749]LogLoad: LoadMap: 127.0.0.1//Game/UEDPIE_1_Test_level?game=/Script/Engine.GameModeBase
[2018.08.23-05.41.26:008][749]Cmd: MEM
[2018.08.23-05.41.26:053][749]LogMemory: Platform Memory Stats for Windows
[2018.08.23-05.41.26:054][749]LogMemory: Process Physical Memory: 1230.79 MB used, 1439.38 MB peak
[2018.08.23-05.41.26:054][749]LogMemory: Process Virtual Memory: 2482.93 MB used, 2482.93 MB peak
[2018.08.23-05.41.26:054][749]LogMemory: Physical Memory: 5687.00 MB used,  10599.69 MB free, 16286.69 MB total
[2018.08.23-05.41.26:054][749]LogMemory: Virtual Memory: 3582.58 MB used,  10599.69 MB free, 134217728.00 MB total
[2018.08.23-05.41.26:054][749]LogMemory: 
[2018.08.23-05.41.26:054][749]Allocator Stats for TBB: (not implemented)
[2018.08.23-05.41.26:062][749]LogAIModule: Creating AISystem for world Test_level
[2018.08.23-05.41.26:070][749]LogWorld: Bringing World /Game/UEDPIE_2_Test_level.Test_level up for play (max tick rate 60) at 2018.08.23-15.41.26
[2018.08.23-05.41.26:070][749]LogWorld: Bringing up level for play took: 0.002699
[2018.08.23-05.41.26:071][749]LogLoad: Took 0.137502 seconds to LoadMap(/Game/UEDPIE_1_Test_level)
[2018.08.23-05.41.26:103][750]LogNet: Client netspeed is 10000
[2018.08.23-05.41.26:103][750]LogNet: Join request: /Engine/Maps/Entry?SplitscreenCount=1
[2018.08.23-05.41.26:106][750]LogNet: Join succeeded: 258
[2018.08.23-05.41.59:557][227]LogRenderer: Reallocating scene render targets to support 1432x936 NumSamples 1 (Frame:52519).
[2018.08.23-05.41.59:663][227]LogRenderer: Reallocating scene render targets to support 1432x940 NumSamples 1 (Frame:52520).
[2018.08.23-05.41.59:765][227]LogRenderer: Reallocating scene render targets to support 1432x948 NumSamples 1 (Frame:52521).
[2018.08.23-05.41.59:937][227]LogRenderer: Reallocating scene render targets to support 1432x952 NumSamples 1 (Frame:52523).
[2018.08.23-05.42.00:028][227]LogRenderer: Reallocating scene render targets to support 1432x960 NumSamples 1 (Frame:52524).
[2018.08.23-05.45.26:924][281]LogEditorViewport: Clicking on Actor (LMB): BP_Sky_Sphere_C (Sky Sphere)
[2018.08.23-05.45.40:380][404]LogEditorViewport: Clicking on Actor (LMB): PlayerStartPIE (PlayerStartPIE1)
[2018.08.23-05.45.47:869][479]Cmd: DELETE
[2018.08.23-05.45.47:869][479]Cmd: ACTOR DELETE
[2018.08.23-05.45.47:879][479]LogEditorActor: Deleted Actor: PlayerStartPIE
[2018.08.23-05.45.47:921][479]LogEditorActor: Deleted 1 Actors (0.044 secs)
[2018.08.23-05.45.49:027][489]LogEditorViewport: Clicking on Actor (LMB): PlayerStartPIE (PlayerStartPIE2)
[2018.08.23-05.45.49:584][495]Cmd: DELETE
[2018.08.23-05.45.49:584][495]Cmd: ACTOR DELETE
[2018.08.23-05.45.49:585][495]LogEditorActor: Deleted Actor: PlayerStartPIE
[2018.08.23-05.45.49:624][495]LogEditorActor: Deleted 1 Actors (0.040 secs)
[2018.08.23-05.45.55:753][555]LogEditorViewport: Clicking on Actor (LMB): CameraActor (CameraActor2)
[2018.08.23-05.46.00:771][606]Cmd: DELETE
[2018.08.23-05.46.00:771][606]Cmd: ACTOR DELETE
[2018.08.23-05.46.00:772][606]LogEditorActor: Deleted Actor: CameraActor
[2018.08.23-05.46.00:939][606]LogEditorActor: Deleted 1 Actors (0.168 secs)
[2018.08.23-05.46.22:721][801]LogWindowsTextInputMethodSystem:Display: IME system now activated using TSF (微软拼音).
[2018.08.23-05.46.22:814][801]LogNet: UChannel::CleanUp: ChIndex == 0. Closing connection. [UChannel] ChIndex: 0, Closing: 0 [UNetConnection] RemoteAddr: 127.0.0.1:54760, Name: IpConnection_1, Driver: GameNetDriver IpNetDriver_0, IsServer: YES, PC: None, Owner: None
[2018.08.23-05.46.22:814][801]LogNet: UNetConnection::Close: [UNetConnection] RemoteAddr: 127.0.0.1:54760, Name: IpConnection_1, Driver: GameNetDriver IpNetDriver_0, IsServer: YES, PC: None, Owner: None, Channels: 2, Time: 2018.08.23-05.46.22
[2018.08.23-05.46.22:814][801]LogNet: UChannel::Close: Sending CloseBunch. ChIndex == 0. Name: [UChannel] ChIndex: 0, Closing: 0 [UNetConnection] RemoteAddr: 127.0.0.1:54760, Name: IpConnection_1, Driver: GameNetDriver IpNetDriver_0, IsServer: YES, PC: None, Owner: None
[2018.08.23-05.46.22:814][801]LogNet: UChannel::CleanUp: ChIndex == 0. Closing connection. [UChannel] ChIndex: 0, Closing: 0 [UNetConnection] RemoteAddr: 127.0.0.1:7777, Name: IpConnection_0, Driver: GameNetDriver IpNetDriver_1, IsServer: NO, PC: None, Owner: None
[2018.08.23-05.46.22:814][801]LogNet: UNetConnection::Close: [UNetConnection] RemoteAddr: 127.0.0.1:7777, Name: IpConnection_0, Driver: GameNetDriver IpNetDriver_1, IsServer: NO, PC: None, Owner: None, Channels: 2, Time: 2018.08.23-05.46.22
[2018.08.23-05.46.22:814][801]LogNet: UChannel::Close: Sending CloseBunch. ChIndex == 0. Name: [UChannel] ChIndex: 0, Closing: 0 [UNetConnection] RemoteAddr: 127.0.0.1:7777, Name: IpConnection_0, Driver: GameNetDriver IpNetDriver_1, IsServer: NO, PC: None, Owner: None
[2018.08.23-05.46.22:822][801]LogExit: GameNetDriver None shut down
[2018.08.23-05.46.22:825][801]LogExit: GameNetDriver None shut down
[2018.08.23-05.46.22:848][802]Cmd: QUIT_EDITOR
[2018.08.23-05.46.23:937][802]LogExit: Preparing to exit.
[2018.08.23-05.46.24:436][802]LogExit: Editor shut down
[2018.08.23-05.46.24:437][802]LogExit: Transaction tracking system shut down
[2018.08.23-05.46.24:558][802]LogObj: Freed 0b from 0 cluster array pools.
[2018.08.23-05.46.24:558][802]LogExit: Object subsystem successfully closed.
[2018.08.23-05.46.24:576][802]LogD3D11RHI: Shutdown
[2018.08.23-05.46.24:576][802]LogD3D11RHI: CleanupD3DDevice
[2018.08.23-05.46.24:580][802]LogD3D11RHI: ~FD3D11DynamicRHI
[2018.08.23-05.46.24:886][802]LogHttp:Display: Http module shutting down, but needs to wait on 1 outstanding Http requests:
[2018.08.23-05.46.24:886][802]LogHttp:Display: 	verb=[POST] url=[https://datarouter.ol.epicgames.com/datarouter/api/v1/public/data?SessionID=%7BFF725A10-47A5-87DD-EF42-74B8D4F08DC5%7D&AppID=UEEditor.Rocket.Release&AppVersion=4.14.3-3249277%2B%2B%2BUE4%2BRelease-4.14&UserID=ffa27fa94d6e02796dc9839ceb40c893%7C3c4e2f40123147c5a204ded3eddcb2bd%7C7f64047d-132b-4211-8224-b319a13f4cf9&AppEnvironment=datacollector-binary&UploadType=eteventstream] status=Processing
[2018.08.23-05.46.24:918][802]LogModuleManager: Shutting down and abandoning module ExternalImagePicker (246)
[2018.08.23-05.46.24:919][802]LogModuleManager: Shutting down and abandoning module MovieSceneCapture (245)
[2018.08.23-05.46.24:919][802]LogModuleManager: Shutting down and abandoning module StaticMeshEditor (244)
[2018.08.23-05.46.24:919][802]LogModuleManager: Shutting down and abandoning module BlueprintGraph (243)
[2018.08.23-05.46.24:919][802]LogModuleManager: Shutting down and abandoning module BlueprintProfiler (242)
[2018.08.23-05.46.24:920][802]LogModuleManager: Shutting down and abandoning module HierarchicalLODOutliner (241)
[2018.08.23-05.46.24:920][802]LogModuleManager: Shutting down and abandoning module CrashTracker (240)
[2018.08.23-05.46.24:920][802]LogModuleManager: Shutting down and abandoning module SceneOutliner (239)
[2018.08.23-05.46.24:920][802]LogModuleManager: Shutting down and abandoning module WidgetCarousel (238)
[2018.08.23-05.46.24:920][802]LogModuleManager: Shutting down and abandoning module AddContentDialog (237)
[2018.08.23-05.46.24:920][802]LogDirectoryWatcher: A directory notification for 'C:/Program Files/Epic Games/UE_4.14/FeaturePacks/' was aborted.
[2018.08.23-05.46.24:922][802]LogModuleManager: Shutting down and abandoning module GameplayTags (236)
[2018.08.23-05.46.24:922][802]LogModuleManager: Shutting down and abandoning module EditorWidgets (235)
[2018.08.23-05.46.24:922][802]LogModuleManager: Shutting down and abandoning module CollectionManager (234)
[2018.08.23-05.46.24:922][802]LogDirectoryWatcher: A directory notification for 'D:/Unreal Project/Pinball/Content/Collections/' was aborted.
[2018.08.23-05.46.24:922][802]LogDirectoryWatcher: A directory notification for 'D:/Unreal Project/Pinball/Content/Developers/Darry/Collections/' was aborted.
[2018.08.23-05.46.24:922][802]LogDirectoryWatcher: A directory notification for 'D:/Unreal Project/Pinball/Saved/Collections/' was aborted.
[2018.08.23-05.46.24:922][802]LogModuleManager: Shutting down and abandoning module StatsViewer (233)
[2018.08.23-05.46.24:922][802]LogModuleManager: Shutting down and abandoning module FoliageEdit (232)
[2018.08.23-05.46.24:922][802]LogModuleManager: Shutting down and abandoning module LandscapeEditor (231)
[2018.08.23-05.46.24:923][802]LogModuleManager: Shutting down and abandoning module SceneDepthPickerMode (230)
[2018.08.23-05.46.24:923][802]LogModuleManager: Shutting down and abandoning module ActorPickerMode (229)
[2018.08.23-05.46.24:923][802]LogModuleManager: Shutting down and abandoning module GeometryMode (228)
[2018.08.23-05.46.24:923][802]LogModuleManager: Shutting down and abandoning module TextureAlignMode (227)
[2018.08.23-05.46.24:923][802]LogModuleManager: Shutting down and abandoning module BspMode (226)
[2018.08.23-05.46.24:923][802]LogModuleManager: Shutting down and abandoning module HardwareSurvey (225)
[2018.08.23-05.46.24:923][802]LogModuleManager: Shutting down and abandoning module SequenceRecorderSections (224)
[2018.08.23-05.46.24:923][802]LogModuleManager: Shutting down and abandoning module AutomationWorker (223)
[2018.08.23-05.46.24:923][802]LogModuleManager: Shutting down and abandoning module MatineeToLevelSequence (222)
[2018.08.23-05.46.24:923][802]LogModuleManager: Shutting down and abandoning module PlacementMode (221)
[2018.08.23-05.46.24:923][802]LogModuleManager: Shutting down and abandoning module LevelSequenceEditor (220)
[2018.08.23-05.46.24:923][802]LogModuleManager: Shutting down and abandoning module WmfMediaFactory (219)
[2018.08.23-05.46.24:923][802]LogModuleManager: Shutting down and abandoning module WmfMediaEditor (218)
[2018.08.23-05.46.24:923][802]LogModuleManager: Shutting down and abandoning module AvfMediaFactory (217)
[2018.08.23-05.46.24:923][802]LogModuleManager: Shutting down and abandoning module AvfMediaEditor (216)
[2018.08.23-05.46.24:923][802]LogModuleManager: Shutting down and abandoning module Media (215)
[2018.08.23-05.46.24:923][802]LogModuleManager: Shutting down and abandoning module AndroidMediaFactory (214)
[2018.08.23-05.46.24:923][802]LogModuleManager: Shutting down and abandoning module AndroidMediaEditor (213)
[2018.08.23-05.46.24:923][802]LogModuleManager: Shutting down and abandoning module CharacterAI (212)
[2018.08.23-05.46.24:923][802]LogModuleManager: Shutting down and abandoning module SequenceRecorder (211)
[2018.08.23-05.46.24:923][802]LogModuleManager: Shutting down and abandoning module AudioCapture (210)
[2018.08.23-05.46.24:923][802]LogModuleManager: Shutting down and abandoning module SmartSnapping (209)
[2018.08.23-05.46.24:923][802]LogModuleManager: Shutting down and abandoning module SessionServices (208)
[2018.08.23-05.46.24:923][802]LogModuleManager: Shutting down and abandoning module ViewportSnapping (207)
[2018.08.23-05.46.24:924][802]LogModuleManager: Shutting down and abandoning module ViewportInteraction (206)
[2018.08.23-05.46.24:924][802]LogModuleManager: Shutting down and abandoning module LogVisualizer (205)
[2018.08.23-05.46.24:924][802]LogModuleManager: Shutting down and abandoning module GameProjectGeneration (204)
[2018.08.23-05.46.24:924][802]LogModuleManager: Shutting down and abandoning module IntroTutorials (203)
[2018.08.23-05.46.24:924][802]LogModuleManager: Shutting down and abandoning module EditorLiveStreaming (202)
[2018.08.23-05.46.24:924][802]LogModuleManager: Shutting down and abandoning module IOSPlatformEditor (201)
[2018.08.23-05.46.24:924][802]LogModuleManager: Shutting down and abandoning module HTML5PlatformEditor (200)
[2018.08.23-05.46.24:924][802]LogModuleManager: Shutting down and abandoning module AndroidDeviceDetection (199)
[2018.08.23-05.46.25:495][802]LogModuleManager: Shutting down and abandoning module AndroidPlatformEditor (198)
[2018.08.23-05.46.25:495][802]LogModuleManager: Shutting down and abandoning module IOSRuntimeSettings (197)
[2018.08.23-05.46.25:495][802]LogModuleManager: Shutting down and abandoning module AndroidRuntimeSettings (196)
[2018.08.23-05.46.25:495][802]LogModuleManager: Shutting down and abandoning module InputBindingEditor (195)
[2018.08.23-05.46.25:495][802]LogModuleManager: Shutting down and abandoning module NiagaraEditor (194)
[2018.08.23-05.46.25:495][802]LogModuleManager: Shutting down and abandoning module MergeActors (193)
[2018.08.23-05.46.25:495][802]LogModuleManager: Shutting down and abandoning module SizeMap (192)
[2018.08.23-05.46.25:495][802]LogModuleManager: Shutting down and abandoning module TreeMap (191)
[2018.08.23-05.46.25:495][802]LogModuleManager: Shutting down and abandoning module ReferenceViewer (190)
[2018.08.23-05.46.25:495][802]LogModuleManager: Shutting down and abandoning module LocalizationService (189)
[2018.08.23-05.46.25:495][802]LogModuleManager: Shutting down and abandoning module LocalizationDashboard (188)
[2018.08.23-05.46.25:495][802]LogModuleManager: Shutting down and abandoning module HardwareTargeting (187)
[2018.08.23-05.46.25:495][802]LogModuleManager: Shutting down and abandoning module DeviceProfileEditor (186)
[2018.08.23-05.46.25:495][802]LogModuleManager: Shutting down and abandoning module UndoHistory (185)
[2018.08.23-05.46.25:495][802]LogModuleManager: Shutting down and abandoning module UserFeedback (184)
[2018.08.23-05.46.25:496][802]LogModuleManager: Shutting down and abandoning module XmlParser (183)
[2018.08.23-05.46.25:496][802]LogModuleManager: Shutting down and abandoning module Blutility (182)
[2018.08.23-05.46.25:496][802]LogModuleManager: Shutting down and abandoning module ProjectTargetPlatformEditor (181)
[2018.08.23-05.46.25:496][802]LogModuleManager: Shutting down and abandoning module ProjectSettingsViewer (180)
[2018.08.23-05.46.25:496][802]LogModuleManager: Shutting down and abandoning module EditorSettingsViewer (179)
[2018.08.23-05.46.25:496][802]LogModuleManager: Shutting down and abandoning module SettingsEditor (178)
[2018.08.23-05.46.25:496][802]LogModuleManager: Shutting down and abandoning module ProjectLauncher (177)
[2018.08.23-05.46.25:496][802]LogModuleManager: Shutting down and abandoning module SessionFrontend (176)
[2018.08.23-05.46.25:496][802]LogModuleManager: Shutting down and abandoning module ProfilerClient (175)
[2018.08.23-05.46.25:496][802]LogModuleManager: Shutting down and abandoning module TargetDeviceServices (174)
[2018.08.23-05.46.25:497][802]LogModuleManager: Shutting down and abandoning module DeviceManager (173)
[2018.08.23-05.46.25:541][802]LogModuleManager: Shutting down and abandoning module AutomationController (172)
[2018.08.23-05.46.25:541][802]LogModuleManager: Shutting down and abandoning module AutomationWindow (171)
[2018.08.23-05.46.25:541][802]LogModuleManager: Shutting down and abandoning module Layers (170)
[2018.08.23-05.46.25:541][802]LogModuleManager: Shutting down and abandoning module ComponentVisualizers (169)
[2018.08.23-05.46.25:541][802]LogModuleManager: Shutting down and abandoning module DetailCustomizations (168)
[2018.08.23-05.46.25:541][802]LogModuleManager: Shutting down and abandoning module PackagesDialog (167)
[2018.08.23-05.46.25:542][802]LogModuleManager: Shutting down and abandoning module AnimGraph (166)
[2018.08.23-05.46.25:542][802]LogModuleManager: Shutting down and abandoning module Persona (165)
[2018.08.23-05.46.25:542][802]LogModuleManager: Shutting down and abandoning module Kismet (164)
[2018.08.23-05.46.25:557][802]LogModuleManager: Shutting down and abandoning module GraphEditor (163)
[2018.08.23-05.46.25:557][802]LogModuleManager: Shutting down and abandoning module ClassViewer (162)
[2018.08.23-05.46.25:557][802]LogModuleManager: Shutting down and abandoning module Toolbox (161)
[2018.08.23-05.46.25:557][802]LogModuleManager: Shutting down and abandoning module ModuleUI (160)
[2018.08.23-05.46.25:557][802]LogModuleManager: Shutting down and abandoning module MovieSceneTools (159)
[2018.08.23-05.46.25:557][802]LogModuleManager: Shutting down and abandoning module OutputLog (158)
[2018.08.23-05.46.25:557][802]LogModuleManager: Shutting down and abandoning module GammaUI (157)
[2018.08.23-05.46.25:557][802]LogModuleManager: Shutting down and abandoning module Documentation (156)
[2018.08.23-05.46.25:557][802]LogModuleManager: Shutting down and abandoning module Niagara (155)
[2018.08.23-05.46.25:557][802]LogModuleManager: Shutting down and abandoning module StreamingPauseRendering (154)
[2018.08.23-05.46.25:557][802]LogModuleManager: Shutting down and abandoning module AnalyticsET (153)
[2018.08.23-05.46.25:557][802]LogModuleManager: Shutting down and abandoning module PortalServices (152)
[2018.08.23-05.46.25:557][802]LogModuleManager: Shutting down and abandoning module PortalRpc (151)
[2018.08.23-05.46.25:557][802]LogModuleManager: Shutting down and abandoning module MessagingRpc (150)
[2018.08.23-05.46.25:557][802]LogModuleManager: Shutting down and abandoning module GameplayDebugger (149)
[2018.08.23-05.46.25:557][802]LogModuleManager: Shutting down and abandoning module AITestSuite (148)
[2018.08.23-05.46.25:558][802]LogModuleManager: Shutting down and abandoning module AIModule (147)
[2018.08.23-05.46.25:558][802]LogModuleManager: Shutting down and abandoning module ProfilerService (146)
[2018.08.23-05.46.25:708][802]LogModuleManager: Shutting down and abandoning module TaskGraph (145)
[2018.08.23-05.46.25:708][802]LogModuleManager: Shutting down and abandoning module SlateRemote (144)
[2018.08.23-05.46.25:708][802]LogModuleManager: Shutting down and abandoning module SteamVRController (143)
[2018.08.23-05.46.25:708][802]LogModuleManager: Shutting down and abandoning module SteamVR (142)
[2018.08.23-05.46.25:708][802]LogModuleManager: Shutting down and abandoning module ProceduralMeshComponentEditor (141)
[2018.08.23-05.46.25:708][802]LogModuleManager: Shutting down and abandoning module ProceduralMeshComponent (140)
[2018.08.23-05.46.25:708][802]LogModuleManager: Shutting down and abandoning module OculusLibrary (139)
[2018.08.23-05.46.25:708][802]LogModuleManager: Shutting down and abandoning module OculusInput (138)
[2018.08.23-05.46.25:708][802]LogModuleManager: Shutting down and abandoning module MobilePatchingUtils (137)
[2018.08.23-05.46.25:708][802]LogModuleManager: Shutting down and abandoning module CustomMeshComponent (136)
[2018.08.23-05.46.25:708][802]LogModuleManager: Shutting down and abandoning module CableComponent (135)
[2018.08.23-05.46.25:708][802]LogModuleManager: Shutting down and abandoning module ArchVisCharacter (134)
[2018.08.23-05.46.25:708][802]LogModuleManager: Shutting down and abandoning module MediaPlayerEditor (132)
[2018.08.23-05.46.25:708][802]LogModuleManager: Shutting down and abandoning module HTML5Networking (131)
[2018.08.23-05.46.25:709][802]LogModuleManager: Shutting down and abandoning module GeometryCacheEd (130)
[2018.08.23-05.46.25:709][802]LogModuleManager: Shutting down and abandoning module GeometryCache (129)
[2018.08.23-05.46.25:709][802]LogModuleManager: Shutting down and abandoning module AlembicLibrary (128)
[2018.08.23-05.46.25:709][802]LogModuleManager: Shutting down and abandoning module AlembicImporter (127)
[2018.08.23-05.46.25:709][802]LogModuleManager: Shutting down and abandoning module SuperSearch (126)
[2018.08.23-05.46.25:709][802]LogModuleManager: Shutting down and abandoning module SuperSearchEditor (125)
[2018.08.23-05.46.25:709][802]LogModuleManager: Shutting down and abandoning module SpeedTreeImporter (124)
[2018.08.23-05.46.25:709][802]LogModuleManager: Shutting down and abandoning module PluginBrowser (123)
[2018.08.23-05.46.25:709][802]LogModuleManager: Shutting down and abandoning module MobileLauncherProfileWizard (122)
[2018.08.23-05.46.25:709][802]LogModuleManager: Shutting down and abandoning module EpicSurvey (121)
[2018.08.23-05.46.25:709][802]LogModuleManager: Shutting down and abandoning module DesktopPlatform (120)
[2018.08.23-05.46.25:709][802]LogModuleManager: Shutting down and abandoning module VisualStudioSourceCodeAccess (119)
[2018.08.23-05.46.25:709][802]LogModuleManager: Shutting down and abandoning module UObjectPlugin (118)
[2018.08.23-05.46.25:709][802]LogModuleManager: Shutting down and abandoning module SubversionSourceControl (117)
[2018.08.23-05.46.25:709][802]LogModuleManager: Shutting down and abandoning module PerforceSourceControl (116)
[2018.08.23-05.46.25:709][802]LogModuleManager: Shutting down and abandoning module SourceControl (115)
[2018.08.23-05.46.25:709][802]LogModuleManager: Shutting down and abandoning module GitSourceControl (114)
[2018.08.23-05.46.25:709][802]LogModuleManager: Shutting down and abandoning module LightPropagationVolumeEditor (113)
[2018.08.23-05.46.25:709][802]LogModuleManager: Shutting down and abandoning module PaperTiledImporter (112)
[2018.08.23-05.46.25:709][802]LogModuleManager: Shutting down and abandoning module PaperSpriteSheetImporter (111)
[2018.08.23-05.46.25:710][802]LogModuleManager: Shutting down and abandoning module MeshPaint (110)
[2018.08.23-05.46.25:710][802]LogModuleManager: Shutting down and abandoning module PixelInspectorModule (109)
[2018.08.23-05.46.25:710][802]LogModuleManager: Shutting down and abandoning module HotReload (108)
[2018.08.23-05.46.25:711][802]LogModuleManager: Shutting down and abandoning module MainFrame (107)
[2018.08.23-05.46.25:711][802]LogModuleManager: Shutting down and abandoning module LevelEditor (106)
[2018.08.23-05.46.25:713][802]LogModuleManager: Shutting down and abandoning module ContentBrowser (105)
[2018.08.23-05.46.25:715][802]LogModuleManager: Shutting down and abandoning module Paper2DEditor (104)
[2018.08.23-05.46.25:715][802]LogModuleManager: Shutting down and abandoning module UdpMessaging (103)
[2018.08.23-05.46.25:816][802]LogModuleManager: Shutting down and abandoning module TcpMessaging (102)
[2018.08.23-05.46.25:916][802]LogModuleManager: Shutting down and abandoning module LightPropagationVolumeRuntime (101)
[2018.08.23-05.46.25:916][802]LogModuleManager: Shutting down and abandoning module Paper2D (100)
[2018.08.23-05.46.25:916][802]LogModuleManager: Shutting down and abandoning module WindowsMoviePlayer (99)
[2018.08.23-05.46.25:916][802]LogModuleManager: Shutting down and abandoning module WmfMedia (98)
[2018.08.23-05.46.25:923][802]LogModuleManager: Shutting down and abandoning module MediaAssets (97)
[2018.08.23-05.46.25:923][802]LogModuleManager: Shutting down and abandoning module GameLiveStreaming (96)
[2018.08.23-05.46.25:923][802]LogModuleManager: Shutting down and abandoning module GameplayTagsEditor (95)
[2018.08.23-05.46.25:923][802]LogModuleManager: Shutting down and abandoning module VREditor (94)
[2018.08.23-05.46.25:923][802]LogModuleManager: Shutting down and abandoning module GameplayTasksEditor (93)
[2018.08.23-05.46.25:923][802]LogModuleManager: Shutting down and abandoning module BehaviorTreeEditor (92)
[2018.08.23-05.46.25:923][802]LogModuleManager: Shutting down and abandoning module FunctionalTesting (91)
[2018.08.23-05.46.25:923][802]LogModuleManager: Shutting down and abandoning module CollisionAnalyzer (90)
[2018.08.23-05.46.25:923][802]LogModuleManager: Shutting down and abandoning module Sequencer (89)
[2018.08.23-05.46.25:932][802]LogModuleManager: Shutting down and abandoning module WorkspaceMenuStructure (88)
[2018.08.23-05.46.25:932][802]LogModuleManager: Shutting down and abandoning module MessageLog (87)
[2018.08.23-05.46.25:932][802]LogModuleManager: Shutting down and abandoning module AssetTools (86)
[2018.08.23-05.46.25:932][802]LogModuleManager: Shutting down and abandoning module UMGEditor (85)
[2018.08.23-05.46.25:932][802]LogModuleManager: Shutting down and abandoning module UMG (84)
[2018.08.23-05.46.25:933][802]LogModuleManager: Shutting down and abandoning module SlateReflector (83)
[2018.08.23-05.46.25:933][802]LogModuleManager: Shutting down and abandoning module Slate (82)
[2018.08.23-05.46.25:933][802]LogModuleManager: Shutting down and abandoning module EditorStyle (81)
[2018.08.23-05.46.25:941][802]LogModuleManager: Shutting down and abandoning module SourceCodeAccess (80)
[2018.08.23-05.46.25:941][802]LogModuleManager: Shutting down and abandoning module HeadMountedDisplay (79)
[2018.08.23-05.46.25:941][802]LogModuleManager: Shutting down and abandoning module XAudio2 (78)
[2018.08.23-05.46.25:941][802]LogModuleManager: Shutting down and abandoning module Networking (76)
[2018.08.23-05.46.25:941][802]LogModuleManager: Shutting down and abandoning module Core (75)
[2018.08.23-05.46.25:941][802]LogModuleManager: Shutting down and abandoning module DirectoryWatcher (74)
[2018.08.23-05.46.25:941][802]LogDirectoryWatcher: A directory notification for '../../../Engine/Content/' was aborted.
[2018.08.23-05.46.25:941][802]LogDirectoryWatcher: A directory notification for 'D:/Unreal Project/Pinball/Content/' was aborted.
[2018.08.23-05.46.25:942][802]LogDirectoryWatcher: A directory notification for '../../../Engine/Plugins/2D/Paper2D/Content/' was aborted.
[2018.08.23-05.46.25:944][802]LogModuleManager: Shutting down and abandoning module AssetRegistry (73)
[2018.08.23-05.46.26:211][802]LogModuleManager: Shutting down and abandoning module KismetCompiler (72)
[2018.08.23-05.46.26:211][802]LogModuleManager: Shutting down and abandoning module PhysXFormats (71)
[2018.08.23-05.46.26:211][802]LogModuleManager: Shutting down and abandoning module SimplygonSwarm (70)
[2018.08.23-05.46.26:211][802]LogModuleManager: Shutting down and abandoning module SimplygonMeshReduction (69)
[2018.08.23-05.46.26:211][802]LogModuleManager: Shutting down and abandoning module QuadricMeshReduction (68)
[2018.08.23-05.46.26:211][802]LogModuleManager: Shutting down and abandoning module PropertyEditor (67)
[2018.08.23-05.46.26:212][802]LogModuleManager: Shutting down and abandoning module MeshUtilities (66)
[2018.08.23-05.46.26:212][802]LogModuleManager: Shutting down and abandoning module DerivedDataCache (65)
[2018.08.23-05.46.26:264][802]LogDerivedDataCache: Shutdown
[2018.08.23-05.46.26:264][802]LogModuleManager: Shutting down and abandoning module VulkanShaderFormat (64)
[2018.08.23-05.46.26:264][802]LogModuleManager: Shutting down and abandoning module ShaderFormatOpenGL (63)
[2018.08.23-05.46.26:264][802]LogModuleManager: Shutting down and abandoning module ShaderFormatD3D (62)
[2018.08.23-05.46.26:264][802]LogModuleManager: Shutting down and abandoning module MetalShaderFormat (61)
[2018.08.23-05.46.26:264][802]LogModuleManager: Shutting down and abandoning module TextureFormatUncompressed (60)
[2018.08.23-05.46.26:264][802]LogModuleManager: Shutting down and abandoning module TextureFormatPVR (59)
[2018.08.23-05.46.26:264][802]LogModuleManager: Shutting down and abandoning module TextureFormatDXT (58)
[2018.08.23-05.46.26:264][802]LogModuleManager: Shutting down and abandoning module TextureFormatIntelISPCTexComp (57)
[2018.08.23-05.46.26:265][802]LogModuleManager: Shutting down and abandoning module ImageWrapper (56)
[2018.08.23-05.46.26:265][802]LogModuleManager: Shutting down and abandoning module TextureFormatASTC (55)
[2018.08.23-05.46.26:265][802]LogModuleManager: Shutting down and abandoning module TextureFormatAndroid (54)
[2018.08.23-05.46.26:265][802]LogModuleManager: Shutting down and abandoning module AudioFormatOpus (53)
[2018.08.23-05.46.26:265][802]LogModuleManager: Shutting down and abandoning module AudioFormatOgg (52)
[2018.08.23-05.46.26:265][802]LogModuleManager: Shutting down and abandoning module AudioFormatADPCM (51)
[2018.08.23-05.46.26:265][802]LogModuleManager: Shutting down and abandoning module LinuxTargetPlatform (50)
[2018.08.23-05.46.26:265][802]LogModuleManager: Shutting down and abandoning module LinuxServerTargetPlatform (49)
[2018.08.23-05.46.26:265][802]LogModuleManager: Shutting down and abandoning module LinuxNoEditorTargetPlatform (48)
[2018.08.23-05.46.26:266][802]LogModuleManager: Shutting down and abandoning module LinuxClientTargetPlatform (47)
[2018.08.23-05.46.26:266][802]LogModuleManager: Shutting down and abandoning module TVOSTargetPlatform (46)
[2018.08.23-05.46.26:266][802]LogModuleManager: Shutting down and abandoning module Messaging (45)
[2018.08.23-05.46.26:266][802]LogModuleManager: Shutting down and abandoning module IOSTargetPlatform (44)
[2018.08.23-05.46.26:266][802]LogModuleManager: Shutting down and abandoning module HTML5TargetPlatform (43)
[2018.08.23-05.46.26:266][802]LogModuleManager: Shutting down and abandoning module Android_PVRTCTargetPlatform (42)
[2018.08.23-05.46.26:266][802]LogModuleManager: Shutting down and abandoning module Android_MultiTargetPlatform (41)
[2018.08.23-05.46.26:266][802]LogModuleManager: Shutting down and abandoning module Android_ETC2TargetPlatform (40)
[2018.08.23-05.46.26:266][802]LogModuleManager: Shutting down and abandoning module Android_ETC1TargetPlatform (39)
[2018.08.23-05.46.26:266][802]LogModuleManager: Shutting down and abandoning module Android_DXTTargetPlatform (38)
[2018.08.23-05.46.26:266][802]LogModuleManager: Shutting down and abandoning module Android_ATCTargetPlatform (37)
[2018.08.23-05.46.26:266][802]LogModuleManager: Shutting down and abandoning module Android_ASTCTargetPlatform (36)
[2018.08.23-05.46.26:266][802]LogModuleManager: Shutting down and abandoning module AndroidTargetPlatform (35)
[2018.08.23-05.46.26:266][802]LogModuleManager: Shutting down and abandoning module WindowsTargetPlatform (34)
[2018.08.23-05.46.26:266][802]LogModuleManager: Shutting down and abandoning module WindowsServerTargetPlatform (33)
[2018.08.23-05.46.26:266][802]LogModuleManager: Shutting down and abandoning module WindowsNoEditorTargetPlatform (32)
[2018.08.23-05.46.26:266][802]LogModuleManager: Shutting down and abandoning module WindowsClientTargetPlatform (31)
[2018.08.23-05.46.26:266][802]LogModuleManager: Shutting down and abandoning module MacTargetPlatform (30)
[2018.08.23-05.46.26:266][802]LogModuleManager: Shutting down and abandoning module MacServerTargetPlatform (29)
[2018.08.23-05.46.26:266][802]LogModuleManager: Shutting down and abandoning module MacNoEditorTargetPlatform (28)
[2018.08.23-05.46.26:266][802]LogModuleManager: Shutting down and abandoning module MacClientTargetPlatform (27)
[2018.08.23-05.46.26:266][802]LogModuleManager: Shutting down and abandoning module AllDesktopTargetPlatform (26)
[2018.08.23-05.46.26:266][802]LogModuleManager: Shutting down and abandoning module TargetPlatform (25)
[2018.08.23-05.46.26:266][802]LogModuleManager: Shutting down and abandoning module InputCore (24)
[2018.08.23-05.46.26:266][802]LogModuleManager: Shutting down and abandoning module Settings (23)
[2018.08.23-05.46.26:266][802]LogModuleManager: Shutting down and abandoning module OculusRift (22)
[2018.08.23-05.46.26:266][802]LogModuleManager: Shutting down and abandoning module ExampleDeviceProfileSelector (21)
[2018.08.23-05.46.26:266][802]LogModuleManager: Shutting down and abandoning module OnlineBlueprintSupport (20)
[2018.08.23-05.46.26:267][802]LogModuleManager: Shutting down and abandoning module OnlineSubsystem (18)
[2018.08.23-05.46.26:267][802]LogOnline:Display: Unloading online subsystem: NULL
[2018.08.23-05.46.26:267][802]LogModuleManager: Shutting down and abandoning module SSL (17)
[2018.08.23-05.46.26:271][802]LogModuleManager: Shutting down and abandoning module HTTP (16)
[2018.08.23-05.46.26:271][802]LogModuleManager: Shutting down and abandoning module XMPP (15)
[2018.08.23-05.46.26:271][802]LogModuleManager: Shutting down and abandoning module TextureCompressor (14)
[2018.08.23-05.46.26:271][802]LogModuleManager: Shutting down and abandoning module ShaderCore (13)
[2018.08.23-05.46.26:272][802]LogModuleManager: Shutting down and abandoning module Landscape (12)
[2018.08.23-05.46.26:272][802]LogModuleManager: Shutting down and abandoning module SlateRHIRenderer (11)
[2018.08.23-05.46.26:276][802]LogModuleManager: Shutting down and abandoning module OpenGLDrv (10)
[2018.08.23-05.46.26:276][802]LogModuleManager: Shutting down and abandoning module D3D11RHI (9)
[2018.08.23-05.46.26:276][802]LogModuleManager: Shutting down and abandoning module AnimGraphRuntime (8)
[2018.08.23-05.46.26:276][802]LogModuleManager: Shutting down and abandoning module Renderer (7)
[2018.08.23-05.46.26:276][802]LogModuleManager: Shutting down and abandoning module Engine (6)
[2018.08.23-05.46.26:276][802]LogModuleManager: Shutting down and abandoning module CoreUObject (5)
[2018.08.23-05.46.26:276][802]LogModuleManager: Shutting down and abandoning module NetworkFile (4)
[2018.08.23-05.46.26:276][802]LogModuleManager: Shutting down and abandoning module StreamingFile (3)
[2018.08.23-05.46.26:276][802]LogModuleManager: Shutting down and abandoning module SandboxFile (2)
[2018.08.23-05.46.26:276][802]LogModuleManager: Shutting down and abandoning module PakFile (1)
[2018.08.23-05.46.26:283][802]LogExit: Exiting.
[2018.08.23-05.46.26:311][802]Log file closed, 08/23/18 15:46:26
