Log file open, 08/23/18 10:53:51
LogInit:Display: Running engine for game: Pinball
LogPlatformFile: Not using cached read wrapper
LogInit:Display: RandInit(-1151030638) SRandInit(-1151030638).
LogTaskGraph: Started task graph with 5 named threads and 10 total threads with 1 sets of task threads.
LogStats: Stats thread started at 0.099180
LogPluginManager: Loaded Plugin Paper2D, From C:/Program Files/Epic Games/UE_4.14/Engine/Plugins/2D/Paper2D/Paper2D.uplugin
LogPluginManager: Loaded Plugin LightPropagationVolume, From C:/Program Files/Epic Games/UE_4.14/Engine/Plugins/Blendables/LightPropagationVolume/LightPropagationVolume.uplugin
LogPluginManager: Loaded Plugin BlankPlugin, From C:/Program Files/Epic Games/UE_4.14/Engine/Plugins/Developer/BlankPlugin/BlankPlugin.uplugin
LogPluginManager: Loaded Plugin CodeLiteSourceCodeAccess, From C:/Program Files/Epic Games/UE_4.14/Engine/Plugins/Developer/CodeLiteSourceCodeAccess/CodeLiteSourceCodeAccess.uplugin
LogPluginManager: Loaded Plugin GitSourceControl, From C:/Program Files/Epic Games/UE_4.14/Engine/Plugins/Developer/GitSourceControl/GitSourceControl.uplugin
LogPluginManager: Loaded Plugin KDevelopSourceCodeAccess, From C:/Program Files/Epic Games/UE_4.14/Engine/Plugins/Developer/KDevelopSourceCodeAccess/KDevelopSourceCodeAccess.uplugin
LogPluginManager: Loaded Plugin NullSourceCodeAccess, From C:/Program Files/Epic Games/UE_4.14/Engine/Plugins/Developer/NullSourceCodeAccess/NullSourceCodeAccess.uplugin
LogPluginManager: Loaded Plugin OneSkyLocalizationService, From C:/Program Files/Epic Games/UE_4.14/Engine/Plugins/Developer/OneSkyLocalizationService/OneSkyLocalizationService.uplugin
LogPluginManager: Loaded Plugin PerforceSourceControl, From C:/Program Files/Epic Games/UE_4.14/Engine/Plugins/Developer/PerforceSourceControl/PerforceSourceControl.uplugin
LogPluginManager: Loaded Plugin SubversionSourceControl, From C:/Program Files/Epic Games/UE_4.14/Engine/Plugins/Developer/SubversionSourceControl/SubversionSourceControl.uplugin
LogPluginManager: Loaded Plugin UObjectPlugin, From C:/Program Files/Epic Games/UE_4.14/Engine/Plugins/Developer/UObjectPlugin/UObjectPlugin.uplugin
LogPluginManager: Loaded Plugin VisualStudioSourceCodeAccess, From C:/Program Files/Epic Games/UE_4.14/Engine/Plugins/Developer/VisualStudioSourceCodeAccess/VisualStudioSourceCodeAccess.uplugin
LogPluginManager: Loaded Plugin XCodeSourceCodeAccess, From C:/Program Files/Epic Games/UE_4.14/Engine/Plugins/Developer/XCodeSourceCodeAccess/XCodeSourceCodeAccess.uplugin
LogPluginManager: Loaded Plugin AudioCapture, From C:/Program Files/Epic Games/UE_4.14/Engine/Plugins/Editor/AudioCapture/AudioCapture.uplugin
LogPluginManager: Loaded Plugin EpicSurvey, From C:/Program Files/Epic Games/UE_4.14/Engine/Plugins/Editor/EpicSurvey/EpicSurvey.uplugin
LogPluginManager: Loaded Plugin MacGraphicsSwitching, From C:/Program Files/Epic Games/UE_4.14/Engine/Plugins/Editor/MacGraphicsSwitching/MacGraphicsSwitching.uplugin
LogPluginManager: Loaded Plugin MobileLauncherProfileWizard, From C:/Program Files/Epic Games/UE_4.14/Engine/Plugins/Editor/MobileLauncherProfileWizard/MobileLauncherProfileWizard.uplugin
LogPluginManager: Loaded Plugin PluginBrowser, From C:/Program Files/Epic Games/UE_4.14/Engine/Plugins/Editor/PluginBrowser/PluginBrowser.uplugin
LogPluginManager: Loaded Plugin SpeedTreeImporter, From C:/Program Files/Epic Games/UE_4.14/Engine/Plugins/Editor/SpeedTreeImporter/SpeedTreeImporter.uplugin
LogPluginManager: Loaded Plugin SuperSearchEditor, From C:/Program Files/Epic Games/UE_4.14/Engine/Plugins/Editor/SuperSearchEditor/SuperSearchEditor.uplugin
LogPluginManager: Loaded Plugin AlembicImporter, From C:/Program Files/Epic Games/UE_4.14/Engine/Plugins/Experimental/AlembicImporter/AlembicImporter.uplugin
LogPluginManager: Loaded Plugin BlueprintStats, From C:/Program Files/Epic Games/UE_4.14/Engine/Plugins/Experimental/BlueprintStats/BlueprintStats.uplugin
LogPluginManager: Loaded Plugin CharacterAI, From C:/Program Files/Epic Games/UE_4.14/Engine/Plugins/Experimental/CharacterAI/CharacterAI.uplugin
LogPluginManager: Loaded Plugin CodeEditor, From C:/Program Files/Epic Games/UE_4.14/Engine/Plugins/Experimental/CodeEditor/CodeEditor.uplugin
LogPluginManager: Loaded Plugin CodeView, From C:/Program Files/Epic Games/UE_4.14/Engine/Plugins/Experimental/CodeView/CodeView.uplugin
LogPluginManager: Loaded Plugin HTML5Networking, From C:/Program Files/Epic Games/UE_4.14/Engine/Plugins/Experimental/HTML5Networking/HTML5Networking.uplugin
LogPluginManager: Loaded Plugin OSVR, From C:/Program Files/Epic Games/UE_4.14/Engine/Plugins/Experimental/OSVR/OSVR.uplugin
LogPluginManager: Loaded Plugin Phya, From C:/Program Files/Epic Games/UE_4.14/Engine/Plugins/Experimental/Phya/Phya.uplugin
LogPluginManager: Loaded Plugin SignificanceManager, From C:/Program Files/Epic Games/UE_4.14/Engine/Plugins/Experimental/SignificanceManager/SignificanceManager.uplugin
LogPluginManager: Loaded Plugin SimpleHMD, From C:/Program Files/Epic Games/UE_4.14/Engine/Plugins/Experimental/SimpleHMD/SimpleHMD.uplugin
LogPluginManager: Loaded Plugin StereoPanorama, From C:/Program Files/Epic Games/UE_4.14/Engine/Plugins/Experimental/StereoPanorama/StereoPanorama.uplugin
LogPluginManager: Loaded Plugin StructBox, From C:/Program Files/Epic Games/UE_4.14/Engine/Plugins/Experimental/StructBox/StructBox.uplugin
LogPluginManager: Loaded Plugin AndroidMedia, From C:/Program Files/Epic Games/UE_4.14/Engine/Plugins/Media/AndroidMedia/AndroidMedia.uplugin
LogPluginManager: Loaded Plugin AvfMedia, From C:/Program Files/Epic Games/UE_4.14/Engine/Plugins/Media/AvfMedia/AvfMedia.uplugin
LogPluginManager: Loaded Plugin MediaPlayerEditor, From C:/Program Files/Epic Games/UE_4.14/Engine/Plugins/Media/MediaPlayerEditor/MediaPlayerEditor.uplugin
LogPluginManager: Loaded Plugin WmfMedia, From C:/Program Files/Epic Games/UE_4.14/Engine/Plugins/Media/WmfMedia/WmfMedia.uplugin
LogPluginManager: Loaded Plugin MessagingDebugger, From C:/Program Files/Epic Games/UE_4.14/Engine/Plugins/Messaging/MessagingDebugger/MessagingDebugger.uplugin
LogPluginManager: Loaded Plugin TcpMessaging, From C:/Program Files/Epic Games/UE_4.14/Engine/Plugins/Messaging/TcpMessaging/TcpMessaging.uplugin
LogPluginManager: Loaded Plugin UdpMessaging, From C:/Program Files/Epic Games/UE_4.14/Engine/Plugins/Messaging/UdpMessaging/UdpMessaging.uplugin
LogPluginManager: Loaded Plugin LevelSequenceEditor, From C:/Program Files/Epic Games/UE_4.14/Engine/Plugins/MovieScene/LevelSequenceEditor/LevelSequenceEditor.uplugin
LogPluginManager: Loaded Plugin MatineeToLevelSequence, From C:/Program Files/Epic Games/UE_4.14/Engine/Plugins/MovieScene/MatineeToLevelSequence/MatineeToLevelSequence.uplugin
LogPluginManager: Loaded Plugin NetcodeUnitTest, From C:/Program Files/Epic Games/UE_4.14/Engine/Plugins/NetcodeUnitTest/NetcodeUnitTest/NetcodeUnitTest.uplugin
LogPluginManager: Loaded Plugin NUTUnrealEngine4, From C:/Program Files/Epic Games/UE_4.14/Engine/Plugins/NetcodeUnitTest/NUTUnrealEngine4/NUTUnrealEngine4.uplugin
LogPluginManager: Loaded Plugin OnlineSubsystemGameCircle, From C:/Program Files/Epic Games/UE_4.14/Engine/Plugins/Online/Android/OnlineSubsystemGameCircle/OnlineSubsystemGameCircle.uplugin
LogPluginManager: Loaded Plugin OnlineSubsystemGooglePlay, From C:/Program Files/Epic Games/UE_4.14/Engine/Plugins/Online/Android/OnlineSubsystemGooglePlay/OnlineSubsystemGooglePlay.uplugin
LogPluginManager: Loaded Plugin OnlineSubsystemIOS, From C:/Program Files/Epic Games/UE_4.14/Engine/Plugins/Online/IOS/OnlineSubsystemIOS/OnlineSubsystemIOS.uplugin
LogPluginManager: Loaded Plugin OnlineFramework, From C:/Program Files/Epic Games/UE_4.14/Engine/Plugins/Online/OnlineFramework/OnlineFramework.uplugin
LogPluginManager: Loaded Plugin OnlineSubsystem, From C:/Program Files/Epic Games/UE_4.14/Engine/Plugins/Online/OnlineSubsystem/OnlineSubsystem.uplugin
LogPluginManager: Loaded Plugin OnlineSubsystemAmazon, From C:/Program Files/Epic Games/UE_4.14/Engine/Plugins/Online/OnlineSubsystemAmazon/OnlineSubsystemAmazon.uplugin
LogPluginManager: Loaded Plugin OnlineSubsystemFacebook, From C:/Program Files/Epic Games/UE_4.14/Engine/Plugins/Online/OnlineSubsystemFacebook/OnlineSubsystemFacebook.uplugin
LogPluginManager: Loaded Plugin OnlineSubsystemNull, From C:/Program Files/Epic Games/UE_4.14/Engine/Plugins/Online/OnlineSubsystemNull/OnlineSubsystemNull.uplugin
LogPluginManager: Loaded Plugin OnlineSubsystemOculus, From C:/Program Files/Epic Games/UE_4.14/Engine/Plugins/Online/OnlineSubsystemOculus/OnlineSubsystemOculus.uplugin
LogPluginManager: Loaded Plugin OnlineSubsystemSteam, From C:/Program Files/Epic Games/UE_4.14/Engine/Plugins/Online/OnlineSubsystemSteam/OnlineSubsystemSteam.uplugin
LogPluginManager: Loaded Plugin OnlineSubsystemUtils, From C:/Program Files/Epic Games/UE_4.14/Engine/Plugins/Online/OnlineSubsystemUtils/OnlineSubsystemUtils.uplugin
LogPluginManager: Loaded Plugin IOSTapJoy, From C:/Program Files/Epic Games/UE_4.14/Engine/Plugins/Runtime/Advertising/IOSTapJoy/IOSTapJoy.uplugin
LogPluginManager: Loaded Plugin AnalyticsBlueprintLibrary, From C:/Program Files/Epic Games/UE_4.14/Engine/Plugins/Runtime/Analytics/AnalyticsBlueprintLibrary/AnalyticsBlueprintLibrary.uplugin
LogPluginManager: Loaded Plugin AnalyticsMulticast, From C:/Program Files/Epic Games/UE_4.14/Engine/Plugins/Runtime/Analytics/AnalyticsMulticast/AnalyticsMulticast.uplugin
LogPluginManager: Loaded Plugin Apsalar, From C:/Program Files/Epic Games/UE_4.14/Engine/Plugins/Runtime/Analytics/Apsalar/Apsalar.uplugin
LogPluginManager: Loaded Plugin FileLogging, From C:/Program Files/Epic Games/UE_4.14/Engine/Plugins/Runtime/Analytics/FileLogging/FileLogging.uplugin
LogPluginManager: Loaded Plugin Flurry, From C:/Program Files/Epic Games/UE_4.14/Engine/Plugins/Runtime/Analytics/Flurry/Flurry.uplugin
LogPluginManager: Loaded Plugin AndroidDeviceProfileSelector, From C:/Program Files/Epic Games/UE_4.14/Engine/Plugins/Runtime/AndroidDeviceProfileSelector/AndroidDeviceProfileSelector.uplugin
LogPluginManager: Loaded Plugin AndroidMoviePlayer, From C:/Program Files/Epic Games/UE_4.14/Engine/Plugins/Runtime/AndroidMoviePlayer/AndroidMoviePlayer.uplugin
LogPluginManager: Loaded Plugin AppleMoviePlayer, From C:/Program Files/Epic Games/UE_4.14/Engine/Plugins/Runtime/AppleMoviePlayer/AppleMoviePlayer.uplugin
LogPluginManager: Loaded Plugin ArchVisCharacter, From C:/Program Files/Epic Games/UE_4.14/Engine/Plugins/Runtime/ArchVisCharacter/ArchVisCharacter.uplugin
LogPluginManager: Loaded Plugin CableComponent, From C:/Program Files/Epic Games/UE_4.14/Engine/Plugins/Runtime/CableComponent/CableComponent.uplugin
LogPluginManager: Loaded Plugin CustomMeshComponent, From C:/Program Files/Epic Games/UE_4.14/Engine/Plugins/Runtime/CustomMeshComponent/CustomMeshComponent.uplugin
LogPluginManager: Loaded Plugin ExampleDeviceProfileSelector, From C:/Program Files/Epic Games/UE_4.14/Engine/Plugins/Runtime/ExampleDeviceProfileSelector/ExampleDeviceProfileSelector.uplugin
LogPluginManager: Loaded Plugin GearVR, From C:/Program Files/Epic Games/UE_4.14/Engine/Plugins/Runtime/GearVR/GearVR.uplugin
LogPluginManager: Loaded Plugin GoogleVRController, From C:/Program Files/Epic Games/UE_4.14/Engine/Plugins/Runtime/GoogleVR/GoogleVRController/GoogleVRController.uplugin
LogPluginManager: Loaded Plugin GoogleVRHMD, From C:/Program Files/Epic Games/UE_4.14/Engine/Plugins/Runtime/GoogleVR/GoogleVRHMD/GoogleVRHMD.uplugin
LogPluginManager: Loaded Plugin IOSDeviceProfileSelector, From C:/Program Files/Epic Games/UE_4.14/Engine/Plugins/Runtime/IOSDeviceProfileSelector/IOSDeviceProfileSelector.uplugin
LogPluginManager: Loaded Plugin LeapMotion, From C:/Program Files/Epic Games/UE_4.14/Engine/Plugins/Runtime/LeapMotion/LeapMotion.uplugin
LogPluginManager: Loaded Plugin LinuxDeviceProfileSelector, From C:/Program Files/Epic Games/UE_4.14/Engine/Plugins/Runtime/LinuxDeviceProfileSelector/LinuxDeviceProfileSelector.uplugin
LogPluginManager: Loaded Plugin MIDIDevice, From C:/Program Files/Epic Games/UE_4.14/Engine/Plugins/Runtime/MIDIDevice/MIDIDevice.uplugin
LogPluginManager: Loaded Plugin MobilePatchingUtils, From C:/Program Files/Epic Games/UE_4.14/Engine/Plugins/Runtime/MobilePatchingUtils/MobilePatchingUtils.uplugin
LogPluginManager: Loaded Plugin Ansel, From C:/Program Files/Epic Games/UE_4.14/Engine/Plugins/Runtime/Nvidia/Ansel/Ansel.uplugin
LogPluginManager: Loaded Plugin OculusAudio, From C:/Program Files/Epic Games/UE_4.14/Engine/Plugins/Runtime/OculusAudio/OculusAudio.uplugin
LogPluginManager: Loaded Plugin OculusInput, From C:/Program Files/Epic Games/UE_4.14/Engine/Plugins/Runtime/OculusInput/OculusInput.uplugin
LogPluginManager: Loaded Plugin OculusLibrary, From C:/Program Files/Epic Games/UE_4.14/Engine/Plugins/Runtime/OculusLibrary/OculusLibrary.uplugin
LogPluginManager: Loaded Plugin OculusRift, From C:/Program Files/Epic Games/UE_4.14/Engine/Plugins/Runtime/OculusRift/OculusRift.uplugin
LogPluginManager: Loaded Plugin Oodle, From C:/Program Files/Epic Games/UE_4.14/Engine/Plugins/Runtime/PacketHandlers/CompressionComponents/Oodle/Oodle.uplugin
LogPluginManager: Loaded Plugin ProceduralMeshComponent, From C:/Program Files/Epic Games/UE_4.14/Engine/Plugins/Runtime/ProceduralMeshComponent/ProceduralMeshComponent.uplugin
LogPluginManager: Loaded Plugin SoundMod, From C:/Program Files/Epic Games/UE_4.14/Engine/Plugins/Runtime/SoundMod/SoundMod.uplugin
LogPluginManager: Loaded Plugin SoundVisualizations, From C:/Program Files/Epic Games/UE_4.14/Engine/Plugins/Runtime/SoundVisualizations/SoundVisualizations.uplugin
LogPluginManager: Loaded Plugin SteamController, From C:/Program Files/Epic Games/UE_4.14/Engine/Plugins/Runtime/Steam/SteamController/SteamController.uplugin
LogPluginManager: Loaded Plugin SteamVR, From C:/Program Files/Epic Games/UE_4.14/Engine/Plugins/Runtime/Steam/SteamVR/SteamVR.uplugin
LogPluginManager: Loaded Plugin WebBrowserWidget, From C:/Program Files/Epic Games/UE_4.14/Engine/Plugins/Runtime/WebBrowserWidget/WebBrowserWidget.uplugin
LogPluginManager: Loaded Plugin WindowsDeviceProfileSelector, From C:/Program Files/Epic Games/UE_4.14/Engine/Plugins/Runtime/WindowsDeviceProfileSelector/WindowsDeviceProfileSelector.uplugin
LogPluginManager: Loaded Plugin WindowsMoviePlayer, From C:/Program Files/Epic Games/UE_4.14/Engine/Plugins/Runtime/WindowsMoviePlayer/WindowsMoviePlayer.uplugin
LogPluginManager: Loaded Plugin ScriptPlugin, From C:/Program Files/Epic Games/UE_4.14/Engine/Plugins/ScriptPlugin/ScriptPlugin.uplugin
LogPluginManager: Loaded Plugin SlateRemote, From C:/Program Files/Epic Games/UE_4.14/Engine/Plugins/Slate/SlateRemote/SlateRemote.uplugin
LogPluginManager: Loaded Plugin EditorTests, From C:/Program Files/Epic Games/UE_4.14/Engine/Plugins/Tests/EditorTests/EditorTests.uplugin
LogPluginManager: Loaded Plugin FbxAutomationTestBuilder, From C:/Program Files/Epic Games/UE_4.14/Engine/Plugins/Tests/FbxAutomationTestBuilder/FbxAutomationTestBuilder.uplugin
LogPluginManager: Loaded Plugin FunctionalTestingEditor, From C:/Program Files/Epic Games/UE_4.14/Engine/Plugins/Tests/FunctionalTestingEditor/FunctionalTestingEditor.uplugin
LogPluginManager: Loaded Plugin RuntimeTests, From C:/Program Files/Epic Games/UE_4.14/Engine/Plugins/Tests/RuntimeTests/RuntimeTests.uplugin
LogPluginManager: Loaded Plugin ScreenshotTools, From C:/Program Files/Epic Games/UE_4.14/Engine/Plugins/Tests/ScreenshotTools/ScreenshotTools.uplugin
LogInit: Using libcurl 7.47.1
LogInit:  - built for x86_64-pc-win32
LogInit:  - supports SSL with OpenSSL/1.0.2g
LogInit:  - supports HTTP deflate (compression) using libz 1.2.8
LogInit:  - other features:
LogInit:      CURL_VERSION_SSL
LogInit:      CURL_VERSION_LIBZ
LogInit:      CURL_VERSION_IPV6
LogInit:      CURL_VERSION_ASYNCHDNS
LogInit:      CURL_VERSION_LARGEFILE
LogInit:      CURL_VERSION_IDN
LogInit:  CurlRequestOptions (configurable via config and command line):
LogInit:  - bVerifyPeer = false  - Libcurl will NOT verify peer certificate
LogInit:  - bUseHttpProxy = false  - Libcurl will NOT use HTTP proxy
LogInit:  - bDontReuseConnections = false  - Libcurl will reuse connections
LogInit:  - CertBundlePath = nullptr  - Libcurl will use whatever was configured at build time.
LogInit: Build: ++UE4+Release-4.14-CL-3249277
LogInit: Engine Version: 4.14.3-3249277+++UE4+Release-4.14
LogInit: Compatible Engine Version: 4.14.0-3195953+++UE4+Release-4.14
LogInit: Net CL: 3195953
LogDevObjectVersion: Number of dev versions registered: 13
LogDevObjectVersion:   Dev-Blueprints (B0D832E4-1F89-4F0D-ACCF-7EB736FD4AA2): 7
LogDevObjectVersion:   Dev-Build (E1C64328-A22C-4D53-A36C-8E866417BD8C): 0
LogDevObjectVersion:   Dev-Core (375EC13C-06E4-48FB-B500-84F0262A717E): 1
LogDevObjectVersion:   Dev-Editor (E4B068ED-F494-42E9-A231-DA0B2E46BB41): 8
LogDevObjectVersion:   Dev-Framework (CFFC743F-43B0-4480-9391-14DF171D2073): 17
LogDevObjectVersion:   Dev-Mobile (B02B49B5-BB20-44E9-A304-32B752E40360): 0
LogDevObjectVersion:   Dev-Networking (A4E4105C-59A1-49B5-A7C5-40C4547EDFEE): 0
LogDevObjectVersion:   Dev-Online (39C831C9-5AE6-47DC-9A44-9C173E1C8E7C): 0
LogDevObjectVersion:   Dev-Physics (78F01B33-EBEA-4F98-B9B4-84EACCB95AA2): 0
LogDevObjectVersion:   Dev-Platform (6631380F-2D4D-43E0-8009-CF276956A95A): 0
LogDevObjectVersion:   Dev-Rendering (12F88B9F-8875-4AFC-A67C-D90C383ABD29): 12
LogDevObjectVersion:   Dev-Sequencer (7B5AE74C-D270-4C10-A958-57980B212A5A): 1
LogDevObjectVersion:   Dev-VR (D7296918-1DD6-4BDD-9DE2-64A83CC13884): 0
LogInit: Compiled (64-bit): Jan  6 2017 10:49:43
LogInit: Compiled with Visual C++: 19.00.23026.00
LogInit: Build Configuration: Development
LogInit: Branch Name: ++UE4+Release-4.14
LogInit: Command line: 
LogInit: Base directory: C:/Program Files/Epic Games/UE_4.14/Engine/Binaries/Win64/
LogInit: Installed Engine Build: 1
LogInit: Presizing for max 8388607 objects, including 0 objects not considered by GC, pre-allocating 0 bytes for permanent pool.
LogInit: Object subsystem initialized
[2018.08.23-00.53.51:710][  0]LogInit: Selected Device Profile: [Windows]
[2018.08.23-00.53.51:711][  0]LogInit: Applying CVar settings loaded from the selected device profile: [Windows]
[2018.08.23-00.53.51:838][  0]LogInit: Computer: LAPTOP-RVR0KLH5
[2018.08.23-00.53.51:838][  0]LogInit: User: Darry
[2018.08.23-00.53.51:838][  0]LogInit: CPU Page size=65536, Cores=6
[2018.08.23-00.53.51:838][  0]LogInit: High frequency timer resolution =2.156252 MHz
[2018.08.23-00.53.51:839][  0]LogMemory: Memory total: Physical=15.9GB (16GB approx)
[2018.08.23-00.53.51:839][  0]LogMemory: Platform Memory Stats for Windows
[2018.08.23-00.53.51:839][  0]LogMemory: Process Physical Memory: 265.23 MB used, 265.23 MB peak
[2018.08.23-00.53.51:839][  0]LogMemory: Process Virtual Memory: 269.00 MB used, 269.00 MB peak
[2018.08.23-00.53.51:839][  0]LogMemory: Physical Memory: 5328.97 MB used,  10957.72 MB free, 16286.69 MB total
[2018.08.23-00.53.51:839][  0]LogMemory: Virtual Memory: 718.58 MB used,  10957.72 MB free, 134217728.00 MB total
[2018.08.23-00.53.51:904][  0]LogInit: Overriding culture en with editor configuration.
[2018.08.23-00.53.52:535][  0]LogD3D11RHI: D3D11 adapters:
[2018.08.23-00.53.52:585][  0]LogD3D11RHI:    0. 'NVIDIA GeForce GTX 1070 with Max-Q Design' (Feature Level 11_0)
[2018.08.23-00.53.52:585][  0]LogD3D11RHI:       8089/0/8143 MB DedicatedVideo/DedicatedSystem/SharedSystem, Outputs:1, VendorId:0x10de
[2018.08.23-00.53.52:599][  0]LogD3D11RHI:    1. 'Intel(R) UHD Graphics 630' (Feature Level 11_0)
[2018.08.23-00.53.52:599][  0]LogD3D11RHI:       128/0/8143 MB DedicatedVideo/DedicatedSystem/SharedSystem, Outputs:0, VendorId:0x8086
[2018.08.23-00.53.52:601][  0]LogD3D11RHI:    2. 'Microsoft Basic Render Driver' (Feature Level 11_0)
[2018.08.23-00.53.52:601][  0]LogD3D11RHI:       0/0/8143 MB DedicatedVideo/DedicatedSystem/SharedSystem, Outputs:0, VendorId:0x1414
[2018.08.23-00.53.52:601][  0]LogD3D11RHI: Chosen D3D11 Adapter: 0
[2018.08.23-00.53.52:606][  0]LogD3D11RHI: Creating new Direct3DDevice
[2018.08.23-00.53.52:606][  0]LogD3D11RHI:     GPU DeviceId: 0x1ba1 (for the marketing name, search the web for "GPU Device Id")
[2018.08.23-00.53.52:606][  0]LogWindows: EnumDisplayDevices:
[2018.08.23-00.53.52:606][  0]LogWindows:    0. 'Intel(R) UHD Graphics 630' (P:1 D:1)
[2018.08.23-00.53.52:606][  0]LogWindows:    1. 'Intel(R) UHD Graphics 630' (P:0 D:0)
[2018.08.23-00.53.52:606][  0]LogWindows:    2. 'Intel(R) UHD Graphics 630' (P:0 D:0)
[2018.08.23-00.53.52:606][  0]LogWindows:    3. 'NVIDIA GeForce GTX 1070 with Max-Q Design' (P:0 D:0)
[2018.08.23-00.53.52:606][  0]LogWindows:    4. 'NVIDIA GeForce GTX 1070 with Max-Q Design' (P:0 D:0)
[2018.08.23-00.53.52:607][  0]LogWindows:    5. 'NVIDIA GeForce GTX 1070 with Max-Q Design' (P:0 D:0)
[2018.08.23-00.53.52:607][  0]LogWindows:    6. 'NVIDIA GeForce GTX 1070 with Max-Q Design' (P:0 D:0)
[2018.08.23-00.53.52:607][  0]LogWindows: DebugString: GetVideoDriverDetailsInvalid PrimaryIsNotTheChoosenAdapter GetVideoDriverDetailsInvalid PrimaryIsNotTheChoosenAdapter GetVideoDriverDetailsInvalid PrimaryIsNotTheChoosenAdapter GetVideoDriverDetailsInvalid PrimaryIsNotTheChoosenAdapter GetVideoDriverDetailsInvalid PrimaryIsNotTheChoosenAdapter GetVideoDriverDetailsInvalid PrimaryIsNotTheChoosenAdapter GetVideoDriverDetailsInvalid PrimaryIsNotTheChoosenAdapter FoundDriverCount:0 
[2018.08.23-00.53.52:607][  0]LogD3D11RHI:     Adapter Name: NVIDIA GeForce GTX 1070 with Max-Q Design
[2018.08.23-00.53.52:607][  0]LogD3D11RHI:   Driver Version: Unknown (internal:Unknown, unified:Unknown)
[2018.08.23-00.53.52:607][  0]LogD3D11RHI:      Driver Date: Unknown
[2018.08.23-00.53.52:607][  0]LogRHI: Texture pool is 1361 MB (70% of 1945 MB)
[2018.08.23-00.53.52:633][  0]LogD3D11RHI: Async texture creation enabled
[2018.08.23-00.53.52:644][  0]LogD3D11RHI: GPU Timing Frequency: 1000.000000 (Debug: 2 1)
[2018.08.23-00.53.52:644][  0]LogShaderCompilers: Guid format shader working directory is 21 characters bigger than the processId version (D:/Unreal Project/Pinball/Intermediate/Shaders/WorkingDirectory/4232/).
[2018.08.23-00.53.52:644][  0]LogShaderCompilers: Cleaned the shader compiler working directory 'C:/Users/Darry/AppData/Local/Temp/UnrealShaderWorkingDir/FB6B3355437FE31B3BA1FEB066B5C8A6/'.
[2018.08.23-00.53.52:644][  0]LogShaderCompilers:Display: Using Local Shader Compiler.
[2018.08.23-00.53.53:634][  0]LogTemp:Display: Loaded TP AllDesktopTargetPlatform
[2018.08.23-00.53.53:688][  0]LogTemp:Display: Loaded TP MacClientTargetPlatform
[2018.08.23-00.53.53:743][  0]LogTemp:Display: Loaded TP MacNoEditorTargetPlatform
[2018.08.23-00.53.53:797][  0]LogTemp:Display: Loaded TP MacServerTargetPlatform
[2018.08.23-00.53.53:852][  0]LogTemp:Display: Loaded TP MacTargetPlatform
[2018.08.23-00.53.53:906][  0]LogTemp:Display: Loaded TP WindowsClientTargetPlatform
[2018.08.23-00.53.53:960][  0]LogTemp:Display: Loaded TP WindowsNoEditorTargetPlatform
[2018.08.23-00.53.54:015][  0]LogTemp:Display: Loaded TP WindowsServerTargetPlatform
[2018.08.23-00.53.54:098][  0]LogTemp:Display: Loaded TP WindowsTargetPlatform
[2018.08.23-00.53.54:151][  0]LogTemp:Display: Loaded TP AndroidTargetPlatform
[2018.08.23-00.53.54:204][  0]LogTemp:Display: Loaded TP Android_ASTCTargetPlatform
[2018.08.23-00.53.54:256][  0]LogTemp:Display: Loaded TP Android_ATCTargetPlatform
[2018.08.23-00.53.54:310][  0]LogTemp:Display: Loaded TP Android_DXTTargetPlatform
[2018.08.23-00.53.54:362][  0]LogTemp:Display: Loaded TP Android_ETC1TargetPlatform
[2018.08.23-00.53.54:414][  0]LogTemp:Display: Loaded TP Android_ETC2TargetPlatform
[2018.08.23-00.53.54:521][  0]LogTemp:Display: Loaded TP Android_MultiTargetPlatform
[2018.08.23-00.53.54:521][  0]LogTemp:Display: Loaded TP Android_PVRTCTargetPlatform
[2018.08.23-00.53.54:563][  0]LogTemp:Display: Loaded TP HTML5TargetPlatform
[2018.08.23-00.53.54:650][  0]LogTemp:Display: Loaded TP IOSTargetPlatform
[2018.08.23-00.53.54:683][  0]LogTemp:Display: Loaded TP TVOSTargetPlatform
[2018.08.23-00.53.54:735][  0]LogTemp:Display: Loaded TP LinuxClientTargetPlatform
[2018.08.23-00.53.54:787][  0]LogTemp:Display: Loaded TP LinuxNoEditorTargetPlatform
[2018.08.23-00.53.54:840][  0]LogTemp:Display: Loaded TP LinuxServerTargetPlatform
[2018.08.23-00.53.54:893][  0]LogTemp:Display: Loaded TP LinuxTargetPlatform
[2018.08.23-00.53.54:893][  0]LogTargetPlatformManager:Display: Building Assets For Windows
[2018.08.23-00.53.55:319][  0]LogDerivedDataCache:Display: Max Cache Size: 512 MB
[2018.08.23-00.53.55:353][  0]LogDerivedDataCache: Loaded boot cache 0.03s 50MB C:/Users/Darry/AppData/Local/UnrealEngine/4.14/DerivedDataCache/Boot.ddc.
[2018.08.23-00.53.55:353][  0]LogDerivedDataCache:Display: Loaded Boot cache: C:/Users/Darry/AppData/Local/UnrealEngine/4.14/DerivedDataCache/Boot.ddc
[2018.08.23-00.53.55:353][  0]LogDerivedDataCache: FDerivedDataBackendGraph:  Pak pak cache file D:/Unreal Project/Pinball/DerivedDataCache/DDC.ddp not found, will not use a pak cache.
[2018.08.23-00.53.55:353][  0]LogDerivedDataCache: Unable to find inner node Pak for hierarchical cache Hierarchy.
[2018.08.23-00.53.55:353][  0]LogDerivedDataCache: FDerivedDataBackendGraph:  CompressedPak pak cache file D:/Unreal Project/Pinball/DerivedDataCache/Compressed.ddp not found, will not use a pak cache.
[2018.08.23-00.53.55:353][  0]LogDerivedDataCache: Unable to find inner node CompressedPak for hierarchical cache Hierarchy.
[2018.08.23-00.53.55:365][  0]LogDerivedDataCache:Display: Pak cache opened for reading ../../../Engine/DerivedDataCache/Compressed.ddp.
[2018.08.23-00.53.55:378][  0]LogDerivedDataCache: Using Local data cache path C:/Users/Darry/AppData/Local/UnrealEngine/Common/DerivedDataCache: Writable
[2018.08.23-00.53.55:559][  0]LogInit: Selected Device Profile: [Windows]
[2018.08.23-00.53.55:561][  0]LogContentStreaming: Texture pool size is 0.00 MB
[2018.08.23-00.53.55:750][  0]LogMeshUtilities: Using QuadricMeshReduction for automatic static mesh reduction
[2018.08.23-00.53.55:795][  0]LogSimplygon: Simplygon DLL not present - disabling.
[2018.08.23-00.53.55:845][  0]LogMeshUtilities: Using SimplygonSwarm for distributed automatic mesh merging
[2018.08.23-00.53.55:845][  0]LogMeshUtilities: No automatic skeletal mesh reduction module available
[2018.08.23-00.53.55:845][  0]LogMeshUtilities: No automatic mesh merging module available
[2018.08.23-00.53.56:408][  0]LogNetVersion: GetLocalNetworkVersion: CL: 3195953, ProjectName: pinball, ProjectVersion: , EngineNetworkVersion: 2, GameNetworkVersion: 0, NetworkChecksum: 1748929517
[2018.08.23-00.53.56:467][  0]LogAssetRegistry: FAssetRegistry took 0.0222 seconds to start up
[2018.08.23-00.53.56:783][  0]LogPackageLocalizationCache: Processed 3 localized package path(s) for 1 prioritized culture(s) in 0.291337 seconds
[2018.08.23-00.53.56:795][  0]LogUObjectArray: 31946 objects as part of root set at end of initial load.
[2018.08.23-00.53.56:795][  0]LogUObjectAllocator: 6935848 out of 0 bytes used by permanent object pool.
[2018.08.23-00.53.56:795][  0]LogUObjectArray: CloseDisregardForGC: 0/0 objects in disregard for GC pool
[2018.08.23-00.53.56:880][  0]LogInit: WinSock: version 1.1 (2.2), MaxSocks=32767, MaxUdp=65467
[2018.08.23-00.53.57:687][  0]LogSlate: Using Freetype 2.6.0
[2018.08.23-00.53.57:687][  0]LogSlate: SlateFontCache - WITH_FREETYPE: 1, WITH_HARFBUZZ: 1
[2018.08.23-00.53.57:687][  0]LogSlate: SlateFontCache - WITH_FREETYPE: 1, WITH_HARFBUZZ: 1
[2018.08.23-00.53.58:345][  0]LogTcpMessaging: Initializing TcpMessaging bridge
[2018.08.23-00.53.58:387][  0]LogUdpMessaging: Initializing bridge on interface 0.0.0.0:0 to multicast group 230.0.0.1:6666.
[2018.08.23-00.53.58:881][  0]LogMaterial: Uniform references updated for custom material expression Custom.
[2018.08.23-00.53.59:321][  0]SourceControl: Info Source control is disabled
[2018.08.23-00.53.59:324][  0]SourceControl: Info Source control is disabled
[2018.08.23-00.53.59:407][  0]SourceControl: Info Source control is disabled
[2018.08.23-00.53.59:456][  0]SourceControl: Info Source control is disabled
[2018.08.23-00.54.00:788][  0]LogEngine: Initializing Engine...
[2018.08.23-00.54.00:789][  0]LogHMD: Failed to initialize OpenVR with code 110
[2018.08.23-00.54.01:008][  0]LogAIModule: Creating AISystem for world Untitled
[2018.08.23-00.54.01:017][  0]LogInit: XAudio2 using 'Speakers (Realtek(R) Audio)' : 2 channels at 48 kHz using 32 bits per sample (channel mask 0x3)
[2018.08.23-00.54.01:054][  0]LogInit: FAudioDevice initialized.
[2018.08.23-00.54.01:077][  0]LogDerivedDataCache: Saved boot cache 0.02s 50MB C:/Users/Darry/AppData/Local/UnrealEngine/4.14/DerivedDataCache/Boot.ddc.
[2018.08.23-00.54.01:081][  0]LogInit: Texture streaming: Enabled
[2018.08.23-00.54.01:296][  0]LogInit: Transaction tracking system initialized
[2018.08.23-00.54.01:661][  0]BlueprintLog: New page: Editor Load
[2018.08.23-00.54.02:619][  0]LocalizationService: Info Localization service is disabled
[2018.08.23-00.54.03:337][  0]LogConsoleResponse:Display: 
[2018.08.23-00.54.03:487][  0]LogCook:Display: Max memory allowance for cook 16384mb min free memory 0mb
[2018.08.23-00.54.03:487][  0]LogCook:Display: Mobile HDR setting 1
[2018.08.23-00.54.03:870][  0]LogFileCache: Scanning file cache for directory 'D:/Unreal Project/Pinball/Content/' took 0.01s
[2018.08.23-00.54.04:514][  0]SourceControl: Info Source control is disabled
[2018.08.23-00.54.04:514][  0]Cmd: MAP LOAD FILE="../../../Engine/Content/Maps/Templates/Template_Default.umap" TEMPLATE=1 SHOWPROGRESS=1 FEATURELEVEL=3
[2018.08.23-00.54.04:515][  0]LightingResults: New page: Lighting Build
[2018.08.23-00.54.04:559][  0]MapCheck: New page: Map Check
[2018.08.23-00.54.04:559][  0]LightingResults: New page: Lighting Build
[2018.08.23-00.54.04:748][  0]LogAIModule: Creating AISystem for world Untitled_1
[2018.08.23-00.54.04:749][  0]LogActorComponent: RegisterComponentWithWorld: (/Temp/Untitled_1.Untitled_1:PersistentLevel.WorldSettings_1.StaticMeshComponent0) Trying to register component with IsPendingKill() == true. Aborting.
[2018.08.23-00.54.04:752][  0]LogEditorServer: Finished looking for orphan Actors (0.000 secs)
[2018.08.23-00.54.04:755][  0]Cmd: MAP CHECKDEP NOCLEARLOG
[2018.08.23-00.54.04:814][  0]MapCheck: Info Map check complete: 0 Error(s), 0 Warning(s), took 58.228ms to complete.
[2018.08.23-00.54.04:814][  0]LogFileHelpers: Loading map 'Template_Default' took 0.299
[2018.08.23-00.54.04:915][  0]LogWindowsTextInputMethodSystem:Display: IME system now activated using TSF (微软拼音).
[2018.08.23-00.54.05:065][  0]LogCollectionManager: Loaded 0 collections in 0.001484 seconds
[2018.08.23-00.54.05:215][  0]LogFileCache: Scanning file cache for directory 'D:/Unreal Project/Pinball/Saved/Collections/' took 0.01s
[2018.08.23-00.54.05:215][  0]LogFileCache: Scanning file cache for directory 'D:/Unreal Project/Pinball/Content/Developers/Darry/Collections/' took 0.01s
[2018.08.23-00.54.05:215][  0]LogFileCache: Scanning file cache for directory 'D:/Unreal Project/Pinball/Content/Collections/' took 0.01s
[2018.08.23-00.54.05:215][  0]LogCollectionManager: Rebuilt the GUID cache for 0 collections in 0.000002 seconds
[2018.08.23-00.54.05:226][  0]LogContentBrowser: Native class hierarchy populated in 0.0077 seconds. Added 2190 classes and 428 folders.
[2018.08.23-00.54.05:297][  0]LogStats: UGameplayTagsManager::ConstructGameplayTagTree: Construct from data asset -  0.000 s
[2018.08.23-00.54.05:297][  0]LogStats: UGameplayTagsManager::ConstructGameplayTagTree: GameplayTagTreeChangedEvent.Broadcast -  0.000 s
[2018.08.23-00.54.05:298][  0]LogContentBrowser: Native class hierarchy updated for 'GameplayTags' in 0.0004 seconds. Added 13 classes and 0 folders.
[2018.08.23-00.54.05:365][  0]LogContentBrowser: Native class hierarchy updated for 'WidgetCarousel' in 0.0003 seconds. Added 0 classes and 0 folders.
[2018.08.23-00.54.05:465][  0]LogContentBrowser: Native class hierarchy updated for 'AddContentDialog' in 0.0004 seconds. Added 0 classes and 0 folders.
[2018.08.23-00.54.05:514][  0]LogContentBrowser: Native class hierarchy updated for 'SceneOutliner' in 0.0004 seconds. Added 1 classes and 2 folders.
[2018.08.23-00.54.05:681][  0]LogCrashTracker: Crashtracker disabled due to settings.
[2018.08.23-00.54.05:692][  0]LogUObjectGlobals:Warning: Failed to find object 'Class None.'
[2018.08.23-00.54.05:784][  0]LogContentBrowser: Native class hierarchy updated for 'HierarchicalLODOutliner' in 0.0005 seconds. Added 1 classes and 2 folders.
[2018.08.23-00.54.05:785][  0]LogLoad: (Engine Initialization) Total time: 17.19 seconds
[2018.08.23-00.54.05:785][  0]LogLoad: (Engine Initialization) Total Blueprint compile time: 0.08 seconds
[2018.08.23-00.54.05:785][  0]LogExternalProfiler: No external profilers were discovered.  External profiling features will not be available.
[2018.08.23-00.54.05:804][  0]LogOcInput: OculusInput pre-init called
[2018.08.23-00.54.05:841][  0]LogContentStreaming: Texture pool size now 1000 MB
[2018.08.23-00.54.05:990][  0]LogRenderer: Reallocating scene render targets to support 1208x576 NumSamples 1 (Frame:2).
[2018.08.23-00.54.06:041][  1]LogFileCache: Retrieving MD5 hashes for directory 'D:/Unreal Project/Pinball/Content/' took 0.22s
[2018.08.23-00.54.06:050][  1]LogAssetRegistry: Asset discovery search completed in 9.6052 seconds
[2018.08.23-00.54.06:050][  1]LogCollectionManager: Rebuilt the object cache for 0 collections in 0.000001 seconds (found 0 objects)
[2018.08.23-00.54.06:050][  1]LogCollectionManager: Fixed up redirectors for 0 collections in 0.000013 seconds (updated 0 objects)
[2018.08.23-00.54.43:259][222]LogAIModule: Creating AISystem for world Test_level
[2018.08.23-00.54.43:295][222]Cmd: MAP LOAD FILE="D:/Unreal Project/Pinball/Content/Test_level.umap" TEMPLATE=0 SHOWPROGRESS=1 FEATURELEVEL=3
[2018.08.23-00.54.43:295][222]LightingResults: New page: Lighting Build
[2018.08.23-00.54.43:296][222]LoadErrors: New page: Loading map: Test_level.umap
[2018.08.23-00.54.43:296][222]MapCheck: New page: Map Check
[2018.08.23-00.54.43:296][222]LightingResults: New page: Lighting Build
[2018.08.23-00.54.43:313][222]LogEditorServer: Finished looking for orphan Actors (0.000 secs)
[2018.08.23-00.54.43:339][222]Cmd: MAP CHECKDEP NOCLEARLOG
[2018.08.23-00.54.43:407][222]MapCheck: Info Map check complete: 0 Error(s), 0 Warning(s), took 68.232ms to complete.
[2018.08.23-00.54.43:407][222]LogFileHelpers: Loading map 'Test_level' took 0.113
[2018.08.23-00.54.53:132][802]LogTemp: Repeting last play command: Selected Viewport
[2018.08.23-00.54.53:158][802]LogPlayLevel: PlayLevel: No blueprints needed recompiling
[2018.08.23-00.54.53:161][802]PIE: New page: PIE session: Test_level (Aug 23, 2018, 8:54:53 PM)
[2018.08.23-00.54.53:161][802]LogPlayLevel: Creating play world package: /Game/UEDPIE_1_Test_level
[2018.08.23-00.54.53:162][802]LogPlayLevel: PIE: StaticDuplicateObject took: (0.001302s)
[2018.08.23-00.54.53:163][802]LogAIModule: Creating AISystem for world Test_level
[2018.08.23-00.54.53:163][802]LogPlayLevel: PIE: World Init took: (0.000484s)
[2018.08.23-00.54.53:163][802]LogPlayLevel: PIE: Created PIE world by copying editor world from /Game/Test_level.Test_level to /Game/UEDPIE_1_Test_level.Test_level (0.002371s)
[2018.08.23-00.54.53:172][802]LogInit: XAudio2 using 'Speakers (Realtek(R) Audio)' : 2 channels at 48 kHz using 32 bits per sample (channel mask 0x3)
[2018.08.23-00.54.53:180][802]LogInit: FAudioDevice initialized.
[2018.08.23-00.54.53:234][802]LogLoad: Game class is 'GameModeBase'
[2018.08.23-00.54.53:243][802]LogWorld: Bringing World /Game/UEDPIE_1_Test_level.Test_level up for play (max tick rate 60) at 2018.08.23-10.54.53
[2018.08.23-00.54.53:244][802]LogWorld: Bringing up level for play took: 0.002990
[2018.08.23-00.54.53:320][802]LogContentBrowser: Native class hierarchy updated for 'MovieSceneCapture' in 0.0004 seconds. Added 11 classes and 0 folders.
[2018.08.23-00.54.53:323][802]LogInit: WinSock: Socket queue 131072 / 131072
[2018.08.23-00.54.53:324][802]LogInit: WinSock: I am LAPTOP-RVR0KLH5 (118.138.83.199:0)
[2018.08.23-00.54.53:324][802]PacketHandlerLog: Loaded PacketHandler component: Engine.EngineHandlerComponentFactory (StatelessConnectHandlerComponent)
[2018.08.23-00.54.53:325][802]LogNet: GameNetDriver IpNetDriver_0 IpNetDriver listening on port 7777
[2018.08.23-00.54.53:325][802]PIE: Info Play in editor start time for /Game/UEDPIE_1_Test_level -0.756
[2018.08.23-00.54.53:326][802]PIE: New page: PIE session: Test_level (Aug 23, 2018, 8:54:53 PM)
[2018.08.23-00.54.53:372][802]LogNet: Browse: 127.0.0.1//Engine/Maps/Entry
[2018.08.23-00.54.53:372][802]LogInit: WinSock: Socket queue 32768 / 32768
[2018.08.23-00.54.53:373][802]PacketHandlerLog: Loaded PacketHandler component: Engine.EngineHandlerComponentFactory (StatelessConnectHandlerComponent)
[2018.08.23-00.54.53:373][802]LogNet: Game client on port 7777, rate 10000
[2018.08.23-00.54.53:373][802]LogNetVersion: GetLocalNetworkVersion: CL: 3195953, ProjectName: pinball, ProjectVersion: 1.0.0.0, EngineNetworkVersion: 2, GameNetworkVersion: 0, NetworkChecksum: 2867694331
[2018.08.23-00.54.53:373][802]LogNet: UPendingNetGame::InitNetDriver: Sending hello. [UNetConnection] RemoteAddr: 127.0.0.1:7777, Name: IpConnection_0, Driver: PendingNetDriver IpNetDriver_1, IsServer: NO, PC: NULL, Owner: NULL
[2018.08.23-00.54.53:379][802]PIE: Info Play in editor start time for /Engine/Maps/Entry -0.702
[2018.08.23-00.54.53:393][802]LogHandshake: SendConnectChallenge. Timestamp: 0.016673, Cookie: 034175182179237098079114186198140188240027047148018128173004
[2018.08.23-00.54.53:451][802]LogHandshake: SendChallengeResponse. Timestamp: 0.016673, Cookie: 034175182179237098079114186198140188240027047148018128173004
[2018.08.23-00.54.53:496][803]LogNet: Server accepting post-challenge connection from: 127.0.0.1:56484
[2018.08.23-00.54.53:496][803]PacketHandlerLog: Loaded PacketHandler component: Engine.EngineHandlerComponentFactory (StatelessConnectHandlerComponent)
[2018.08.23-00.54.53:496][803]LogNet: NotifyAcceptedConnection: Name: Test_level, TimeStamp: 08/23/18 10:54:53, [UNetConnection] RemoteAddr: 127.0.0.1:56484, Name: IpConnection_1, Driver: GameNetDriver IpNetDriver_0, IsServer: YES, PC: NULL, Owner: NULL
[2018.08.23-00.54.53:496][803]LogNet: AddClientConnection: Added client connection: [UNetConnection] RemoteAddr: 127.0.0.1:56484, Name: IpConnection_1, Driver: GameNetDriver IpNetDriver_0, IsServer: YES, PC: NULL, Owner: NULL
[2018.08.23-00.54.53:528][805]LogNet: NotifyAcceptingChannel Control 0 server World /Game/UEDPIE_1_Test_level.Test_level: Accepted
[2018.08.23-00.54.53:529][805]LogNet: Remote platform little endian=1
[2018.08.23-00.54.53:529][805]LogNet: This platform little endian=1
[2018.08.23-00.54.53:545][806]LogNet: Login request: /Engine/Maps/Entry userId: Invalid
[2018.08.23-00.54.53:545][806]LogNet: Welcomed by server (Level: /Game/UEDPIE_1_Test_level, Game: /Script/Engine.GameModeBase)
[2018.08.23-00.54.53:546][806]LogLoad: LoadMap: 127.0.0.1//Game/UEDPIE_1_Test_level?game=/Script/Engine.GameModeBase
[2018.08.23-00.54.53:552][806]Cmd: MEM
[2018.08.23-00.54.53:559][806]LogMemory: Platform Memory Stats for Windows
[2018.08.23-00.54.53:559][806]LogMemory: Process Physical Memory: 933.13 MB used, 984.60 MB peak
[2018.08.23-00.54.53:559][806]LogMemory: Process Virtual Memory: 1374.18 MB used, 1374.18 MB peak
[2018.08.23-00.54.53:559][806]LogMemory: Physical Memory: 5253.93 MB used,  11032.76 MB free, 16286.69 MB total
[2018.08.23-00.54.53:559][806]LogMemory: Virtual Memory: 2292.05 MB used,  11032.76 MB free, 134217728.00 MB total
[2018.08.23-00.54.53:559][806]LogMemory: 
[2018.08.23-00.54.53:559][806]Allocator Stats for TBB: (not implemented)
[2018.08.23-00.54.53:562][806]LogAIModule: Creating AISystem for world Test_level
[2018.08.23-00.54.53:565][806]LogWorld: Bringing World /Game/UEDPIE_2_Test_level.Test_level up for play (max tick rate 60) at 2018.08.23-10.54.53
[2018.08.23-00.54.53:565][806]LogWorld: Bringing up level for play took: 0.000763
[2018.08.23-00.54.53:565][806]LogLoad: Took 0.019326 seconds to LoadMap(/Game/UEDPIE_1_Test_level)
[2018.08.23-00.54.53:574][807]LogRenderer: Reallocating scene render targets to support 1280x720 NumSamples 1 (Frame:2824).
[2018.08.23-00.54.53:574][807]LogNet: Client netspeed is 10000
[2018.08.23-00.54.53:574][807]LogNet: Join request: /Engine/Maps/Entry?SplitscreenCount=1
[2018.08.23-00.54.53:577][807]LogNet: Join succeeded: 257
[2018.08.23-00.55.38:534][493]LogNet: UChannel::CleanUp: ChIndex == 0. Closing connection. [UChannel] ChIndex: 0, Closing: 0 [UNetConnection] RemoteAddr: 127.0.0.1:56484, Name: IpConnection_1, Driver: GameNetDriver IpNetDriver_0, IsServer: YES, PC: None, Owner: None
[2018.08.23-00.55.38:534][493]LogNet: UNetConnection::Close: [UNetConnection] RemoteAddr: 127.0.0.1:56484, Name: IpConnection_1, Driver: GameNetDriver IpNetDriver_0, IsServer: YES, PC: None, Owner: None, Channels: 2, Time: 2018.08.23-00.55.38
[2018.08.23-00.55.38:534][493]LogNet: UChannel::Close: Sending CloseBunch. ChIndex == 0. Name: [UChannel] ChIndex: 0, Closing: 0 [UNetConnection] RemoteAddr: 127.0.0.1:56484, Name: IpConnection_1, Driver: GameNetDriver IpNetDriver_0, IsServer: YES, PC: None, Owner: None
[2018.08.23-00.55.38:534][493]LogNet: UChannel::CleanUp: ChIndex == 0. Closing connection. [UChannel] ChIndex: 0, Closing: 0 [UNetConnection] RemoteAddr: 127.0.0.1:7777, Name: IpConnection_0, Driver: GameNetDriver IpNetDriver_1, IsServer: NO, PC: None, Owner: None
[2018.08.23-00.55.38:534][493]LogNet: UNetConnection::Close: [UNetConnection] RemoteAddr: 127.0.0.1:7777, Name: IpConnection_0, Driver: GameNetDriver IpNetDriver_1, IsServer: NO, PC: None, Owner: None, Channels: 2, Time: 2018.08.23-00.55.38
[2018.08.23-00.55.38:535][493]LogNet: UChannel::Close: Sending CloseBunch. ChIndex == 0. Name: [UChannel] ChIndex: 0, Closing: 0 [UNetConnection] RemoteAddr: 127.0.0.1:7777, Name: IpConnection_0, Driver: GameNetDriver IpNetDriver_1, IsServer: NO, PC: None, Owner: None
[2018.08.23-00.55.38:541][493]LogExit: GameNetDriver None shut down
[2018.08.23-00.55.38:541][493]LogExit: GameNetDriver None shut down
[2018.08.23-00.56.09:910][367]LogTemp: Repeting last play command: Selected Viewport
[2018.08.23-00.56.09:930][367]LogPlayLevel: PlayLevel: No blueprints needed recompiling
[2018.08.23-00.56.09:931][367]PIE: New page: PIE session: Test_level (Aug 23, 2018, 8:56:09 PM)
[2018.08.23-00.56.09:931][367]LogPlayLevel: Creating play world package: /Game/UEDPIE_1_Test_level
[2018.08.23-00.56.09:932][367]LogPlayLevel: PIE: StaticDuplicateObject took: (0.001158s)
[2018.08.23-00.56.09:932][367]LogAIModule: Creating AISystem for world Test_level
[2018.08.23-00.56.09:933][367]LogPlayLevel: PIE: World Init took: (0.000423s)
[2018.08.23-00.56.09:933][367]LogPlayLevel: PIE: Created PIE world by copying editor world from /Game/Test_level.Test_level to /Game/UEDPIE_1_Test_level.Test_level (0.001706s)
[2018.08.23-00.56.09:942][367]LogInit: XAudio2 using 'Speakers (Realtek(R) Audio)' : 2 channels at 48 kHz using 32 bits per sample (channel mask 0x3)
[2018.08.23-00.56.09:952][367]LogInit: FAudioDevice initialized.
[2018.08.23-00.56.09:981][367]LogLoad: Game class is 'GameModeBase'
[2018.08.23-00.56.09:984][367]LogWorld: Bringing World /Game/UEDPIE_1_Test_level.Test_level up for play (max tick rate 60) at 2018.08.23-10.56.09
[2018.08.23-00.56.09:984][367]LogWorld: Bringing up level for play took: 0.001009
[2018.08.23-00.56.09:985][367]LogInit: WinSock: Socket queue 131072 / 131072
[2018.08.23-00.56.09:985][367]PacketHandlerLog: Loaded PacketHandler component: Engine.EngineHandlerComponentFactory (StatelessConnectHandlerComponent)
[2018.08.23-00.56.09:985][367]LogNet: GameNetDriver IpNetDriver_2 IpNetDriver listening on port 7777
[2018.08.23-00.56.09:985][367]PIE: Info Play in editor start time for /Game/UEDPIE_1_Test_level -0.095
[2018.08.23-00.56.09:986][367]PIE: New page: PIE session: Test_level (Aug 23, 2018, 8:56:09 PM)
[2018.08.23-00.56.10:053][367]LogNet: Browse: 127.0.0.1//Engine/Maps/Entry
[2018.08.23-00.56.10:053][367]LogInit: WinSock: Socket queue 32768 / 32768
[2018.08.23-00.56.10:054][367]PacketHandlerLog: Loaded PacketHandler component: Engine.EngineHandlerComponentFactory (StatelessConnectHandlerComponent)
[2018.08.23-00.56.10:054][367]LogNet: Game client on port 7777, rate 10000
[2018.08.23-00.56.10:054][367]LogNet: UPendingNetGame::InitNetDriver: Sending hello. [UNetConnection] RemoteAddr: 127.0.0.1:7777, Name: IpConnection_2, Driver: PendingNetDriver IpNetDriver_3, IsServer: NO, PC: NULL, Owner: NULL
[2018.08.23-00.56.10:061][367]PIE: Info Play in editor start time for /Engine/Maps/Entry -0.02
[2018.08.23-00.56.10:079][367]LogHandshake: SendConnectChallenge. Timestamp: 0.016667, Cookie: 204119236210003120226058218224103246158063243092110140048216
[2018.08.23-00.56.10:081][367]LogHandshake: SendChallengeResponse. Timestamp: 0.016667, Cookie: 204119236210003120226058218224103246158063243092110140048216
[2018.08.23-00.56.10:138][368]LogNet: Server accepting post-challenge connection from: 127.0.0.1:63401
[2018.08.23-00.56.10:139][368]PacketHandlerLog: Loaded PacketHandler component: Engine.EngineHandlerComponentFactory (StatelessConnectHandlerComponent)
[2018.08.23-00.56.10:139][368]LogNet: NotifyAcceptedConnection: Name: Test_level, TimeStamp: 08/23/18 10:56:10, [UNetConnection] RemoteAddr: 127.0.0.1:63401, Name: IpConnection_3, Driver: GameNetDriver IpNetDriver_2, IsServer: YES, PC: NULL, Owner: NULL
[2018.08.23-00.56.10:139][368]LogNet: AddClientConnection: Added client connection: [UNetConnection] RemoteAddr: 127.0.0.1:63401, Name: IpConnection_3, Driver: GameNetDriver IpNetDriver_2, IsServer: YES, PC: NULL, Owner: NULL
[2018.08.23-00.56.10:173][370]LogNet: NotifyAcceptingChannel Control 0 server World /Game/UEDPIE_1_Test_level.Test_level: Accepted
[2018.08.23-00.56.10:173][370]LogNet: Remote platform little endian=1
[2018.08.23-00.56.10:173][370]LogNet: This platform little endian=1
[2018.08.23-00.56.10:189][371]LogNet: Login request: /Engine/Maps/Entry userId: Invalid
[2018.08.23-00.56.10:190][371]LogNet: Welcomed by server (Level: /Game/UEDPIE_1_Test_level, Game: /Script/Engine.GameModeBase)
[2018.08.23-00.56.10:190][371]LogLoad: LoadMap: 127.0.0.1//Game/UEDPIE_1_Test_level?game=/Script/Engine.GameModeBase
[2018.08.23-00.56.10:196][371]Cmd: MEM
[2018.08.23-00.56.10:202][371]LogMemory: Platform Memory Stats for Windows
[2018.08.23-00.56.10:202][371]LogMemory: Process Physical Memory: 953.85 MB used, 984.60 MB peak
[2018.08.23-00.56.10:202][371]LogMemory: Process Virtual Memory: 1430.86 MB used, 1581.45 MB peak
[2018.08.23-00.56.10:202][371]LogMemory: Physical Memory: 5287.04 MB used,  10999.66 MB free, 16286.69 MB total
[2018.08.23-00.56.10:202][371]LogMemory: Virtual Memory: 2396.93 MB used,  10999.66 MB free, 134217728.00 MB total
[2018.08.23-00.56.10:202][371]LogMemory: 
[2018.08.23-00.56.10:202][371]Allocator Stats for TBB: (not implemented)
[2018.08.23-00.56.10:204][371]LogAIModule: Creating AISystem for world Test_level
[2018.08.23-00.56.10:206][371]LogWorld: Bringing World /Game/UEDPIE_2_Test_level.Test_level up for play (max tick rate 60) at 2018.08.23-10.56.10
[2018.08.23-00.56.10:207][371]LogWorld: Bringing up level for play took: 0.001367
[2018.08.23-00.56.10:207][371]LogLoad: Took 0.017106 seconds to LoadMap(/Game/UEDPIE_1_Test_level)
[2018.08.23-00.56.10:215][372]LogNet: Client netspeed is 10000
[2018.08.23-00.56.10:215][372]LogNet: Join request: /Engine/Maps/Entry?SplitscreenCount=1
[2018.08.23-00.56.10:215][372]LogNet: Join succeeded: 259
[2018.08.23-00.59.04:508][821]LogNet: UChannel::CleanUp: ChIndex == 0. Closing connection. [UChannel] ChIndex: 0, Closing: 0 [UNetConnection] RemoteAddr: 127.0.0.1:63401, Name: IpConnection_3, Driver: GameNetDriver IpNetDriver_2, IsServer: YES, PC: None, Owner: None
[2018.08.23-00.59.04:508][821]LogNet: UNetConnection::Close: [UNetConnection] RemoteAddr: 127.0.0.1:63401, Name: IpConnection_3, Driver: GameNetDriver IpNetDriver_2, IsServer: YES, PC: None, Owner: None, Channels: 2, Time: 2018.08.23-00.59.04
[2018.08.23-00.59.04:508][821]LogNet: UChannel::Close: Sending CloseBunch. ChIndex == 0. Name: [UChannel] ChIndex: 0, Closing: 0 [UNetConnection] RemoteAddr: 127.0.0.1:63401, Name: IpConnection_3, Driver: GameNetDriver IpNetDriver_2, IsServer: YES, PC: None, Owner: None
[2018.08.23-00.59.04:508][821]LogNet: UChannel::CleanUp: ChIndex == 0. Closing connection. [UChannel] ChIndex: 0, Closing: 0 [UNetConnection] RemoteAddr: 127.0.0.1:7777, Name: IpConnection_2, Driver: GameNetDriver IpNetDriver_3, IsServer: NO, PC: None, Owner: None
[2018.08.23-00.59.04:508][821]LogNet: UNetConnection::Close: [UNetConnection] RemoteAddr: 127.0.0.1:7777, Name: IpConnection_2, Driver: GameNetDriver IpNetDriver_3, IsServer: NO, PC: None, Owner: None, Channels: 2, Time: 2018.08.23-00.59.04
[2018.08.23-00.59.04:508][821]LogNet: UChannel::Close: Sending CloseBunch. ChIndex == 0. Name: [UChannel] ChIndex: 0, Closing: 0 [UNetConnection] RemoteAddr: 127.0.0.1:7777, Name: IpConnection_2, Driver: GameNetDriver IpNetDriver_3, IsServer: NO, PC: None, Owner: None
[2018.08.23-00.59.04:515][821]LogExit: GameNetDriver None shut down
[2018.08.23-00.59.04:515][821]LogExit: GameNetDriver None shut down
[2018.08.23-01.08.34:680][773]AssetReimport: New page: Outstanding source content changes 9:08:34 PM
[2018.08.23-01.08.34:691][773]LogFactory: FactoryCreateFile: StaticMesh with FbxFactory (0 0 D:/Unreal Project/Pinball/Content/Contents/Flipper.FBX)
[2018.08.23-01.08.34:719][773]LogFbx: ItemName: GlobalSettings, ItemCount : 1
[2018.08.23-01.08.34:719][773]LogFbx: ItemName: AnimationStack, ItemCount : 1
[2018.08.23-01.08.34:719][773]LogFbx: ItemName: AnimationLayer, ItemCount : 1
[2018.08.23-01.08.34:719][773]LogFbx: ItemName: Model, ItemCount : 1
[2018.08.23-01.08.34:719][773]LogFbx: ItemName: Geometry, ItemCount : 1
[2018.08.23-01.08.34:719][773]LogFbx: ItemName: Material, ItemCount : 2
[2018.08.23-01.08.34:740][773]LogFbx: Loading FBX Scene from D:/Unreal Project/Pinball/Content/Contents/Flipper.FBX
[2018.08.23-01.08.34:753][773]LogFbx: FBX Scene Loaded Succesfully
[2018.08.23-01.08.37:054][774]LogEditorFactories: Performing atomic reimport of [D:/Unreal Project/Pinball/Content/Contents/BallSphere.FBX]
[2018.08.23-01.08.37:060][774]LogFbx: Loading FBX Scene from D:/Unreal Project/Pinball/Content/Contents/BallSphere.FBX
[2018.08.23-01.08.37:066][774]LogFbx: FBX Scene Loaded Succesfully
[2018.08.23-01.08.37:104][774]LogStaticMesh: Building static mesh BallSphere...
[2018.08.23-01.08.37:118][774]LogStaticMesh: Built static mesh [0.01s] /Game/Contents/Assets/BallSphere.BallSphere
[2018.08.23-01.08.37:263][774]LogEditorFactories: -- imported successfully
[2018.08.23-01.08.37:371][775]Cmd: OBJ SAVEPACKAGE PACKAGE="/Game/Contents/Assets/BallSphere" FILE="D:/Unreal Project/Pinball/Content/Contents/Assets/BallSphere.uasset" SILENT=true
[2018.08.23-01.08.37:483][775]LogSavePackage: Save=58.95ms
[2018.08.23-01.08.37:483][775]LogSavePackage: Moving 'D:/Unreal Project/Pinball/Saved/BallSphere07A23FEE44C68C2E892CACBF409574B8.tmp' to 'D:/Unreal Project/Pinball/Content/Contents/Assets/BallSphere.uasset'
[2018.08.23-01.08.37:492][775]LogSavePackage:Display: Finished SavePackage D:/Unreal Project/Pinball/Content/Contents/Assets/BallSphere.uasset
[2018.08.23-01.08.40:492][951]AssetReimport: Info Importing new asset /Game/Contents/Flipper.
[2018.08.23-01.08.40:492][951]AssetReimport: Info Failed to import file D:/Unreal Project/Pinball/Content/Contents/Flipper.FBX.
[2018.08.23-01.08.40:492][951]AssetReimport: Info Reimported asset BallSphere from D:/Unreal Project/Pinball/Content/Contents/BallSphere.FBX.
[2018.08.23-01.12.13:289][240]LogRenderer: Reallocating scene render targets to support 1432x924 NumSamples 1 (Frame:50910).
[2018.08.23-01.12.21:685][706]LogContentBrowser: Native class hierarchy updated for 'BlueprintGraph' in 0.0007 seconds. Added 111 classes and 0 folders.
[2018.08.23-02.10.24:985][356]BlueprintLog: New page: Compile BP_pinball
[2018.08.23-02.10.27:321][464]Cmd: OBJ SAVEPACKAGE PACKAGE="/Game/Contents/BluePrints/BP_pinball" FILE="D:/Unreal Project/Pinball/Content/Contents/BluePrints/BP_pinball.uasset" SILENT=true
[2018.08.23-02.10.29:484][464]LogSavePackage: Save=90.13ms
[2018.08.23-02.10.29:484][464]LogSavePackage: Moving 'D:/Unreal Project/Pinball/Saved/BP_pinball3C07EB01474C08DCCE41ED9CCD3AE34B.tmp' to 'D:/Unreal Project/Pinball/Content/Contents/BluePrints/BP_pinball.uasset'
[2018.08.23-02.10.29:492][464]LogSavePackage:Display: Finished SavePackage D:/Unreal Project/Pinball/Content/Contents/BluePrints/BP_pinball.uasset
[2018.08.23-02.10.30:575][527]Cmd: OBJ SAVEPACKAGE PACKAGE="/Game/Contents/BluePrints/BP_pinball" FILE="D:/Unreal Project/Pinball/Content/Contents/BluePrints/BP_pinball.uasset" SILENT=true
[2018.08.23-02.10.30:688][527]LogSavePackage: Save=55.56ms
[2018.08.23-02.10.30:688][527]LogSavePackage: Moving 'D:/Unreal Project/Pinball/Saved/BP_pinball82633EEA48F1EFC11593A1B85C4DF3E7.tmp' to 'D:/Unreal Project/Pinball/Content/Contents/BluePrints/BP_pinball.uasset'
[2018.08.23-02.10.30:691][527]LogSavePackage:Display: Finished SavePackage D:/Unreal Project/Pinball/Content/Contents/BluePrints/BP_pinball.uasset
[2018.08.23-02.13.39:895][551]Cmd: OBJ SAVEPACKAGE PACKAGE="/Game/Contents/BluePrints/BP_pinball" FILE="D:/Unreal Project/Pinball/Content/Contents/BluePrints/BP_pinball.uasset" SILENT=true
[2018.08.23-02.13.40:154][551]LogSavePackage: Save=25.41ms
[2018.08.23-02.13.40:154][551]LogSavePackage: Moving 'D:/Unreal Project/Pinball/Saved/BP_pinball610C26A8462437FC4016729E6131F858.tmp' to 'D:/Unreal Project/Pinball/Content/Contents/BluePrints/BP_pinball.uasset'
[2018.08.23-02.13.40:156][551]LogSavePackage:Display: Finished SavePackage D:/Unreal Project/Pinball/Content/Contents/BluePrints/BP_pinball.uasset
[2018.08.23-02.13.47:284][802]Cmd: OBJ SAVEPACKAGE PACKAGE="/Game/Test_level" FILE="D:/Unreal Project/Pinball/Content/Test_level.umap" SILENT=true AUTOSAVING=false KEEPDIRTY=false
[2018.08.23-02.13.47:504][802]LogSavePackage: Save=136.33ms
[2018.08.23-02.13.47:504][802]LogSavePackage: Moving 'D:/Unreal Project/Pinball/Saved/Test_level0761955B451F0EB795C3A4A988EDA4D2.tmp' to 'D:/Unreal Project/Pinball/Content/Test_level.umap'
[2018.08.23-02.13.47:537][802]LogSavePackage:Display: Finished SavePackage D:/Unreal Project/Pinball/Content/Test_level.umap
[2018.08.23-02.13.47:792][802]LogFileHelpers: Saving map 'Test_level' took 0.620
[2018.08.23-02.13.48:168][803]Cmd: QUIT_EDITOR
[2018.08.23-02.13.49:380][803]LogWindowsTextInputMethodSystem:Display: IME system now activated using TSF (微软拼音).
[2018.08.23-02.13.49:488][803]LogExit: Preparing to exit.
[2018.08.23-02.13.50:618][803]LogExit: Editor shut down
[2018.08.23-02.13.50:619][803]LogExit: Transaction tracking system shut down
[2018.08.23-02.13.50:782][803]LogObj: Freed 0b from 0 cluster array pools.
[2018.08.23-02.13.50:782][803]LogExit: Object subsystem successfully closed.
[2018.08.23-02.13.50:817][803]LogD3D11RHI: Shutdown
[2018.08.23-02.13.50:817][803]LogD3D11RHI: CleanupD3DDevice
[2018.08.23-02.13.50:929][803]LogD3D11RHI: ~FD3D11DynamicRHI
[2018.08.23-02.13.50:975][803]LogHttp:Display: Http module shutting down, but needs to wait on 1 outstanding Http requests:
[2018.08.23-02.13.50:975][803]LogHttp:Display: 	verb=[POST] url=[https://datarouter.ol.epicgames.com/datarouter/api/v1/public/data?SessionID=%7B65E8ECE7-43FA-BD70-AB69-2B9A4031EA90%7D&AppID=UEEditor.Rocket.Release&AppVersion=4.14.3-3249277%2B%2B%2BUE4%2BRelease-4.14&UserID=ffa27fa94d6e02796dc9839ceb40c893%7C3c4e2f40123147c5a204ded3eddcb2bd%7C7f64047d-132b-4211-8224-b319a13f4cf9&AppEnvironment=datacollector-binary&UploadType=eteventstream] status=Processing
[2018.08.23-02.13.51:010][803]LogModuleManager: Shutting down and abandoning module BlueprintGraph (246)
[2018.08.23-02.13.51:010][803]LogModuleManager: Shutting down and abandoning module BlueprintProfiler (245)
[2018.08.23-02.13.51:012][803]LogModuleManager: Shutting down and abandoning module StaticMeshEditor (244)
[2018.08.23-02.13.51:012][803]LogModuleManager: Shutting down and abandoning module MovieSceneCapture (242)
[2018.08.23-02.13.51:012][803]LogModuleManager: Shutting down and abandoning module HierarchicalLODOutliner (241)
[2018.08.23-02.13.51:012][803]LogModuleManager: Shutting down and abandoning module CrashTracker (240)
[2018.08.23-02.13.51:013][803]LogModuleManager: Shutting down and abandoning module SceneOutliner (239)
[2018.08.23-02.13.51:013][803]LogModuleManager: Shutting down and abandoning module WidgetCarousel (238)
[2018.08.23-02.13.51:013][803]LogModuleManager: Shutting down and abandoning module AddContentDialog (237)
[2018.08.23-02.13.51:014][803]LogDirectoryWatcher: A directory notification for 'C:/Program Files/Epic Games/UE_4.14/FeaturePacks/' was aborted.
[2018.08.23-02.13.51:014][803]LogModuleManager: Shutting down and abandoning module GameplayTags (236)
[2018.08.23-02.13.51:014][803]LogModuleManager: Shutting down and abandoning module EditorWidgets (235)
[2018.08.23-02.13.51:014][803]LogModuleManager: Shutting down and abandoning module CollectionManager (234)
[2018.08.23-02.13.51:015][803]LogDirectoryWatcher: A directory notification for 'D:/Unreal Project/Pinball/Content/Collections/' was aborted.
[2018.08.23-02.13.51:015][803]LogDirectoryWatcher: A directory notification for 'D:/Unreal Project/Pinball/Content/Developers/Darry/Collections/' was aborted.
[2018.08.23-02.13.51:015][803]LogDirectoryWatcher: A directory notification for 'D:/Unreal Project/Pinball/Saved/Collections/' was aborted.
[2018.08.23-02.13.51:015][803]LogModuleManager: Shutting down and abandoning module StatsViewer (233)
[2018.08.23-02.13.51:016][803]LogModuleManager: Shutting down and abandoning module FoliageEdit (232)
[2018.08.23-02.13.51:016][803]LogModuleManager: Shutting down and abandoning module LandscapeEditor (231)
[2018.08.23-02.13.51:017][803]LogModuleManager: Shutting down and abandoning module SceneDepthPickerMode (230)
[2018.08.23-02.13.51:017][803]LogModuleManager: Shutting down and abandoning module ActorPickerMode (229)
[2018.08.23-02.13.51:017][803]LogModuleManager: Shutting down and abandoning module GeometryMode (228)
[2018.08.23-02.13.51:017][803]LogModuleManager: Shutting down and abandoning module TextureAlignMode (227)
[2018.08.23-02.13.51:017][803]LogModuleManager: Shutting down and abandoning module BspMode (226)
[2018.08.23-02.13.51:017][803]LogModuleManager: Shutting down and abandoning module HardwareSurvey (225)
[2018.08.23-02.13.51:018][803]LogModuleManager: Shutting down and abandoning module SequenceRecorderSections (224)
[2018.08.23-02.13.51:018][803]LogModuleManager: Shutting down and abandoning module AutomationWorker (223)
[2018.08.23-02.13.51:018][803]LogModuleManager: Shutting down and abandoning module MatineeToLevelSequence (222)
[2018.08.23-02.13.51:019][803]LogModuleManager: Shutting down and abandoning module PlacementMode (221)
[2018.08.23-02.13.51:019][803]LogModuleManager: Shutting down and abandoning module LevelSequenceEditor (220)
[2018.08.23-02.13.51:021][803]LogModuleManager: Shutting down and abandoning module WmfMediaFactory (219)
[2018.08.23-02.13.51:021][803]LogModuleManager: Shutting down and abandoning module WmfMediaEditor (218)
[2018.08.23-02.13.51:021][803]LogModuleManager: Shutting down and abandoning module AvfMediaFactory (217)
[2018.08.23-02.13.51:021][803]LogModuleManager: Shutting down and abandoning module AvfMediaEditor (216)
[2018.08.23-02.13.51:021][803]LogModuleManager: Shutting down and abandoning module Media (215)
[2018.08.23-02.13.51:021][803]LogModuleManager: Shutting down and abandoning module AndroidMediaFactory (214)
[2018.08.23-02.13.51:021][803]LogModuleManager: Shutting down and abandoning module AndroidMediaEditor (213)
[2018.08.23-02.13.51:021][803]LogModuleManager: Shutting down and abandoning module CharacterAI (212)
[2018.08.23-02.13.51:021][803]LogModuleManager: Shutting down and abandoning module SequenceRecorder (211)
[2018.08.23-02.13.51:022][803]LogModuleManager: Shutting down and abandoning module AudioCapture (210)
[2018.08.23-02.13.51:022][803]LogModuleManager: Shutting down and abandoning module SmartSnapping (209)
[2018.08.23-02.13.51:022][803]LogModuleManager: Shutting down and abandoning module SessionServices (208)
[2018.08.23-02.13.51:022][803]LogModuleManager: Shutting down and abandoning module ViewportSnapping (207)
[2018.08.23-02.13.51:022][803]LogModuleManager: Shutting down and abandoning module ViewportInteraction (206)
[2018.08.23-02.13.51:022][803]LogModuleManager: Shutting down and abandoning module LogVisualizer (205)
[2018.08.23-02.13.51:023][803]LogModuleManager: Shutting down and abandoning module GameProjectGeneration (204)
[2018.08.23-02.13.51:024][803]LogModuleManager: Shutting down and abandoning module IntroTutorials (203)
[2018.08.23-02.13.51:025][803]LogModuleManager: Shutting down and abandoning module EditorLiveStreaming (202)
[2018.08.23-02.13.51:025][803]LogModuleManager: Shutting down and abandoning module IOSPlatformEditor (201)
[2018.08.23-02.13.51:025][803]LogModuleManager: Shutting down and abandoning module HTML5PlatformEditor (200)
[2018.08.23-02.13.51:025][803]LogModuleManager: Shutting down and abandoning module AndroidDeviceDetection (199)
[2018.08.23-02.13.51:151][803]LogModuleManager: Shutting down and abandoning module AndroidPlatformEditor (198)
[2018.08.23-02.13.51:159][803]LogModuleManager: Shutting down and abandoning module IOSRuntimeSettings (197)
[2018.08.23-02.13.51:159][803]LogModuleManager: Shutting down and abandoning module AndroidRuntimeSettings (196)
[2018.08.23-02.13.51:159][803]LogModuleManager: Shutting down and abandoning module InputBindingEditor (195)
[2018.08.23-02.13.51:159][803]LogModuleManager: Shutting down and abandoning module NiagaraEditor (194)
[2018.08.23-02.13.51:161][803]LogModuleManager: Shutting down and abandoning module MergeActors (193)
[2018.08.23-02.13.51:161][803]LogModuleManager: Shutting down and abandoning module SizeMap (192)
[2018.08.23-02.13.51:162][803]LogModuleManager: Shutting down and abandoning module TreeMap (191)
[2018.08.23-02.13.51:163][803]LogModuleManager: Shutting down and abandoning module ReferenceViewer (190)
[2018.08.23-02.13.51:163][803]LogModuleManager: Shutting down and abandoning module LocalizationService (189)
[2018.08.23-02.13.51:163][803]LogModuleManager: Shutting down and abandoning module LocalizationDashboard (188)
[2018.08.23-02.13.51:164][803]LogModuleManager: Shutting down and abandoning module HardwareTargeting (187)
[2018.08.23-02.13.51:165][803]LogModuleManager: Shutting down and abandoning module DeviceProfileEditor (186)
[2018.08.23-02.13.51:165][803]LogModuleManager: Shutting down and abandoning module UndoHistory (185)
[2018.08.23-02.13.51:166][803]LogModuleManager: Shutting down and abandoning module UserFeedback (184)
[2018.08.23-02.13.51:166][803]LogModuleManager: Shutting down and abandoning module XmlParser (183)
[2018.08.23-02.13.51:166][803]LogModuleManager: Shutting down and abandoning module Blutility (182)
[2018.08.23-02.13.51:166][803]LogModuleManager: Shutting down and abandoning module ProjectTargetPlatformEditor (181)
[2018.08.23-02.13.51:167][803]LogModuleManager: Shutting down and abandoning module ProjectSettingsViewer (180)
[2018.08.23-02.13.51:167][803]LogModuleManager: Shutting down and abandoning module EditorSettingsViewer (179)
[2018.08.23-02.13.51:167][803]LogModuleManager: Shutting down and abandoning module SettingsEditor (178)
[2018.08.23-02.13.51:168][803]LogModuleManager: Shutting down and abandoning module ProjectLauncher (177)
[2018.08.23-02.13.51:169][803]LogModuleManager: Shutting down and abandoning module SessionFrontend (176)
[2018.08.23-02.13.51:170][803]LogModuleManager: Shutting down and abandoning module ProfilerClient (175)
[2018.08.23-02.13.51:170][803]LogModuleManager: Shutting down and abandoning module TargetDeviceServices (174)
[2018.08.23-02.13.51:171][803]LogModuleManager: Shutting down and abandoning module DeviceManager (173)
[2018.08.23-02.13.51:221][803]LogModuleManager: Shutting down and abandoning module AutomationController (172)
[2018.08.23-02.13.51:222][803]LogModuleManager: Shutting down and abandoning module AutomationWindow (171)
[2018.08.23-02.13.51:223][803]LogModuleManager: Shutting down and abandoning module Layers (170)
[2018.08.23-02.13.51:224][803]LogModuleManager: Shutting down and abandoning module ComponentVisualizers (169)
[2018.08.23-02.13.51:224][803]LogModuleManager: Shutting down and abandoning module DetailCustomizations (168)
[2018.08.23-02.13.51:224][803]LogModuleManager: Shutting down and abandoning module PackagesDialog (167)
[2018.08.23-02.13.51:224][803]LogModuleManager: Shutting down and abandoning module AnimGraph (166)
[2018.08.23-02.13.51:224][803]LogModuleManager: Shutting down and abandoning module Persona (165)
[2018.08.23-02.13.51:225][803]LogModuleManager: Shutting down and abandoning module Kismet (164)
[2018.08.23-02.13.51:229][803]LogModuleManager: Shutting down and abandoning module GraphEditor (163)
[2018.08.23-02.13.51:229][803]LogModuleManager: Shutting down and abandoning module ClassViewer (162)
[2018.08.23-02.13.51:230][803]LogModuleManager: Shutting down and abandoning module Toolbox (161)
[2018.08.23-02.13.51:230][803]LogModuleManager: Shutting down and abandoning module ModuleUI (160)
[2018.08.23-02.13.51:231][803]LogModuleManager: Shutting down and abandoning module MovieSceneTools (159)
[2018.08.23-02.13.51:232][803]LogModuleManager: Shutting down and abandoning module OutputLog (158)
[2018.08.23-02.13.51:233][803]LogModuleManager: Shutting down and abandoning module GammaUI (157)
[2018.08.23-02.13.51:233][803]LogModuleManager: Shutting down and abandoning module Documentation (156)
[2018.08.23-02.13.51:233][803]LogModuleManager: Shutting down and abandoning module Niagara (155)
[2018.08.23-02.13.51:233][803]LogModuleManager: Shutting down and abandoning module StreamingPauseRendering (154)
[2018.08.23-02.13.51:233][803]LogModuleManager: Shutting down and abandoning module AnalyticsET (153)
[2018.08.23-02.13.51:233][803]LogModuleManager: Shutting down and abandoning module PortalServices (152)
[2018.08.23-02.13.51:233][803]LogModuleManager: Shutting down and abandoning module PortalRpc (151)
[2018.08.23-02.13.51:233][803]LogModuleManager: Shutting down and abandoning module MessagingRpc (150)
[2018.08.23-02.13.51:233][803]LogModuleManager: Shutting down and abandoning module GameplayDebugger (149)
[2018.08.23-02.13.51:233][803]LogModuleManager: Shutting down and abandoning module AITestSuite (148)
[2018.08.23-02.13.51:234][803]LogModuleManager: Shutting down and abandoning module AIModule (147)
[2018.08.23-02.13.51:234][803]LogModuleManager: Shutting down and abandoning module ProfilerService (146)
[2018.08.23-02.13.51:322][803]LogModuleManager: Shutting down and abandoning module TaskGraph (145)
[2018.08.23-02.13.51:323][803]LogModuleManager: Shutting down and abandoning module SlateRemote (144)
[2018.08.23-02.13.51:323][803]LogModuleManager: Shutting down and abandoning module SteamVRController (143)
[2018.08.23-02.13.51:323][803]LogModuleManager: Shutting down and abandoning module SteamVR (142)
[2018.08.23-02.13.51:324][803]LogModuleManager: Shutting down and abandoning module ProceduralMeshComponentEditor (141)
[2018.08.23-02.13.51:324][803]LogModuleManager: Shutting down and abandoning module ProceduralMeshComponent (140)
[2018.08.23-02.13.51:325][803]LogModuleManager: Shutting down and abandoning module OculusLibrary (139)
[2018.08.23-02.13.51:325][803]LogModuleManager: Shutting down and abandoning module OculusInput (138)
[2018.08.23-02.13.51:325][803]LogModuleManager: Shutting down and abandoning module MobilePatchingUtils (137)
[2018.08.23-02.13.51:325][803]LogModuleManager: Shutting down and abandoning module CustomMeshComponent (136)
[2018.08.23-02.13.51:325][803]LogModuleManager: Shutting down and abandoning module CableComponent (135)
[2018.08.23-02.13.51:325][803]LogModuleManager: Shutting down and abandoning module ArchVisCharacter (134)
[2018.08.23-02.13.51:325][803]LogModuleManager: Shutting down and abandoning module MediaPlayerEditor (132)
[2018.08.23-02.13.51:328][803]LogModuleManager: Shutting down and abandoning module HTML5Networking (131)
[2018.08.23-02.13.51:328][803]LogModuleManager: Shutting down and abandoning module GeometryCacheEd (130)
[2018.08.23-02.13.51:328][803]LogModuleManager: Shutting down and abandoning module GeometryCache (129)
[2018.08.23-02.13.51:328][803]LogModuleManager: Shutting down and abandoning module AlembicLibrary (128)
[2018.08.23-02.13.51:329][803]LogModuleManager: Shutting down and abandoning module AlembicImporter (127)
[2018.08.23-02.13.51:329][803]LogModuleManager: Shutting down and abandoning module SuperSearch (126)
[2018.08.23-02.13.51:329][803]LogModuleManager: Shutting down and abandoning module SuperSearchEditor (125)
[2018.08.23-02.13.51:329][803]LogModuleManager: Shutting down and abandoning module SpeedTreeImporter (124)
[2018.08.23-02.13.51:329][803]LogModuleManager: Shutting down and abandoning module PluginBrowser (123)
[2018.08.23-02.13.51:330][803]LogModuleManager: Shutting down and abandoning module MobileLauncherProfileWizard (122)
[2018.08.23-02.13.51:332][803]LogModuleManager: Shutting down and abandoning module EpicSurvey (121)
[2018.08.23-02.13.51:332][803]LogModuleManager: Shutting down and abandoning module DesktopPlatform (120)
[2018.08.23-02.13.51:332][803]LogModuleManager: Shutting down and abandoning module VisualStudioSourceCodeAccess (119)
[2018.08.23-02.13.51:332][803]LogModuleManager: Shutting down and abandoning module UObjectPlugin (118)
[2018.08.23-02.13.51:333][803]LogModuleManager: Shutting down and abandoning module SubversionSourceControl (117)
[2018.08.23-02.13.51:334][803]LogModuleManager: Shutting down and abandoning module PerforceSourceControl (116)
[2018.08.23-02.13.51:335][803]LogModuleManager: Shutting down and abandoning module SourceControl (115)
[2018.08.23-02.13.51:335][803]LogModuleManager: Shutting down and abandoning module GitSourceControl (114)
[2018.08.23-02.13.51:336][803]LogModuleManager: Shutting down and abandoning module LightPropagationVolumeEditor (113)
[2018.08.23-02.13.51:336][803]LogModuleManager: Shutting down and abandoning module PaperTiledImporter (112)
[2018.08.23-02.13.51:336][803]LogModuleManager: Shutting down and abandoning module PaperSpriteSheetImporter (111)
[2018.08.23-02.13.51:336][803]LogModuleManager: Shutting down and abandoning module MeshPaint (110)
[2018.08.23-02.13.51:336][803]LogModuleManager: Shutting down and abandoning module PixelInspectorModule (109)
[2018.08.23-02.13.51:336][803]LogModuleManager: Shutting down and abandoning module HotReload (108)
[2018.08.23-02.13.51:338][803]LogModuleManager: Shutting down and abandoning module MainFrame (107)
[2018.08.23-02.13.51:338][803]LogModuleManager: Shutting down and abandoning module LevelEditor (106)
[2018.08.23-02.13.51:340][803]LogModuleManager: Shutting down and abandoning module ContentBrowser (105)
[2018.08.23-02.13.51:341][803]LogModuleManager: Shutting down and abandoning module Paper2DEditor (104)
[2018.08.23-02.13.51:342][803]LogModuleManager: Shutting down and abandoning module UdpMessaging (103)
[2018.08.23-02.13.51:443][803]LogModuleManager: Shutting down and abandoning module TcpMessaging (102)
[2018.08.23-02.13.51:576][803]LogModuleManager: Shutting down and abandoning module LightPropagationVolumeRuntime (101)
[2018.08.23-02.13.51:576][803]LogModuleManager: Shutting down and abandoning module Paper2D (100)
[2018.08.23-02.13.51:611][803]LogModuleManager: Shutting down and abandoning module WindowsMoviePlayer (99)
[2018.08.23-02.13.51:624][803]LogModuleManager: Shutting down and abandoning module WmfMedia (98)
[2018.08.23-02.13.51:632][803]LogModuleManager: Shutting down and abandoning module MediaAssets (97)
[2018.08.23-02.13.51:632][803]LogModuleManager: Shutting down and abandoning module GameLiveStreaming (96)
[2018.08.23-02.13.51:634][803]LogModuleManager: Shutting down and abandoning module GameplayTagsEditor (95)
[2018.08.23-02.13.51:634][803]LogModuleManager: Shutting down and abandoning module VREditor (94)
[2018.08.23-02.13.51:634][803]LogModuleManager: Shutting down and abandoning module GameplayTasksEditor (93)
[2018.08.23-02.13.51:634][803]LogModuleManager: Shutting down and abandoning module BehaviorTreeEditor (92)
[2018.08.23-02.13.51:636][803]LogModuleManager: Shutting down and abandoning module FunctionalTesting (91)
[2018.08.23-02.13.51:637][803]LogModuleManager: Shutting down and abandoning module CollisionAnalyzer (90)
[2018.08.23-02.13.51:639][803]LogModuleManager: Shutting down and abandoning module Sequencer (89)
[2018.08.23-02.13.51:640][803]LogModuleManager: Shutting down and abandoning module WorkspaceMenuStructure (88)
[2018.08.23-02.13.51:640][803]LogModuleManager: Shutting down and abandoning module MessageLog (87)
[2018.08.23-02.13.51:640][803]LogModuleManager: Shutting down and abandoning module AssetTools (86)
[2018.08.23-02.13.51:644][803]LogModuleManager: Shutting down and abandoning module UMGEditor (85)
[2018.08.23-02.13.51:646][803]LogModuleManager: Shutting down and abandoning module UMG (84)
[2018.08.23-02.13.51:647][803]LogModuleManager: Shutting down and abandoning module SlateReflector (83)
[2018.08.23-02.13.51:651][803]LogModuleManager: Shutting down and abandoning module Slate (82)
[2018.08.23-02.13.51:651][803]LogModuleManager: Shutting down and abandoning module EditorStyle (81)
[2018.08.23-02.13.51:658][803]LogModuleManager: Shutting down and abandoning module SourceCodeAccess (80)
[2018.08.23-02.13.51:658][803]LogModuleManager: Shutting down and abandoning module HeadMountedDisplay (79)
[2018.08.23-02.13.51:658][803]LogModuleManager: Shutting down and abandoning module XAudio2 (78)
[2018.08.23-02.13.51:658][803]LogModuleManager: Shutting down and abandoning module Networking (76)
[2018.08.23-02.13.51:658][803]LogModuleManager: Shutting down and abandoning module Core (75)
[2018.08.23-02.13.51:658][803]LogModuleManager: Shutting down and abandoning module DirectoryWatcher (74)
[2018.08.23-02.13.51:658][803]LogDirectoryWatcher: A directory notification for '../../../Engine/Content/' was aborted.
[2018.08.23-02.13.51:658][803]LogDirectoryWatcher: A directory notification for 'D:/Unreal Project/Pinball/Content/' was aborted.
[2018.08.23-02.13.51:659][803]LogDirectoryWatcher: A directory notification for '../../../Engine/Plugins/2D/Paper2D/Content/' was aborted.
[2018.08.23-02.13.51:661][803]LogModuleManager: Shutting down and abandoning module AssetRegistry (73)
[2018.08.23-02.13.52:001][803]LogModuleManager: Shutting down and abandoning module KismetCompiler (72)
[2018.08.23-02.13.52:001][803]LogModuleManager: Shutting down and abandoning module PhysXFormats (71)
[2018.08.23-02.13.52:001][803]LogModuleManager: Shutting down and abandoning module SimplygonSwarm (70)
[2018.08.23-02.13.52:006][803]LogModuleManager: Shutting down and abandoning module SimplygonMeshReduction (69)
[2018.08.23-02.13.52:008][803]LogModuleManager: Shutting down and abandoning module QuadricMeshReduction (68)
[2018.08.23-02.13.52:013][803]LogModuleManager: Shutting down and abandoning module PropertyEditor (67)
[2018.08.23-02.13.52:013][803]LogModuleManager: Shutting down and abandoning module MeshUtilities (66)
[2018.08.23-02.13.52:020][803]LogModuleManager: Shutting down and abandoning module DerivedDataCache (65)
[2018.08.23-02.13.52:087][803]LogDerivedDataCache: Shutdown
[2018.08.23-02.13.52:087][803]LogModuleManager: Shutting down and abandoning module VulkanShaderFormat (64)
[2018.08.23-02.13.52:089][803]LogModuleManager: Shutting down and abandoning module ShaderFormatOpenGL (63)
[2018.08.23-02.13.52:093][803]LogModuleManager: Shutting down and abandoning module ShaderFormatD3D (62)
[2018.08.23-02.13.52:098][803]LogModuleManager: Shutting down and abandoning module MetalShaderFormat (61)
[2018.08.23-02.13.52:102][803]LogModuleManager: Shutting down and abandoning module TextureFormatUncompressed (60)
[2018.08.23-02.13.52:102][803]LogModuleManager: Shutting down and abandoning module TextureFormatPVR (59)
[2018.08.23-02.13.52:103][803]LogModuleManager: Shutting down and abandoning module TextureFormatDXT (58)
[2018.08.23-02.13.52:105][803]LogModuleManager: Shutting down and abandoning module TextureFormatIntelISPCTexComp (57)
[2018.08.23-02.13.52:114][803]LogModuleManager: Shutting down and abandoning module ImageWrapper (56)
[2018.08.23-02.13.52:114][803]LogModuleManager: Shutting down and abandoning module TextureFormatASTC (55)
[2018.08.23-02.13.52:114][803]LogModuleManager: Shutting down and abandoning module TextureFormatAndroid (54)
[2018.08.23-02.13.52:114][803]LogModuleManager: Shutting down and abandoning module AudioFormatOpus (53)
[2018.08.23-02.13.52:114][803]LogModuleManager: Shutting down and abandoning module AudioFormatOgg (52)
[2018.08.23-02.13.52:115][803]LogModuleManager: Shutting down and abandoning module AudioFormatADPCM (51)
[2018.08.23-02.13.52:115][803]LogModuleManager: Shutting down and abandoning module LinuxTargetPlatform (50)
[2018.08.23-02.13.52:115][803]LogModuleManager: Shutting down and abandoning module LinuxServerTargetPlatform (49)
[2018.08.23-02.13.52:115][803]LogModuleManager: Shutting down and abandoning module LinuxNoEditorTargetPlatform (48)
[2018.08.23-02.13.52:116][803]LogModuleManager: Shutting down and abandoning module LinuxClientTargetPlatform (47)
[2018.08.23-02.13.52:116][803]LogModuleManager: Shutting down and abandoning module TVOSTargetPlatform (46)
[2018.08.23-02.13.52:116][803]LogModuleManager: Shutting down and abandoning module Messaging (45)
[2018.08.23-02.13.52:116][803]LogModuleManager: Shutting down and abandoning module IOSTargetPlatform (44)
[2018.08.23-02.13.52:116][803]LogModuleManager: Shutting down and abandoning module HTML5TargetPlatform (43)
[2018.08.23-02.13.52:116][803]LogModuleManager: Shutting down and abandoning module Android_PVRTCTargetPlatform (42)
[2018.08.23-02.13.52:116][803]LogModuleManager: Shutting down and abandoning module Android_MultiTargetPlatform (41)
[2018.08.23-02.13.52:116][803]LogModuleManager: Shutting down and abandoning module Android_ETC2TargetPlatform (40)
[2018.08.23-02.13.52:116][803]LogModuleManager: Shutting down and abandoning module Android_ETC1TargetPlatform (39)
[2018.08.23-02.13.52:116][803]LogModuleManager: Shutting down and abandoning module Android_DXTTargetPlatform (38)
[2018.08.23-02.13.52:116][803]LogModuleManager: Shutting down and abandoning module Android_ATCTargetPlatform (37)
[2018.08.23-02.13.52:116][803]LogModuleManager: Shutting down and abandoning module Android_ASTCTargetPlatform (36)
[2018.08.23-02.13.52:116][803]LogModuleManager: Shutting down and abandoning module AndroidTargetPlatform (35)
[2018.08.23-02.13.52:116][803]LogModuleManager: Shutting down and abandoning module WindowsTargetPlatform (34)
[2018.08.23-02.13.52:116][803]LogModuleManager: Shutting down and abandoning module WindowsServerTargetPlatform (33)
[2018.08.23-02.13.52:116][803]LogModuleManager: Shutting down and abandoning module WindowsNoEditorTargetPlatform (32)
[2018.08.23-02.13.52:117][803]LogModuleManager: Shutting down and abandoning module WindowsClientTargetPlatform (31)
[2018.08.23-02.13.52:117][803]LogModuleManager: Shutting down and abandoning module MacTargetPlatform (30)
[2018.08.23-02.13.52:117][803]LogModuleManager: Shutting down and abandoning module MacServerTargetPlatform (29)
[2018.08.23-02.13.52:117][803]LogModuleManager: Shutting down and abandoning module MacNoEditorTargetPlatform (28)
[2018.08.23-02.13.52:117][803]LogModuleManager: Shutting down and abandoning module MacClientTargetPlatform (27)
[2018.08.23-02.13.52:117][803]LogModuleManager: Shutting down and abandoning module AllDesktopTargetPlatform (26)
[2018.08.23-02.13.52:117][803]LogModuleManager: Shutting down and abandoning module TargetPlatform (25)
[2018.08.23-02.13.52:117][803]LogModuleManager: Shutting down and abandoning module InputCore (24)
[2018.08.23-02.13.52:117][803]LogModuleManager: Shutting down and abandoning module Settings (23)
[2018.08.23-02.13.52:117][803]LogModuleManager: Shutting down and abandoning module OculusRift (22)
[2018.08.23-02.13.52:117][803]LogModuleManager: Shutting down and abandoning module ExampleDeviceProfileSelector (21)
[2018.08.23-02.13.52:117][803]LogModuleManager: Shutting down and abandoning module OnlineBlueprintSupport (20)
[2018.08.23-02.13.52:117][803]LogModuleManager: Shutting down and abandoning module OnlineSubsystem (18)
[2018.08.23-02.13.52:117][803]LogOnline:Display: Unloading online subsystem: NULL
[2018.08.23-02.13.52:118][803]LogModuleManager: Shutting down and abandoning module SSL (17)
[2018.08.23-02.13.52:120][803]LogModuleManager: Shutting down and abandoning module HTTP (16)
[2018.08.23-02.13.52:120][803]LogModuleManager: Shutting down and abandoning module XMPP (15)
[2018.08.23-02.13.52:121][803]LogModuleManager: Shutting down and abandoning module TextureCompressor (14)
[2018.08.23-02.13.52:123][803]LogModuleManager: Shutting down and abandoning module ShaderCore (13)
[2018.08.23-02.13.52:123][803]LogModuleManager: Shutting down and abandoning module Landscape (12)
[2018.08.23-02.13.52:123][803]LogModuleManager: Shutting down and abandoning module SlateRHIRenderer (11)
[2018.08.23-02.13.52:125][803]LogModuleManager: Shutting down and abandoning module OpenGLDrv (10)
[2018.08.23-02.13.52:126][803]LogModuleManager: Shutting down and abandoning module D3D11RHI (9)
[2018.08.23-02.13.52:126][803]LogModuleManager: Shutting down and abandoning module AnimGraphRuntime (8)
[2018.08.23-02.13.52:126][803]LogModuleManager: Shutting down and abandoning module Renderer (7)
[2018.08.23-02.13.52:126][803]LogModuleManager: Shutting down and abandoning module Engine (6)
[2018.08.23-02.13.52:126][803]LogModuleManager: Shutting down and abandoning module CoreUObject (5)
[2018.08.23-02.13.52:127][803]LogModuleManager: Shutting down and abandoning module NetworkFile (4)
[2018.08.23-02.13.52:127][803]LogModuleManager: Shutting down and abandoning module StreamingFile (3)
[2018.08.23-02.13.52:127][803]LogModuleManager: Shutting down and abandoning module SandboxFile (2)
[2018.08.23-02.13.52:127][803]LogModuleManager: Shutting down and abandoning module PakFile (1)
[2018.08.23-02.13.52:130][803]LogExit: Exiting.
[2018.08.23-02.13.52:131][803]Log file closed, 08/23/18 12:13:52
