Log file open, 08/22/18 14:56:52
LogInit:Display: Running engine for game: Pinball
LogPlatformFile: Not using cached read wrapper
LogInit:Display: RandInit(-1394084885) SRandInit(-1394084885).
LogTaskGraph: Started task graph with 5 named threads and 10 total threads with 1 sets of task threads.
LogStats: Stats thread started at 0.219687
LogPluginManager: Loaded Plugin Paper2D, From C:/Program Files/Epic Games/UE_4.14/Engine/Plugins/2D/Paper2D/Paper2D.uplugin
LogPluginManager: Loaded Plugin LightPropagationVolume, From C:/Program Files/Epic Games/UE_4.14/Engine/Plugins/Blendables/LightPropagationVolume/LightPropagationVolume.uplugin
LogPluginManager: Loaded Plugin BlankPlugin, From C:/Program Files/Epic Games/UE_4.14/Engine/Plugins/Developer/BlankPlugin/BlankPlugin.uplugin
LogPluginManager: Loaded Plugin CodeLiteSourceCodeAccess, From C:/Program Files/Epic Games/UE_4.14/Engine/Plugins/Developer/CodeLiteSourceCodeAccess/CodeLiteSourceCodeAccess.uplugin
LogPluginManager: Loaded Plugin GitSourceControl, From C:/Program Files/Epic Games/UE_4.14/Engine/Plugins/Developer/GitSourceControl/GitSourceControl.uplugin
LogPluginManager: Loaded Plugin KDevelopSourceCodeAccess, From C:/Program Files/Epic Games/UE_4.14/Engine/Plugins/Developer/KDevelopSourceCodeAccess/KDevelopSourceCodeAccess.uplugin
LogPluginManager: Loaded Plugin NullSourceCodeAccess, From C:/Program Files/Epic Games/UE_4.14/Engine/Plugins/Developer/NullSourceCodeAccess/NullSourceCodeAccess.uplugin
LogPluginManager: Loaded Plugin OneSkyLocalizationService, From C:/Program Files/Epic Games/UE_4.14/Engine/Plugins/Developer/OneSkyLocalizationService/OneSkyLocalizationService.uplugin
LogPluginManager: Loaded Plugin PerforceSourceControl, From C:/Program Files/Epic Games/UE_4.14/Engine/Plugins/Developer/PerforceSourceControl/PerforceSourceControl.uplugin
LogPluginManager: Loaded Plugin SubversionSourceControl, From C:/Program Files/Epic Games/UE_4.14/Engine/Plugins/Developer/SubversionSourceControl/SubversionSourceControl.uplugin
LogPluginManager: Loaded Plugin UObjectPlugin, From C:/Program Files/Epic Games/UE_4.14/Engine/Plugins/Developer/UObjectPlugin/UObjectPlugin.uplugin
LogPluginManager: Loaded Plugin VisualStudioSourceCodeAccess, From C:/Program Files/Epic Games/UE_4.14/Engine/Plugins/Developer/VisualStudioSourceCodeAccess/VisualStudioSourceCodeAccess.uplugin
LogPluginManager: Loaded Plugin XCodeSourceCodeAccess, From C:/Program Files/Epic Games/UE_4.14/Engine/Plugins/Developer/XCodeSourceCodeAccess/XCodeSourceCodeAccess.uplugin
LogPluginManager: Loaded Plugin AudioCapture, From C:/Program Files/Epic Games/UE_4.14/Engine/Plugins/Editor/AudioCapture/AudioCapture.uplugin
LogPluginManager: Loaded Plugin EpicSurvey, From C:/Program Files/Epic Games/UE_4.14/Engine/Plugins/Editor/EpicSurvey/EpicSurvey.uplugin
LogPluginManager: Loaded Plugin MacGraphicsSwitching, From C:/Program Files/Epic Games/UE_4.14/Engine/Plugins/Editor/MacGraphicsSwitching/MacGraphicsSwitching.uplugin
LogPluginManager: Loaded Plugin MobileLauncherProfileWizard, From C:/Program Files/Epic Games/UE_4.14/Engine/Plugins/Editor/MobileLauncherProfileWizard/MobileLauncherProfileWizard.uplugin
LogPluginManager: Loaded Plugin PluginBrowser, From C:/Program Files/Epic Games/UE_4.14/Engine/Plugins/Editor/PluginBrowser/PluginBrowser.uplugin
LogPluginManager: Loaded Plugin SpeedTreeImporter, From C:/Program Files/Epic Games/UE_4.14/Engine/Plugins/Editor/SpeedTreeImporter/SpeedTreeImporter.uplugin
LogPluginManager: Loaded Plugin SuperSearchEditor, From C:/Program Files/Epic Games/UE_4.14/Engine/Plugins/Editor/SuperSearchEditor/SuperSearchEditor.uplugin
LogPluginManager: Loaded Plugin AlembicImporter, From C:/Program Files/Epic Games/UE_4.14/Engine/Plugins/Experimental/AlembicImporter/AlembicImporter.uplugin
LogPluginManager: Loaded Plugin BlueprintStats, From C:/Program Files/Epic Games/UE_4.14/Engine/Plugins/Experimental/BlueprintStats/BlueprintStats.uplugin
LogPluginManager: Loaded Plugin CharacterAI, From C:/Program Files/Epic Games/UE_4.14/Engine/Plugins/Experimental/CharacterAI/CharacterAI.uplugin
LogPluginManager: Loaded Plugin CodeEditor, From C:/Program Files/Epic Games/UE_4.14/Engine/Plugins/Experimental/CodeEditor/CodeEditor.uplugin
LogPluginManager: Loaded Plugin CodeView, From C:/Program Files/Epic Games/UE_4.14/Engine/Plugins/Experimental/CodeView/CodeView.uplugin
LogPluginManager: Loaded Plugin HTML5Networking, From C:/Program Files/Epic Games/UE_4.14/Engine/Plugins/Experimental/HTML5Networking/HTML5Networking.uplugin
LogPluginManager: Loaded Plugin OSVR, From C:/Program Files/Epic Games/UE_4.14/Engine/Plugins/Experimental/OSVR/OSVR.uplugin
LogPluginManager: Loaded Plugin Phya, From C:/Program Files/Epic Games/UE_4.14/Engine/Plugins/Experimental/Phya/Phya.uplugin
LogPluginManager: Loaded Plugin SignificanceManager, From C:/Program Files/Epic Games/UE_4.14/Engine/Plugins/Experimental/SignificanceManager/SignificanceManager.uplugin
LogPluginManager: Loaded Plugin SimpleHMD, From C:/Program Files/Epic Games/UE_4.14/Engine/Plugins/Experimental/SimpleHMD/SimpleHMD.uplugin
LogPluginManager: Loaded Plugin StereoPanorama, From C:/Program Files/Epic Games/UE_4.14/Engine/Plugins/Experimental/StereoPanorama/StereoPanorama.uplugin
LogPluginManager: Loaded Plugin StructBox, From C:/Program Files/Epic Games/UE_4.14/Engine/Plugins/Experimental/StructBox/StructBox.uplugin
LogPluginManager: Loaded Plugin AndroidMedia, From C:/Program Files/Epic Games/UE_4.14/Engine/Plugins/Media/AndroidMedia/AndroidMedia.uplugin
LogPluginManager: Loaded Plugin AvfMedia, From C:/Program Files/Epic Games/UE_4.14/Engine/Plugins/Media/AvfMedia/AvfMedia.uplugin
LogPluginManager: Loaded Plugin MediaPlayerEditor, From C:/Program Files/Epic Games/UE_4.14/Engine/Plugins/Media/MediaPlayerEditor/MediaPlayerEditor.uplugin
LogPluginManager: Loaded Plugin WmfMedia, From C:/Program Files/Epic Games/UE_4.14/Engine/Plugins/Media/WmfMedia/WmfMedia.uplugin
LogPluginManager: Loaded Plugin MessagingDebugger, From C:/Program Files/Epic Games/UE_4.14/Engine/Plugins/Messaging/MessagingDebugger/MessagingDebugger.uplugin
LogPluginManager: Loaded Plugin TcpMessaging, From C:/Program Files/Epic Games/UE_4.14/Engine/Plugins/Messaging/TcpMessaging/TcpMessaging.uplugin
LogPluginManager: Loaded Plugin UdpMessaging, From C:/Program Files/Epic Games/UE_4.14/Engine/Plugins/Messaging/UdpMessaging/UdpMessaging.uplugin
LogPluginManager: Loaded Plugin LevelSequenceEditor, From C:/Program Files/Epic Games/UE_4.14/Engine/Plugins/MovieScene/LevelSequenceEditor/LevelSequenceEditor.uplugin
LogPluginManager: Loaded Plugin MatineeToLevelSequence, From C:/Program Files/Epic Games/UE_4.14/Engine/Plugins/MovieScene/MatineeToLevelSequence/MatineeToLevelSequence.uplugin
LogPluginManager: Loaded Plugin NetcodeUnitTest, From C:/Program Files/Epic Games/UE_4.14/Engine/Plugins/NetcodeUnitTest/NetcodeUnitTest/NetcodeUnitTest.uplugin
LogPluginManager: Loaded Plugin NUTUnrealEngine4, From C:/Program Files/Epic Games/UE_4.14/Engine/Plugins/NetcodeUnitTest/NUTUnrealEngine4/NUTUnrealEngine4.uplugin
LogPluginManager: Loaded Plugin OnlineSubsystemGameCircle, From C:/Program Files/Epic Games/UE_4.14/Engine/Plugins/Online/Android/OnlineSubsystemGameCircle/OnlineSubsystemGameCircle.uplugin
LogPluginManager: Loaded Plugin OnlineSubsystemGooglePlay, From C:/Program Files/Epic Games/UE_4.14/Engine/Plugins/Online/Android/OnlineSubsystemGooglePlay/OnlineSubsystemGooglePlay.uplugin
LogPluginManager: Loaded Plugin OnlineSubsystemIOS, From C:/Program Files/Epic Games/UE_4.14/Engine/Plugins/Online/IOS/OnlineSubsystemIOS/OnlineSubsystemIOS.uplugin
LogPluginManager: Loaded Plugin OnlineFramework, From C:/Program Files/Epic Games/UE_4.14/Engine/Plugins/Online/OnlineFramework/OnlineFramework.uplugin
LogPluginManager: Loaded Plugin OnlineSubsystem, From C:/Program Files/Epic Games/UE_4.14/Engine/Plugins/Online/OnlineSubsystem/OnlineSubsystem.uplugin
LogPluginManager: Loaded Plugin OnlineSubsystemAmazon, From C:/Program Files/Epic Games/UE_4.14/Engine/Plugins/Online/OnlineSubsystemAmazon/OnlineSubsystemAmazon.uplugin
LogPluginManager: Loaded Plugin OnlineSubsystemFacebook, From C:/Program Files/Epic Games/UE_4.14/Engine/Plugins/Online/OnlineSubsystemFacebook/OnlineSubsystemFacebook.uplugin
LogPluginManager: Loaded Plugin OnlineSubsystemNull, From C:/Program Files/Epic Games/UE_4.14/Engine/Plugins/Online/OnlineSubsystemNull/OnlineSubsystemNull.uplugin
LogPluginManager: Loaded Plugin OnlineSubsystemOculus, From C:/Program Files/Epic Games/UE_4.14/Engine/Plugins/Online/OnlineSubsystemOculus/OnlineSubsystemOculus.uplugin
LogPluginManager: Loaded Plugin OnlineSubsystemSteam, From C:/Program Files/Epic Games/UE_4.14/Engine/Plugins/Online/OnlineSubsystemSteam/OnlineSubsystemSteam.uplugin
LogPluginManager: Loaded Plugin OnlineSubsystemUtils, From C:/Program Files/Epic Games/UE_4.14/Engine/Plugins/Online/OnlineSubsystemUtils/OnlineSubsystemUtils.uplugin
LogPluginManager: Loaded Plugin IOSTapJoy, From C:/Program Files/Epic Games/UE_4.14/Engine/Plugins/Runtime/Advertising/IOSTapJoy/IOSTapJoy.uplugin
LogPluginManager: Loaded Plugin AnalyticsBlueprintLibrary, From C:/Program Files/Epic Games/UE_4.14/Engine/Plugins/Runtime/Analytics/AnalyticsBlueprintLibrary/AnalyticsBlueprintLibrary.uplugin
LogPluginManager: Loaded Plugin AnalyticsMulticast, From C:/Program Files/Epic Games/UE_4.14/Engine/Plugins/Runtime/Analytics/AnalyticsMulticast/AnalyticsMulticast.uplugin
LogPluginManager: Loaded Plugin Apsalar, From C:/Program Files/Epic Games/UE_4.14/Engine/Plugins/Runtime/Analytics/Apsalar/Apsalar.uplugin
LogPluginManager: Loaded Plugin FileLogging, From C:/Program Files/Epic Games/UE_4.14/Engine/Plugins/Runtime/Analytics/FileLogging/FileLogging.uplugin
LogPluginManager: Loaded Plugin Flurry, From C:/Program Files/Epic Games/UE_4.14/Engine/Plugins/Runtime/Analytics/Flurry/Flurry.uplugin
LogPluginManager: Loaded Plugin AndroidDeviceProfileSelector, From C:/Program Files/Epic Games/UE_4.14/Engine/Plugins/Runtime/AndroidDeviceProfileSelector/AndroidDeviceProfileSelector.uplugin
LogPluginManager: Loaded Plugin AndroidMoviePlayer, From C:/Program Files/Epic Games/UE_4.14/Engine/Plugins/Runtime/AndroidMoviePlayer/AndroidMoviePlayer.uplugin
LogPluginManager: Loaded Plugin AppleMoviePlayer, From C:/Program Files/Epic Games/UE_4.14/Engine/Plugins/Runtime/AppleMoviePlayer/AppleMoviePlayer.uplugin
LogPluginManager: Loaded Plugin ArchVisCharacter, From C:/Program Files/Epic Games/UE_4.14/Engine/Plugins/Runtime/ArchVisCharacter/ArchVisCharacter.uplugin
LogPluginManager: Loaded Plugin CableComponent, From C:/Program Files/Epic Games/UE_4.14/Engine/Plugins/Runtime/CableComponent/CableComponent.uplugin
LogPluginManager: Loaded Plugin CustomMeshComponent, From C:/Program Files/Epic Games/UE_4.14/Engine/Plugins/Runtime/CustomMeshComponent/CustomMeshComponent.uplugin
LogPluginManager: Loaded Plugin ExampleDeviceProfileSelector, From C:/Program Files/Epic Games/UE_4.14/Engine/Plugins/Runtime/ExampleDeviceProfileSelector/ExampleDeviceProfileSelector.uplugin
LogPluginManager: Loaded Plugin GearVR, From C:/Program Files/Epic Games/UE_4.14/Engine/Plugins/Runtime/GearVR/GearVR.uplugin
LogPluginManager: Loaded Plugin GoogleVRController, From C:/Program Files/Epic Games/UE_4.14/Engine/Plugins/Runtime/GoogleVR/GoogleVRController/GoogleVRController.uplugin
LogPluginManager: Loaded Plugin GoogleVRHMD, From C:/Program Files/Epic Games/UE_4.14/Engine/Plugins/Runtime/GoogleVR/GoogleVRHMD/GoogleVRHMD.uplugin
LogPluginManager: Loaded Plugin IOSDeviceProfileSelector, From C:/Program Files/Epic Games/UE_4.14/Engine/Plugins/Runtime/IOSDeviceProfileSelector/IOSDeviceProfileSelector.uplugin
LogPluginManager: Loaded Plugin LeapMotion, From C:/Program Files/Epic Games/UE_4.14/Engine/Plugins/Runtime/LeapMotion/LeapMotion.uplugin
LogPluginManager: Loaded Plugin LinuxDeviceProfileSelector, From C:/Program Files/Epic Games/UE_4.14/Engine/Plugins/Runtime/LinuxDeviceProfileSelector/LinuxDeviceProfileSelector.uplugin
LogPluginManager: Loaded Plugin MIDIDevice, From C:/Program Files/Epic Games/UE_4.14/Engine/Plugins/Runtime/MIDIDevice/MIDIDevice.uplugin
LogPluginManager: Loaded Plugin MobilePatchingUtils, From C:/Program Files/Epic Games/UE_4.14/Engine/Plugins/Runtime/MobilePatchingUtils/MobilePatchingUtils.uplugin
LogPluginManager: Loaded Plugin Ansel, From C:/Program Files/Epic Games/UE_4.14/Engine/Plugins/Runtime/Nvidia/Ansel/Ansel.uplugin
LogPluginManager: Loaded Plugin OculusAudio, From C:/Program Files/Epic Games/UE_4.14/Engine/Plugins/Runtime/OculusAudio/OculusAudio.uplugin
LogPluginManager: Loaded Plugin OculusInput, From C:/Program Files/Epic Games/UE_4.14/Engine/Plugins/Runtime/OculusInput/OculusInput.uplugin
LogPluginManager: Loaded Plugin OculusLibrary, From C:/Program Files/Epic Games/UE_4.14/Engine/Plugins/Runtime/OculusLibrary/OculusLibrary.uplugin
LogPluginManager: Loaded Plugin OculusRift, From C:/Program Files/Epic Games/UE_4.14/Engine/Plugins/Runtime/OculusRift/OculusRift.uplugin
LogPluginManager: Loaded Plugin Oodle, From C:/Program Files/Epic Games/UE_4.14/Engine/Plugins/Runtime/PacketHandlers/CompressionComponents/Oodle/Oodle.uplugin
LogPluginManager: Loaded Plugin ProceduralMeshComponent, From C:/Program Files/Epic Games/UE_4.14/Engine/Plugins/Runtime/ProceduralMeshComponent/ProceduralMeshComponent.uplugin
LogPluginManager: Loaded Plugin SoundMod, From C:/Program Files/Epic Games/UE_4.14/Engine/Plugins/Runtime/SoundMod/SoundMod.uplugin
LogPluginManager: Loaded Plugin SoundVisualizations, From C:/Program Files/Epic Games/UE_4.14/Engine/Plugins/Runtime/SoundVisualizations/SoundVisualizations.uplugin
LogPluginManager: Loaded Plugin SteamController, From C:/Program Files/Epic Games/UE_4.14/Engine/Plugins/Runtime/Steam/SteamController/SteamController.uplugin
LogPluginManager: Loaded Plugin SteamVR, From C:/Program Files/Epic Games/UE_4.14/Engine/Plugins/Runtime/Steam/SteamVR/SteamVR.uplugin
LogPluginManager: Loaded Plugin WebBrowserWidget, From C:/Program Files/Epic Games/UE_4.14/Engine/Plugins/Runtime/WebBrowserWidget/WebBrowserWidget.uplugin
LogPluginManager: Loaded Plugin WindowsDeviceProfileSelector, From C:/Program Files/Epic Games/UE_4.14/Engine/Plugins/Runtime/WindowsDeviceProfileSelector/WindowsDeviceProfileSelector.uplugin
LogPluginManager: Loaded Plugin WindowsMoviePlayer, From C:/Program Files/Epic Games/UE_4.14/Engine/Plugins/Runtime/WindowsMoviePlayer/WindowsMoviePlayer.uplugin
LogPluginManager: Loaded Plugin ScriptPlugin, From C:/Program Files/Epic Games/UE_4.14/Engine/Plugins/ScriptPlugin/ScriptPlugin.uplugin
LogPluginManager: Loaded Plugin SlateRemote, From C:/Program Files/Epic Games/UE_4.14/Engine/Plugins/Slate/SlateRemote/SlateRemote.uplugin
LogPluginManager: Loaded Plugin EditorTests, From C:/Program Files/Epic Games/UE_4.14/Engine/Plugins/Tests/EditorTests/EditorTests.uplugin
LogPluginManager: Loaded Plugin FbxAutomationTestBuilder, From C:/Program Files/Epic Games/UE_4.14/Engine/Plugins/Tests/FbxAutomationTestBuilder/FbxAutomationTestBuilder.uplugin
LogPluginManager: Loaded Plugin FunctionalTestingEditor, From C:/Program Files/Epic Games/UE_4.14/Engine/Plugins/Tests/FunctionalTestingEditor/FunctionalTestingEditor.uplugin
LogPluginManager: Loaded Plugin RuntimeTests, From C:/Program Files/Epic Games/UE_4.14/Engine/Plugins/Tests/RuntimeTests/RuntimeTests.uplugin
LogPluginManager: Loaded Plugin ScreenshotTools, From C:/Program Files/Epic Games/UE_4.14/Engine/Plugins/Tests/ScreenshotTools/ScreenshotTools.uplugin
LogInit: Using libcurl 7.47.1
LogInit:  - built for x86_64-pc-win32
LogInit:  - supports SSL with OpenSSL/1.0.2g
LogInit:  - supports HTTP deflate (compression) using libz 1.2.8
LogInit:  - other features:
LogInit:      CURL_VERSION_SSL
LogInit:      CURL_VERSION_LIBZ
LogInit:      CURL_VERSION_IPV6
LogInit:      CURL_VERSION_ASYNCHDNS
LogInit:      CURL_VERSION_LARGEFILE
LogInit:      CURL_VERSION_IDN
LogInit:  CurlRequestOptions (configurable via config and command line):
LogInit:  - bVerifyPeer = false  - Libcurl will NOT verify peer certificate
LogInit:  - bUseHttpProxy = false  - Libcurl will NOT use HTTP proxy
LogInit:  - bDontReuseConnections = false  - Libcurl will reuse connections
LogInit:  - CertBundlePath = nullptr  - Libcurl will use whatever was configured at build time.
LogInit: Build: ++UE4+Release-4.14-CL-3249277
LogInit: Engine Version: 4.14.3-3249277+++UE4+Release-4.14
LogInit: Compatible Engine Version: 4.14.0-3195953+++UE4+Release-4.14
LogInit: Net CL: 3195953
LogDevObjectVersion: Number of dev versions registered: 13
LogDevObjectVersion:   Dev-Blueprints (B0D832E4-1F89-4F0D-ACCF-7EB736FD4AA2): 7
LogDevObjectVersion:   Dev-Build (E1C64328-A22C-4D53-A36C-8E866417BD8C): 0
LogDevObjectVersion:   Dev-Core (375EC13C-06E4-48FB-B500-84F0262A717E): 1
LogDevObjectVersion:   Dev-Editor (E4B068ED-F494-42E9-A231-DA0B2E46BB41): 8
LogDevObjectVersion:   Dev-Framework (CFFC743F-43B0-4480-9391-14DF171D2073): 17
LogDevObjectVersion:   Dev-Mobile (B02B49B5-BB20-44E9-A304-32B752E40360): 0
LogDevObjectVersion:   Dev-Networking (A4E4105C-59A1-49B5-A7C5-40C4547EDFEE): 0
LogDevObjectVersion:   Dev-Online (39C831C9-5AE6-47DC-9A44-9C173E1C8E7C): 0
LogDevObjectVersion:   Dev-Physics (78F01B33-EBEA-4F98-B9B4-84EACCB95AA2): 0
LogDevObjectVersion:   Dev-Platform (6631380F-2D4D-43E0-8009-CF276956A95A): 0
LogDevObjectVersion:   Dev-Rendering (12F88B9F-8875-4AFC-A67C-D90C383ABD29): 12
LogDevObjectVersion:   Dev-Sequencer (7B5AE74C-D270-4C10-A958-57980B212A5A): 1
LogDevObjectVersion:   Dev-VR (D7296918-1DD6-4BDD-9DE2-64A83CC13884): 0
LogInit: Compiled (64-bit): Jan  6 2017 10:49:43
LogInit: Compiled with Visual C++: 19.00.23026.00
LogInit: Build Configuration: Development
LogInit: Branch Name: ++UE4+Release-4.14
LogInit: Command line: 
LogInit: Base directory: C:/Program Files/Epic Games/UE_4.14/Engine/Binaries/Win64/
LogInit: Installed Engine Build: 1
LogInit: Presizing for max 8388607 objects, including 0 objects not considered by GC, pre-allocating 0 bytes for permanent pool.
LogInit: Object subsystem initialized
[2018.08.22-04.56.52:820][  0]LogInit: Selected Device Profile: [Windows]
[2018.08.22-04.56.52:820][  0]LogInit: Applying CVar settings loaded from the selected device profile: [Windows]
[2018.08.22-04.56.52:906][  0]LogInit: Computer: LAPTOP-RVR0KLH5
[2018.08.22-04.56.52:906][  0]LogInit: User: Darry
[2018.08.22-04.56.52:906][  0]LogInit: CPU Page size=65536, Cores=6
[2018.08.22-04.56.52:906][  0]LogInit: High frequency timer resolution =2.156252 MHz
[2018.08.22-04.56.52:906][  0]LogMemory: Memory total: Physical=15.9GB (16GB approx)
[2018.08.22-04.56.52:906][  0]LogMemory: Platform Memory Stats for Windows
[2018.08.22-04.56.52:906][  0]LogMemory: Process Physical Memory: 265.54 MB used, 265.54 MB peak
[2018.08.22-04.56.52:906][  0]LogMemory: Process Virtual Memory: 268.89 MB used, 268.89 MB peak
[2018.08.22-04.56.52:906][  0]LogMemory: Physical Memory: 5246.32 MB used,  11040.38 MB free, 16286.69 MB total
[2018.08.22-04.56.52:906][  0]LogMemory: Virtual Memory: 718.58 MB used,  11040.38 MB free, 134217728.00 MB total
[2018.08.22-04.56.52:973][  0]LogInit: Overriding culture en with editor configuration.
[2018.08.22-04.56.53:649][  0]LogD3D11RHI: D3D11 adapters:
[2018.08.22-04.56.53:829][  0]LogD3D11RHI:    0. 'NVIDIA GeForce GTX 1070 with Max-Q Design' (Feature Level 11_0)
[2018.08.22-04.56.53:829][  0]LogD3D11RHI:       8089/0/8143 MB DedicatedVideo/DedicatedSystem/SharedSystem, Outputs:1, VendorId:0x10de
[2018.08.22-04.56.53:871][  0]LogD3D11RHI:    1. 'Intel(R) UHD Graphics 630' (Feature Level 11_0)
[2018.08.22-04.56.53:872][  0]LogD3D11RHI:       128/0/8143 MB DedicatedVideo/DedicatedSystem/SharedSystem, Outputs:0, VendorId:0x8086
[2018.08.22-04.56.53:879][  0]LogD3D11RHI:    2. 'Microsoft Basic Render Driver' (Feature Level 11_0)
[2018.08.22-04.56.53:879][  0]LogD3D11RHI:       0/0/8143 MB DedicatedVideo/DedicatedSystem/SharedSystem, Outputs:0, VendorId:0x1414
[2018.08.22-04.56.53:879][  0]LogD3D11RHI: Chosen D3D11 Adapter: 0
[2018.08.22-04.56.53:902][  0]LogD3D11RHI: Creating new Direct3DDevice
[2018.08.22-04.56.53:902][  0]LogD3D11RHI:     GPU DeviceId: 0x1ba1 (for the marketing name, search the web for "GPU Device Id")
[2018.08.22-04.56.53:902][  0]LogWindows: EnumDisplayDevices:
[2018.08.22-04.56.53:903][  0]LogWindows:    0. 'Intel(R) UHD Graphics 630' (P:1 D:1)
[2018.08.22-04.56.53:904][  0]LogWindows:    1. 'Intel(R) UHD Graphics 630' (P:0 D:0)
[2018.08.22-04.56.53:905][  0]LogWindows:    2. 'Intel(R) UHD Graphics 630' (P:0 D:0)
[2018.08.22-04.56.53:906][  0]LogWindows:    3. 'NVIDIA GeForce GTX 1070 with Max-Q Design' (P:0 D:0)
[2018.08.22-04.56.53:907][  0]LogWindows:    4. 'NVIDIA GeForce GTX 1070 with Max-Q Design' (P:0 D:0)
[2018.08.22-04.56.53:908][  0]LogWindows:    5. 'NVIDIA GeForce GTX 1070 with Max-Q Design' (P:0 D:0)
[2018.08.22-04.56.53:908][  0]LogWindows:    6. 'NVIDIA GeForce GTX 1070 with Max-Q Design' (P:0 D:0)
[2018.08.22-04.56.53:909][  0]LogWindows: DebugString: GetVideoDriverDetailsInvalid PrimaryIsNotTheChoosenAdapter GetVideoDriverDetailsInvalid PrimaryIsNotTheChoosenAdapter GetVideoDriverDetailsInvalid PrimaryIsNotTheChoosenAdapter GetVideoDriverDetailsInvalid PrimaryIsNotTheChoosenAdapter GetVideoDriverDetailsInvalid PrimaryIsNotTheChoosenAdapter GetVideoDriverDetailsInvalid PrimaryIsNotTheChoosenAdapter GetVideoDriverDetailsInvalid PrimaryIsNotTheChoosenAdapter FoundDriverCount:0 
[2018.08.22-04.56.53:909][  0]LogD3D11RHI:     Adapter Name: NVIDIA GeForce GTX 1070 with Max-Q Design
[2018.08.22-04.56.53:909][  0]LogD3D11RHI:   Driver Version: Unknown (internal:Unknown, unified:Unknown)
[2018.08.22-04.56.53:909][  0]LogD3D11RHI:      Driver Date: Unknown
[2018.08.22-04.56.53:909][  0]LogRHI: Texture pool is 1361 MB (70% of 1945 MB)
[2018.08.22-04.56.53:981][  0]LogD3D11RHI: Async texture creation enabled
[2018.08.22-04.56.54:007][  0]LogD3D11RHI: GPU Timing Frequency: 1000.000000 (Debug: 2 1)
[2018.08.22-04.56.54:009][  0]LogShaderCompilers: Guid format shader working directory is 20 characters bigger than the processId version (D:/Unreal Project/Pinball/Intermediate/Shaders/WorkingDirectory/16232/).
[2018.08.22-04.56.54:009][  0]LogShaderCompilers: Cleaned the shader compiler working directory 'C:/Users/Darry/AppData/Local/Temp/UnrealShaderWorkingDir/75BB3ED649A177D3162A11ABAED2808D/'.
[2018.08.22-04.56.54:009][  0]LogShaderCompilers:Display: Using Local Shader Compiler.
[2018.08.22-04.56.55:587][  0]LogTemp:Display: Loaded TP AllDesktopTargetPlatform
[2018.08.22-04.56.55:691][  0]LogTemp:Display: Loaded TP MacClientTargetPlatform
[2018.08.22-04.56.55:762][  0]LogTemp:Display: Loaded TP MacNoEditorTargetPlatform
[2018.08.22-04.56.55:822][  0]LogTemp:Display: Loaded TP MacServerTargetPlatform
[2018.08.22-04.56.55:889][  0]LogTemp:Display: Loaded TP MacTargetPlatform
[2018.08.22-04.56.55:949][  0]LogTemp:Display: Loaded TP WindowsClientTargetPlatform
[2018.08.22-04.56.56:004][  0]LogTemp:Display: Loaded TP WindowsNoEditorTargetPlatform
[2018.08.22-04.56.56:066][  0]LogTemp:Display: Loaded TP WindowsServerTargetPlatform
[2018.08.22-04.56.56:118][  0]LogTemp:Display: Loaded TP WindowsTargetPlatform
[2018.08.22-04.56.56:169][  0]LogTemp:Display: Loaded TP AndroidTargetPlatform
[2018.08.22-04.56.56:240][  0]LogTemp:Display: Loaded TP Android_ASTCTargetPlatform
[2018.08.22-04.56.56:298][  0]LogTemp:Display: Loaded TP Android_ATCTargetPlatform
[2018.08.22-04.56.56:349][  0]LogTemp:Display: Loaded TP Android_DXTTargetPlatform
[2018.08.22-04.56.56:400][  0]LogTemp:Display: Loaded TP Android_ETC1TargetPlatform
[2018.08.22-04.56.56:453][  0]LogTemp:Display: Loaded TP Android_ETC2TargetPlatform
[2018.08.22-04.56.56:557][  0]LogTemp:Display: Loaded TP Android_MultiTargetPlatform
[2018.08.22-04.56.56:557][  0]LogTemp:Display: Loaded TP Android_PVRTCTargetPlatform
[2018.08.22-04.56.56:597][  0]LogTemp:Display: Loaded TP HTML5TargetPlatform
[2018.08.22-04.56.56:681][  0]LogTemp:Display: Loaded TP IOSTargetPlatform
[2018.08.22-04.56.56:744][  0]LogTemp:Display: Loaded TP TVOSTargetPlatform
[2018.08.22-04.56.56:821][  0]LogTemp:Display: Loaded TP LinuxClientTargetPlatform
[2018.08.22-04.56.56:872][  0]LogTemp:Display: Loaded TP LinuxNoEditorTargetPlatform
[2018.08.22-04.56.56:923][  0]LogTemp:Display: Loaded TP LinuxServerTargetPlatform
[2018.08.22-04.56.56:999][  0]LogTemp:Display: Loaded TP LinuxTargetPlatform
[2018.08.22-04.56.56:999][  0]LogTargetPlatformManager:Display: Building Assets For Windows
[2018.08.22-04.56.57:651][  0]LogDerivedDataCache:Display: Max Cache Size: 512 MB
[2018.08.22-04.56.57:691][  0]LogDerivedDataCache: Loaded boot cache 0.04s 50MB C:/Users/Darry/AppData/Local/UnrealEngine/4.14/DerivedDataCache/Boot.ddc.
[2018.08.22-04.56.57:691][  0]LogDerivedDataCache:Display: Loaded Boot cache: C:/Users/Darry/AppData/Local/UnrealEngine/4.14/DerivedDataCache/Boot.ddc
[2018.08.22-04.56.57:691][  0]LogDerivedDataCache: FDerivedDataBackendGraph:  Pak pak cache file D:/Unreal Project/Pinball/DerivedDataCache/DDC.ddp not found, will not use a pak cache.
[2018.08.22-04.56.57:691][  0]LogDerivedDataCache: Unable to find inner node Pak for hierarchical cache Hierarchy.
[2018.08.22-04.56.57:691][  0]LogDerivedDataCache: FDerivedDataBackendGraph:  CompressedPak pak cache file D:/Unreal Project/Pinball/DerivedDataCache/Compressed.ddp not found, will not use a pak cache.
[2018.08.22-04.56.57:691][  0]LogDerivedDataCache: Unable to find inner node CompressedPak for hierarchical cache Hierarchy.
[2018.08.22-04.56.57:722][  0]LogDerivedDataCache:Display: Pak cache opened for reading ../../../Engine/DerivedDataCache/Compressed.ddp.
[2018.08.22-04.56.57:735][  0]LogDerivedDataCache: Using Local data cache path C:/Users/Darry/AppData/Local/UnrealEngine/Common/DerivedDataCache: Writable
[2018.08.22-04.56.57:965][  0]LogInit: Selected Device Profile: [Windows]
[2018.08.22-04.56.57:968][  0]LogContentStreaming: Texture pool size is 0.00 MB
[2018.08.22-04.56.58:163][  0]LogMeshUtilities: Using QuadricMeshReduction for automatic static mesh reduction
[2018.08.22-04.56.58:210][  0]LogSimplygon: Simplygon DLL not present - disabling.
[2018.08.22-04.56.58:265][  0]LogMeshUtilities: Using SimplygonSwarm for distributed automatic mesh merging
[2018.08.22-04.56.58:265][  0]LogMeshUtilities: No automatic skeletal mesh reduction module available
[2018.08.22-04.56.58:265][  0]LogMeshUtilities: No automatic mesh merging module available
[2018.08.22-04.56.59:251][  0]LogNetVersion: GetLocalNetworkVersion: CL: 3195953, ProjectName: pinball, ProjectVersion: , EngineNetworkVersion: 2, GameNetworkVersion: 0, NetworkChecksum: 1748929517
[2018.08.22-04.56.59:307][  0]LogAssetRegistry: FAssetRegistry took 0.0223 seconds to start up
[2018.08.22-04.56.59:490][  0]LogPackageLocalizationCache: Processed 3 localized package path(s) for 1 prioritized culture(s) in 0.140925 seconds
[2018.08.22-04.56.59:503][  0]LogUObjectArray: 31946 objects as part of root set at end of initial load.
[2018.08.22-04.56.59:503][  0]LogUObjectAllocator: 6935848 out of 0 bytes used by permanent object pool.
[2018.08.22-04.56.59:503][  0]LogUObjectArray: CloseDisregardForGC: 0/0 objects in disregard for GC pool
[2018.08.22-04.56.59:603][  0]LogInit: WinSock: version 1.1 (2.2), MaxSocks=32767, MaxUdp=65467
[2018.08.22-04.57.00:683][  0]LogSlate: Using Freetype 2.6.0
[2018.08.22-04.57.00:683][  0]LogSlate: SlateFontCache - WITH_FREETYPE: 1, WITH_HARFBUZZ: 1
[2018.08.22-04.57.00:683][  0]LogSlate: SlateFontCache - WITH_FREETYPE: 1, WITH_HARFBUZZ: 1
[2018.08.22-04.57.01:380][  0]LogTcpMessaging: Initializing TcpMessaging bridge
[2018.08.22-04.57.01:502][  0]LogUdpMessaging: Initializing bridge on interface 0.0.0.0:0 to multicast group 230.0.0.1:6666.
[2018.08.22-04.57.02:261][  0]LogMaterial: Uniform references updated for custom material expression Custom.
[2018.08.22-04.57.02:943][  0]SourceControl: Info Source control is disabled
[2018.08.22-04.57.02:945][  0]SourceControl: Info Source control is disabled
[2018.08.22-04.57.03:059][  0]SourceControl: Info Source control is disabled
[2018.08.22-04.57.03:112][  0]SourceControl: Info Source control is disabled
[2018.08.22-04.57.04:668][  0]LogEngine: Initializing Engine...
[2018.08.22-04.57.04:670][  0]LogHMD: Failed to initialize OpenVR with code 110
[2018.08.22-04.57.05:032][  0]LogAIModule: Creating AISystem for world Untitled
[2018.08.22-04.57.05:044][  0]LogInit: XAudio2 using 'Realtek HD Audio 2nd output (Realtek(R) Audio)' : 2 channels at 48 kHz using 32 bits per sample (channel mask 0x3)
[2018.08.22-04.57.05:382][  0]LogInit: FAudioDevice initialized.
[2018.08.22-04.57.05:465][  0]LogDerivedDataCache: Saved boot cache 0.08s 50MB C:/Users/Darry/AppData/Local/UnrealEngine/4.14/DerivedDataCache/Boot.ddc.
[2018.08.22-04.57.05:471][  0]LogInit: Texture streaming: Enabled
[2018.08.22-04.57.05:709][  0]LogInit: Transaction tracking system initialized
[2018.08.22-04.57.06:290][  0]BlueprintLog: New page: Editor Load
[2018.08.22-04.57.07:770][  0]LocalizationService: Info Localization service is disabled
[2018.08.22-04.57.08:760][  0]LogConsoleResponse:Display: 
[2018.08.22-04.57.08:979][  0]LogFileCache: Scanning file cache for directory 'D:/Unreal Project/Pinball/Content/' took 0.01s
[2018.08.22-04.57.08:979][  0]LogCook:Display: Max memory allowance for cook 16384mb min free memory 0mb
[2018.08.22-04.57.08:979][  0]LogCook:Display: Mobile HDR setting 1
[2018.08.22-04.57.10:232][  0]SourceControl: Info Source control is disabled
[2018.08.22-04.57.10:232][  0]Cmd: MAP LOAD FILE="../../../Engine/Content/Maps/Templates/Template_Default.umap" TEMPLATE=1 SHOWPROGRESS=1 FEATURELEVEL=3
[2018.08.22-04.57.10:233][  0]LightingResults: New page: Lighting Build
[2018.08.22-04.57.10:280][  0]MapCheck: New page: Map Check
[2018.08.22-04.57.10:280][  0]LightingResults: New page: Lighting Build
[2018.08.22-04.57.10:442][  0]LogAIModule: Creating AISystem for world Untitled_1
[2018.08.22-04.57.10:442][  0]LogActorComponent: RegisterComponentWithWorld: (/Temp/Untitled_1.Untitled_1:PersistentLevel.WorldSettings_1.StaticMeshComponent0) Trying to register component with IsPendingKill() == true. Aborting.
[2018.08.22-04.57.10:446][  0]LogEditorServer: Finished looking for orphan Actors (0.000 secs)
[2018.08.22-04.57.10:449][  0]Cmd: MAP CHECKDEP NOCLEARLOG
[2018.08.22-04.57.10:513][  0]MapCheck: Info Map check complete: 0 Error(s), 0 Warning(s), took 63.929ms to complete.
[2018.08.22-04.57.10:513][  0]LogFileHelpers: Loading map 'Template_Default' took 0.281
[2018.08.22-04.57.10:661][  0]LogWindowsTextInputMethodSystem:Display: IME system now activated using TSF (微软拼音).
[2018.08.22-04.57.10:993][  0]LogCollectionManager: Loaded 0 collections in 0.004298 seconds
[2018.08.22-04.57.11:202][  0]LogFileCache: Scanning file cache for directory 'D:/Unreal Project/Pinball/Saved/Collections/' took 0.01s
[2018.08.22-04.57.11:202][  0]LogFileCache: Scanning file cache for directory 'D:/Unreal Project/Pinball/Content/Developers/Darry/Collections/' took 0.01s
[2018.08.22-04.57.11:202][  0]LogFileCache: Scanning file cache for directory 'D:/Unreal Project/Pinball/Content/Collections/' took 0.01s
[2018.08.22-04.57.11:202][  0]LogCollectionManager: Rebuilt the GUID cache for 0 collections in 0.000002 seconds
[2018.08.22-04.57.11:213][  0]LogContentBrowser: Native class hierarchy populated in 0.0082 seconds. Added 2190 classes and 428 folders.
[2018.08.22-04.57.11:305][  0]LogStats: UGameplayTagsManager::ConstructGameplayTagTree: Construct from data asset -  0.000 s
[2018.08.22-04.57.11:305][  0]LogStats: UGameplayTagsManager::ConstructGameplayTagTree: GameplayTagTreeChangedEvent.Broadcast -  0.000 s
[2018.08.22-04.57.11:306][  0]LogContentBrowser: Native class hierarchy updated for 'GameplayTags' in 0.0004 seconds. Added 13 classes and 0 folders.
[2018.08.22-04.57.11:379][  0]LogContentBrowser: Native class hierarchy updated for 'WidgetCarousel' in 0.0004 seconds. Added 0 classes and 0 folders.
[2018.08.22-04.57.11:728][  0]LogContentBrowser: Native class hierarchy updated for 'AddContentDialog' in 0.0015 seconds. Added 0 classes and 0 folders.
[2018.08.22-04.57.11:881][  0]LogContentBrowser: Native class hierarchy updated for 'SceneOutliner' in 0.0013 seconds. Added 1 classes and 2 folders.
[2018.08.22-04.57.12:083][  0]LogCrashTracker: Crashtracker disabled due to settings.
[2018.08.22-04.57.12:112][  0]LogUObjectGlobals:Warning: Failed to find object 'Class None.'
[2018.08.22-04.57.12:345][  0]LogContentBrowser: Native class hierarchy updated for 'HierarchicalLODOutliner' in 0.0015 seconds. Added 1 classes and 2 folders.
[2018.08.22-04.57.12:346][  0]LogLoad: (Engine Initialization) Total time: 22.66 seconds
[2018.08.22-04.57.12:346][  0]LogLoad: (Engine Initialization) Total Blueprint compile time: 0.10 seconds
[2018.08.22-04.57.12:346][  0]LogExternalProfiler: No external profilers were discovered.  External profiling features will not be available.
[2018.08.22-04.57.12:369][  0]LogOcInput: OculusInput pre-init called
[2018.08.22-04.57.12:448][  0]LogContentStreaming: Texture pool size now 1000 MB
[2018.08.22-04.57.12:779][  0]LogRenderer: Reallocating scene render targets to support 1208x576 NumSamples 1 (Frame:2).
[2018.08.22-04.57.12:919][  2]LogAssetRegistry: Asset discovery search completed in 13.6343 seconds
[2018.08.22-04.57.12:919][  2]LogCollectionManager: Rebuilt the object cache for 0 collections in 0.000000 seconds (found 0 objects)
[2018.08.22-04.57.12:919][  2]LogCollectionManager: Fixed up redirectors for 0 collections in 0.000022 seconds (updated 0 objects)
[2018.08.22-04.57.35:597][635]LogActorFactory: Actor Factory created Sphere
[2018.08.22-04.57.37:011][676]LogActorFactory: Actor Factory created Sphere
[2018.08.22-04.57.48:578][232]LogEditorViewport: Clicking on Actor (context menu): Actor (Actor)
[2018.08.22-04.57.54:795][352]LogEditorViewport: Clicking on Actor (LMB): Actor (Actor)
[2018.08.22-04.57.56:524][447]LogEditorViewport: Clicking on Actor (context menu): Actor (Actor)
[2018.08.22-04.57.57:845][486]LogEditorViewport: Clicking on Actor (LMB): Actor (Actor)
[2018.08.22-04.57.59:443][576]Cmd: SELECT NONE
[2018.08.22-04.58.00:079][613]LogEditorViewport: Clicking on Actor (LMB): Actor (Actor)
[2018.08.22-04.58.01:318][680]Cmd: TRANSACTION UNDO
[2018.08.22-04.58.01:318][680]LogEditorTransaction: Undo Clicking on Actors
[2018.08.22-04.58.01:761][695]Cmd: TRANSACTION UNDO
[2018.08.22-04.58.01:762][695]LogEditorTransaction: Undo Select None
[2018.08.22-04.58.02:199][708]Cmd: TRANSACTION UNDO
[2018.08.22-04.58.02:199][708]LogEditorTransaction: Undo Clicking on Actors
[2018.08.22-04.58.02:644][721]Cmd: TRANSACTION UNDO
[2018.08.22-04.58.02:644][721]LogEditorTransaction: Undo Move Actors
[2018.08.22-04.58.03:119][735]Cmd: TRANSACTION UNDO
[2018.08.22-04.58.03:119][735]LogEditorTransaction: Undo Clicking on Actors
[2018.08.22-04.58.03:496][746]Cmd: TRANSACTION UNDO
[2018.08.22-04.58.03:496][746]LogEditorTransaction: Undo Clicking on Actors (context menu)
[2018.08.22-04.58.03:743][753]Cmd: TRANSACTION UNDO
[2018.08.22-04.58.03:743][753]LogEditorTransaction: Undo Move Actors
[2018.08.22-04.58.04:443][774]Cmd: TRANSACTION UNDO
[2018.08.22-04.58.04:444][774]LogEditorTransaction: Undo Create Actors
[2018.08.22-04.58.11:178][913]LogEditorViewport: Clicking on Actor (LMB): BP_Sky_Sphere_C (Sky Sphere)
[2018.08.22-04.58.16:475][187]LogEditorViewport: Clicking on Actor (LMB): StaticMeshActor (Sphere)
[2018.08.22-04.58.20:788][394]LogEditorViewport: Clicking on Actor (LMB): BP_Sky_Sphere_C (Sky Sphere)
[2018.08.22-04.58.22:252][473]LogEditorViewport: Clicking on Actor (LMB): StaticMeshActor (Floor)
[2018.08.22-04.58.23:022][514]LogEditorViewport: Clicking on Actor (LMB): BP_Sky_Sphere_C (Sky Sphere)
[2018.08.22-04.58.24:054][570]LogEditorViewport: Clicking on Actor (LMB): StaticMeshActor (Sphere)
[2018.08.22-04.58.24:654][601]LogEditorViewport: Clicking on Actor (LMB): BP_Sky_Sphere_C (Sky Sphere)
[2018.08.22-05.07.13:073][608]Cmd: OBJ SAVEPACKAGE PACKAGE="/Temp/Untitled_1" FILE="D:/Unreal Project/Pinball/Saved/Autosaves/Temp/Untitled_1_Auto1.umap" SILENT=true AUTOSAVING=true KEEPDIRTY=false
[2018.08.22-05.07.13:208][608]LogSavePackage: Save=133.35ms
[2018.08.22-05.07.13:208][608]LogSavePackage: Moving 'D:/Unreal Project/Pinball/Saved/Untitled_1_Auto1ACDF76614BDCBC43854542BEB8022239.tmp' to 'D:/Unreal Project/Pinball/Saved/Autosaves/Temp/Untitled_1_Auto1.umap'
[2018.08.22-05.07.13:212][608]LogSavePackage:Display: Finished SavePackage D:/Unreal Project/Pinball/Saved/Autosaves/Temp/Untitled_1_Auto1.umap
[2018.08.22-05.07.13:414][608]LogFileHelpers: Editor autosave (incl. sublevels) for '/Temp/Untitled_1' took 0.388
[2018.08.22-05.07.13:414][608]LogFileHelpers: Editor autosave (incl. sublevels) for all levels took 0.388
[2018.08.22-06.15.06:351][673]LogMaterial: Missing cached shader map for material pinball_0, compiling. 
[2018.08.22-06.15.06:571][673]LogMaterial: Missing cached shader map for material pinball_0, compiling. 
[2018.08.22-06.15.06:591][673]LogMaterial: 0.00 seconds spent updating 1 materials, 1 interfaces, 0 instances, 0 with static permutations.
[2018.08.22-06.15.08:018][691]MaterialEditorStats: Info Base pass shader with only dynamic lighting: 22 instructions
[2018.08.22-06.15.08:019][691]MaterialEditorStats: Info Vertex shader: 29 instructions
[2018.08.22-06.15.08:019][691]MaterialEditorStats: Info Texture samplers: 0/16
[2018.08.22-06.15.25:126][ 39]LogMaterial: Missing cached shader map for material pinball_0, compiling. 
[2018.08.22-06.15.25:164][ 39]LogMaterial: 0.00 seconds spent updating 1 materials, 1 interfaces, 0 instances, 0 with static permutations.
[2018.08.22-06.15.25:168][ 39]LogMaterial: Missing cached shader map for material FMatExpressionPreview MaterialExpressionVectorParameter_0, compiling. 
[2018.08.22-06.15.26:163][ 68]MaterialEditorStats: Info Base pass shader with only dynamic lighting: 22 instructions
[2018.08.22-06.15.26:163][ 68]MaterialEditorStats: Info Vertex shader: 29 instructions
[2018.08.22-06.15.26:163][ 68]MaterialEditorStats: Info Texture samplers: 0/16
[2018.08.22-06.15.55:690][713]LogMaterial: Missing cached shader map for material pinball_0, compiling. 
[2018.08.22-06.15.55:728][713]LogMaterial: 0.00 seconds spent updating 1 materials, 1 interfaces, 0 instances, 0 with static permutations.
[2018.08.22-06.15.55:761][713]LogMaterial: Missing cached shader map for material FMatExpressionPreview MaterialExpressionVectorParameter_0, compiling. 
[2018.08.22-06.15.57:380][762]MaterialEditorStats: Info Base pass shader with only dynamic lighting: 22 instructions
[2018.08.22-06.15.57:380][762]MaterialEditorStats: Info Vertex shader: 29 instructions
[2018.08.22-06.15.57:380][762]MaterialEditorStats: Info Texture samplers: 0/16
[2018.08.22-06.16.04:194][906]LogMaterial: Missing cached shader map for material pinball_0, compiling. 
[2018.08.22-06.16.04:230][906]LogMaterial: 0.00 seconds spent updating 1 materials, 1 interfaces, 0 instances, 0 with static permutations.
[2018.08.22-06.16.04:266][906]LogMaterial: Missing cached shader map for material FMatExpressionPreview MaterialExpressionVectorParameter_0, compiling. 
[2018.08.22-06.16.06:298][937]LogMaterial: Missing cached shader map for material pinball_0, compiling. 
[2018.08.22-06.16.06:332][937]LogMaterial: 0.00 seconds spent updating 1 materials, 1 interfaces, 0 instances, 0 with static permutations.
[2018.08.22-06.16.06:367][937]LogMaterial: Missing cached shader map for material FMatExpressionPreview MaterialExpressionVectorParameter_0, compiling. 
[2018.08.22-06.16.07:562][955]LogMaterial: Missing cached shader map for material pinball_0, compiling. 
[2018.08.22-06.16.07:596][955]LogMaterial: 0.00 seconds spent updating 1 materials, 1 interfaces, 0 instances, 0 with static permutations.
[2018.08.22-06.16.07:625][955]LogMaterial: Missing cached shader map for material FMatExpressionPreview MaterialExpressionVectorParameter_0, compiling. 
[2018.08.22-06.16.08:599][971]MaterialEditorStats: Info Base pass shader with only dynamic lighting: 22 instructions
[2018.08.22-06.16.08:599][971]MaterialEditorStats: Info Vertex shader: 29 instructions
[2018.08.22-06.16.08:599][971]MaterialEditorStats: Info Texture samplers: 0/16
[2018.08.22-06.16.18:016][175]LogMaterial: Missing cached shader map for material pinball_0, compiling. 
[2018.08.22-06.16.18:052][175]LogMaterial: 0.00 seconds spent updating 1 materials, 1 interfaces, 0 instances, 0 with static permutations.
[2018.08.22-06.16.19:000][199]MaterialEditorStats: Info Base pass shader with only dynamic lighting: 22 instructions
[2018.08.22-06.16.19:001][199]MaterialEditorStats: Info Vertex shader: 29 instructions
[2018.08.22-06.16.19:001][199]MaterialEditorStats: Info Texture samplers: 0/16
[2018.08.22-06.16.19:657][211]LogMaterial: Missing cached shader map for material pinball_0, compiling. 
[2018.08.22-06.16.19:696][211]LogMaterial: 0.00 seconds spent updating 1 materials, 1 interfaces, 0 instances, 0 with static permutations.
[2018.08.22-06.16.20:657][237]MaterialEditorStats: Info Base pass shader with only dynamic lighting: 22 instructions
[2018.08.22-06.16.20:657][237]MaterialEditorStats: Info Vertex shader: 29 instructions
[2018.08.22-06.16.20:657][237]MaterialEditorStats: Info Texture samplers: 0/16
[2018.08.22-06.16.24:176][309]LogMaterial: Missing cached shader map for material pinball_0, compiling. 
[2018.08.22-06.16.24:212][309]LogMaterial: 0.00 seconds spent updating 1 materials, 1 interfaces, 0 instances, 0 with static permutations.
[2018.08.22-06.16.25:056][332]MaterialEditorStats: Info Base pass shader with only dynamic lighting: 22 instructions
[2018.08.22-06.16.25:056][332]MaterialEditorStats: Info Vertex shader: 29 instructions
[2018.08.22-06.16.25:056][332]MaterialEditorStats: Info Texture samplers: 0/16
[2018.08.22-06.16.26:511][360]LogMaterial: Missing cached shader map for material pinball_0, compiling. 
[2018.08.22-06.16.26:550][360]LogMaterial: 0.00 seconds spent updating 1 materials, 1 interfaces, 0 instances, 0 with static permutations.
[2018.08.22-06.16.27:282][380]MaterialEditorStats: Info Base pass shader with only dynamic lighting: 22 instructions
[2018.08.22-06.16.27:282][380]MaterialEditorStats: Info Vertex shader: 29 instructions
[2018.08.22-06.16.27:282][380]MaterialEditorStats: Info Texture samplers: 0/16
[2018.08.22-06.16.33:052][524]LogMaterial: Missing cached shader map for material pinball_0, compiling. 
[2018.08.22-06.16.33:080][524]LogMaterial: 0.00 seconds spent updating 1 materials, 1 interfaces, 0 instances, 0 with static permutations.
[2018.08.22-06.16.33:798][547]MaterialEditorStats: Info Base pass shader with only dynamic lighting: 22 instructions
[2018.08.22-06.16.33:798][547]MaterialEditorStats: Info Vertex shader: 29 instructions
[2018.08.22-06.16.33:798][547]MaterialEditorStats: Info Texture samplers: 0/16
[2018.08.22-06.16.40:202][722]LogMaterial: Missing cached shader map for material pinball_0, compiling. 
[2018.08.22-06.16.40:217][722]LogMaterial: 0.00 seconds spent updating 1 materials, 1 interfaces, 0 instances, 0 with static permutations.
[2018.08.22-06.16.41:145][751]MaterialEditorStats: Info Base pass shader with only dynamic lighting: 22 instructions
[2018.08.22-06.16.41:145][751]MaterialEditorStats: Info Vertex shader: 29 instructions
[2018.08.22-06.16.41:145][751]MaterialEditorStats: Info Texture samplers: 0/16
[2018.08.22-06.16.44:377][816]LogMaterial: Missing cached shader map for material pinball_0, compiling. 
[2018.08.22-06.16.44:415][816]LogMaterial: 0.00 seconds spent updating 1 materials, 1 interfaces, 0 instances, 0 with static permutations.
[2018.08.22-06.16.44:438][816]LogMaterial: Missing cached shader map for material pinball_0, compiling. 
[2018.08.22-06.16.44:474][816]LogMaterial: 0.00 seconds spent updating 1 materials, 1 interfaces, 0 instances, 0 with static permutations.
[2018.08.22-06.16.46:357][840]LogMaterial: Missing cached shader map for material pinball_0, compiling. 
[2018.08.22-06.16.46:391][840]LogMaterial: 0.00 seconds spent updating 1 materials, 1 interfaces, 0 instances, 0 with static permutations.
[2018.08.22-06.16.46:407][840]LogMaterial: Missing cached shader map for material pinball_0, compiling. 
[2018.08.22-06.16.46:435][840]LogMaterial: 0.00 seconds spent updating 1 materials, 1 interfaces, 0 instances, 0 with static permutations.
[2018.08.22-06.16.47:569][859]MaterialEditorStats: Info Base pass shader with only dynamic lighting: 23 instructions
[2018.08.22-06.16.47:569][859]MaterialEditorStats: Info Vertex shader: 29 instructions
[2018.08.22-06.16.47:569][859]MaterialEditorStats: Info Texture samplers: 0/16
[2018.08.22-06.17.48:867][540]LogMaterialEditor: Applying material pinball_0
[2018.08.22-06.17.49:407][540]LogMaterial: Missing cached shader map for material pinball_0, compiling. 
[2018.08.22-06.17.49:434][540]LogMaterial: 0.00 seconds spent updating 1 materials, 1 interfaces, 0 instances, 0 with static permutations.
[2018.08.22-06.17.49:509][540]LogMaterial: Missing cached shader map for material pinball_0, compiling. 
[2018.08.22-06.17.49:558][540]LogMaterial: Missing cached shader map for material pinball_0, compiling. 
[2018.08.22-06.17.49:599][540]LogMaterial: 0.00 seconds spent updating 1 materials, 1 interfaces, 0 instances, 0 with static permutations.
[2018.08.22-06.17.53:012][623]LogMaterialEditor: Saving and Compiling material pinball_0
[2018.08.22-06.17.53:192][623]Cmd: OBJ SAVEPACKAGE PACKAGE="/Game/Materials/pinball_0" FILE="D:/Unreal Project/Pinball/Content/Materials/pinball_0.uasset" SILENT=true
[2018.08.22-06.17.53:315][623]LogSavePackage: Save=45.64ms
[2018.08.22-06.17.53:315][623]LogSavePackage: Moving 'D:/Unreal Project/Pinball/Saved/pinball_090A0AC5240D2807BC4D25DBC115C646A.tmp' to 'D:/Unreal Project/Pinball/Content/Materials/pinball_0.uasset'
[2018.08.22-06.17.53:537][623]LogSavePackage:Display: Finished SavePackage D:/Unreal Project/Pinball/Content/Materials/pinball_0.uasset
[2018.08.22-06.17.53:579][623]MaterialEditorStats: Info Base pass shader with only dynamic lighting: 63 instructions
[2018.08.22-06.17.53:579][623]MaterialEditorStats: Info Vertex shader: 29 instructions
[2018.08.22-06.17.53:579][623]MaterialEditorStats: Info Texture samplers: 3/16
[2018.08.22-06.18.07:555][995]LogMaterial: Missing cached shader map for material PreviewMaterial_0, compiling. 
[2018.08.22-06.18.07:833][995]LogMaterial: Missing cached shader map for material PreviewMaterial_0, compiling. 
[2018.08.22-06.18.07:868][995]LogMaterial: 0.00 seconds spent updating 1 materials, 1 interfaces, 0 instances, 0 with static permutations.
[2018.08.22-06.18.07:902][995]LogMaterial: Missing cached shader map for material FMatExpressionPreview MaterialExpressionVectorParameter_0, compiling. 
[2018.08.22-06.18.08:695][  5]MaterialEditorStats: Info Base pass shader with only dynamic lighting: 23 instructions
[2018.08.22-06.18.08:695][  5]MaterialEditorStats: Info Vertex shader: 29 instructions
[2018.08.22-06.18.08:695][  5]MaterialEditorStats: Info Texture samplers: 0/16
[2018.08.22-06.18.19:509][176]LogRenderer: Reallocating scene render targets to support 1392x924 NumSamples 1 (Frame:14226).
[2018.08.22-06.19.36:488][320]LogFileHelpers: Editor autosave (incl. sublevels) for '/Temp/Untitled_1' took 0.028
[2018.08.22-06.19.36:512][320]OBJ SavePackage: Generating thumbnails for [1] asset(s) in package [/Game/Materials/pinball_0_Inst_0] ([1] browsable assets)...
[2018.08.22-06.19.36:559][320]OBJ SavePackage:     Rendered thumbnail for [MaterialInstanceConstant /Game/Materials/pinball_0_Inst_0.pinball_0_Inst_0]
[2018.08.22-06.19.36:559][320]OBJ SavePackage: Finished generating thumbnails for package [/Game/Materials/pinball_0_Inst_0]
[2018.08.22-06.19.36:559][320]Cmd: OBJ SAVEPACKAGE PACKAGE="/Game/Materials/pinball_0_Inst_0" FILE="D:/Unreal Project/Pinball/Saved/Autosaves/Game/Materials/pinball_0_Inst_0_Auto2.uasset" SILENT=false AUTOSAVING=true
[2018.08.22-06.19.36:652][320]LogSavePackage: Save=40.47ms
[2018.08.22-06.19.36:652][320]LogSavePackage: Moving 'D:/Unreal Project/Pinball/Saved/pinball_0_Inst_0_Auto2597A8EA44EF34A51D434238A4E81300A.tmp' to 'D:/Unreal Project/Pinball/Saved/Autosaves/Game/Materials/pinball_0_Inst_0_Auto2.uasset'
[2018.08.22-06.19.36:657][320]LogSavePackage:Display: Finished SavePackage D:/Unreal Project/Pinball/Saved/Autosaves/Game/Materials/pinball_0_Inst_0_Auto2.uasset
[2018.08.22-06.19.36:658][320]LogFileHelpers: Auto-saving content packages took 0.167
[2018.08.22-06.20.17:751][419]LogEditorViewport: Clicking on Actor (LMB): StaticMeshActor (Sphere)
[2018.08.22-06.20.40:912][444]Cmd: CAMERA ALIGN ACTIVEVIEWPORTONLY
[2018.08.22-06.20.58:681][ 65]LogEditorViewport: Clicking on Actor (context menu): BP_Sky_Sphere_C (Sky Sphere)
[2018.08.22-06.20.59:829][ 88]LogEditorViewport: Clicking on Actor (LMB): BP_Sky_Sphere_C (Sky Sphere)
[2018.08.22-06.21.10:483][637]LogEditorViewport: Clicking on Actor (LMB): StaticMeshActor (Sphere)
[2018.08.22-06.21.31:426][335]LogTemp: Repeting last play command: Selected Viewport
[2018.08.22-06.21.31:444][335]LogPlayLevel: PlayLevel: No blueprints needed recompiling
[2018.08.22-06.21.31:446][335]PIE: New page: PIE session: Untitled_1 (Aug 23, 2018, 2:21:31 AM)
[2018.08.22-06.21.31:446][335]LogPlayLevel: Creating play world package: /Temp/UEDPIE_0_Untitled_1
[2018.08.22-06.21.31:452][335]LogPlayLevel: PIE: StaticDuplicateObject took: (0.005977s)
[2018.08.22-06.21.31:454][335]LogAIModule: Creating AISystem for world Untitled_1
[2018.08.22-06.21.31:454][335]LogPlayLevel: PIE: World Init took: (0.001662s)
[2018.08.22-06.21.31:454][335]LogPlayLevel: PIE: Created PIE world by copying editor world from /Temp/Untitled_1.Untitled_1 to /Temp/UEDPIE_0_Untitled_1.Untitled_1 (0.008111s)
[2018.08.22-06.21.31:505][335]LogInit: XAudio2 using 'Realtek HD Audio 2nd output (Realtek(R) Audio)' : 2 channels at 48 kHz using 32 bits per sample (channel mask 0x3)
[2018.08.22-06.21.31:548][335]LogInit: FAudioDevice initialized.
[2018.08.22-06.21.31:618][335]LogLoad: Game class is 'GameModeBase'
[2018.08.22-06.21.31:628][335]LogWorld: Bringing World /Temp/UEDPIE_0_Untitled_1.Untitled_1 up for play (max tick rate 0) at 2018.08.22-16.21.31
[2018.08.22-06.21.31:629][335]LogWorld: Bringing up level for play took: 0.002799
[2018.08.22-06.21.31:778][335]LogContentBrowser: Native class hierarchy updated for 'MovieSceneCapture' in 0.0008 seconds. Added 11 classes and 0 folders.
[2018.08.22-06.21.31:780][335]PIE: Info Play in editor start time for /Temp/UEDPIE_0_Untitled_1 0.562
[2018.08.22-06.21.59:988][457]LogEditorViewport: Clicking on Actor (LMB): StaticMeshActor (Floor)
[2018.08.22-06.22.06:287][762]LogTemp: Repeting last play command: Selected Viewport
[2018.08.22-06.22.06:294][762]LogPlayLevel: PlayLevel: No blueprints needed recompiling
[2018.08.22-06.22.06:294][762]PIE: New page: PIE session: Untitled_1 (Aug 23, 2018, 2:22:06 AM)
[2018.08.22-06.22.06:294][762]LogPlayLevel: Creating play world package: /Temp/UEDPIE_0_Untitled_1
[2018.08.22-06.22.06:296][762]LogPlayLevel: PIE: StaticDuplicateObject took: (0.001842s)
[2018.08.22-06.22.06:297][762]LogAIModule: Creating AISystem for world Untitled_1
[2018.08.22-06.22.06:297][762]LogPlayLevel: PIE: World Init took: (0.000631s)
[2018.08.22-06.22.06:297][762]LogPlayLevel: PIE: Created PIE world by copying editor world from /Temp/Untitled_1.Untitled_1 to /Temp/UEDPIE_0_Untitled_1.Untitled_1 (0.002656s)
[2018.08.22-06.22.06:316][762]LogInit: XAudio2 using 'Realtek HD Audio 2nd output (Realtek(R) Audio)' : 2 channels at 48 kHz using 32 bits per sample (channel mask 0x3)
[2018.08.22-06.22.06:333][762]LogInit: FAudioDevice initialized.
[2018.08.22-06.22.06:369][762]LogLoad: Game class is 'GameModeBase'
[2018.08.22-06.22.06:377][762]LogWorld: Bringing World /Temp/UEDPIE_0_Untitled_1.Untitled_1 up for play (max tick rate 0) at 2018.08.22-16.22.06
[2018.08.22-06.22.06:377][762]LogWorld: Bringing up level for play took: 0.002886
[2018.08.22-06.22.06:381][762]PIE: Info Play in editor start time for /Temp/UEDPIE_0_Untitled_1 -0.837
[2018.08.22-06.22.12:107][996]LogTemp: Repeting last play command: Selected Viewport
[2018.08.22-06.22.12:115][996]LogPlayLevel: PlayLevel: No blueprints needed recompiling
[2018.08.22-06.22.12:116][996]PIE: New page: PIE session: Untitled_1 (Aug 23, 2018, 2:22:12 AM)
[2018.08.22-06.22.12:116][996]LogPlayLevel: Creating play world package: /Temp/UEDPIE_0_Untitled_1
[2018.08.22-06.22.12:118][996]LogPlayLevel: PIE: StaticDuplicateObject took: (0.001812s)
[2018.08.22-06.22.12:118][996]LogAIModule: Creating AISystem for world Untitled_1
[2018.08.22-06.22.12:118][996]LogPlayLevel: PIE: World Init took: (0.000597s)
[2018.08.22-06.22.12:118][996]LogPlayLevel: PIE: Created PIE world by copying editor world from /Temp/Untitled_1.Untitled_1 to /Temp/UEDPIE_0_Untitled_1.Untitled_1 (0.002594s)
[2018.08.22-06.22.12:136][996]LogInit: XAudio2 using 'Realtek HD Audio 2nd output (Realtek(R) Audio)' : 2 channels at 48 kHz using 32 bits per sample (channel mask 0x3)
[2018.08.22-06.22.12:152][996]LogInit: FAudioDevice initialized.
[2018.08.22-06.22.12:186][996]LogLoad: Game class is 'GameModeBase'
[2018.08.22-06.22.12:193][996]LogWorld: Bringing World /Temp/UEDPIE_0_Untitled_1.Untitled_1 up for play (max tick rate 0) at 2018.08.22-16.22.12
[2018.08.22-06.22.12:194][996]LogWorld: Bringing up level for play took: 0.002545
[2018.08.22-06.22.12:196][996]PIE: Info Play in editor start time for /Temp/UEDPIE_0_Untitled_1 0.978
[2018.08.22-06.22.23:662][559]LogEditorViewport: Clicking on Actor (LMB): StaticMeshActor (Sphere)
[2018.08.22-06.22.26:661][655]LogTemp: Repeting last play command: Selected Viewport
[2018.08.22-06.22.26:669][655]LogPlayLevel: PlayLevel: No blueprints needed recompiling
[2018.08.22-06.22.26:669][655]PIE: New page: PIE session: Untitled_1 (Aug 23, 2018, 2:22:26 AM)
[2018.08.22-06.22.26:669][655]LogPlayLevel: Creating play world package: /Temp/UEDPIE_0_Untitled_1
[2018.08.22-06.22.26:672][655]LogPlayLevel: PIE: StaticDuplicateObject took: (0.001770s)
[2018.08.22-06.22.26:672][655]LogAIModule: Creating AISystem for world Untitled_1
[2018.08.22-06.22.26:672][655]LogPlayLevel: PIE: World Init took: (0.000582s)
[2018.08.22-06.22.26:672][655]LogPlayLevel: PIE: Created PIE world by copying editor world from /Temp/Untitled_1.Untitled_1 to /Temp/UEDPIE_0_Untitled_1.Untitled_1 (0.002530s)
[2018.08.22-06.22.26:691][655]LogInit: XAudio2 using 'Realtek HD Audio 2nd output (Realtek(R) Audio)' : 2 channels at 48 kHz using 32 bits per sample (channel mask 0x3)
[2018.08.22-06.22.26:708][655]LogInit: FAudioDevice initialized.
[2018.08.22-06.22.26:748][655]LogLoad: Game class is 'GameModeBase'
[2018.08.22-06.22.26:755][655]LogWorld: Bringing World /Temp/UEDPIE_0_Untitled_1.Untitled_1 up for play (max tick rate 0) at 2018.08.22-16.22.26
[2018.08.22-06.22.26:756][655]LogWorld: Bringing up level for play took: 0.002552
[2018.08.22-06.22.26:758][655]PIE: Info Play in editor start time for /Temp/UEDPIE_0_Untitled_1 -0.461
[2018.08.22-06.22.42:663][163]LogEditorViewport: Clicking on Actor (context menu): BP_Sky_Sphere_C (Sky Sphere)
[2018.08.22-06.22.43:406][183]LogEditorViewport: Clicking on Actor (LMB): BP_Sky_Sphere_C (Sky Sphere)
[2018.08.22-06.22.47:535][388]Cmd: TRANSACTION UNDO
[2018.08.22-06.22.47:535][388]LogEditorTransaction: Undo Clicking on Actors
[2018.08.22-06.22.47:952][396]Cmd: TRANSACTION UNDO
[2018.08.22-06.22.47:952][396]LogEditorTransaction: Undo Clicking on Actors (context menu)
[2018.08.22-06.22.48:177][400]Cmd: TRANSACTION UNDO
[2018.08.22-06.22.48:177][400]LogEditorTransaction: Undo Edit Simulate Physics
[2018.08.22-06.22.48:638][414]Cmd: TRANSACTION UNDO
[2018.08.22-06.22.48:638][414]LogEditorTransaction: Undo Edit Simulate Physics
[2018.08.22-06.22.49:011][425]Cmd: TRANSACTION UNDO
[2018.08.22-06.22.49:012][425]LogEditorTransaction: Undo Clicking on Actors
[2018.08.22-06.22.49:533][440]Cmd: TRANSACTION UNDO
[2018.08.22-06.22.49:533][440]LogEditorTransaction: Undo Edit Simulate Physics
[2018.08.22-06.22.49:978][453]Cmd: TRANSACTION UNDO
[2018.08.22-06.22.49:978][453]LogEditorTransaction: Undo Edit Simulate Physics
[2018.08.22-06.22.50:346][464]Cmd: TRANSACTION UNDO
[2018.08.22-06.22.50:346][464]LogEditorTransaction: Undo Rotate Actors
[2018.08.22-06.22.51:999][512]LogEditorViewport: Clicking on Actor (LMB): StaticMeshActor (Sphere)
[2018.08.22-06.23.11:846][434]LogEditorViewport: Clicking on Actor (LMB): StaticMeshActor (Sphere)
[2018.08.22-06.23.54:092][647]LogMaterial: Missing cached shader map for material PreviewMaterial_1, compiling. 
[2018.08.22-06.23.54:201][647]LogMaterial: Missing cached shader map for material PreviewMaterial_1, compiling. 
[2018.08.22-06.23.54:230][647]LogMaterial: 0.00 seconds spent updating 1 materials, 1 interfaces, 0 instances, 0 with static permutations.
[2018.08.22-06.23.54:268][647]LogMaterial: Missing cached shader map for material FMatExpressionPreview MaterialExpressionVectorParameter_0, compiling. 
[2018.08.22-06.23.55:972][682]MaterialEditorStats: Info Base pass shader with only dynamic lighting: 23 instructions
[2018.08.22-06.23.55:972][682]MaterialEditorStats: Info Vertex shader: 29 instructions
[2018.08.22-06.23.55:972][682]MaterialEditorStats: Info Texture samplers: 0/16
[2018.08.22-06.29.55:789][ 27]Cmd: OBJ SAVEPACKAGE PACKAGE="/Temp/Untitled_1" FILE="D:/Unreal Project/Pinball/Saved/Autosaves/Temp/Untitled_1_Auto3.umap" SILENT=true AUTOSAVING=true KEEPDIRTY=false
[2018.08.22-06.29.55:869][ 27]LogSavePackage: Save=78.58ms
[2018.08.22-06.29.55:869][ 27]LogSavePackage: Moving 'D:/Unreal Project/Pinball/Saved/Untitled_1_Auto3AAAA9470427727AB3D8F828FBD96B4AA.tmp' to 'D:/Unreal Project/Pinball/Saved/Autosaves/Temp/Untitled_1_Auto3.umap'
[2018.08.22-06.29.55:871][ 27]LogSavePackage:Display: Finished SavePackage D:/Unreal Project/Pinball/Saved/Autosaves/Temp/Untitled_1_Auto3.umap
[2018.08.22-06.29.56:064][ 27]LogFileHelpers: Editor autosave (incl. sublevels) for '/Temp/Untitled_1' took 0.304
[2018.08.22-06.29.56:064][ 27]LogFileHelpers: Editor autosave (incl. sublevels) for all levels took 0.304
[2018.08.22-06.30.58:140][309]LogTemp: Repeting last play command: Selected Viewport
[2018.08.22-06.30.58:147][309]LogPlayLevel: PlayLevel: No blueprints needed recompiling
[2018.08.22-06.30.58:150][309]PIE: New page: PIE session: Untitled_1 (Aug 23, 2018, 2:30:58 AM)
[2018.08.22-06.30.58:150][309]LogPlayLevel: Creating play world package: /Temp/UEDPIE_1_Untitled_1
[2018.08.22-06.30.58:153][309]LogPlayLevel: PIE: StaticDuplicateObject took: (0.002958s)
[2018.08.22-06.30.58:154][309]LogAIModule: Creating AISystem for world Untitled_1
[2018.08.22-06.30.58:154][309]LogPlayLevel: PIE: World Init took: (0.000836s)
[2018.08.22-06.30.58:154][309]LogPlayLevel: PIE: Created PIE world by copying editor world from /Temp/Untitled_1.Untitled_1 to /Temp/UEDPIE_1_Untitled_1.Untitled_1 (0.004001s)
[2018.08.22-06.30.58:173][309]LogInit: XAudio2 using 'Realtek HD Audio 2nd output (Realtek(R) Audio)' : 2 channels at 48 kHz using 32 bits per sample (channel mask 0x3)
[2018.08.22-06.30.58:185][309]LogInit: FAudioDevice initialized.
[2018.08.22-06.30.58:244][309]LogLoad: Game class is 'GameModeBase'
[2018.08.22-06.30.58:252][309]LogWorld: Bringing World /Temp/UEDPIE_1_Untitled_1.Untitled_1 up for play (max tick rate 0) at 2018.08.22-16.30.58
[2018.08.22-06.30.58:253][309]LogWorld: Bringing up level for play took: 0.003124
[2018.08.22-06.30.58:266][309]LogInit: WinSock: Socket queue 131072 / 131072
[2018.08.22-06.30.58:272][309]LogInit: WinSock: I am LAPTOP-RVR0KLH5 (118.138.83.199:0)
[2018.08.22-06.30.58:273][309]PacketHandlerLog: Loaded PacketHandler component: Engine.EngineHandlerComponentFactory (StatelessConnectHandlerComponent)
[2018.08.22-06.30.58:273][309]LogNet: GameNetDriver IpNetDriver_0 IpNetDriver listening on port 7777
[2018.08.22-06.30.58:274][309]PIE: Info Play in editor start time for /Temp/UEDPIE_1_Untitled_1 1.056
[2018.08.22-06.30.58:282][309]PIE: New page: PIE session: Untitled_1 (Aug 23, 2018, 2:30:58 AM)
[2018.08.22-06.30.58:418][309]LogNet: Browse: 127.0.0.1//Engine/Maps/Entry
[2018.08.22-06.30.58:418][309]LogInit: WinSock: Socket queue 32768 / 32768
[2018.08.22-06.30.58:419][309]PacketHandlerLog: Loaded PacketHandler component: Engine.EngineHandlerComponentFactory (StatelessConnectHandlerComponent)
[2018.08.22-06.30.58:420][309]LogNet: Game client on port 7777, rate 10000
[2018.08.22-06.30.58:420][309]LogNetVersion: GetLocalNetworkVersion: CL: 3195953, ProjectName: pinball, ProjectVersion: 1.0.0.0, EngineNetworkVersion: 2, GameNetworkVersion: 0, NetworkChecksum: 2867694331
[2018.08.22-06.30.58:421][309]LogNet: UPendingNetGame::InitNetDriver: Sending hello. [UNetConnection] RemoteAddr: 127.0.0.1:7777, Name: IpConnection_0, Driver: PendingNetDriver IpNetDriver_1, IsServer: NO, PC: NULL, Owner: NULL
[2018.08.22-06.30.58:436][309]PIE: Info Play in editor start time for /Engine/Maps/Entry 1.217
[2018.08.22-06.30.58:481][309]LogHandshake: SendConnectChallenge. Timestamp: 0.066197, Cookie: 150167211114132113025155098075196122094212107075019175219193
[2018.08.22-06.30.58:608][309]LogHandshake: SendChallengeResponse. Timestamp: 0.066197, Cookie: 150167211114132113025155098075196122094212107075019175219193
[2018.08.22-06.30.58:677][310]LogNet: Server accepting post-challenge connection from: 127.0.0.1:52712
[2018.08.22-06.30.58:678][310]PacketHandlerLog: Loaded PacketHandler component: Engine.EngineHandlerComponentFactory (StatelessConnectHandlerComponent)
[2018.08.22-06.30.58:678][310]LogNet: NotifyAcceptedConnection: Name: Untitled_1, TimeStamp: 08/22/18 16:30:58, [UNetConnection] RemoteAddr: 127.0.0.1:52712, Name: IpConnection_1, Driver: GameNetDriver IpNetDriver_0, IsServer: YES, PC: NULL, Owner: NULL
[2018.08.22-06.30.58:678][310]LogNet: AddClientConnection: Added client connection: [UNetConnection] RemoteAddr: 127.0.0.1:52712, Name: IpConnection_1, Driver: GameNetDriver IpNetDriver_0, IsServer: YES, PC: NULL, Owner: NULL
[2018.08.22-06.30.58:726][312]LogNet: NotifyAcceptingChannel Control 0 server World /Temp/UEDPIE_1_Untitled_1.Untitled_1: Accepted
[2018.08.22-06.30.58:734][312]LogNet: Remote platform little endian=1
[2018.08.22-06.30.58:734][312]LogNet: This platform little endian=1
[2018.08.22-06.30.58:814][313]LogNet: Login request: /Engine/Maps/Entry userId: Invalid
[2018.08.22-06.30.58:817][313]LogNet: Welcomed by server (Level: /Temp/UEDPIE_1_Untitled_1, Game: /Script/Engine.GameModeBase)
[2018.08.22-06.30.58:818][313]LogLoad: LoadMap: 127.0.0.1//Temp/UEDPIE_1_Untitled_1?game=/Script/Engine.GameModeBase
[2018.08.22-06.30.58:909][313]Cmd: MEM
[2018.08.22-06.30.58:946][313]LogMemory: Platform Memory Stats for Windows
[2018.08.22-06.30.58:946][313]LogMemory: Process Physical Memory: 899.62 MB used, 971.12 MB peak
[2018.08.22-06.30.58:946][313]LogMemory: Process Virtual Memory: 1893.90 MB used, 2019.05 MB peak
[2018.08.22-06.30.58:946][313]LogMemory: Physical Memory: 6290.93 MB used,  9995.76 MB free, 16286.69 MB total
[2018.08.22-06.30.58:946][313]LogMemory: Virtual Memory: 2947.83 MB used,  9995.76 MB free, 134217728.00 MB total
[2018.08.22-06.30.58:946][313]LogMemory: 
[2018.08.22-06.30.58:946][313]Allocator Stats for TBB: (not implemented)
[2018.08.22-06.30.58:952][313]LogAIModule: Creating AISystem for world Untitled_1
[2018.08.22-06.30.58:960][313]LogWorld: Bringing World /Temp/UEDPIE_2_Untitled_1.Untitled_1 up for play (max tick rate 0) at 2018.08.22-16.30.58
[2018.08.22-06.30.58:960][313]LogWorld: Bringing up level for play took: 0.002247
[2018.08.22-06.30.58:961][313]LogLoad: Took 0.143350 seconds to LoadMap(/Temp/UEDPIE_1_Untitled_1)
[2018.08.22-06.30.59:003][314]LogNet: Client netspeed is 10000
[2018.08.22-06.30.59:003][314]LogNet: Join request: /Engine/Maps/Entry?SplitscreenCount=1
[2018.08.22-06.30.59:008][314]LogNet: Join succeeded: 261
[2018.08.22-06.31.00:327][330]LogNet: UChannel::CleanUp: ChIndex == 0. Closing connection. [UChannel] ChIndex: 0, Closing: 0 [UNetConnection] RemoteAddr: 127.0.0.1:52712, Name: IpConnection_1, Driver: GameNetDriver IpNetDriver_0, IsServer: YES, PC: None, Owner: None
[2018.08.22-06.31.00:328][330]LogNet: UNetConnection::Close: [UNetConnection] RemoteAddr: 127.0.0.1:52712, Name: IpConnection_1, Driver: GameNetDriver IpNetDriver_0, IsServer: YES, PC: None, Owner: None, Channels: 2, Time: 2018.08.22-06.31.00
[2018.08.22-06.31.00:328][330]LogNet: UChannel::Close: Sending CloseBunch. ChIndex == 0. Name: [UChannel] ChIndex: 0, Closing: 0 [UNetConnection] RemoteAddr: 127.0.0.1:52712, Name: IpConnection_1, Driver: GameNetDriver IpNetDriver_0, IsServer: YES, PC: None, Owner: None
[2018.08.22-06.31.00:328][330]LogNet: UChannel::CleanUp: ChIndex == 0. Closing connection. [UChannel] ChIndex: 0, Closing: 0 [UNetConnection] RemoteAddr: 127.0.0.1:7777, Name: IpConnection_0, Driver: GameNetDriver IpNetDriver_1, IsServer: NO, PC: None, Owner: None
[2018.08.22-06.31.00:328][330]LogNet: UNetConnection::Close: [UNetConnection] RemoteAddr: 127.0.0.1:7777, Name: IpConnection_0, Driver: GameNetDriver IpNetDriver_1, IsServer: NO, PC: None, Owner: None, Channels: 2, Time: 2018.08.22-06.31.00
[2018.08.22-06.31.00:328][330]LogNet: UChannel::Close: Sending CloseBunch. ChIndex == 0. Name: [UChannel] ChIndex: 0, Closing: 0 [UNetConnection] RemoteAddr: 127.0.0.1:7777, Name: IpConnection_0, Driver: GameNetDriver IpNetDriver_1, IsServer: NO, PC: None, Owner: None
[2018.08.22-06.31.00:331][330]LogExit: GameNetDriver None shut down
[2018.08.22-06.31.00:331][330]LogExit: GameNetDriver None shut down
