Log file open, 08/23/18 12:39:33
LogInit:Display: Running engine for game: Pinball
LogPlatformFile: Not using cached read wrapper
LogInit:Display: RandInit(-356545820) SRandInit(-356545820).
LogTaskGraph: Started task graph with 5 named threads and 9 total threads with 1 sets of task threads.
LogStats: Stats thread started at 0.090527
LogPluginManager: Loaded Plugin Paper2D, From C:/Program Files/Epic Games/UE_4.14/Engine/Plugins/2D/Paper2D/Paper2D.uplugin
LogPluginManager: Loaded Plugin LightPropagationVolume, From C:/Program Files/Epic Games/UE_4.14/Engine/Plugins/Blendables/LightPropagationVolume/LightPropagationVolume.uplugin
LogPluginManager: Loaded Plugin BlankPlugin, From C:/Program Files/Epic Games/UE_4.14/Engine/Plugins/Developer/BlankPlugin/BlankPlugin.uplugin
LogPluginManager: Loaded Plugin CodeLiteSourceCodeAccess, From C:/Program Files/Epic Games/UE_4.14/Engine/Plugins/Developer/CodeLiteSourceCodeAccess/CodeLiteSourceCodeAccess.uplugin
LogPluginManager: Loaded Plugin GitSourceControl, From C:/Program Files/Epic Games/UE_4.14/Engine/Plugins/Developer/GitSourceControl/GitSourceControl.uplugin
LogPluginManager: Loaded Plugin KDevelopSourceCodeAccess, From C:/Program Files/Epic Games/UE_4.14/Engine/Plugins/Developer/KDevelopSourceCodeAccess/KDevelopSourceCodeAccess.uplugin
LogPluginManager: Loaded Plugin NullSourceCodeAccess, From C:/Program Files/Epic Games/UE_4.14/Engine/Plugins/Developer/NullSourceCodeAccess/NullSourceCodeAccess.uplugin
LogPluginManager: Loaded Plugin OneSkyLocalizationService, From C:/Program Files/Epic Games/UE_4.14/Engine/Plugins/Developer/OneSkyLocalizationService/OneSkyLocalizationService.uplugin
LogPluginManager: Loaded Plugin PerforceSourceControl, From C:/Program Files/Epic Games/UE_4.14/Engine/Plugins/Developer/PerforceSourceControl/PerforceSourceControl.uplugin
LogPluginManager: Loaded Plugin SubversionSourceControl, From C:/Program Files/Epic Games/UE_4.14/Engine/Plugins/Developer/SubversionSourceControl/SubversionSourceControl.uplugin
LogPluginManager: Loaded Plugin UObjectPlugin, From C:/Program Files/Epic Games/UE_4.14/Engine/Plugins/Developer/UObjectPlugin/UObjectPlugin.uplugin
LogPluginManager: Loaded Plugin VisualStudioSourceCodeAccess, From C:/Program Files/Epic Games/UE_4.14/Engine/Plugins/Developer/VisualStudioSourceCodeAccess/VisualStudioSourceCodeAccess.uplugin
LogPluginManager: Loaded Plugin XCodeSourceCodeAccess, From C:/Program Files/Epic Games/UE_4.14/Engine/Plugins/Developer/XCodeSourceCodeAccess/XCodeSourceCodeAccess.uplugin
LogPluginManager: Loaded Plugin AudioCapture, From C:/Program Files/Epic Games/UE_4.14/Engine/Plugins/Editor/AudioCapture/AudioCapture.uplugin
LogPluginManager: Loaded Plugin EpicSurvey, From C:/Program Files/Epic Games/UE_4.14/Engine/Plugins/Editor/EpicSurvey/EpicSurvey.uplugin
LogPluginManager: Loaded Plugin MacGraphicsSwitching, From C:/Program Files/Epic Games/UE_4.14/Engine/Plugins/Editor/MacGraphicsSwitching/MacGraphicsSwitching.uplugin
LogPluginManager: Loaded Plugin MobileLauncherProfileWizard, From C:/Program Files/Epic Games/UE_4.14/Engine/Plugins/Editor/MobileLauncherProfileWizard/MobileLauncherProfileWizard.uplugin
LogPluginManager: Loaded Plugin PluginBrowser, From C:/Program Files/Epic Games/UE_4.14/Engine/Plugins/Editor/PluginBrowser/PluginBrowser.uplugin
LogPluginManager: Loaded Plugin SpeedTreeImporter, From C:/Program Files/Epic Games/UE_4.14/Engine/Plugins/Editor/SpeedTreeImporter/SpeedTreeImporter.uplugin
LogPluginManager: Loaded Plugin SuperSearchEditor, From C:/Program Files/Epic Games/UE_4.14/Engine/Plugins/Editor/SuperSearchEditor/SuperSearchEditor.uplugin
LogPluginManager: Loaded Plugin AlembicImporter, From C:/Program Files/Epic Games/UE_4.14/Engine/Plugins/Experimental/AlembicImporter/AlembicImporter.uplugin
LogPluginManager: Loaded Plugin BlueprintStats, From C:/Program Files/Epic Games/UE_4.14/Engine/Plugins/Experimental/BlueprintStats/BlueprintStats.uplugin
LogPluginManager: Loaded Plugin CharacterAI, From C:/Program Files/Epic Games/UE_4.14/Engine/Plugins/Experimental/CharacterAI/CharacterAI.uplugin
LogPluginManager: Loaded Plugin CodeEditor, From C:/Program Files/Epic Games/UE_4.14/Engine/Plugins/Experimental/CodeEditor/CodeEditor.uplugin
LogPluginManager: Loaded Plugin CodeView, From C:/Program Files/Epic Games/UE_4.14/Engine/Plugins/Experimental/CodeView/CodeView.uplugin
LogPluginManager: Loaded Plugin HTML5Networking, From C:/Program Files/Epic Games/UE_4.14/Engine/Plugins/Experimental/HTML5Networking/HTML5Networking.uplugin
LogPluginManager: Loaded Plugin OSVR, From C:/Program Files/Epic Games/UE_4.14/Engine/Plugins/Experimental/OSVR/OSVR.uplugin
LogPluginManager: Loaded Plugin Phya, From C:/Program Files/Epic Games/UE_4.14/Engine/Plugins/Experimental/Phya/Phya.uplugin
LogPluginManager: Loaded Plugin SignificanceManager, From C:/Program Files/Epic Games/UE_4.14/Engine/Plugins/Experimental/SignificanceManager/SignificanceManager.uplugin
LogPluginManager: Loaded Plugin SimpleHMD, From C:/Program Files/Epic Games/UE_4.14/Engine/Plugins/Experimental/SimpleHMD/SimpleHMD.uplugin
LogPluginManager: Loaded Plugin StereoPanorama, From C:/Program Files/Epic Games/UE_4.14/Engine/Plugins/Experimental/StereoPanorama/StereoPanorama.uplugin
LogPluginManager: Loaded Plugin StructBox, From C:/Program Files/Epic Games/UE_4.14/Engine/Plugins/Experimental/StructBox/StructBox.uplugin
LogPluginManager: Loaded Plugin AndroidMedia, From C:/Program Files/Epic Games/UE_4.14/Engine/Plugins/Media/AndroidMedia/AndroidMedia.uplugin
LogPluginManager: Loaded Plugin AvfMedia, From C:/Program Files/Epic Games/UE_4.14/Engine/Plugins/Media/AvfMedia/AvfMedia.uplugin
LogPluginManager: Loaded Plugin MediaPlayerEditor, From C:/Program Files/Epic Games/UE_4.14/Engine/Plugins/Media/MediaPlayerEditor/MediaPlayerEditor.uplugin
LogPluginManager: Loaded Plugin WmfMedia, From C:/Program Files/Epic Games/UE_4.14/Engine/Plugins/Media/WmfMedia/WmfMedia.uplugin
LogPluginManager: Loaded Plugin MessagingDebugger, From C:/Program Files/Epic Games/UE_4.14/Engine/Plugins/Messaging/MessagingDebugger/MessagingDebugger.uplugin
LogPluginManager: Loaded Plugin TcpMessaging, From C:/Program Files/Epic Games/UE_4.14/Engine/Plugins/Messaging/TcpMessaging/TcpMessaging.uplugin
LogPluginManager: Loaded Plugin UdpMessaging, From C:/Program Files/Epic Games/UE_4.14/Engine/Plugins/Messaging/UdpMessaging/UdpMessaging.uplugin
LogPluginManager: Loaded Plugin LevelSequenceEditor, From C:/Program Files/Epic Games/UE_4.14/Engine/Plugins/MovieScene/LevelSequenceEditor/LevelSequenceEditor.uplugin
LogPluginManager: Loaded Plugin MatineeToLevelSequence, From C:/Program Files/Epic Games/UE_4.14/Engine/Plugins/MovieScene/MatineeToLevelSequence/MatineeToLevelSequence.uplugin
LogPluginManager: Loaded Plugin NetcodeUnitTest, From C:/Program Files/Epic Games/UE_4.14/Engine/Plugins/NetcodeUnitTest/NetcodeUnitTest/NetcodeUnitTest.uplugin
LogPluginManager: Loaded Plugin NUTUnrealEngine4, From C:/Program Files/Epic Games/UE_4.14/Engine/Plugins/NetcodeUnitTest/NUTUnrealEngine4/NUTUnrealEngine4.uplugin
LogPluginManager: Loaded Plugin OnlineSubsystemGameCircle, From C:/Program Files/Epic Games/UE_4.14/Engine/Plugins/Online/Android/OnlineSubsystemGameCircle/OnlineSubsystemGameCircle.uplugin
LogPluginManager: Loaded Plugin OnlineSubsystemGooglePlay, From C:/Program Files/Epic Games/UE_4.14/Engine/Plugins/Online/Android/OnlineSubsystemGooglePlay/OnlineSubsystemGooglePlay.uplugin
LogPluginManager: Loaded Plugin OnlineSubsystemIOS, From C:/Program Files/Epic Games/UE_4.14/Engine/Plugins/Online/IOS/OnlineSubsystemIOS/OnlineSubsystemIOS.uplugin
LogPluginManager: Loaded Plugin OnlineFramework, From C:/Program Files/Epic Games/UE_4.14/Engine/Plugins/Online/OnlineFramework/OnlineFramework.uplugin
LogPluginManager: Loaded Plugin OnlineSubsystem, From C:/Program Files/Epic Games/UE_4.14/Engine/Plugins/Online/OnlineSubsystem/OnlineSubsystem.uplugin
LogPluginManager: Loaded Plugin OnlineSubsystemAmazon, From C:/Program Files/Epic Games/UE_4.14/Engine/Plugins/Online/OnlineSubsystemAmazon/OnlineSubsystemAmazon.uplugin
LogPluginManager: Loaded Plugin OnlineSubsystemFacebook, From C:/Program Files/Epic Games/UE_4.14/Engine/Plugins/Online/OnlineSubsystemFacebook/OnlineSubsystemFacebook.uplugin
LogPluginManager: Loaded Plugin OnlineSubsystemNull, From C:/Program Files/Epic Games/UE_4.14/Engine/Plugins/Online/OnlineSubsystemNull/OnlineSubsystemNull.uplugin
LogPluginManager: Loaded Plugin OnlineSubsystemOculus, From C:/Program Files/Epic Games/UE_4.14/Engine/Plugins/Online/OnlineSubsystemOculus/OnlineSubsystemOculus.uplugin
LogPluginManager: Loaded Plugin OnlineSubsystemSteam, From C:/Program Files/Epic Games/UE_4.14/Engine/Plugins/Online/OnlineSubsystemSteam/OnlineSubsystemSteam.uplugin
LogPluginManager: Loaded Plugin OnlineSubsystemUtils, From C:/Program Files/Epic Games/UE_4.14/Engine/Plugins/Online/OnlineSubsystemUtils/OnlineSubsystemUtils.uplugin
LogPluginManager: Loaded Plugin IOSTapJoy, From C:/Program Files/Epic Games/UE_4.14/Engine/Plugins/Runtime/Advertising/IOSTapJoy/IOSTapJoy.uplugin
LogPluginManager: Loaded Plugin AnalyticsBlueprintLibrary, From C:/Program Files/Epic Games/UE_4.14/Engine/Plugins/Runtime/Analytics/AnalyticsBlueprintLibrary/AnalyticsBlueprintLibrary.uplugin
LogPluginManager: Loaded Plugin AnalyticsMulticast, From C:/Program Files/Epic Games/UE_4.14/Engine/Plugins/Runtime/Analytics/AnalyticsMulticast/AnalyticsMulticast.uplugin
LogPluginManager: Loaded Plugin Apsalar, From C:/Program Files/Epic Games/UE_4.14/Engine/Plugins/Runtime/Analytics/Apsalar/Apsalar.uplugin
LogPluginManager: Loaded Plugin FileLogging, From C:/Program Files/Epic Games/UE_4.14/Engine/Plugins/Runtime/Analytics/FileLogging/FileLogging.uplugin
LogPluginManager: Loaded Plugin Flurry, From C:/Program Files/Epic Games/UE_4.14/Engine/Plugins/Runtime/Analytics/Flurry/Flurry.uplugin
LogPluginManager: Loaded Plugin AndroidDeviceProfileSelector, From C:/Program Files/Epic Games/UE_4.14/Engine/Plugins/Runtime/AndroidDeviceProfileSelector/AndroidDeviceProfileSelector.uplugin
LogPluginManager: Loaded Plugin AndroidMoviePlayer, From C:/Program Files/Epic Games/UE_4.14/Engine/Plugins/Runtime/AndroidMoviePlayer/AndroidMoviePlayer.uplugin
LogPluginManager: Loaded Plugin AppleMoviePlayer, From C:/Program Files/Epic Games/UE_4.14/Engine/Plugins/Runtime/AppleMoviePlayer/AppleMoviePlayer.uplugin
LogPluginManager: Loaded Plugin ArchVisCharacter, From C:/Program Files/Epic Games/UE_4.14/Engine/Plugins/Runtime/ArchVisCharacter/ArchVisCharacter.uplugin
LogPluginManager: Loaded Plugin CableComponent, From C:/Program Files/Epic Games/UE_4.14/Engine/Plugins/Runtime/CableComponent/CableComponent.uplugin
LogPluginManager: Loaded Plugin CustomMeshComponent, From C:/Program Files/Epic Games/UE_4.14/Engine/Plugins/Runtime/CustomMeshComponent/CustomMeshComponent.uplugin
LogPluginManager: Loaded Plugin ExampleDeviceProfileSelector, From C:/Program Files/Epic Games/UE_4.14/Engine/Plugins/Runtime/ExampleDeviceProfileSelector/ExampleDeviceProfileSelector.uplugin
LogPluginManager: Loaded Plugin GearVR, From C:/Program Files/Epic Games/UE_4.14/Engine/Plugins/Runtime/GearVR/GearVR.uplugin
LogPluginManager: Loaded Plugin GoogleVRController, From C:/Program Files/Epic Games/UE_4.14/Engine/Plugins/Runtime/GoogleVR/GoogleVRController/GoogleVRController.uplugin
LogPluginManager: Loaded Plugin GoogleVRHMD, From C:/Program Files/Epic Games/UE_4.14/Engine/Plugins/Runtime/GoogleVR/GoogleVRHMD/GoogleVRHMD.uplugin
LogPluginManager: Loaded Plugin IOSDeviceProfileSelector, From C:/Program Files/Epic Games/UE_4.14/Engine/Plugins/Runtime/IOSDeviceProfileSelector/IOSDeviceProfileSelector.uplugin
LogPluginManager: Loaded Plugin LeapMotion, From C:/Program Files/Epic Games/UE_4.14/Engine/Plugins/Runtime/LeapMotion/LeapMotion.uplugin
LogPluginManager: Loaded Plugin LinuxDeviceProfileSelector, From C:/Program Files/Epic Games/UE_4.14/Engine/Plugins/Runtime/LinuxDeviceProfileSelector/LinuxDeviceProfileSelector.uplugin
LogPluginManager: Loaded Plugin MIDIDevice, From C:/Program Files/Epic Games/UE_4.14/Engine/Plugins/Runtime/MIDIDevice/MIDIDevice.uplugin
LogPluginManager: Loaded Plugin MobilePatchingUtils, From C:/Program Files/Epic Games/UE_4.14/Engine/Plugins/Runtime/MobilePatchingUtils/MobilePatchingUtils.uplugin
LogPluginManager: Loaded Plugin Ansel, From C:/Program Files/Epic Games/UE_4.14/Engine/Plugins/Runtime/Nvidia/Ansel/Ansel.uplugin
LogPluginManager: Loaded Plugin OculusAudio, From C:/Program Files/Epic Games/UE_4.14/Engine/Plugins/Runtime/OculusAudio/OculusAudio.uplugin
LogPluginManager: Loaded Plugin OculusInput, From C:/Program Files/Epic Games/UE_4.14/Engine/Plugins/Runtime/OculusInput/OculusInput.uplugin
LogPluginManager: Loaded Plugin OculusLibrary, From C:/Program Files/Epic Games/UE_4.14/Engine/Plugins/Runtime/OculusLibrary/OculusLibrary.uplugin
LogPluginManager: Loaded Plugin OculusRift, From C:/Program Files/Epic Games/UE_4.14/Engine/Plugins/Runtime/OculusRift/OculusRift.uplugin
LogPluginManager: Loaded Plugin Oodle, From C:/Program Files/Epic Games/UE_4.14/Engine/Plugins/Runtime/PacketHandlers/CompressionComponents/Oodle/Oodle.uplugin
LogPluginManager: Loaded Plugin ProceduralMeshComponent, From C:/Program Files/Epic Games/UE_4.14/Engine/Plugins/Runtime/ProceduralMeshComponent/ProceduralMeshComponent.uplugin
LogPluginManager: Loaded Plugin SoundMod, From C:/Program Files/Epic Games/UE_4.14/Engine/Plugins/Runtime/SoundMod/SoundMod.uplugin
LogPluginManager: Loaded Plugin SoundVisualizations, From C:/Program Files/Epic Games/UE_4.14/Engine/Plugins/Runtime/SoundVisualizations/SoundVisualizations.uplugin
LogPluginManager: Loaded Plugin SteamController, From C:/Program Files/Epic Games/UE_4.14/Engine/Plugins/Runtime/Steam/SteamController/SteamController.uplugin
LogPluginManager: Loaded Plugin SteamVR, From C:/Program Files/Epic Games/UE_4.14/Engine/Plugins/Runtime/Steam/SteamVR/SteamVR.uplugin
LogPluginManager: Loaded Plugin WebBrowserWidget, From C:/Program Files/Epic Games/UE_4.14/Engine/Plugins/Runtime/WebBrowserWidget/WebBrowserWidget.uplugin
LogPluginManager: Loaded Plugin WindowsDeviceProfileSelector, From C:/Program Files/Epic Games/UE_4.14/Engine/Plugins/Runtime/WindowsDeviceProfileSelector/WindowsDeviceProfileSelector.uplugin
LogPluginManager: Loaded Plugin WindowsMoviePlayer, From C:/Program Files/Epic Games/UE_4.14/Engine/Plugins/Runtime/WindowsMoviePlayer/WindowsMoviePlayer.uplugin
LogPluginManager: Loaded Plugin ScriptPlugin, From C:/Program Files/Epic Games/UE_4.14/Engine/Plugins/ScriptPlugin/ScriptPlugin.uplugin
LogPluginManager: Loaded Plugin SlateRemote, From C:/Program Files/Epic Games/UE_4.14/Engine/Plugins/Slate/SlateRemote/SlateRemote.uplugin
LogPluginManager: Loaded Plugin EditorTests, From C:/Program Files/Epic Games/UE_4.14/Engine/Plugins/Tests/EditorTests/EditorTests.uplugin
LogPluginManager: Loaded Plugin FbxAutomationTestBuilder, From C:/Program Files/Epic Games/UE_4.14/Engine/Plugins/Tests/FbxAutomationTestBuilder/FbxAutomationTestBuilder.uplugin
LogPluginManager: Loaded Plugin FunctionalTestingEditor, From C:/Program Files/Epic Games/UE_4.14/Engine/Plugins/Tests/FunctionalTestingEditor/FunctionalTestingEditor.uplugin
LogPluginManager: Loaded Plugin RuntimeTests, From C:/Program Files/Epic Games/UE_4.14/Engine/Plugins/Tests/RuntimeTests/RuntimeTests.uplugin
LogPluginManager: Loaded Plugin ScreenshotTools, From C:/Program Files/Epic Games/UE_4.14/Engine/Plugins/Tests/ScreenshotTools/ScreenshotTools.uplugin
LogInit: Using libcurl 7.47.1
LogInit:  - built for x86_64-pc-win32
LogInit:  - supports SSL with OpenSSL/1.0.2g
LogInit:  - supports HTTP deflate (compression) using libz 1.2.8
LogInit:  - other features:
LogInit:      CURL_VERSION_SSL
LogInit:      CURL_VERSION_LIBZ
LogInit:      CURL_VERSION_IPV6
LogInit:      CURL_VERSION_ASYNCHDNS
LogInit:      CURL_VERSION_LARGEFILE
LogInit:      CURL_VERSION_IDN
LogInit:  CurlRequestOptions (configurable via config and command line):
LogInit:  - bVerifyPeer = false  - Libcurl will NOT verify peer certificate
LogInit:  - bUseHttpProxy = false  - Libcurl will NOT use HTTP proxy
LogInit:  - bDontReuseConnections = false  - Libcurl will reuse connections
LogInit:  - CertBundlePath = nullptr  - Libcurl will use whatever was configured at build time.
LogInit: Build: ++UE4+Release-4.14-CL-3249277
LogInit: Engine Version: 4.14.3-3249277+++UE4+Release-4.14
LogInit: Compatible Engine Version: 4.14.0-3195953+++UE4+Release-4.14
LogInit: Net CL: 3195953
LogDevObjectVersion: Number of dev versions registered: 13
LogDevObjectVersion:   Dev-Blueprints (B0D832E4-1F89-4F0D-ACCF-7EB736FD4AA2): 7
LogDevObjectVersion:   Dev-Build (E1C64328-A22C-4D53-A36C-8E866417BD8C): 0
LogDevObjectVersion:   Dev-Core (375EC13C-06E4-48FB-B500-84F0262A717E): 1
LogDevObjectVersion:   Dev-Editor (E4B068ED-F494-42E9-A231-DA0B2E46BB41): 8
LogDevObjectVersion:   Dev-Framework (CFFC743F-43B0-4480-9391-14DF171D2073): 17
LogDevObjectVersion:   Dev-Mobile (B02B49B5-BB20-44E9-A304-32B752E40360): 0
LogDevObjectVersion:   Dev-Networking (A4E4105C-59A1-49B5-A7C5-40C4547EDFEE): 0
LogDevObjectVersion:   Dev-Online (39C831C9-5AE6-47DC-9A44-9C173E1C8E7C): 0
LogDevObjectVersion:   Dev-Physics (78F01B33-EBEA-4F98-B9B4-84EACCB95AA2): 0
LogDevObjectVersion:   Dev-Platform (6631380F-2D4D-43E0-8009-CF276956A95A): 0
LogDevObjectVersion:   Dev-Rendering (12F88B9F-8875-4AFC-A67C-D90C383ABD29): 12
LogDevObjectVersion:   Dev-Sequencer (7B5AE74C-D270-4C10-A958-57980B212A5A): 1
LogDevObjectVersion:   Dev-VR (D7296918-1DD6-4BDD-9DE2-64A83CC13884): 0
LogInit: Compiled (64-bit): Jan  6 2017 10:49:43
LogInit: Compiled with Visual C++: 19.00.23026.00
LogInit: Build Configuration: Development
LogInit: Branch Name: ++UE4+Release-4.14
LogInit: Command line:  /Temp/Autosaves/Game/UEDPCTest_level -game -PIEVIACONSOLE -ResX=1280 -ResY=720  -Multiprocess -messaging -SessionName="Play in Standalone Game" -windowed 
LogInit: Base directory: C:/Program Files/Epic Games/UE_4.14/Engine/Binaries/Win64/
LogInit: Installed Engine Build: 1
LogInit: Presizing for max 8388607 objects, including 0 objects not considered by GC, pre-allocating 0 bytes for permanent pool.
LogInit: Object subsystem initialized
[2018.08.23-02.39.34:133][  0]LogInit: Selected Device Profile: [Windows]
[2018.08.23-02.39.34:133][  0]LogInit: Applying CVar settings loaded from the selected device profile: [Windows]
[2018.08.23-02.39.34:135][  0]LogInit: Computer: LAPTOP-RVR0KLH5
[2018.08.23-02.39.34:136][  0]LogInit: User: Darry
[2018.08.23-02.39.34:136][  0]LogInit: CPU Page size=65536, Cores=6
[2018.08.23-02.39.34:136][  0]LogInit: High frequency timer resolution =2.156252 MHz
[2018.08.23-02.39.34:136][  0]LogMemory: Memory total: Physical=15.9GB (16GB approx)
[2018.08.23-02.39.34:136][  0]LogMemory: Platform Memory Stats for Windows
[2018.08.23-02.39.34:136][  0]LogMemory: Process Physical Memory: 264.66 MB used, 264.66 MB peak
[2018.08.23-02.39.34:136][  0]LogMemory: Process Virtual Memory: 268.98 MB used, 268.98 MB peak
[2018.08.23-02.39.34:136][  0]LogMemory: Physical Memory: 6255.75 MB used,  10030.94 MB free, 16286.69 MB total
[2018.08.23-02.39.34:136][  0]LogMemory: Virtual Memory: 718.08 MB used,  10030.94 MB free, 134217728.00 MB total
[2018.08.23-02.39.34:232][  0]LogTextLocalizationManager:Warning: Loaded localization resources contain conflicting entries for (Namespace:UObjectToolTips, Key:AnimNode_AssetPlayerBase:InternalTimeAccumulator):
Localization Resource: (C:/Program Files/Epic Games/UE_4.14/Engine/Content/Localization/EditorTutorials/zh-CN/EditorTutorials.locres) Source String Hash: (502993589) Localized String: (用于引用此节点中的资源的累积时间)
Localization Resource: (C:/Program Files/Epic Games/UE_4.14/Engine/Content/Localization/Engine/zh-CN/Engine.locres) Source String Hash: (502993589) Localized String: (引用该节点中资源所用的累计时间)
[2018.08.23-02.39.34:232][  0]LogTextLocalizationManager:Warning: Loaded localization resources contain conflicting entries for (Namespace:UObjectToolTips, Key:AnimNode_AssetPlayerBase:bIgnoreForRelevancyTest):
Localization Resource: (C:/Program Files/Epic Games/UE_4.14/Engine/Content/Localization/EditorTutorials/zh-CN/EditorTutorials.locres) Source String Hash: (319969718) Localized String: (若为真，在状态中寻找最高权重动画的“相关动画”节点将忽视 此节点)
Localization Resource: (C:/Program Files/Epic Games/UE_4.14/Engine/Content/Localization/Engine/zh-CN/Engine.locres) Source String Hash: (319969718) Localized String: (如果为真，那么将会忽略查找最高权重动画的"相关动画"节点。
这个节点)
[2018.08.23-02.39.34:232][  0]LogTextLocalizationManager:Warning: Loaded localization resources contain conflicting entries for (Namespace:UObjectToolTips, Key:AnimNode_AssetPlayerBase:BlendWeight):
Localization Resource: (C:/Program Files/Epic Games/UE_4.14/Engine/Content/Localization/EditorTutorials/zh-CN/EditorTutorials.locres) Source String Hash: (-1232800293) Localized String: (此节点最后交会的混合权重)
Localization Resource: (C:/Program Files/Epic Games/UE_4.14/Engine/Content/Localization/Engine/zh-CN/Engine.locres) Source String Hash: (-1232800293) Localized String: (该节点上一次遇到的混合权重)
[2018.08.23-02.39.34:393][  0]LogD3D11RHI: D3D11 adapters:
[2018.08.23-02.39.34:435][  0]LogD3D11RHI:    0. 'NVIDIA GeForce GTX 1070 with Max-Q Design' (Feature Level 11_0)
[2018.08.23-02.39.34:436][  0]LogD3D11RHI:       8089/0/8143 MB DedicatedVideo/DedicatedSystem/SharedSystem, Outputs:1, VendorId:0x10de
[2018.08.23-02.39.34:448][  0]LogD3D11RHI:    1. 'Intel(R) UHD Graphics 630' (Feature Level 11_0)
[2018.08.23-02.39.34:448][  0]LogD3D11RHI:       128/0/8143 MB DedicatedVideo/DedicatedSystem/SharedSystem, Outputs:0, VendorId:0x8086
[2018.08.23-02.39.34:450][  0]LogD3D11RHI:    2. 'Microsoft Basic Render Driver' (Feature Level 11_0)
[2018.08.23-02.39.34:450][  0]LogD3D11RHI:       0/0/8143 MB DedicatedVideo/DedicatedSystem/SharedSystem, Outputs:0, VendorId:0x1414
[2018.08.23-02.39.34:450][  0]LogD3D11RHI: Chosen D3D11 Adapter: 0
[2018.08.23-02.39.34:457][  0]LogD3D11RHI: Creating new Direct3DDevice
[2018.08.23-02.39.34:457][  0]LogD3D11RHI:     GPU DeviceId: 0x1ba1 (for the marketing name, search the web for "GPU Device Id")
[2018.08.23-02.39.34:457][  0]LogWindows: EnumDisplayDevices:
[2018.08.23-02.39.34:457][  0]LogWindows:    0. 'Intel(R) UHD Graphics 630' (P:1 D:1)
[2018.08.23-02.39.34:457][  0]LogWindows:    1. 'Intel(R) UHD Graphics 630' (P:0 D:0)
[2018.08.23-02.39.34:457][  0]LogWindows:    2. 'Intel(R) UHD Graphics 630' (P:0 D:0)
[2018.08.23-02.39.34:458][  0]LogWindows:    3. 'NVIDIA GeForce GTX 1070 with Max-Q Design' (P:0 D:0)
[2018.08.23-02.39.34:458][  0]LogWindows:    4. 'NVIDIA GeForce GTX 1070 with Max-Q Design' (P:0 D:0)
[2018.08.23-02.39.34:458][  0]LogWindows:    5. 'NVIDIA GeForce GTX 1070 with Max-Q Design' (P:0 D:0)
[2018.08.23-02.39.34:458][  0]LogWindows:    6. 'NVIDIA GeForce GTX 1070 with Max-Q Design' (P:0 D:0)
[2018.08.23-02.39.34:458][  0]LogWindows: DebugString: GetVideoDriverDetailsInvalid PrimaryIsNotTheChoosenAdapter GetVideoDriverDetailsInvalid PrimaryIsNotTheChoosenAdapter GetVideoDriverDetailsInvalid PrimaryIsNotTheChoosenAdapter GetVideoDriverDetailsInvalid PrimaryIsNotTheChoosenAdapter GetVideoDriverDetailsInvalid PrimaryIsNotTheChoosenAdapter GetVideoDriverDetailsInvalid PrimaryIsNotTheChoosenAdapter GetVideoDriverDetailsInvalid PrimaryIsNotTheChoosenAdapter FoundDriverCount:0 
[2018.08.23-02.39.34:458][  0]LogD3D11RHI:     Adapter Name: NVIDIA GeForce GTX 1070 with Max-Q Design
[2018.08.23-02.39.34:458][  0]LogD3D11RHI:   Driver Version: Unknown (internal:Unknown, unified:Unknown)
[2018.08.23-02.39.34:458][  0]LogD3D11RHI:      Driver Date: Unknown
[2018.08.23-02.39.34:458][  0]LogRHI: Texture pool is 1361 MB (70% of 1945 MB)
[2018.08.23-02.39.34:488][  0]LogD3D11RHI: Async texture creation enabled
[2018.08.23-02.39.34:499][  0]LogD3D11RHI: GPU Timing Frequency: 1000.000000 (Debug: 2 1)
[2018.08.23-02.39.34:500][  0]LogShaderCompilers: Guid format shader working directory is 21 characters bigger than the processId version (D:/Unreal Project/Pinball/Intermediate/Shaders/WorkingDirectory/3400/).
[2018.08.23-02.39.34:500][  0]LogShaderCompilers: Cleaned the shader compiler working directory 'C:/Users/Darry/AppData/Local/Temp/UnrealShaderWorkingDir/F16D402D4F30C5D4F8DC9EA7B6CD5E90/'.
[2018.08.23-02.39.34:500][  0]LogShaderCompilers:Display: Using Local Shader Compiler.
[2018.08.23-02.39.35:451][  0]LogTemp:Display: Loaded TP WindowsClientTargetPlatform
[2018.08.23-02.39.35:504][  0]LogTemp:Display: Loaded TP WindowsNoEditorTargetPlatform
[2018.08.23-02.39.35:556][  0]LogTemp:Display: Loaded TP WindowsServerTargetPlatform
[2018.08.23-02.39.35:602][  0]LogTemp:Display: Loaded TP WindowsTargetPlatform
[2018.08.23-02.39.35:602][  0]LogTargetPlatformManager:Display: Building Assets For Windows
[2018.08.23-02.39.36:020][  0]LogDerivedDataCache:Display: Max Cache Size: 512 MB
[2018.08.23-02.39.36:054][  0]LogDerivedDataCache: Loaded boot cache 0.03s 50MB C:/Users/Darry/AppData/Local/UnrealEngine/4.14/DerivedDataCache/Boot.ddc.
[2018.08.23-02.39.36:054][  0]LogDerivedDataCache:Display: Loaded Boot cache: C:/Users/Darry/AppData/Local/UnrealEngine/4.14/DerivedDataCache/Boot.ddc
[2018.08.23-02.39.36:054][  0]LogDerivedDataCache: FDerivedDataBackendGraph:  Pak pak cache file D:/Unreal Project/Pinball/DerivedDataCache/DDC.ddp not found, will not use a pak cache.
[2018.08.23-02.39.36:054][  0]LogDerivedDataCache: Unable to find inner node Pak for hierarchical cache Hierarchy.
[2018.08.23-02.39.36:054][  0]LogDerivedDataCache: FDerivedDataBackendGraph:  CompressedPak pak cache file D:/Unreal Project/Pinball/DerivedDataCache/Compressed.ddp not found, will not use a pak cache.
[2018.08.23-02.39.36:054][  0]LogDerivedDataCache: Unable to find inner node CompressedPak for hierarchical cache Hierarchy.
[2018.08.23-02.39.36:066][  0]LogDerivedDataCache:Display: Pak cache opened for reading ../../../Engine/DerivedDataCache/Compressed.ddp.
[2018.08.23-02.39.36:078][  0]LogDerivedDataCache: Using Local data cache path C:/Users/Darry/AppData/Local/UnrealEngine/Common/DerivedDataCache: Writable
[2018.08.23-02.39.36:246][  0]LogAssetRegistry: FAssetRegistry took 0.0001 seconds to start up
[2018.08.23-02.39.36:253][  0]LogPackageLocalizationCache: Processed 3 localized package path(s) for 4 prioritized culture(s) in 0.006642 seconds
[2018.08.23-02.39.36:266][  0]LogInit: Selected Device Profile: [Windows]
[2018.08.23-02.39.36:267][  0]LogContentStreaming: Texture pool size is 1000.00 MB
[2018.08.23-02.39.36:452][  0]LogMeshUtilities: Using QuadricMeshReduction for automatic static mesh reduction
[2018.08.23-02.39.36:497][  0]LogSimplygon: Simplygon DLL not present - disabling.
[2018.08.23-02.39.36:546][  0]LogMeshUtilities: Using SimplygonSwarm for distributed automatic mesh merging
[2018.08.23-02.39.36:546][  0]LogMeshUtilities: No automatic skeletal mesh reduction module available
[2018.08.23-02.39.36:546][  0]LogMeshUtilities: No automatic mesh merging module available
[2018.08.23-02.39.36:968][  0]LogNetVersion: GetLocalNetworkVersion: CL: 3195953, ProjectName: pinball, ProjectVersion: , EngineNetworkVersion: 2, GameNetworkVersion: 0, NetworkChecksum: 1748929517
[2018.08.23-02.39.37:041][  0]LogInit: WinSock: version 1.1 (2.2), MaxSocks=32767, MaxUdp=65467
[2018.08.23-02.39.37:885][  0]LogSlate: Using Freetype 2.6.0
[2018.08.23-02.39.37:886][  0]LogSlate: SlateFontCache - WITH_FREETYPE: 1, WITH_HARFBUZZ: 1
[2018.08.23-02.39.37:886][  0]LogSlate: SlateFontCache - WITH_FREETYPE: 1, WITH_HARFBUZZ: 1
[2018.08.23-02.39.38:027][  0]LogMoviePlayer: Initializing movie player
[2018.08.23-02.39.38:147][  0]LogWindowsTextInputMethodSystem:Display: IME system now activated using TSF (微软拼音).
[2018.08.23-02.39.38:198][  0]LogWindowsMoviePlayer: Unable to load movie: D:/Unreal Project/Pinball/Content/Movies/Default_Startup.mp4
[2018.08.23-02.39.38:407][  0]LogTcpMessaging: Initializing TcpMessaging bridge
[2018.08.23-02.39.38:453][  0]LogUdpMessaging: Initializing bridge on interface 0.0.0.0:0 to multicast group 230.0.0.1:6666.
[2018.08.23-02.39.38:635][  0]SourceControl: 信息 源码控制已禁用
[2018.08.23-02.39.38:635][  0]SourceControl: 信息 源码控制已禁用
[2018.08.23-02.39.38:686][  0]SourceControl: 信息 源码控制已禁用
[2018.08.23-02.39.39:449][  0]LogUObjectArray: 33496 objects as part of root set at end of initial load.
[2018.08.23-02.39.39:449][  0]LogUObjectAllocator: 7417784 out of 0 bytes used by permanent object pool.
[2018.08.23-02.39.39:449][  0]LogUObjectArray: CloseDisregardForGC: 0/0 objects in disregard for GC pool
[2018.08.23-02.39.39:560][  0]LogEngine: Initializing Engine...
[2018.08.23-02.39.39:562][  0]LogHMD: Failed to initialize OpenVR with code 110
[2018.08.23-02.39.39:661][  0]LogInit: XAudio2 using 'Speakers (Realtek(R) Audio)' : 2 channels at 48 kHz using 32 bits per sample (channel mask 0x3)
[2018.08.23-02.39.39:675][  0]LogInit: FAudioDevice initialized.
[2018.08.23-02.39.39:691][  0]LogInit: Texture streaming: Enabled
[2018.08.23-02.39.39:703][  0]LogMaterial: Uniform references updated for custom material expression Custom.
[2018.08.23-02.39.40:061][  0]LogInit:Display: Game Engine Initialized.
[2018.08.23-02.39.40:243][  0]LogInit:Display: Starting Game.
[2018.08.23-02.39.40:243][  0]LogNet: Browse: /Temp/Autosaves/Game/UEDPCTest_level?Name=Player
[2018.08.23-02.39.40:243][  0]LogLoad: LoadMap: /Temp/Autosaves/Game/UEDPCTest_level?Name=Player
[2018.08.23-02.39.40:261][  0]LogMemory: Platform Memory Stats for Windows
[2018.08.23-02.39.40:261][  0]LogMemory: Process Physical Memory: 643.65 MB used, 671.37 MB peak
[2018.08.23-02.39.40:261][  0]LogMemory: Process Virtual Memory: 710.78 MB used, 728.57 MB peak
[2018.08.23-02.39.40:261][  0]LogMemory: Physical Memory: 6581.44 MB used,  9705.25 MB free, 16286.69 MB total
[2018.08.23-02.39.40:261][  0]LogMemory: Virtual Memory: 1441.52 MB used,  9705.25 MB free, 134217728.00 MB total
[2018.08.23-02.39.40:261][  0]LogMemory: 
[2018.08.23-02.39.40:261][  0]Allocator Stats for TBB: (not implemented)
[2018.08.23-02.39.40:498][  0]LogAIModule: Creating AISystem for world Test_level
[2018.08.23-02.39.40:499][  0]LogLoad: Game class is 'GameModeBase'
[2018.08.23-02.39.40:502][  0]LogWorld: Bringing World /Temp/Autosaves/Game/UEDPCTest_level.Test_level up for play (max tick rate 0) at 2018.08.23-12.39.40
[2018.08.23-02.39.40:502][  0]LogWorld: Bringing up level for play took: 0.002028
[2018.08.23-02.39.40:505][  0]LogLoad: Took 0.261648 seconds to LoadMap(/Temp/Autosaves/Game/UEDPCTest_level)
[2018.08.23-02.39.40:927][  0]LogLoad: (Engine Initialization) Total time: 8.27 seconds
[2018.08.23-02.39.40:927][  0]LogLoad: (Engine Initialization) Total Blueprint compile time: 0.08 seconds
[2018.08.23-02.39.40:927][  0]LogExternalProfiler: No external profilers were discovered.  External profiling features will not be available.
[2018.08.23-02.39.40:944][  0]LogOcInput: OculusInput pre-init called
[2018.08.23-02.39.41:022][  2]LogRenderer: Reallocating scene render targets to support 1280x720 NumSamples 1 (Frame:2).
[2018.08.23-02.39.51:371][628]LogWindowsTextInputMethodSystem:Display: IME system now activated using TSF (微软拼音).
[2018.08.23-02.39.51:375][628]LogEngine: All Windows Closed
[2018.08.23-02.39.51:375][628]LogWindows: FPlatformMisc::RequestExit(0)
[2018.08.23-02.39.51:375][629]LogMoviePlayer: Shutting down movie player
[2018.08.23-02.39.51:577][629]LogExit: Preparing to exit.
[2018.08.23-02.39.52:599][629]LogExit: Game engine shut down
[2018.08.23-02.39.52:660][629]LogObj: Freed 0b from 0 cluster array pools.
[2018.08.23-02.39.52:660][629]LogExit: Object subsystem successfully closed.
[2018.08.23-02.39.52:671][629]LogD3D11RHI: Shutdown
[2018.08.23-02.39.52:671][629]LogD3D11RHI: CleanupD3DDevice
[2018.08.23-02.39.52:734][629]LogD3D11RHI: ~FD3D11DynamicRHI
[2018.08.23-02.39.52:778][629]LogModuleManager: Shutting down and abandoning module SequenceRecorderSections (125)
[2018.08.23-02.39.52:778][629]LogModuleManager: Shutting down and abandoning module SequenceRecorder (124)
[2018.08.23-02.39.52:778][629]LogModuleManager: Shutting down and abandoning module AutomationController (123)
[2018.08.23-02.39.52:778][629]LogModuleManager: Shutting down and abandoning module AutomationWorker (122)
[2018.08.23-02.39.52:778][629]LogModuleManager: Shutting down and abandoning module GameplayDebugger (121)
[2018.08.23-02.39.52:778][629]LogModuleManager: Shutting down and abandoning module AITestSuite (120)
[2018.08.23-02.39.52:778][629]LogModuleManager: Shutting down and abandoning module AIModule (119)
[2018.08.23-02.39.52:778][629]LogModuleManager: Shutting down and abandoning module WmfMediaFactory (118)
[2018.08.23-02.39.52:778][629]LogModuleManager: Shutting down and abandoning module AvfMediaFactory (117)
[2018.08.23-02.39.52:778][629]LogModuleManager: Shutting down and abandoning module Media (116)
[2018.08.23-02.39.52:778][629]LogModuleManager: Shutting down and abandoning module AndroidMediaFactory (115)
[2018.08.23-02.39.52:778][629]LogModuleManager: Shutting down and abandoning module CharacterAI (114)
[2018.08.23-02.39.52:778][629]LogModuleManager: Shutting down and abandoning module SessionServices (113)
[2018.08.23-02.39.52:778][629]LogModuleManager: Shutting down and abandoning module MovieSceneCapture (112)
[2018.08.23-02.39.52:778][629]LogModuleManager: Shutting down and abandoning module GeometryCacheEd (111)
[2018.08.23-02.39.52:778][629]LogModuleManager: Shutting down and abandoning module GeometryCache (110)
[2018.08.23-02.39.52:778][629]LogModuleManager: Shutting down and abandoning module Niagara (109)
[2018.08.23-02.39.52:778][629]LogModuleManager: Shutting down and abandoning module StreamingPauseRendering (108)
[2018.08.23-02.39.52:778][629]LogModuleManager: Shutting down and abandoning module PortalServices (107)
[2018.08.23-02.39.52:778][629]LogModuleManager: Shutting down and abandoning module PortalRpc (106)
[2018.08.23-02.39.52:778][629]LogModuleManager: Shutting down and abandoning module MessagingRpc (105)
[2018.08.23-02.39.52:778][629]LogModuleManager: Shutting down and abandoning module ProfilerService (104)
[2018.08.23-02.39.52:790][629]LogModuleManager: Shutting down and abandoning module TaskGraph (103)
[2018.08.23-02.39.52:790][629]LogModuleManager: Shutting down and abandoning module SlateRemote (102)
[2018.08.23-02.39.52:790][629]LogModuleManager: Shutting down and abandoning module SteamVRController (101)
[2018.08.23-02.39.52:790][629]LogModuleManager: Shutting down and abandoning module SteamVR (100)
[2018.08.23-02.39.52:790][629]LogModuleManager: Shutting down and abandoning module ProceduralMeshComponent (99)
[2018.08.23-02.39.52:790][629]LogModuleManager: Shutting down and abandoning module OculusLibrary (98)
[2018.08.23-02.39.52:790][629]LogModuleManager: Shutting down and abandoning module OculusInput (97)
[2018.08.23-02.39.52:790][629]LogModuleManager: Shutting down and abandoning module MobilePatchingUtils (96)
[2018.08.23-02.39.52:790][629]LogModuleManager: Shutting down and abandoning module CustomMeshComponent (95)
[2018.08.23-02.39.52:790][629]LogModuleManager: Shutting down and abandoning module CableComponent (94)
[2018.08.23-02.39.52:790][629]LogModuleManager: Shutting down and abandoning module ArchVisCharacter (93)
[2018.08.23-02.39.52:790][629]LogModuleManager: Shutting down and abandoning module HTML5Networking (91)
[2018.08.23-02.39.52:790][629]LogModuleManager: Shutting down and abandoning module DesktopPlatform (90)
[2018.08.23-02.39.52:790][629]LogModuleManager: Shutting down and abandoning module DirectoryWatcher (89)
[2018.08.23-02.39.52:790][629]LogModuleManager: Shutting down and abandoning module HotReload (88)
[2018.08.23-02.39.52:791][629]LogModuleManager: Shutting down and abandoning module VisualStudioSourceCodeAccess (87)
[2018.08.23-02.39.52:791][629]LogModuleManager: Shutting down and abandoning module UObjectPlugin (86)
[2018.08.23-02.39.52:791][629]LogModuleManager: Shutting down and abandoning module SubversionSourceControl (85)
[2018.08.23-02.39.52:791][629]LogModuleManager: Shutting down and abandoning module SourceControl (84)
[2018.08.23-02.39.52:791][629]LogModuleManager: Shutting down and abandoning module PerforceSourceControl (83)
[2018.08.23-02.39.52:791][629]LogModuleManager: Shutting down and abandoning module UdpMessaging (82)
[2018.08.23-02.39.52:891][629]LogModuleManager: Shutting down and abandoning module TcpMessaging (81)
[2018.08.23-02.39.53:415][629]LogModuleManager: Shutting down and abandoning module LightPropagationVolumeRuntime (80)
[2018.08.23-02.39.53:415][629]LogModuleManager: Shutting down and abandoning module Paper2D (79)
[2018.08.23-02.39.53:415][629]LogModuleManager: Shutting down and abandoning module WindowsMoviePlayer (78)
[2018.08.23-02.39.53:415][629]LogModuleManager: Shutting down and abandoning module WmfMedia (77)
[2018.08.23-02.39.53:416][629]LogModuleManager: Shutting down and abandoning module MediaAssets (76)
[2018.08.23-02.39.53:416][629]LogModuleManager: Shutting down and abandoning module GameLiveStreaming (75)
[2018.08.23-02.39.53:416][629]LogModuleManager: Shutting down and abandoning module GameplayTagsEditor (74)
[2018.08.23-02.39.53:416][629]LogModuleManager: Shutting down and abandoning module VREditor (73)
[2018.08.23-02.39.53:416][629]LogModuleManager: Shutting down and abandoning module GameplayTasksEditor (72)
[2018.08.23-02.39.53:416][629]LogModuleManager: Shutting down and abandoning module BehaviorTreeEditor (71)
[2018.08.23-02.39.53:416][629]LogModuleManager: Shutting down and abandoning module FunctionalTesting (70)
[2018.08.23-02.39.53:416][629]LogModuleManager: Shutting down and abandoning module CollisionAnalyzer (69)
[2018.08.23-02.39.53:416][629]LogModuleManager: Shutting down and abandoning module Sequencer (68)
[2018.08.23-02.39.53:416][629]LogModuleManager: Shutting down and abandoning module WorkspaceMenuStructure (67)
[2018.08.23-02.39.53:416][629]LogModuleManager: Shutting down and abandoning module MessageLog (66)
[2018.08.23-02.39.53:416][629]LogModuleManager: Shutting down and abandoning module AssetTools (65)
[2018.08.23-02.39.53:416][629]LogModuleManager: Shutting down and abandoning module UMGEditor (64)
[2018.08.23-02.39.53:416][629]LogModuleManager: Shutting down and abandoning module UMG (63)
[2018.08.23-02.39.53:416][629]LogModuleManager: Shutting down and abandoning module SlateReflector (62)
[2018.08.23-02.39.53:416][629]LogModuleManager: Shutting down and abandoning module Slate (61)
[2018.08.23-02.39.53:416][629]LogModuleManager: Shutting down and abandoning module EditorStyle (60)
[2018.08.23-02.39.53:418][629]LogModuleManager: Shutting down and abandoning module Messaging (59)
[2018.08.23-02.39.53:418][629]LogModuleManager: Shutting down and abandoning module SourceCodeAccess (58)
[2018.08.23-02.39.53:418][629]LogModuleManager: Shutting down and abandoning module HeadMountedDisplay (57)
[2018.08.23-02.39.53:418][629]LogModuleManager: Shutting down and abandoning module XAudio2 (56)
[2018.08.23-02.39.53:418][629]LogModuleManager: Shutting down and abandoning module Networking (54)
[2018.08.23-02.39.53:418][629]LogModuleManager: Shutting down and abandoning module Core (53)
[2018.08.23-02.39.53:418][629]LogModuleManager: Shutting down and abandoning module KismetCompiler (52)
[2018.08.23-02.39.53:418][629]LogModuleManager: Shutting down and abandoning module PhysXFormats (51)
[2018.08.23-02.39.53:418][629]LogModuleManager: Shutting down and abandoning module SimplygonSwarm (50)
[2018.08.23-02.39.53:418][629]LogModuleManager: Shutting down and abandoning module SimplygonMeshReduction (49)
[2018.08.23-02.39.53:418][629]LogModuleManager: Shutting down and abandoning module QuadricMeshReduction (48)
[2018.08.23-02.39.53:418][629]LogModuleManager: Shutting down and abandoning module PropertyEditor (47)
[2018.08.23-02.39.53:418][629]LogModuleManager: Shutting down and abandoning module MeshUtilities (46)
[2018.08.23-02.39.53:419][629]LogModuleManager: Shutting down and abandoning module AssetRegistry (45)
[2018.08.23-02.39.53:419][629]LogModuleManager: Shutting down and abandoning module DerivedDataCache (44)
[2018.08.23-02.39.53:580][629]LogDerivedDataCache: Shutdown
[2018.08.23-02.39.53:580][629]LogModuleManager: Shutting down and abandoning module VulkanShaderFormat (43)
[2018.08.23-02.39.53:580][629]LogModuleManager: Shutting down and abandoning module ShaderFormatOpenGL (42)
[2018.08.23-02.39.53:580][629]LogModuleManager: Shutting down and abandoning module ShaderFormatD3D (41)
[2018.08.23-02.39.53:580][629]LogModuleManager: Shutting down and abandoning module MetalShaderFormat (40)
[2018.08.23-02.39.53:580][629]LogModuleManager: Shutting down and abandoning module TextureFormatUncompressed (39)
[2018.08.23-02.39.53:580][629]LogModuleManager: Shutting down and abandoning module TextureFormatPVR (38)
[2018.08.23-02.39.53:580][629]LogModuleManager: Shutting down and abandoning module TextureFormatDXT (37)
[2018.08.23-02.39.53:580][629]LogModuleManager: Shutting down and abandoning module TextureFormatIntelISPCTexComp (36)
[2018.08.23-02.39.53:581][629]LogModuleManager: Shutting down and abandoning module ImageWrapper (35)
[2018.08.23-02.39.53:581][629]LogModuleManager: Shutting down and abandoning module TextureFormatASTC (34)
[2018.08.23-02.39.53:581][629]LogModuleManager: Shutting down and abandoning module TextureFormatAndroid (33)
[2018.08.23-02.39.53:581][629]LogModuleManager: Shutting down and abandoning module AudioFormatOpus (32)
[2018.08.23-02.39.53:581][629]LogModuleManager: Shutting down and abandoning module AudioFormatOgg (31)
[2018.08.23-02.39.53:581][629]LogModuleManager: Shutting down and abandoning module AudioFormatADPCM (30)
[2018.08.23-02.39.53:581][629]LogModuleManager: Shutting down and abandoning module WindowsTargetPlatform (29)
[2018.08.23-02.39.53:581][629]LogModuleManager: Shutting down and abandoning module WindowsServerTargetPlatform (28)
[2018.08.23-02.39.53:581][629]LogModuleManager: Shutting down and abandoning module WindowsNoEditorTargetPlatform (27)
[2018.08.23-02.39.53:581][629]LogModuleManager: Shutting down and abandoning module WindowsClientTargetPlatform (26)
[2018.08.23-02.39.53:581][629]LogModuleManager: Shutting down and abandoning module TargetPlatform (25)
[2018.08.23-02.39.53:581][629]LogModuleManager: Shutting down and abandoning module InputCore (24)
[2018.08.23-02.39.53:581][629]LogModuleManager: Shutting down and abandoning module Settings (23)
[2018.08.23-02.39.53:581][629]LogModuleManager: Shutting down and abandoning module OculusRift (22)
[2018.08.23-02.39.53:581][629]LogModuleManager: Shutting down and abandoning module ExampleDeviceProfileSelector (21)
[2018.08.23-02.39.53:581][629]LogModuleManager: Shutting down and abandoning module OnlineBlueprintSupport (20)
[2018.08.23-02.39.53:581][629]LogModuleManager: Shutting down and abandoning module OnlineSubsystem (18)
[2018.08.23-02.39.53:581][629]LogOnline:Display: Unloading online subsystem: NULL
[2018.08.23-02.39.53:581][629]LogModuleManager: Shutting down and abandoning module SSL (17)
[2018.08.23-02.39.53:582][629]LogModuleManager: Shutting down and abandoning module HTTP (16)
[2018.08.23-02.39.53:582][629]LogModuleManager: Shutting down and abandoning module XMPP (15)
[2018.08.23-02.39.53:582][629]LogModuleManager: Shutting down and abandoning module TextureCompressor (14)
[2018.08.23-02.39.53:583][629]LogModuleManager: Shutting down and abandoning module ShaderCore (13)
[2018.08.23-02.39.53:583][629]LogModuleManager: Shutting down and abandoning module Landscape (12)
[2018.08.23-02.39.53:583][629]LogModuleManager: Shutting down and abandoning module SlateRHIRenderer (11)
[2018.08.23-02.39.53:583][629]LogModuleManager: Shutting down and abandoning module OpenGLDrv (10)
[2018.08.23-02.39.53:583][629]LogModuleManager: Shutting down and abandoning module D3D11RHI (9)
[2018.08.23-02.39.53:583][629]LogModuleManager: Shutting down and abandoning module AnimGraphRuntime (8)
[2018.08.23-02.39.53:583][629]LogModuleManager: Shutting down and abandoning module Renderer (7)
[2018.08.23-02.39.53:583][629]LogModuleManager: Shutting down and abandoning module Engine (6)
[2018.08.23-02.39.53:583][629]LogModuleManager: Shutting down and abandoning module CoreUObject (5)
[2018.08.23-02.39.53:583][629]LogModuleManager: Shutting down and abandoning module NetworkFile (4)
[2018.08.23-02.39.53:583][629]LogModuleManager: Shutting down and abandoning module StreamingFile (3)
[2018.08.23-02.39.53:583][629]LogModuleManager: Shutting down and abandoning module SandboxFile (2)
[2018.08.23-02.39.53:583][629]LogModuleManager: Shutting down and abandoning module PakFile (1)
[2018.08.23-02.39.53:585][629]LogExit: Exiting.
[2018.08.23-02.39.53:586][629]Log file closed, 08/23/18 12:39:53
