Log file open, 09/19/18 21:48:03
LogWindows: Failed to load 'aqProf.dll' (GetLastError=126)
LogWindows: File 'aqProf.dll' does not exist
LogWindows: Failed to load 'VtuneApi.dll' (GetLastError=126)
LogWindows: File 'VtuneApi.dll' does not exist
LogWindows: Failed to load 'VtuneApi32e.dll' (GetLastError=126)
LogWindows: File 'VtuneApi32e.dll' does not exist
LogInit: Display: Running engine for game: NuclearMoment
LogPlatformFile: Not using cached read wrapper
LogInit: Display: RandInit(1499791059) SRandInit(1499791059).
LogInit: Read version file with build ID '3944462'
LogInit: Overriding engine version to CL 4033788, compatible CL 3944462
LogInit: Registered custom module enumerator with build ID '3944462'
LogTaskGraph: Started task graph with 5 named threads and 35 total threads with 3 sets of task threads.
LogStats: Stats thread started at 0.394760
LogD3D11RHI: Aftermath initialized
LogICUInternationalization: Display: ICU TimeZone Detection - Raw Offset: +10:00, Platform Override: ''
LogModuleManager: Display: Found up-to-date module file ../../../Engine/Plugins/2D/Paper2D/Binaries/Win64/UE4Editor-Paper2D.dll (API version 3944462).
LogModuleManager: Display: Found up-to-date module file ../../../Engine/Plugins/2D/Paper2D/Binaries/Win64/UE4Editor-Paper2DEditor.dll (API version 3944462).
LogModuleManager: Display: Found up-to-date module file ../../../Engine/Plugins/2D/Paper2D/Binaries/Win64/UE4Editor-PaperSpriteSheetImporter.dll (API version 3944462).
LogModuleManager: Display: Found up-to-date module file ../../../Engine/Plugins/2D/Paper2D/Binaries/Win64/UE4Editor-PaperTiledImporter.dll (API version 3944462).
LogModuleManager: Display: Found up-to-date module file ../../../Engine/Plugins/2D/Paper2D/Binaries/Win64/UE4Editor-SmartSnapping.dll (API version 3944462).
LogModuleManager: Display: Found up-to-date module file ../../../Engine/Plugins/Blendables/LightPropagationVolume/Binaries/Win64/UE4Editor-LightPropagationVolumeRuntime.dll (API version 3944462).
LogModuleManager: Display: Found up-to-date module file ../../../Engine/Plugins/Blendables/LightPropagationVolume/Binaries/Win64/UE4Editor-LightPropagationVolumeEditor.dll (API version 3944462).
LogModuleManager: Display: Found up-to-date module file ../../../Engine/Plugins/Developer/CLionSourceCodeAccess/Binaries/Win64/UE4Editor-CLionSourceCodeAccess.dll (API version 3944462).
LogModuleManager: Display: Found up-to-date module file ../../../Engine/Plugins/Developer/GitSourceControl/Binaries/Win64/UE4Editor-GitSourceControl.dll (API version 3944462).
LogModuleManager: Display: Found up-to-date module file ../../../Engine/Plugins/Developer/PerforceSourceControl/Binaries/Win64/UE4Editor-PerforceSourceControl.dll (API version 3944462).
LogModuleManager: Display: Found up-to-date module file ../../../Engine/Plugins/Developer/SubversionSourceControl/Binaries/Win64/UE4Editor-SubversionSourceControl.dll (API version 3944462).
LogModuleManager: Display: Found up-to-date module file ../../../Engine/Plugins/Developer/UObjectPlugin/Binaries/Win64/UE4Editor-UObjectPlugin.dll (API version 3944462).
LogModuleManager: Display: Found up-to-date module file ../../../Engine/Plugins/Developer/VisualStudioCodeSourceCodeAccess/Binaries/Win64/UE4Editor-VisualStudioCodeSourceCodeAccess.dll (API version 3944462).
LogModuleManager: Display: Found up-to-date module file ../../../Engine/Plugins/Developer/VisualStudioSourceCodeAccess/Binaries/Win64/UE4Editor-VisualStudioSourceCodeAccess.dll (API version 3944462).
LogModuleManager: Display: Found up-to-date module file ../../../Engine/Plugins/Editor/AssetManagerEditor/Binaries/Win64/UE4Editor-AssetManagerEditor.dll (API version 3944462).
LogModuleManager: Display: Found up-to-date module file ../../../Engine/Plugins/Editor/CryptoKeys/Binaries/Win64/UE4Editor-CryptoKeys.dll (API version 3944462).
LogModuleManager: Display: Found up-to-date module file ../../../Engine/Plugins/Editor/CryptoKeys/Binaries/Win64/UE4Editor-CryptoKeysOpenSSL.dll (API version 3944462).
LogModuleManager: Display: Found up-to-date module file ../../../Engine/Plugins/Editor/DataValidation/Binaries/Win64/UE4Editor-DataValidation.dll (API version 3944462).
LogModuleManager: Display: Found up-to-date module file ../../../Engine/Plugins/Editor/FacialAnimation/Binaries/Win64/UE4Editor-FacialAnimation.dll (API version 3944462).
LogModuleManager: Display: Found up-to-date module file ../../../Engine/Plugins/Editor/FacialAnimation/Binaries/Win64/UE4Editor-FacialAnimationEditor.dll (API version 3944462).
LogModuleManager: Display: Found up-to-date module file ../../../Engine/Plugins/Editor/GameplayTagsEditor/Binaries/Win64/UE4Editor-GameplayTagsEditor.dll (API version 3944462).
LogModuleManager: Display: Found up-to-date module file ../../../Engine/Plugins/Editor/MobileLauncherProfileWizard/Binaries/Win64/UE4Editor-MobileLauncherProfileWizard.dll (API version 3944462).
LogModuleManager: Display: Found up-to-date module file ../../../Engine/Plugins/Editor/PluginBrowser/Binaries/Win64/UE4Editor-PluginBrowser.dll (API version 3944462).
LogModuleManager: Display: Found up-to-date module file ../../../Engine/Plugins/Editor/SpeedTreeImporter/Binaries/Win64/UE4Editor-SpeedTreeImporter.dll (API version 3944462).
LogModuleManager: Display: Found up-to-date module file ../../../Engine/Plugins/Enterprise/DatasmithContent/Binaries/Win64/UE4Editor-DatasmithContent.dll (API version 3944462).
LogModuleManager: Display: Found up-to-date module file ../../../Engine/Plugins/Experimental/AlembicImporter/Binaries/Win64/UE4Editor-AlembicImporter.dll (API version 3944462).
LogModuleManager: Display: Found up-to-date module file ../../../Engine/Plugins/Experimental/AlembicImporter/Binaries/Win64/UE4Editor-AlembicLibrary.dll (API version 3944462).
LogModuleManager: Display: Found up-to-date module file ../../../Engine/Plugins/Experimental/CharacterAI/Binaries/Win64/UE4Editor-CharacterAI.dll (API version 3944462).
LogModuleManager: Display: Found up-to-date module file ../../../Engine/Plugins/Experimental/HTML5Networking/Binaries/Win64/UE4Editor-HTML5Networking.dll (API version 3944462).
LogModuleManager: Display: Found up-to-date module file ../../../Engine/Plugins/Media/AndroidMedia/Binaries/Win64/UE4Editor-AndroidMediaEditor.dll (API version 3944462).
LogModuleManager: Display: Found up-to-date module file ../../../Engine/Plugins/Media/AndroidMedia/Binaries/Win64/UE4Editor-AndroidMediaFactory.dll (API version 3944462).
LogModuleManager: Display: Found up-to-date module file ../../../Engine/Plugins/Media/AvfMedia/Binaries/Win64/UE4Editor-AvfMediaEditor.dll (API version 3944462).
LogModuleManager: Display: Found up-to-date module file ../../../Engine/Plugins/Media/AvfMedia/Binaries/Win64/UE4Editor-AvfMediaFactory.dll (API version 3944462).
LogModuleManager: Display: Found up-to-date module file ../../../Engine/Plugins/Media/AvfMedia/Binaries/Win64/UE4Editor-AvfMediaFactory.dll (API version 3944462).
LogModuleManager: Display: Found up-to-date module file ../../../Engine/Plugins/Media/ImgMedia/Binaries/Win64/UE4Editor-ImgMedia.dll (API version 3944462).
LogModuleManager: Display: Found up-to-date module file ../../../Engine/Plugins/Media/ImgMedia/Binaries/Win64/UE4Editor-ImgMediaEditor.dll (API version 3944462).
LogModuleManager: Display: Found up-to-date module file ../../../Engine/Plugins/Media/ImgMedia/Binaries/Win64/UE4Editor-ImgMediaFactory.dll (API version 3944462).
LogModuleManager: Display: Found up-to-date module file ../../../Engine/Plugins/Media/ImgMedia/Binaries/Win64/UE4Editor-ImgMediaFactory.dll (API version 3944462).
LogModuleManager: Display: Found up-to-date module file ../../../Engine/Plugins/Media/ImgMedia/Binaries/Win64/UE4Editor-OpenExrWrapper.dll (API version 3944462).
LogModuleManager: Display: Found up-to-date module file ../../../Engine/Plugins/Media/LinearTimecode/Binaries/Win64/UE4Editor-LinearTimecode.dll (API version 3944462).
LogModuleManager: Display: Found up-to-date module file ../../../Engine/Plugins/Media/MediaCompositing/Binaries/Win64/UE4Editor-MediaCompositing.dll (API version 3944462).
LogModuleManager: Display: Found up-to-date module file ../../../Engine/Plugins/Media/MediaCompositing/Binaries/Win64/UE4Editor-MediaCompositingEditor.dll (API version 3944462).
LogModuleManager: Display: Found up-to-date module file ../../../Engine/Plugins/Media/MediaPlayerEditor/Binaries/Win64/UE4Editor-MediaPlayerEditor.dll (API version 3944462).
LogModuleManager: Display: Found up-to-date module file ../../../Engine/Plugins/Media/WmfMedia/Binaries/Win64/UE4Editor-WmfMedia.dll (API version 3944462).
LogModuleManager: Display: Found up-to-date module file ../../../Engine/Plugins/Media/WmfMedia/Binaries/Win64/UE4Editor-WmfMediaEditor.dll (API version 3944462).
LogModuleManager: Display: Found up-to-date module file ../../../Engine/Plugins/Media/WmfMedia/Binaries/Win64/UE4Editor-WmfMediaFactory.dll (API version 3944462).
LogModuleManager: Display: Found up-to-date module file ../../../Engine/Plugins/Media/WmfMedia/Binaries/Win64/UE4Editor-WmfMediaFactory.dll (API version 3944462).
LogModuleManager: Display: Found up-to-date module file ../../../Engine/Plugins/Messaging/TcpMessaging/Binaries/Win64/UE4Editor-TcpMessaging.dll (API version 3944462).
LogModuleManager: Display: Found up-to-date module file ../../../Engine/Plugins/Messaging/UdpMessaging/Binaries/Win64/UE4Editor-UdpMessaging.dll (API version 3944462).
LogModuleManager: Display: Found up-to-date module file ../../../Engine/Plugins/MovieScene/ActorSequence/Binaries/Win64/UE4Editor-ActorSequence.dll (API version 3944462).
LogModuleManager: Display: Found up-to-date module file ../../../Engine/Plugins/MovieScene/LevelSequenceEditor/Binaries/Win64/UE4Editor-LevelSequenceEditor.dll (API version 3944462).
LogModuleManager: Display: Found up-to-date module file ../../../Engine/Plugins/MovieScene/MatineeToLevelSequence/Binaries/Win64/UE4Editor-MatineeToLevelSequence.dll (API version 3944462).
LogModuleManager: Display: Found up-to-date module file ../../../Engine/Plugins/NetcodeUnitTest/NetcodeUnitTest/Binaries/Win64/UE4Editor-NetcodeUnitTest.dll (API version 3944462).
LogModuleManager: Display: Found up-to-date module file ../../../Engine/Plugins/NetcodeUnitTest/NUTUnrealEngine4/Binaries/Win64/UE4Editor-NUTUnrealEngine4.dll (API version 3944462).
LogModuleManager: Display: Found up-to-date module file ../../../Engine/Plugins/Online/OnlineSubsystem/Binaries/Win64/UE4Editor-OnlineSubsystem.dll (API version 3944462).
LogModuleManager: Display: Found up-to-date module file ../../../Engine/Plugins/Runtime/AndroidPermission/Binaries/Win64/UE4Editor-AndroidPermission.dll (API version 3944462).
LogModuleManager: Display: Found up-to-date module file ../../../Engine/Plugins/Online/OnlineSubsystemNull/Binaries/Win64/UE4Editor-OnlineSubsystemNull.dll (API version 3944462).
LogModuleManager: Display: Found up-to-date module file ../../../Engine/Plugins/Online/OnlineSubsystemUtils/Binaries/Win64/UE4Editor-OnlineSubsystemUtils.dll (API version 3944462).
LogModuleManager: Display: Found up-to-date module file ../../../Engine/Plugins/Online/OnlineSubsystemUtils/Binaries/Win64/UE4Editor-OnlineBlueprintSupport.dll (API version 3944462).
LogModuleManager: Display: Found up-to-date module file ../../../Engine/Plugins/Runtime/AndroidDeviceProfileSelector/Binaries/Win64/UE4Editor-AndroidDeviceProfileSelector.dll (API version 3944462).
LogModuleManager: Display: Found up-to-date module file ../../../Engine/Plugins/Runtime/AppleARKit/Binaries/Win64/UE4Editor-AppleARKit.dll (API version 3944462).
LogModuleManager: Display: Found up-to-date module file ../../../Engine/Plugins/Runtime/ProceduralMeshComponent/Binaries/Win64/UE4Editor-ProceduralMeshComponent.dll (API version 3944462).
LogModuleManager: Display: Found up-to-date module file ../../../Engine/Plugins/Runtime/ProceduralMeshComponent/Binaries/Win64/UE4Editor-ProceduralMeshComponentEditor.dll (API version 3944462).
LogModuleManager: Display: Found up-to-date module file ../../../Engine/Plugins/Animation/LiveLink/Binaries/Win64/UE4Editor-LiveLink.dll (API version 3944462).
LogModuleManager: Display: Found up-to-date module file ../../../Engine/Plugins/Animation/LiveLink/Binaries/Win64/UE4Editor-LiveLinkEditor.dll (API version 3944462).
LogModuleManager: Display: Found up-to-date module file ../../../Engine/Plugins/Runtime/ArchVisCharacter/Binaries/Win64/UE4Editor-ArchVisCharacter.dll (API version 3944462).
LogModuleManager: Display: Found up-to-date module file ../../../Engine/Plugins/Runtime/AudioCapture/Binaries/Win64/UE4Editor-AudioCapture.dll (API version 3944462).
LogModuleManager: Display: Found up-to-date module file ../../../Engine/Plugins/Runtime/AudioCapture/Binaries/Win64/UE4Editor-AudioCaptureEditor.dll (API version 3944462).
LogModuleManager: Display: Found up-to-date module file ../../../Engine/Plugins/Runtime/CableComponent/Binaries/Win64/UE4Editor-CableComponent.dll (API version 3944462).
LogModuleManager: Display: Found up-to-date module file ../../../Engine/Plugins/Runtime/CustomMeshComponent/Binaries/Win64/UE4Editor-CustomMeshComponent.dll (API version 3944462).
LogModuleManager: Display: Found up-to-date module file ../../../Engine/Plugins/Runtime/ExampleDeviceProfileSelector/Binaries/Win64/UE4Editor-ExampleDeviceProfileSelector.dll (API version 3944462).
LogModuleManager: Display: Found up-to-date module file ../../../Engine/Plugins/Runtime/ImmediatePhysics/Binaries/Win64/UE4Editor-ImmediatePhysics.dll (API version 3944462).
LogModuleManager: Display: Found up-to-date module file ../../../Engine/Plugins/Runtime/ImmediatePhysics/Binaries/Win64/UE4Editor-ImmediatePhysicsEditor.dll (API version 3944462).
LogModuleManager: Display: Found up-to-date module file ../../../Engine/Plugins/Runtime/LocationServicesBPLibrary/Binaries/Win64/UE4Editor-LocationServicesBPLibrary.dll (API version 3944462).
LogModuleManager: Display: Found up-to-date module file ../../../Engine/Plugins/Runtime/MobilePatchingUtils/Binaries/Win64/UE4Editor-MobilePatchingUtils.dll (API version 3944462).
LogModuleManager: Display: Found up-to-date module file ../../../Engine/Plugins/Runtime/Oculus/OculusVR/Binaries/Win64/UE4Editor-OculusHMD.dll (API version 3944462).
LogModuleManager: Display: Found up-to-date module file ../../../Engine/Plugins/Runtime/Oculus/OculusVR/Binaries/Win64/UE4Editor-OculusInput.dll (API version 3944462).
LogModuleManager: Display: Found up-to-date module file ../../../Engine/Plugins/Runtime/Oculus/OculusVR/Binaries/Win64/UE4Editor-OculusEditor.dll (API version 3944462).
LogModuleManager: Display: Found up-to-date module file ../../../Engine/Plugins/Runtime/PhysXVehicles/Binaries/Win64/UE4Editor-PhysXVehicles.dll (API version 3944462).
LogModuleManager: Display: Found up-to-date module file ../../../Engine/Plugins/Runtime/PhysXVehicles/Binaries/Win64/UE4Editor-PhysXVehiclesEditor.dll (API version 3944462).
LogModuleManager: Display: Found up-to-date module file ../../../Engine/Plugins/Runtime/RuntimePhysXCooking/Binaries/Win64/UE4Editor-RuntimePhysXCooking.dll (API version 3944462).
LogModuleManager: Display: Found up-to-date module file ../../../Engine/Plugins/Runtime/Steam/SteamVR/Binaries/Win64/UE4Editor-SteamVR.dll (API version 3944462).
LogModuleManager: Display: Found up-to-date module file ../../../Engine/Plugins/Runtime/Steam/SteamVR/Binaries/Win64/UE4Editor-SteamVRController.dll (API version 3944462).
LogModuleManager: Display: Found up-to-date module file ../../../Engine/Plugins/Runtime/WindowsMoviePlayer/Binaries/Win64/UE4Editor-WindowsMoviePlayer.dll (API version 3944462).
LogPluginManager: Mounting plugin Paper2D
LogPluginManager: Mounting plugin LiveLink
LogPluginManager: Mounting plugin LightPropagationVolume
LogPluginManager: Mounting plugin CLionSourceCodeAccess
LogPluginManager: Mounting plugin CodeLiteSourceCodeAccess
LogPluginManager: Mounting plugin GitSourceControl
LogPluginManager: Mounting plugin KDevelopSourceCodeAccess
LogPluginManager: Mounting plugin NullSourceCodeAccess
LogPluginManager: Mounting plugin PerforceSourceControl
LogPluginManager: Mounting plugin SubversionSourceControl
LogPluginManager: Mounting plugin UObjectPlugin
LogPluginManager: Mounting plugin VisualStudioCodeSourceCodeAccess
LogPluginManager: Mounting plugin VisualStudioSourceCodeAccess
LogPluginManager: Mounting plugin XCodeSourceCodeAccess
LogPluginManager: Mounting plugin AssetManagerEditor
LogPluginManager: Mounting plugin CryptoKeys
LogPluginManager: Mounting plugin DataValidation
LogPluginManager: Mounting plugin FacialAnimation
LogPluginManager: Mounting plugin GameplayTagsEditor
LogPluginManager: Mounting plugin MobileLauncherProfileWizard
LogPluginManager: Mounting plugin PluginBrowser
LogPluginManager: Mounting plugin SpeedTreeImporter
LogPluginManager: Mounting plugin DatasmithContent
LogPluginManager: Mounting plugin AlembicImporter
LogPluginManager: Mounting plugin CharacterAI
LogPluginManager: Mounting plugin HTML5Networking
LogPluginManager: Mounting plugin AndroidMedia
LogPluginManager: Mounting plugin AvfMedia
LogPluginManager: Mounting plugin ImgMedia
LogPluginManager: Mounting plugin LinearTimecode
LogPluginManager: Mounting plugin MediaCompositing
LogPluginManager: Mounting plugin MediaPlayerEditor
LogPluginManager: Mounting plugin WmfMedia
LogPluginManager: Mounting plugin TcpMessaging
LogPluginManager: Mounting plugin UdpMessaging
LogPluginManager: Mounting plugin ActorSequence
LogPluginManager: Mounting plugin LevelSequenceEditor
LogPluginManager: Mounting plugin MatineeToLevelSequence
LogPluginManager: Mounting plugin NetcodeUnitTest
LogPluginManager: Mounting plugin NUTUnrealEngine4
LogPluginManager: Mounting plugin OnlineSubsystemGooglePlay
LogPluginManager: Mounting plugin OnlineSubsystemIOS
LogPluginManager: Mounting plugin OnlineSubsystem
LogPluginManager: Mounting plugin OnlineSubsystemNull
LogPluginManager: Mounting plugin OnlineSubsystemUtils
LogPluginManager: Mounting plugin AndroidDeviceProfileSelector
LogPluginManager: Mounting plugin AndroidMoviePlayer
LogPluginManager: Mounting plugin AndroidPermission
LogPluginManager: Mounting plugin AppleARKit
LogPluginManager: Mounting plugin AppleMoviePlayer
LogPluginManager: Mounting plugin ArchVisCharacter
LogPluginManager: Mounting plugin AudioCapture
LogPluginManager: Mounting plugin CableComponent
LogPluginManager: Mounting plugin CustomMeshComponent
LogPluginManager: Mounting plugin ExampleDeviceProfileSelector
LogPluginManager: Mounting plugin GoogleCloudMessaging
LogPluginManager: Mounting plugin ImmediatePhysics
LogPluginManager: Mounting plugin IOSDeviceProfileSelector
LogPluginManager: Mounting plugin LinuxDeviceProfileSelector
LogPluginManager: Mounting plugin LocationServicesBPLibrary
LogPluginManager: Mounting plugin MobilePatchingUtils
LogPluginManager: Mounting plugin OculusVR
LogPluginManager: Plugin shader directory ../../../Engine/Plugins/Runtime/Oculus/OculusVR/Shaders found
LogPluginManager: Mapping shader source directory ../../../Engine/Plugins/Runtime/Oculus/OculusVR/Shaders to virtual directory /Plugin/OculusVR
LogPluginManager: Mounting plugin PhysXVehicles
LogPluginManager: Mounting plugin ProceduralMeshComponent
LogPluginManager: Mounting plugin RuntimePhysXCooking
LogPluginManager: Mounting plugin SteamVR
LogPluginManager: Mounting plugin WindowsMoviePlayer
LogStreaming: Display: Took  1.136s to configure plugins.
LogInit: Using libcurl 7.47.1
LogInit:  - built for x86_64-pc-win32
LogInit:  - supports SSL with OpenSSL/1.0.2g
LogInit:  - supports HTTP deflate (compression) using libz 1.2.8
LogInit:  - other features:
LogInit:      CURL_VERSION_SSL
LogInit:      CURL_VERSION_LIBZ
LogInit:      CURL_VERSION_IPV6
LogInit:      CURL_VERSION_ASYNCHDNS
LogInit:      CURL_VERSION_LARGEFILE
LogInit:      CURL_VERSION_IDN
LogInit:  CurlRequestOptions (configurable via config and command line):
LogInit:  - bVerifyPeer = false  - Libcurl will NOT verify peer certificate
LogInit:  - bUseHttpProxy = false  - Libcurl will NOT use HTTP proxy
LogInit:  - bDontReuseConnections = false  - Libcurl will reuse connections
LogInit:  - CertBundlePath = nullptr  - Libcurl will use whatever was configured at build time.
LogInit:  - MaxHostConnections = 16  - Libcurl will limit the number of connections to a host
LogInit:  - LocalHostAddr = Default
LogInit: WinSock: version 1.1 (2.2), MaxSocks=32767, MaxUdp=65467
LogInit: WinSock: I am LAPTOP-RVR0KLH5 (118.138.72.137:0)
LogInit: Build: ++UE4+Release-4.19-CL-4033788
LogInit: Engine Version: 4.19.2-4033788+++UE4+Release-4.19
LogInit: Compatible Engine Version: 4.19.0-3944462+++UE4+Release-4.19
LogInit: Net CL: 3944462
LogDevObjectVersion: Number of dev versions registered: 18
LogDevObjectVersion:   Dev-Blueprints (B0D832E4-1F89-4F0D-ACCF-7EB736FD4AA2): 10
LogDevObjectVersion:   Dev-Build (E1C64328-A22C-4D53-A36C-8E866417BD8C): 0
LogDevObjectVersion:   Dev-Core (375EC13C-06E4-48FB-B500-84F0262A717E): 2
LogDevObjectVersion:   Dev-Editor (E4B068ED-F494-42E9-A231-DA0B2E46BB41): 23
LogDevObjectVersion:   Dev-Framework (CFFC743F-43B0-4480-9391-14DF171D2073): 33
LogDevObjectVersion:   Dev-Mobile (B02B49B5-BB20-44E9-A304-32B752E40360): 2
LogDevObjectVersion:   Dev-Networking (A4E4105C-59A1-49B5-A7C5-40C4547EDFEE): 0
LogDevObjectVersion:   Dev-Online (39C831C9-5AE6-47DC-9A44-9C173E1C8E7C): 0
LogDevObjectVersion:   Dev-Physics (78F01B33-EBEA-4F98-B9B4-84EACCB95AA2): 0
LogDevObjectVersion:   Dev-Platform (6631380F-2D4D-43E0-8009-CF276956A95A): 0
LogDevObjectVersion:   Dev-Rendering (12F88B9F-8875-4AFC-A67C-D90C383ABD29): 25
LogDevObjectVersion:   Dev-Sequencer (7B5AE74C-D270-4C10-A958-57980B212A5A): 6
LogDevObjectVersion:   Dev-VR (D7296918-1DD6-4BDD-9DE2-64A83CC13884): 1
LogDevObjectVersion:   Dev-LoadTimes (C2A15278-BFE7-4AFE-6C17-90FF531DF755): 1
LogDevObjectVersion:   Private-Geometry (6EACA3D4-40EC-4CC1-B786-8BED09428FC5): 2
LogDevObjectVersion:   Dev-AnimPhys (29E575DD-E0A3-4627-9D10-D276232CDCEA): 16
LogDevObjectVersion:   Dev-ReflectionCapture (6B266CEC-1EC7-4B8F-A30B-E4D90942FC07): 1
LogDevObjectVersion:   Dev-Automation (0DF73D61-A23F-47EA-B727-89E90C41499A): 1
LogInit: Compiled (64-bit): Apr 27 2018 02:06:57
LogInit: Compiled with Visual C++: 19.00.24215.01
LogInit: Build Configuration: Development
LogInit: Branch Name: ++UE4+Release-4.19
LogInit: Command Line:  
LogInit: Base Directory: C:/Program Files/Epic Games/UE_4.19/Engine/Binaries/Win64/
LogInit: Installed Engine Build: 1
LogStreaming: Display: Took  0.001s to delete old logs.
LogInit: Presizing for max 8388607 objects, including 0 objects not considered by GC, pre-allocating 0 bytes for permanent pool.
LogInit: Object subsystem initialized
[2018.09.19-11.48.05:263][  0]LogInit: Selected Device Profile: [Windows]
[2018.09.19-11.48.05:263][  0]LogInit: Applying CVar settings loaded from the selected device profile: [Windows]
[2018.09.19-11.48.05:323][  0]LogInit: Computer: LAPTOP-RVR0KLH5
[2018.09.19-11.48.05:323][  0]LogInit: User: Darry
[2018.09.19-11.48.05:323][  0]LogInit: CPU Page size=4096, Cores=6
[2018.09.19-11.48.05:323][  0]LogInit: High frequency timer resolution =2.156251 MHz
[2018.09.19-11.48.05:323][  0]LogMemory: Memory total: Physical=15.9GB (16GB approx)
[2018.09.19-11.48.05:323][  0]LogMemory: Platform Memory Stats for Windows
[2018.09.19-11.48.05:323][  0]LogMemory: Process Physical Memory: 275.16 MB used, 275.16 MB peak
[2018.09.19-11.48.05:323][  0]LogMemory: Process Virtual Memory: 271.42 MB used, 271.42 MB peak
[2018.09.19-11.48.05:323][  0]LogMemory: Physical Memory: 5539.21 MB used,  10747.48 MB free, 16286.69 MB total
[2018.09.19-11.48.05:323][  0]LogMemory: Virtual Memory: 4811.23 MB used,  10747.48 MB free, 134217728.00 MB total
[2018.09.19-11.48.05:345][  0]LogInit: Overriding language with editor language configuration option (en).
[2018.09.19-11.48.05:345][  0]LogInit: Overriding locale with editor locale configuration option (en).
[2018.09.19-11.48.05:686][  0]LogStreaming: Display: Took  0.341s to EndInitTextLocalization.
[2018.09.19-11.48.05:686][  0]LogInit: Setting process to per monitor DPI aware
[2018.09.19-11.48.05:724][  0]LogSlate: New Slate User Created.  User Index 0, Is Virtual User: 0
[2018.09.19-11.48.05:724][  0]LogSlate: Slate User Registered.  User Index 0, Is Virtual User: 0
[2018.09.19-11.48.05:900][  0]LogD3D11RHI: D3D11 adapters:
[2018.09.19-11.48.05:958][  0]LogD3D11RHI:    0. 'NVIDIA GeForce GTX 1070 with Max-Q Design' (Feature Level 11_0)
[2018.09.19-11.48.05:958][  0]LogD3D11RHI:       8089/0/8143 MB DedicatedVideo/DedicatedSystem/SharedSystem, Outputs:1, VendorId:0x10de
[2018.09.19-11.48.05:972][  0]LogD3D11RHI:    1. 'Intel(R) UHD Graphics 630' (Feature Level 11_0)
[2018.09.19-11.48.05:972][  0]LogD3D11RHI:       128/0/8143 MB DedicatedVideo/DedicatedSystem/SharedSystem, Outputs:0, VendorId:0x8086
[2018.09.19-11.48.05:974][  0]LogD3D11RHI:    2. 'Microsoft Basic Render Driver' (Feature Level 11_0)
[2018.09.19-11.48.05:974][  0]LogD3D11RHI:       0/0/8143 MB DedicatedVideo/DedicatedSystem/SharedSystem, Outputs:0, VendorId:0x1414
[2018.09.19-11.48.05:974][  0]LogD3D11RHI: Chosen D3D11 Adapter: 0
[2018.09.19-11.48.05:994][  0]LogD3D11RHI: Creating new Direct3DDevice
[2018.09.19-11.48.05:994][  0]LogD3D11RHI:     GPU DeviceId: 0x1ba1 (for the marketing name, search the web for "GPU Device Id")
[2018.09.19-11.48.05:994][  0]LogWindows: EnumDisplayDevices:
[2018.09.19-11.48.05:994][  0]LogWindows:    0. 'Intel(R) UHD Graphics 630' (P:1 D:1)
[2018.09.19-11.48.05:994][  0]LogWindows:    1. 'Intel(R) UHD Graphics 630' (P:0 D:0)
[2018.09.19-11.48.05:994][  0]LogWindows:    2. 'Intel(R) UHD Graphics 630' (P:0 D:0)
[2018.09.19-11.48.05:994][  0]LogWindows:    3. 'NVIDIA GeForce GTX 1070 with Max-Q Design' (P:0 D:0)
[2018.09.19-11.48.05:995][  0]LogWindows:    4. 'NVIDIA GeForce GTX 1070 with Max-Q Design' (P:0 D:0)
[2018.09.19-11.48.05:995][  0]LogWindows:    5. 'NVIDIA GeForce GTX 1070 with Max-Q Design' (P:0 D:0)
[2018.09.19-11.48.05:995][  0]LogWindows:    6. 'NVIDIA GeForce GTX 1070 with Max-Q Design' (P:0 D:0)
[2018.09.19-11.48.05:995][  0]LogWindows: DebugString: GetVideoDriverDetailsInvalid PrimaryIsNotTheChoosenAdapter GetVideoDriverDetailsInvalid PrimaryIsNotTheChoosenAdapter GetVideoDriverDetailsInvalid PrimaryIsNotTheChoosenAdapter GetVideoDriverDetailsInvalid PrimaryIsNotTheChoosenAdapter GetVideoDriverDetailsInvalid PrimaryIsNotTheChoosenAdapter GetVideoDriverDetailsInvalid PrimaryIsNotTheChoosenAdapter GetVideoDriverDetailsInvalid PrimaryIsNotTheChoosenAdapter FoundDriverCount:0 
[2018.09.19-11.48.05:995][  0]LogD3D11RHI:     Adapter Name: NVIDIA GeForce GTX 1070 with Max-Q Design
[2018.09.19-11.48.05:995][  0]LogD3D11RHI:   Driver Version: Unknown (internal:Unknown, unified:Unknown)
[2018.09.19-11.48.05:995][  0]LogD3D11RHI:      Driver Date: Unknown
[2018.09.19-11.48.05:995][  0]LogRHI: Texture pool is 5662 MB (70% of 8089 MB)
[2018.09.19-11.48.06:022][  0]LogD3D11RHI: [Aftermath] Aftermath enabled and primed
[2018.09.19-11.48.06:022][  0]LogD3D11RHI: [Aftermath] Aftermath enabled and primed
[2018.09.19-11.48.06:022][  0]LogD3D11RHI: Async texture creation enabled
[2018.09.19-11.48.06:033][  0]LogD3D11RHI: GPU Timing Frequency: 1000.000000 (Debug: 2 1)
[2018.09.19-11.48.06:035][  0]LogShaderCompilers: Guid format shader working directory is -74 characters bigger than the processId version (D:/Unreal Project/FIT3145-Nuclear-Moment/FIT3145_NuclearMoment_419/NuclearMoment/FIT3145_NuclearMoment_419/NuclearMoment/Intermediate/Shaders/WorkingDirectory/2560/).
[2018.09.19-11.48.06:035][  0]LogShaderCompilers: Cleaned the shader compiler working directory 'C:/Users/Darry/AppData/Local/Temp/UnrealShaderWorkingDir/321845E0457B772B001D14B2BC3F46CC/'.
[2018.09.19-11.48.06:222][  0]LogTemp: Display: Loaded TP AllDesktopTargetPlatform
[2018.09.19-11.48.06:233][  0]LogTemp: Display: Loaded TP MacClientTargetPlatform
[2018.09.19-11.48.06:244][  0]LogTemp: Display: Loaded TP MacNoEditorTargetPlatform
[2018.09.19-11.48.06:256][  0]LogTemp: Display: Loaded TP MacServerTargetPlatform
[2018.09.19-11.48.06:267][  0]LogTemp: Display: Loaded TP MacTargetPlatform
[2018.09.19-11.48.06:279][  0]LogTemp: Display: Loaded TP WindowsClientTargetPlatform
[2018.09.19-11.48.06:291][  0]LogTemp: Display: Loaded TP WindowsNoEditorTargetPlatform
[2018.09.19-11.48.06:303][  0]LogTemp: Display: Loaded TP WindowsServerTargetPlatform
[2018.09.19-11.48.06:309][  0]LogTemp: Display: Loaded TP WindowsTargetPlatform
[2018.09.19-11.48.06:319][  0]LogTemp: Display: Loaded TP Android_ASTCTargetPlatform
[2018.09.19-11.48.06:329][  0]LogTemp: Display: Loaded TP Android_ATCTargetPlatform
[2018.09.19-11.48.06:339][  0]LogTemp: Display: Loaded TP Android_DXTTargetPlatform
[2018.09.19-11.48.06:350][  0]LogTemp: Display: Loaded TP Android_ETC1aTargetPlatform
[2018.09.19-11.48.06:360][  0]LogTemp: Display: Loaded TP Android_ETC1TargetPlatform
[2018.09.19-11.48.06:371][  0]LogTemp: Display: Loaded TP Android_ETC2TargetPlatform
[2018.09.19-11.48.06:392][  0]LogTemp: Display: Loaded TP Android_MultiTargetPlatform
[2018.09.19-11.48.06:392][  0]LogTemp: Display: Loaded TP Android_PVRTCTargetPlatform
[2018.09.19-11.48.06:403][  0]LogTemp: Display: Loaded TP AndroidTargetPlatform
[2018.09.19-11.48.06:404][  0]LogTemp: Display: Loaded TP HTML5TargetPlatform
[2018.09.19-11.48.06:441][  0]LogTemp: Display: Loaded TP IOSTargetPlatform
[2018.09.19-11.48.06:453][  0]LogTemp: Display: Loaded TP TVOSTargetPlatform
[2018.09.19-11.48.06:485][  0]LogTemp: Display: Loaded TP LinuxClientTargetPlatform
[2018.09.19-11.48.06:503][  0]LogTemp: Display: Loaded TP LinuxNoEditorTargetPlatform
[2018.09.19-11.48.06:517][  0]LogTemp: Display: Loaded TP LinuxServerTargetPlatform
[2018.09.19-11.48.06:528][  0]LogTemp: Display: Loaded TP LinuxTargetPlatform
[2018.09.19-11.48.06:528][  0]LogTargetPlatformManager: Display: Building Assets For Windows
[2018.09.19-11.48.06:629][  0]LogXGEController: Cannot use XGE Controller as Incredibuild is not installed on this machine.
[2018.09.19-11.48.06:629][  0]LogShaderCompilers: Cannot use XGE Shader Compiler as Incredibuild is not installed on this machine.
[2018.09.19-11.48.06:629][  0]LogShaderCompilers: Display: Using Local Shader Compiler.
[2018.09.19-11.48.07:199][  0]LogDerivedDataCache: Display: Max Cache Size: 512 MB
[2018.09.19-11.48.07:252][  0]LogDerivedDataCache: Loaded boot cache 0.05s 74MB C:/Users/Darry/AppData/Local/UnrealEngine/4.19/DerivedDataCache/Boot.ddc.
[2018.09.19-11.48.07:252][  0]LogDerivedDataCache: Display: Loaded Boot cache: C:/Users/Darry/AppData/Local/UnrealEngine/4.19/DerivedDataCache/Boot.ddc
[2018.09.19-11.48.07:252][  0]LogDerivedDataCache: FDerivedDataBackendGraph:  Pak pak cache file D:/Unreal Project/FIT3145-Nuclear-Moment/FIT3145_NuclearMoment_419/NuclearMoment/FIT3145_NuclearMoment_419/NuclearMoment/DerivedDataCache/DDC.ddp not found, will not use a pak cache.
[2018.09.19-11.48.07:252][  0]LogDerivedDataCache: Unable to find inner node Pak for hierarchical cache Hierarchy.
[2018.09.19-11.48.07:253][  0]LogDerivedDataCache: FDerivedDataBackendGraph:  CompressedPak pak cache file D:/Unreal Project/FIT3145-Nuclear-Moment/FIT3145_NuclearMoment_419/NuclearMoment/FIT3145_NuclearMoment_419/NuclearMoment/DerivedDataCache/Compressed.ddp not found, will not use a pak cache.
[2018.09.19-11.48.07:253][  0]LogDerivedDataCache: Unable to find inner node CompressedPak for hierarchical cache Hierarchy.
[2018.09.19-11.48.07:266][  0]LogDerivedDataCache: Display: Pak cache opened for reading ../../../Engine/DerivedDataCache/Compressed.ddp.
[2018.09.19-11.48.07:278][  0]LogDerivedDataCache: Using Local data cache path C:/Users/Darry/AppData/Local/UnrealEngine/Common/DerivedDataCache: Writable
[2018.09.19-11.48.07:278][  0]LogDerivedDataCache: Shared data cache path not found in *engine.ini, will not use an Shared cache.
[2018.09.19-11.48.07:278][  0]LogDerivedDataCache: Unable to find inner node Shared for hierarchical cache Hierarchy.
[2018.09.19-11.48.07:287][  0]LogMaterial: Verifying Global Shaders for PCD3D_SM5
[2018.09.19-11.48.07:288][  0]LogSlate: Using Freetype 2.6.0
[2018.09.19-11.48.07:288][  0]LogSlate: SlateFontCache - WITH_FREETYPE: 1, WITH_HARFBUZZ: 1
[2018.09.19-11.48.07:288][  0]LogSlate: SlateFontCache - WITH_FREETYPE: 1, WITH_HARFBUZZ: 1
[2018.09.19-11.48.07:393][  0]LogAssetRegistry: FAssetRegistry took 0.0257 seconds to start up
[2018.09.19-11.48.07:632][  0]LogInit: Selected Device Profile: [Windows]
[2018.09.19-11.48.07:760][  0]LogSimplygon: Simplygon DLL not present - disabling.
[2018.09.19-11.48.07:762][  0]LogMeshReduction: Using SimplygonSwarm for distributed automatic mesh merging
[2018.09.19-11.48.07:762][  0]LogMeshReduction: Using QuadricMeshReduction for automatic static mesh reduction
[2018.09.19-11.48.07:762][  0]LogMeshReduction: No automatic skeletal mesh reduction module available
[2018.09.19-11.48.07:762][  0]LogMeshReduction: No automatic mesh merging module available
[2018.09.19-11.48.07:762][  0]LogMeshMerging: No automatic mesh merging module available
[2018.09.19-11.48.07:788][  0]LogNetVersion: NuclearMoment , NetCL: 3944462, EngineNetVer: 2, GameNetVer: 0 (Checksum: 3518328640)
[2018.09.19-11.48.08:465][  0]LogPackageLocalizationCache: Processed 9 localized package path(s) for 1 prioritized culture(s) in 0.369524 seconds
[2018.09.19-11.48.08:480][  0]LogUObjectArray: 36728 objects as part of root set at end of initial load.
[2018.09.19-11.48.08:480][  0]LogUObjectAllocator: 7314304 out of 0 bytes used by permanent object pool.
[2018.09.19-11.48.08:480][  0]LogUObjectArray: CloseDisregardForGC: 0/0 objects in disregard for GC pool
[2018.09.19-11.48.09:845][  0]LogTcpMessaging: Initializing TcpMessaging bridge
[2018.09.19-11.48.09:872][  0]LogUdpMessaging: Initializing bridge on interface 0.0.0.0:0 to multicast group 230.0.0.1:6666.
[2018.09.19-11.48.10:187][  0]SourceControl: Source control is disabled
[2018.09.19-11.48.10:187][  0]SourceControl: Source control is disabled
[2018.09.19-11.48.10:202][  0]SourceControl: Source control is disabled
[2018.09.19-11.48.10:217][  0]SourceControl: Source control is disabled
[2018.09.19-11.48.10:669][  0]LogAndroidPermission: UAndroidPermissionCallbackProxy::GetInstance
[2018.09.19-11.48.10:798][  0]LogOcInput: OculusInput pre-init called
[2018.09.19-11.48.10:893][  0]LogEngine: Initializing Engine...
[2018.09.19-11.48.10:894][  0]LogHMD: Failed to initialize OpenVR with code 110
[2018.09.19-11.48.10:895][  0]LogStats: UGameplayTagsManager::ConstructGameplayTagTree: Construct from data asset -  0.000 s
[2018.09.19-11.48.10:895][  0]LogStats: UGameplayTagsManager::ConstructGameplayTagTree: GameplayTagTreeChangedEvent.Broadcast -  0.000 s
[2018.09.19-11.48.11:068][  0]LogAIModule: Creating AISystem for world Untitled
[2018.09.19-11.48.11:079][  0]LogInit: XAudio2 using 'Speakers (Realtek(R) Audio Codec with DolbyAPO)' : 2 channels at 48 kHz using 32 bits per sample (channel mask 0x3)
[2018.09.19-11.48.11:114][  0]LogInit: FAudioDevice initialized.
[2018.09.19-11.48.11:161][  0]LogDerivedDataCache: Saved boot cache 0.05s 74MB C:/Users/Darry/AppData/Local/UnrealEngine/4.19/DerivedDataCache/Boot.ddc.
[2018.09.19-11.48.11:167][  0]LogInit: Texture streaming: Enabled
[2018.09.19-11.48.11:181][  0]LogEngineSessionManager: EngineSessionManager initialized
[2018.09.19-11.48.11:193][  0]LogInit: Transaction tracking system initialized
[2018.09.19-11.48.11:215][  0]BlueprintLog: New page: Editor Load
[2018.09.19-11.48.11:280][  0]LocalizationService: Localization service is disabled
[2018.09.19-11.48.11:366][  0]LogConsoleResponse: Display: 
[2018.09.19-11.48.11:496][  0]LogCook: Display: Max memory allowance for cook 16384mb min free memory 0mb
[2018.09.19-11.48.11:496][  0]LogCook: Display: Mobile HDR setting 1
[2018.09.19-11.48.11:496][  0]LogGameplayTags: Display: UGameplayTagsManager::DoneAddingNativeTags. DelegateIsBound: 0
[2018.09.19-11.48.11:496][  0]LogStats: UGameplayTagsManager::ConstructGameplayTagTree: Construct from data asset -  0.000 s
[2018.09.19-11.48.11:496][  0]LogStats: UGameplayTagsManager::ConstructGameplayTagTree: GameplayTagTreeChangedEvent.Broadcast -  0.000 s
[2018.09.19-11.48.11:816][  0]LogFileCache: Scanning file cache for directory 'D:/Unreal Project/FIT3145-Nuclear-Moment/FIT3145_NuclearMoment_419/NuclearMoment/FIT3145_NuclearMoment_419/NuclearMoment/Content/' took 0.01s
[2018.09.19-11.48.11:816][  0]SourceControl: Source control is disabled
[2018.09.19-11.48.11:816][  0]Cmd: MAP LOAD FILE="../../../Engine/Content/Maps/Templates/Template_Default.umap" TEMPLATE=1 SHOWPROGRESS=1 FEATURELEVEL=3
[2018.09.19-11.48.11:817][  0]LightingResults: New page: Lighting Build
[2018.09.19-11.48.11:819][  0]MapCheck: New page: Map Check
[2018.09.19-11.48.11:819][  0]LightingResults: New page: Lighting Build
[2018.09.19-11.48.11:948][  0]LogAIModule: Creating AISystem for world Untitled_1
[2018.09.19-11.48.11:952][  0]LogEditorServer: Finished looking for orphan Actors (0.000 secs)
[2018.09.19-11.48.11:962][  0]Cmd: MAP CHECKDEP NOCLEARLOG
[2018.09.19-11.48.12:005][  0]MapCheck: Map check complete: 0 Error(s), 0 Warning(s), took 42.546ms to complete.
[2018.09.19-11.48.12:005][  0]LogFileHelpers: Loading map 'Template_Default' took 0.189
[2018.09.19-11.48.12:126][  0]LogCollectionManager: Loaded 0 collections in 0.001573 seconds
[2018.09.19-11.48.12:167][  0]LogFileCache: Scanning file cache for directory 'D:/Unreal Project/FIT3145-Nuclear-Moment/FIT3145_NuclearMoment_419/NuclearMoment/FIT3145_NuclearMoment_419/NuclearMoment/Saved/Collections/' took 0.01s
[2018.09.19-11.48.12:167][  0]LogFileCache: Scanning file cache for directory 'D:/Unreal Project/FIT3145-Nuclear-Moment/FIT3145_NuclearMoment_419/NuclearMoment/FIT3145_NuclearMoment_419/NuclearMoment/Content/Developers/Darry/Collections/' took 0.01s
[2018.09.19-11.48.12:167][  0]LogFileCache: Scanning file cache for directory 'D:/Unreal Project/FIT3145-Nuclear-Moment/FIT3145_NuclearMoment_419/NuclearMoment/FIT3145_NuclearMoment_419/NuclearMoment/Content/Collections/' took 0.01s
[2018.09.19-11.48.12:167][  0]LogCollectionManager: Rebuilt the GUID cache for 0 collections in 0.000000 seconds
[2018.09.19-11.48.12:176][  0]LogContentBrowser: Native class hierarchy populated in 0.0089 seconds. Added 2452 classes and 558 folders.
[2018.09.19-11.48.12:183][  0]LogContentBrowser: Native class hierarchy updated for 'WidgetCarousel' in 0.0002 seconds. Added 0 classes and 0 folders.
[2018.09.19-11.48.12:225][  0]LogContentBrowser: Native class hierarchy updated for 'AddContentDialog' in 0.0002 seconds. Added 0 classes and 0 folders.
[2018.09.19-11.48.12:229][  0]LogContentBrowser: Native class hierarchy updated for 'SceneOutliner' in 0.0002 seconds. Added 1 classes and 2 folders.
[2018.09.19-11.48.12:283][  0]LogSlate: Took 0.000154 seconds to synchronously load lazily loaded font '../../../Engine/Content/Slate/Fonts/Roboto-Regular.ttf' (155K)
[2018.09.19-11.48.12:285][  0]LogSlate: Took 0.000220 seconds to synchronously load lazily loaded font '../../../Engine/Content/Slate/Fonts/Roboto-Bold.ttf' (160K)
[2018.09.19-11.48.12:293][  0]LogSlate: Took 0.000511 seconds to synchronously load lazily loaded font '../../../Engine/Content/Editor/Slate/Fonts/FontAwesome.ttf' (139K)
[2018.09.19-11.48.12:391][  0]LogRenderer: Reallocating scene render targets to support 1012x576 Format 9 NumSamples 1 (Frame:1).
[2018.09.19-11.48.12:544][  0]LogContentBrowser: Native class hierarchy updated for 'HierarchicalLODOutliner' in 0.0005 seconds. Added 0 classes and 0 folders.
[2018.09.19-11.48.12:544][  0]LogLoad: (Engine Initialization) Total time: 10.65 seconds
[2018.09.19-11.48.12:544][  0]LogLoad: (Engine Initialization) Total Blueprint compile time: 0.00 seconds
[2018.09.19-11.48.12:563][  0]LogWindowsTextInputMethodSystem: Display: IME system now activated using TSF (微软拼音).
[2018.09.19-11.48.12:585][  0]LogContentStreaming: Texture pool size now 1000 MB
[2018.09.19-11.48.12:634][  1]LogAssetRegistry: Asset discovery search completed in 5.2640 seconds
[2018.09.19-11.48.12:636][  1]LogCollectionManager: Rebuilt the object cache for 0 collections in 0.000000 seconds (found 0 objects)
[2018.09.19-11.48.12:636][  1]LogCollectionManager: Fixed up redirectors for 0 collections in 0.000052 seconds (updated 0 objects)
[2018.09.19-11.48.13:581][ 47]LogSlate: Took 0.000157 seconds to synchronously load lazily loaded font '../../../Engine/Content/Slate/Fonts/Roboto-Light.ttf' (167K)
[2018.09.19-11.48.16:637][230]LogSlate: Took 0.000135 seconds to synchronously load lazily loaded font '../../../Engine/Content/Slate/Fonts/Roboto-Light.ttf' (167K)
[2018.09.19-11.52.04:062][875]LogSlate: FSceneViewport::OnFocusLost() reason 0
[2018.09.19-11.52.07:973][108]LogUObjectGlobals: Created PersistentFrame Addr=0x000002af47987400, Size=336, Default__BallController_C Function /Game/Andy/blueprint/BallController.BallController_C:ExecuteUbergraph_BallController
[2018.09.19-11.52.07:977][108]LogUObjectGlobals: Destroyed PersistentFrame Addr=0x000002af47987400, Size=336
[2018.09.19-11.52.07:977][108]LogUObjectGlobals: Created PersistentFrame Addr=0x000002af26876500, Size=336, Default__BallController_C Function /Engine/Transient.REINST_BallController_C_5:ExecuteUbergraph_BallController
[2018.09.19-11.52.07:979][108]LogUObjectGlobals: Created PersistentFrame Addr=0x000002af77162c80, Size=336, Default__BallController_C Function /Game/Andy/blueprint/BallController.BallController_C:ExecuteUbergraph_BallController
[2018.09.19-11.52.07:995][108]LogUObjectGlobals: Created PersistentFrame Addr=0x000002af765bd350, Size=8, Default__Flipper_controller_C Function /Game/Andy/blueprint/Flipper_controller.Flipper_controller_C:ExecuteUbergraph_Flipper_controller
[2018.09.19-11.52.07:998][108]LogUObjectGlobals: Destroyed PersistentFrame Addr=0x000002af765bd350, Size=8
[2018.09.19-11.52.07:998][108]LogUObjectGlobals: Created PersistentFrame Addr=0x000002af765bd350, Size=8, Default__Flipper_controller_C Function /Engine/Transient.REINST_Flipper_controller_C_7:ExecuteUbergraph_Flipper_controller
[2018.09.19-11.52.08:000][108]LogUObjectGlobals: Created PersistentFrame Addr=0x000002af765bd930, Size=8, Default__Flipper_controller_C Function /Game/Andy/blueprint/Flipper_controller.Flipper_controller_C:ExecuteUbergraph_Flipper_controller
[2018.09.19-11.52.08:003][108]LogLinker: Warning: Can't find file '/Game/model/SM_Plunger'
[2018.09.19-11.52.08:003][108]LogLinker: Warning: Can't find file for asset '/Game/model/SM_Plunger' while loading D:/Unreal Project/FIT3145-Nuclear-Moment/FIT3145_NuclearMoment_419/NuclearMoment/FIT3145_NuclearMoment_419/NuclearMoment/Content/Andy/blueprint/PlungerController.uasset.
[2018.09.19-11.52.08:003][108]LoadErrors: Error: /Game/Andy/blueprint/PlungerController : Can't find file for asset. /Game/model/SM_Plunger
[2018.09.19-11.52.08:003][108]LogLinker: Warning: Can't find file '/Game/model/SM_Plunger'
[2018.09.19-11.52.08:003][108]LogLinker: Warning: Can't find file for asset '/Game/model/SM_Plunger' while loading D:/Unreal Project/FIT3145-Nuclear-Moment/FIT3145_NuclearMoment_419/NuclearMoment/FIT3145_NuclearMoment_419/NuclearMoment/Content/Andy/blueprint/PlungerController.uasset.
[2018.09.19-11.52.08:004][108]LogUObjectGlobals: Created PersistentFrame Addr=0x000002af7714a200, Size=164, Default__PlungerController_C Function /Game/Andy/blueprint/PlungerController.PlungerController_C:ExecuteUbergraph_PlungerController
[2018.09.19-11.52.08:004][108]LogLinker: Warning: Can't find file '/Game/model/SM_Plunger'
[2018.09.19-11.52.08:004][108]LogLinker: Warning: Can't find file for asset '/Game/model/SM_Plunger' while loading D:/Unreal Project/FIT3145-Nuclear-Moment/FIT3145_NuclearMoment_419/NuclearMoment/FIT3145_NuclearMoment_419/NuclearMoment/Content/Andy/blueprint/player0_controller.uasset.
[2018.09.19-11.52.08:004][108]LoadErrors: Error: /Game/Andy/blueprint/player0_controller : Can't find file for asset. /Game/model/SM_Plunger
[2018.09.19-11.52.08:004][108]LogLinker: Warning: Can't find file '/Game/model/SM_Plunger'
[2018.09.19-11.52.08:004][108]LogLinker: Warning: Can't find file for asset '/Game/model/SM_Plunger' while loading D:/Unreal Project/FIT3145-Nuclear-Moment/FIT3145_NuclearMoment_419/NuclearMoment/FIT3145_NuclearMoment_419/NuclearMoment/Content/Andy/blueprint/player0_controller.uasset.
[2018.09.19-11.52.08:005][108]LogLinker: Warning: Can't find file '/Game/model/SM_Plunger'
[2018.09.19-11.52.08:005][108]LoadErrors: Failed to load /Game/model/SM_Plunger.SM_Plunger Referenced by PlugerMesh_GEN_VARIABLE
[2018.09.19-11.52.08:005][108]LogLinker: Warning: Can't find file for asset '/Game/model/SM_Plunger' while loading D:/Unreal Project/FIT3145-Nuclear-Moment/FIT3145_NuclearMoment_419/NuclearMoment/FIT3145_NuclearMoment_419/NuclearMoment/Content/Andy/blueprint/player0_controller.uasset.
[2018.09.19-11.52.08:006][108]LogUObjectGlobals: Destroyed PersistentFrame Addr=0x000002af7714a200, Size=164
[2018.09.19-11.52.08:006][108]LogUObjectGlobals: Created PersistentFrame Addr=0x000002af7714a200, Size=164, Default__PlungerController_C Function /Engine/Transient.REINST_PlungerController_C_9:ExecuteUbergraph_PlungerController
[2018.09.19-11.52.08:008][108]LogUObjectGlobals: Created PersistentFrame Addr=0x000002af771490c0, Size=164, Default__PlungerController_C Function /Game/Andy/blueprint/PlungerController.PlungerController_C:ExecuteUbergraph_PlungerController
[2018.09.19-11.52.08:011][108]LogUObjectGlobals: Created PersistentFrame Addr=0x000002af77134800, Size=824, Default__player0_controller_C Function /Game/Andy/blueprint/player0_controller.player0_controller_C:ExecuteUbergraph_player0_controller
[2018.09.19-11.52.08:015][108]LogUObjectGlobals: Destroyed PersistentFrame Addr=0x000002af77134800, Size=824
[2018.09.19-11.52.08:015][108]LogUObjectGlobals: Created PersistentFrame Addr=0x000002af77134800, Size=824, Default__player0_controller_C Function /Engine/Transient.REINST_player0_controller_C_11:ExecuteUbergraph_player0_controller
[2018.09.19-11.52.08:026][108]LogUObjectGlobals: Created PersistentFrame Addr=0x000002af483f7200, Size=824, Default__player0_controller_C Function /Game/Andy/blueprint/player0_controller.player0_controller_C:ExecuteUbergraph_player0_controller
[2018.09.19-11.52.08:029][108]LogUObjectGlobals: Created PersistentFrame Addr=0x000002af765bdd48, Size=8, Default__Pinballgamemode_C Function /Game/Andy/blueprint/Pinballgamemode.Pinballgamemode_C:ExecuteUbergraph_Pinballgamemode
[2018.09.19-11.52.08:030][108]LogUObjectGlobals: Destroyed PersistentFrame Addr=0x000002af765bdd48, Size=8
[2018.09.19-11.52.08:030][108]LogUObjectGlobals: Created PersistentFrame Addr=0x000002af765bdd48, Size=8, Default__Pinballgamemode_C Function /Engine/Transient.REINST_Pinballgamemode_C_13:ExecuteUbergraph_Pinballgamemode
[2018.09.19-11.52.08:030][108]LogUObjectGlobals: Created PersistentFrame Addr=0x000002af765bcef0, Size=8, Default__Pinballgamemode_C Function /Game/Andy/blueprint/Pinballgamemode.Pinballgamemode_C:ExecuteUbergraph_Pinballgamemode
[2018.09.19-11.52.08:046][108]LogUObjectGlobals: Created PersistentFrame Addr=0x000002af7715f400, Size=88, Default__BP_bumper_C Function /Game/Darry/BluePrints/BP_bumper.BP_bumper_C:ExecuteUbergraph_BP_bumper
[2018.09.19-11.52.08:049][108]LogUObjectGlobals: Destroyed PersistentFrame Addr=0x000002af7715f400, Size=88
[2018.09.19-11.52.08:049][108]LogUObjectGlobals: Created PersistentFrame Addr=0x000002af7715f400, Size=88, Default__BP_bumper_C Function /Engine/Transient.REINST_BP_bumper_C_15:ExecuteUbergraph_BP_bumper
[2018.09.19-11.52.08:050][108]LogUObjectGlobals: Created PersistentFrame Addr=0x000002af7715e7a0, Size=88, Default__BP_bumper_C Function /Game/Darry/BluePrints/BP_bumper.BP_bumper_C:ExecuteUbergraph_BP_bumper
[2018.09.19-11.52.08:054][108]LogUObjectGlobals: Created PersistentFrame Addr=0x000002af765bdfa8, Size=8, Default__BP_fillper_C Function /Game/Darry/BluePrints/BP_fillper.BP_fillper_C:ExecuteUbergraph_BP_fillper
[2018.09.19-11.52.08:057][108]LogUObjectGlobals: Destroyed PersistentFrame Addr=0x000002af765bdfa8, Size=8
[2018.09.19-11.52.08:057][108]LogUObjectGlobals: Created PersistentFrame Addr=0x000002af765bdfa8, Size=8, Default__BP_fillper_C Function /Engine/Transient.REINST_BP_fillper_C_17:ExecuteUbergraph_BP_fillper
[2018.09.19-11.52.08:060][108]LogUObjectGlobals: Created PersistentFrame Addr=0x000002af765be220, Size=8, Default__BP_fillper_C Function /Game/Darry/BluePrints/BP_fillper.BP_fillper_C:ExecuteUbergraph_BP_fillper
[2018.09.19-11.52.08:067][108]LogUObjectGlobals: Created PersistentFrame Addr=0x000002af483dcb80, Size=264, Default__BP_triangle_C Function /Game/Darry/BluePrints/BP_triangle.BP_triangle_C:ExecuteUbergraph_BP_triangle
[2018.09.19-11.52.08:070][108]LogUObjectGlobals: Destroyed PersistentFrame Addr=0x000002af483dcb80, Size=264
[2018.09.19-11.52.08:070][108]LogUObjectGlobals: Created PersistentFrame Addr=0x000002af483dcb80, Size=264, Default__BP_triangle_C Function /Engine/Transient.REINST_BP_triangle_C_19:ExecuteUbergraph_BP_triangle
[2018.09.19-11.52.08:072][108]LogUObjectGlobals: Created PersistentFrame Addr=0x000002af483dc7c0, Size=264, Default__BP_triangle_C Function /Game/Darry/BluePrints/BP_triangle.BP_triangle_C:ExecuteUbergraph_BP_triangle
[2018.09.19-11.52.08:080][108]LogLinker: Warning: Can't find file '/Game/Eric/Wagen_LDR'
[2018.09.19-11.52.08:080][108]LogLinker: Warning: Can't find file for asset '/Game/Eric/Wagen_LDR' while loading D:/Unreal Project/FIT3145-Nuclear-Moment/FIT3145_NuclearMoment_419/NuclearMoment/FIT3145_NuclearMoment_419/NuclearMoment/Content/Eric/Eric/Wagen_LDR_Font.uasset.
[2018.09.19-11.52.08:080][108]LoadErrors: Error: /Game/Eric/Eric/Wagen_LDR_Font : Can't find file for asset. /Game/Eric/Wagen_LDR
[2018.09.19-11.52.08:080][108]LogLinker: Warning: Can't find file '/Game/Eric/Wagen_LDR'
[2018.09.19-11.52.08:080][108]LogLinker: Warning: Can't find file for asset '/Game/Eric/Wagen_LDR' while loading D:/Unreal Project/FIT3145-Nuclear-Moment/FIT3145_NuclearMoment_419/NuclearMoment/FIT3145_NuclearMoment_419/NuclearMoment/Content/Eric/Eric/Wagen_LDR_Font.uasset.
[2018.09.19-11.52.08:081][108]LogUObjectGlobals: Created PersistentFrame Addr=0x000002af765bdf18, Size=4, Default__EndGame_Scene_C Function /Game/Eric/Eric/EndGame_Scene.EndGame_Scene_C:ExecuteUbergraph_EndGame_Scene
[2018.09.19-11.52.08:084][108]LogUObjectGlobals: Destroyed PersistentFrame Addr=0x000002af765bdf18, Size=4
[2018.09.19-11.52.08:084][108]LogUObjectGlobals: Created PersistentFrame Addr=0x000002af765bdf18, Size=4, Default__EndGame_Scene_C Function /Engine/Transient.REINST_EndGame_Scene_C_0:ExecuteUbergraph_EndGame_Scene
[2018.09.19-11.52.08:085][108]LogUObjectGlobals: Created PersistentFrame Addr=0x000002af765bcbc8, Size=4, Default__EndGame_Scene_C Function /Game/Eric/Eric/EndGame_Scene.EndGame_Scene_C:ExecuteUbergraph_EndGame_Scene
[2018.09.19-11.52.08:090][108]LogUObjectGlobals: Created PersistentFrame Addr=0x000002af77cea160, Size=152, Default__level_3_C Function /Game/Darry/Level/level_3.level_3_C:ExecuteUbergraph_level_3
[2018.09.19-11.52.08:094][108]LogUObjectGlobals: Destroyed PersistentFrame Addr=0x000002af77cea160, Size=152
[2018.09.19-11.52.08:094][108]LogUObjectGlobals: Created PersistentFrame Addr=0x000002af76def240, Size=152, Default__level_3_C Function /Engine/Transient.REINST_level_3_C_23:ExecuteUbergraph_level_3
[2018.09.19-11.52.08:097][108]LogUObjectGlobals: Created PersistentFrame Addr=0x000002af76dec900, Size=152, Default__level_3_C Function /Game/Darry/Level/level_3.level_3_C:ExecuteUbergraph_level_3
[2018.09.19-11.52.08:107][108]LogLinker: Warning: Can't find file '/Game/Eric/Wagen_LDR'
[2018.09.19-11.52.08:107][108]LoadErrors: Failed to load /Game/Eric/Wagen_LDR.Wagen_LDR Referenced by Wagen_LDR_Font
[2018.09.19-11.52.08:107][108]LogLinker: Warning: Can't find file for asset '/Game/Eric/Wagen_LDR' while loading NULL.
[2018.09.19-11.52.08:182][108]LogAIModule: Creating AISystem for world level_3
[2018.09.19-11.52.08:204][108]LogUObjectGlobals: Destroyed PersistentFrame Addr=0x000002af26876500, Size=336
[2018.09.19-11.52.08:204][108]LogUObjectGlobals: Destroyed PersistentFrame Addr=0x000002af765bd350, Size=8
[2018.09.19-11.52.08:204][108]LogUObjectGlobals: Destroyed PersistentFrame Addr=0x000002af7714a200, Size=164
[2018.09.19-11.52.08:204][108]LogUObjectGlobals: Destroyed PersistentFrame Addr=0x000002af77134800, Size=824
[2018.09.19-11.52.08:204][108]LogUObjectGlobals: Destroyed PersistentFrame Addr=0x000002af765bdd48, Size=8
[2018.09.19-11.52.08:204][108]LogUObjectGlobals: Destroyed PersistentFrame Addr=0x000002af7715f400, Size=88
[2018.09.19-11.52.08:204][108]LogUObjectGlobals: Destroyed PersistentFrame Addr=0x000002af765bdfa8, Size=8
[2018.09.19-11.52.08:204][108]LogUObjectGlobals: Destroyed PersistentFrame Addr=0x000002af483dcb80, Size=264
[2018.09.19-11.52.08:204][108]LogUObjectGlobals: Destroyed PersistentFrame Addr=0x000002af765bdf18, Size=4
[2018.09.19-11.52.08:204][108]LogUObjectGlobals: Destroyed PersistentFrame Addr=0x000002af76def240, Size=152
[2018.09.19-11.52.08:206][108]LightingResults: New page: Lighting Build
[2018.09.19-11.52.08:206][108]LoadErrors: New page: Loading map: level_3.umap
[2018.09.19-11.52.08:206][108]MapCheck: New page: Map Check
[2018.09.19-11.52.08:206][108]LightingResults: New page: Lighting Build
[2018.09.19-11.52.08:271][108]LogEditorServer: Finished looking for orphan Actors (0.000 secs)
[2018.09.19-11.52.08:309][108]Cmd: MAP CHECKDEP NOCLEARLOG
[2018.09.19-11.52.08:361][108]MapCheck: Map check complete: 0 Error(s), 0 Warning(s), took 51.974ms to complete.
[2018.09.19-11.52.08:361][108]LogFileHelpers: Loading map 'level_3' took 0.156
[2018.09.19-11.52.09:874][197]LogEditorViewport: Clicking on Actor (LMB): BP_bumper_C (Bumper_controller4)
[2018.09.19-11.52.15:232][517]LogSlate: Took 0.000184 seconds to synchronously load lazily loaded font '../../../Engine/Content/Slate/Fonts/Roboto-Italic.ttf' (157K)
[2018.09.19-11.52.19:009][743]LogSlate: FSceneViewport::OnFocusLost() reason 2
[2018.09.19-11.52.29:866][381]LogContentBrowser: Native class hierarchy updated for 'BlueprintGraph' in 0.0005 seconds. Added 116 classes and 0 folders.
[2018.09.19-11.52.30:092][381]LogUObjectGlobals: Created PersistentFrame Addr=0x000002af707c2430, Size=4, Default__SKEL_PROTO_BP_AnimBlueprint_0_C Function /Engine/Transient.SKEL_PROTO_BP_AnimBlueprint_0_C:ExecuteUbergraph_PROTO_BP_AnimBlueprint_0
[2018.09.19-11.52.30:092][381]LogUObjectGlobals: Created PersistentFrame Addr=0x000002af707c2428, Size=4, Default__PROTO_BP_AnimBlueprint_0_C Function /Engine/Transient.PROTO_BP_AnimBlueprint_0_C:ExecuteUbergraph_PROTO_BP_AnimBlueprint_0
[2018.09.19-11.52.30:431][381]LogSlate: Took 0.000165 seconds to synchronously load lazily loaded font '../../../Engine/Content/Slate/Fonts/Roboto-BoldCondensed.ttf' (158K)
[2018.09.19-11.52.32:227][481]LogSlate: Window 'NuclearMoment - Unreal Editor' being destroyed
[2018.09.19-11.52.32:228][481]LogWindowsTextInputMethodSystem: Display: IME system now activated using TSF (微软拼音).
[2018.09.19-11.52.32:437][482]Cmd: QUIT_EDITOR
[2018.09.19-11.52.32:464][482]LogSlate: Slate User Destroyed.  User Index 0, Is Virtual User: 0
[2018.09.19-11.52.32:464][482]LogExit: Preparing to exit.
[2018.09.19-11.52.33:184][482]LogExit: Editor shut down
[2018.09.19-11.52.33:187][482]LogExit: Transaction tracking system shut down
[2018.09.19-11.52.33:188][482]LogUObjectGlobals: Destroyed PersistentFrame Addr=0x000002af77162c80, Size=336
[2018.09.19-11.52.33:188][482]LogUObjectGlobals: Destroyed PersistentFrame Addr=0x000002af765bd930, Size=8
[2018.09.19-11.52.33:188][482]LogUObjectGlobals: Destroyed PersistentFrame Addr=0x000002af771490c0, Size=164
[2018.09.19-11.52.33:188][482]LogUObjectGlobals: Destroyed PersistentFrame Addr=0x000002af483f7200, Size=824
[2018.09.19-11.52.33:188][482]LogUObjectGlobals: Destroyed PersistentFrame Addr=0x000002af765bcef0, Size=8
[2018.09.19-11.52.33:188][482]LogUObjectGlobals: Destroyed PersistentFrame Addr=0x000002af7715e7a0, Size=88
[2018.09.19-11.52.33:188][482]LogUObjectGlobals: Destroyed PersistentFrame Addr=0x000002af765be220, Size=8
[2018.09.19-11.52.33:188][482]LogUObjectGlobals: Destroyed PersistentFrame Addr=0x000002af483dc7c0, Size=264
[2018.09.19-11.52.33:188][482]LogUObjectGlobals: Destroyed PersistentFrame Addr=0x000002af765bcbc8, Size=4
[2018.09.19-11.52.33:188][482]LogUObjectGlobals: Destroyed PersistentFrame Addr=0x000002af76dec900, Size=152
[2018.09.19-11.52.33:190][482]LogUObjectGlobals: Destroyed PersistentFrame Addr=0x000002af707c2430, Size=4
[2018.09.19-11.52.33:190][482]LogUObjectGlobals: Destroyed PersistentFrame Addr=0x000002af707c2428, Size=4
[2018.09.19-11.52.33:443][482]LogDirectoryWatcher: A directory notification for '../../../Engine/Content/' was aborted.
[2018.09.19-11.52.33:443][482]LogDirectoryWatcher: A directory notification for 'D:/Unreal Project/FIT3145-Nuclear-Moment/FIT3145_NuclearMoment_419/NuclearMoment/FIT3145_NuclearMoment_419/NuclearMoment/Content/' was aborted.
[2018.09.19-11.52.33:444][482]LogDirectoryWatcher: A directory notification for '../../Plugins/2D/Paper2D/Content/' was aborted.
[2018.09.19-11.52.33:444][482]LogDirectoryWatcher: A directory notification for '../../Plugins/Enterprise/DatasmithContent/Content/' was aborted.
[2018.09.19-11.52.33:444][482]LogDirectoryWatcher: A directory notification for '../../Plugins/Media/MediaCompositing/Content/' was aborted.
[2018.09.19-11.52.33:444][482]LogDirectoryWatcher: A directory notification for '../../Plugins/Runtime/AppleARKit/Content/' was aborted.
[2018.09.19-11.52.33:444][482]LogDirectoryWatcher: A directory notification for '../../Plugins/Runtime/Oculus/OculusVR/Content/' was aborted.
[2018.09.19-11.52.33:444][482]LogDirectoryWatcher: A directory notification for '../../Plugins/Runtime/Steam/SteamVR/Content/' was aborted.
[2018.09.19-11.52.33:527][482]LogExit: Object subsystem successfully closed.
[2018.09.19-11.52.33:549][482]LogShaderCompilers: Display: Shaders left to compile 0
[2018.09.19-11.52.33:552][482]LogD3D11RHI: Shutdown
[2018.09.19-11.52.33:552][482]LogD3D11RHI: CleanupD3DDevice
[2018.09.19-11.52.33:553][482]LogD3D11RHI: ~FD3D11DynamicRHI
[2018.09.19-11.52.33:572][482]LogModuleManager: Shutting down and abandoning module BlueprintGraph (578)
[2018.09.19-11.52.33:572][482]LogModuleManager: Shutting down and abandoning module HierarchicalLODOutliner (576)
[2018.09.19-11.52.33:572][482]LogModuleManager: Shutting down and abandoning module SceneOutliner (574)
[2018.09.19-11.52.33:572][482]LogModuleManager: Shutting down and abandoning module AddContentDialog (572)
[2018.09.19-11.52.33:572][482]LogDirectoryWatcher: A directory notification for 'C:/Program Files/Epic Games/UE_4.19/FeaturePacks/' was aborted.
[2018.09.19-11.52.33:573][482]LogModuleManager: Shutting down and abandoning module WidgetCarousel (571)
[2018.09.19-11.52.33:573][482]LogModuleManager: Shutting down and abandoning module EditorWidgets (568)
[2018.09.19-11.52.33:573][482]LogModuleManager: Shutting down and abandoning module CollectionManager (566)
[2018.09.19-11.52.33:573][482]LogDirectoryWatcher: A directory notification for 'D:/Unreal Project/FIT3145-Nuclear-Moment/FIT3145_NuclearMoment_419/NuclearMoment/FIT3145_NuclearMoment_419/NuclearMoment/Content/Collections/' was aborted.
[2018.09.19-11.52.33:573][482]LogDirectoryWatcher: A directory notification for 'D:/Unreal Project/FIT3145-Nuclear-Moment/FIT3145_NuclearMoment_419/NuclearMoment/FIT3145_NuclearMoment_419/NuclearMoment/Content/Developers/Darry/Collections/' was aborted.
[2018.09.19-11.52.33:573][482]LogDirectoryWatcher: A directory notification for 'D:/Unreal Project/FIT3145-Nuclear-Moment/FIT3145_NuclearMoment_419/NuclearMoment/FIT3145_NuclearMoment_419/NuclearMoment/Saved/Collections/' was aborted.
[2018.09.19-11.52.33:573][482]LogModuleManager: Shutting down and abandoning module HierarchicalLODUtilities (564)
[2018.09.19-11.52.33:573][482]LogModuleManager: Shutting down and abandoning module StatsViewer (562)
[2018.09.19-11.52.33:573][482]LogModuleManager: Shutting down and abandoning module FoliageEdit (560)
[2018.09.19-11.52.33:573][482]LogModuleManager: Shutting down and abandoning module LandscapeEditor (558)
[2018.09.19-11.52.33:573][482]LogModuleManager: Shutting down and abandoning module MeshPaintMode (556)
[2018.09.19-11.52.33:573][482]LogModuleManager: Shutting down and abandoning module SceneDepthPickerMode (554)
[2018.09.19-11.52.33:573][482]LogModuleManager: Shutting down and abandoning module ActorPickerMode (552)
[2018.09.19-11.52.33:573][482]LogModuleManager: Shutting down and abandoning module GeometryMode (550)
[2018.09.19-11.52.33:573][482]LogModuleManager: Shutting down and abandoning module TextureAlignMode (548)
[2018.09.19-11.52.33:573][482]LogModuleManager: Shutting down and abandoning module BspMode (546)
[2018.09.19-11.52.33:573][482]LogModuleManager: Shutting down and abandoning module PIEPreviewDeviceProfileSelector (544)
[2018.09.19-11.52.33:573][482]LogModuleManager: Shutting down and abandoning module HardwareSurvey (542)
[2018.09.19-11.52.33:573][482]LogModuleManager: Shutting down and abandoning module SequenceRecorderSections (540)
[2018.09.19-11.52.33:573][482]LogModuleManager: Shutting down and abandoning module AutomationWorker (538)
[2018.09.19-11.52.33:573][482]LogModuleManager: Shutting down and abandoning module AudioCaptureEditor (536)
[2018.09.19-11.52.33:573][482]LogModuleManager: Shutting down and abandoning module SequenceRecorder (535)
[2018.09.19-11.52.33:573][482]LogModuleManager: Shutting down and abandoning module MatineeToLevelSequence (532)
[2018.09.19-11.52.33:573][482]LogModuleManager: Shutting down and abandoning module LevelSequenceEditor (530)
[2018.09.19-11.52.33:573][482]LogModuleManager: Shutting down and abandoning module PlacementMode (529)
[2018.09.19-11.52.33:573][482]LogModuleManager: Shutting down and abandoning module MaterialEditor (528)
[2018.09.19-11.52.33:573][482]LogModuleManager: Shutting down and abandoning module WmfMediaFactory (524)
[2018.09.19-11.52.33:573][482]LogModuleManager: Shutting down and abandoning module WmfMediaEditor (522)
[2018.09.19-11.52.33:573][482]LogModuleManager: Shutting down and abandoning module MediaPlayerEditor (520)
[2018.09.19-11.52.33:573][482]LogModuleManager: Shutting down and abandoning module OpenExrWrapper (518)
[2018.09.19-11.52.33:573][482]LogModuleManager: Shutting down and abandoning module ImgMediaFactory (516)
[2018.09.19-11.52.33:573][482]LogModuleManager: Shutting down and abandoning module ImgMediaEditor (514)
[2018.09.19-11.52.33:574][482]LogModuleManager: Shutting down and abandoning module AvfMediaFactory (512)
[2018.09.19-11.52.33:574][482]LogModuleManager: Shutting down and abandoning module AvfMediaEditor (510)
[2018.09.19-11.52.33:574][482]LogModuleManager: Shutting down and abandoning module AndroidMediaFactory (508)
[2018.09.19-11.52.33:574][482]LogModuleManager: Shutting down and abandoning module AndroidMediaEditor (506)
[2018.09.19-11.52.33:574][482]LogModuleManager: Shutting down and abandoning module CharacterAI (504)
[2018.09.19-11.52.33:574][482]LogModuleManager: Shutting down and abandoning module SmartSnapping (502)
[2018.09.19-11.52.33:574][482]LogModuleManager: Shutting down and abandoning module SessionServices (500)
[2018.09.19-11.52.33:574][482]LogModuleManager: Shutting down and abandoning module ViewportSnapping (498)
[2018.09.19-11.52.33:574][482]LogModuleManager: Shutting down and abandoning module ViewportInteraction (496)
[2018.09.19-11.52.33:574][482]LogModuleManager: Shutting down and abandoning module ClothPainter (494)
[2018.09.19-11.52.33:574][482]LogModuleManager: Shutting down and abandoning module SkeletalMeshEditor (493)
[2018.09.19-11.52.33:574][482]LogModuleManager: Shutting down and abandoning module LogVisualizer (490)
[2018.09.19-11.52.33:574][482]LogModuleManager: Shutting down and abandoning module IntroTutorials (488)
[2018.09.19-11.52.33:574][482]LogModuleManager: Shutting down and abandoning module GameProjectGeneration (487)
[2018.09.19-11.52.33:574][482]LogModuleManager: Shutting down and abandoning module IOSPlatformEditor (484)
[2018.09.19-11.52.33:574][482]LogModuleManager: Shutting down and abandoning module HTML5PlatformEditor (482)
[2018.09.19-11.52.33:574][482]LogModuleManager: Shutting down and abandoning module AndroidPlatformEditor (480)
[2018.09.19-11.52.33:574][482]LogModuleManager: Shutting down and abandoning module AndroidDeviceDetection (479)
[2018.09.19-11.52.34:474][482]LogModuleManager: Shutting down and abandoning module WindowsPlatformEditor (476)
[2018.09.19-11.52.34:474][482]LogModuleManager: Shutting down and abandoning module IOSRuntimeSettings (474)
[2018.09.19-11.52.34:474][482]LogModuleManager: Shutting down and abandoning module AndroidRuntimeSettings (472)
[2018.09.19-11.52.34:474][482]LogModuleManager: Shutting down and abandoning module InputBindingEditor (470)
[2018.09.19-11.52.34:474][482]LogModuleManager: Shutting down and abandoning module MergeActors (468)
[2018.09.19-11.52.34:474][482]LogModuleManager: Shutting down and abandoning module LocalizationDashboard (466)
[2018.09.19-11.52.34:474][482]LogModuleManager: Shutting down and abandoning module LocalizationService (465)
[2018.09.19-11.52.34:474][482]LogModuleManager: Shutting down and abandoning module HardwareTargeting (462)
[2018.09.19-11.52.34:474][482]LogModuleManager: Shutting down and abandoning module DeviceProfileEditor (460)
[2018.09.19-11.52.34:474][482]LogModuleManager: Shutting down and abandoning module UndoHistory (458)
[2018.09.19-11.52.34:474][482]LogModuleManager: Shutting down and abandoning module XmlParser (456)
[2018.09.19-11.52.34:474][482]LogModuleManager: Shutting down and abandoning module Blutility (454)
[2018.09.19-11.52.34:474][482]LogModuleManager: Shutting down and abandoning module ProjectSettingsViewer (452)
[2018.09.19-11.52.34:474][482]LogModuleManager: Shutting down and abandoning module ProjectTargetPlatformEditor (451)
[2018.09.19-11.52.34:475][482]LogModuleManager: Shutting down and abandoning module EditorSettingsViewer (448)
[2018.09.19-11.52.34:475][482]LogModuleManager: Shutting down and abandoning module SettingsEditor (446)
[2018.09.19-11.52.34:475][482]LogModuleManager: Shutting down and abandoning module ProjectLauncher (444)
[2018.09.19-11.52.34:475][482]LogModuleManager: Shutting down and abandoning module SessionFrontend (442)
[2018.09.19-11.52.34:475][482]LogModuleManager: Shutting down and abandoning module ProfilerClient (440)
[2018.09.19-11.52.34:475][482]LogModuleManager: Shutting down and abandoning module DeviceManager (438)
[2018.09.19-11.52.34:475][482]LogModuleManager: Shutting down and abandoning module TargetDeviceServices (437)
[2018.09.19-11.52.34:529][482]LogModuleManager: Shutting down and abandoning module AutomationController (434)
[2018.09.19-11.52.34:529][482]LogModuleManager: Shutting down and abandoning module AutomationWindow (432)
[2018.09.19-11.52.34:529][482]LogModuleManager: Shutting down and abandoning module Layers (430)
[2018.09.19-11.52.34:529][482]LogModuleManager: Shutting down and abandoning module ComponentVisualizers (428)
[2018.09.19-11.52.34:529][482]LogModuleManager: Shutting down and abandoning module DetailCustomizations (426)
[2018.09.19-11.52.34:529][482]LogModuleManager: Shutting down and abandoning module PackagesDialog (424)
[2018.09.19-11.52.34:529][482]LogModuleManager: Shutting down and abandoning module Persona (422)
[2018.09.19-11.52.34:529][482]LogModuleManager: Shutting down and abandoning module AdvancedPreviewScene (421)
[2018.09.19-11.52.34:529][482]LogModuleManager: Shutting down and abandoning module AnimGraph (419)
[2018.09.19-11.52.34:529][482]LogModuleManager: Shutting down and abandoning module Kismet (416)
[2018.09.19-11.52.34:532][482]LogModuleManager: Shutting down and abandoning module GraphEditor (414)
[2018.09.19-11.52.34:532][482]LogModuleManager: Shutting down and abandoning module ClassViewer (412)
[2018.09.19-11.52.34:532][482]LogModuleManager: Shutting down and abandoning module Toolbox (410)
[2018.09.19-11.52.34:532][482]LogModuleManager: Shutting down and abandoning module ModuleUI (408)
[2018.09.19-11.52.34:532][482]LogModuleManager: Shutting down and abandoning module MovieSceneTools (406)
[2018.09.19-11.52.34:532][482]LogModuleManager: Shutting down and abandoning module OutputLog (404)
[2018.09.19-11.52.34:533][482]LogModuleManager: Shutting down and abandoning module GammaUI (402)
[2018.09.19-11.52.34:533][482]LogModuleManager: Shutting down and abandoning module Documentation (400)
[2018.09.19-11.52.34:533][482]LogModuleManager: Shutting down and abandoning module MovieSceneTracks (398)
[2018.09.19-11.52.34:533][482]LogModuleManager: Shutting down and abandoning module MovieScene (396)
[2018.09.19-11.52.34:533][482]LogModuleManager: Shutting down and abandoning module StreamingPauseRendering (394)
[2018.09.19-11.52.34:533][482]LogModuleManager: Shutting down and abandoning module LauncherPlatform (392)
[2018.09.19-11.52.34:533][482]LogModuleManager: Shutting down and abandoning module AnalyticsET (390)
[2018.09.19-11.52.34:533][482]LogModuleManager: Shutting down and abandoning module PortalServices (388)
[2018.09.19-11.52.34:533][482]LogModuleManager: Shutting down and abandoning module PortalRpc (386)
[2018.09.19-11.52.34:533][482]LogModuleManager: Shutting down and abandoning module MessagingRpc (384)
[2018.09.19-11.52.34:533][482]LogModuleManager: Shutting down and abandoning module AIModule (382)
[2018.09.19-11.52.34:533][482]LogModuleManager: Shutting down and abandoning module GameplayDebugger (381)
[2018.09.19-11.52.34:533][482]LogModuleManager: Shutting down and abandoning module AITestSuite (379)
[2018.09.19-11.52.34:533][482]LogModuleManager: Shutting down and abandoning module DesktopPlatform (376)
[2018.09.19-11.52.34:533][482]LogModuleManager: Shutting down and abandoning module ProfilerService (374)
[2018.09.19-11.52.34:632][482]LogModuleManager: Shutting down and abandoning module TaskGraph (372)
[2018.09.19-11.52.34:632][482]LogModuleManager: Shutting down and abandoning module SteamVRController (370)
[2018.09.19-11.52.34:632][482]LogModuleManager: Shutting down and abandoning module ProceduralMeshComponentEditor (368)
[2018.09.19-11.52.34:632][482]LogModuleManager: Shutting down and abandoning module ProceduralMeshComponent (366)
[2018.09.19-11.52.34:632][482]LogModuleManager: Shutting down and abandoning module OculusInput (364)
[2018.09.19-11.52.34:632][482]LogModuleManager: Shutting down and abandoning module MobilePatchingUtils (362)
[2018.09.19-11.52.34:632][482]LogModuleManager: Shutting down and abandoning module CustomMeshComponent (360)
[2018.09.19-11.52.34:632][482]LogModuleManager: Shutting down and abandoning module CableComponent (358)
[2018.09.19-11.52.34:632][482]LogModuleManager: Shutting down and abandoning module AudioCapture (356)
[2018.09.19-11.52.34:632][482]LogModuleManager: Shutting down and abandoning module ArchVisCharacter (354)
[2018.09.19-11.52.34:633][482]LogModuleManager: Shutting down and abandoning module AndroidPermission (352)
[2018.09.19-11.52.34:633][482]LogModuleManager: Shutting down and abandoning module NUTUnrealEngine4 (348)
[2018.09.19-11.52.34:633][482]LogModuleManager: Shutting down and abandoning module NetcodeUnitTest (346)
[2018.09.19-11.52.34:633][482]LogModuleManager: Shutting down and abandoning module MediaCompositingEditor (344)
[2018.09.19-11.52.34:633][482]LogModuleManager: Shutting down and abandoning module MediaCompositing (342)
[2018.09.19-11.52.34:633][482]LogModuleManager: Shutting down and abandoning module LinearTimecode (340)
[2018.09.19-11.52.34:633][482]LogModuleManager: Shutting down and abandoning module ImgMedia (338)
[2018.09.19-11.52.34:642][482]LogModuleManager: Shutting down and abandoning module HTML5Networking (336)
[2018.09.19-11.52.34:642][482]LogModuleManager: Shutting down and abandoning module AlembicImporter (334)
[2018.09.19-11.52.34:642][482]LogModuleManager: Shutting down and abandoning module AlembicLibrary (333)
[2018.09.19-11.52.34:642][482]LogModuleManager: Shutting down and abandoning module GeometryCache (332)
[2018.09.19-11.52.34:642][482]LogModuleManager: Shutting down and abandoning module GeometryCacheEd (331)
[2018.09.19-11.52.34:642][482]LogModuleManager: Shutting down and abandoning module DatasmithContent (326)
[2018.09.19-11.52.34:642][482]LogModuleManager: Shutting down and abandoning module SpeedTreeImporter (324)
[2018.09.19-11.52.34:642][482]LogModuleManager: Shutting down and abandoning module PluginBrowser (322)
[2018.09.19-11.52.34:642][482]LogModuleManager: Shutting down and abandoning module MobileLauncherProfileWizard (320)
[2018.09.19-11.52.34:642][482]LogModuleManager: Shutting down and abandoning module CryptoKeysOpenSSL (318)
[2018.09.19-11.52.34:642][482]LogModuleManager: Shutting down and abandoning module CryptoKeys (316)
[2018.09.19-11.52.34:642][482]LogModuleManager: Shutting down and abandoning module VisualStudioSourceCodeAccess (314)
[2018.09.19-11.52.34:643][482]LogModuleManager: Shutting down and abandoning module VisualStudioCodeSourceCodeAccess (312)
[2018.09.19-11.52.34:643][482]LogModuleManager: Shutting down and abandoning module UObjectPlugin (310)
[2018.09.19-11.52.34:643][482]LogModuleManager: Shutting down and abandoning module SubversionSourceControl (308)
[2018.09.19-11.52.34:643][482]LogModuleManager: Shutting down and abandoning module PerforceSourceControl (306)
[2018.09.19-11.52.34:643][482]LogModuleManager: Shutting down and abandoning module GitSourceControl (304)
[2018.09.19-11.52.34:643][482]LogModuleManager: Shutting down and abandoning module SourceControl (303)
[2018.09.19-11.52.34:643][482]LogModuleManager: Shutting down and abandoning module CLionSourceCodeAccess (300)
[2018.09.19-11.52.34:643][482]LogModuleManager: Shutting down and abandoning module LightPropagationVolumeEditor (298)
[2018.09.19-11.52.34:643][482]LogModuleManager: Shutting down and abandoning module PaperTiledImporter (296)
[2018.09.19-11.52.34:643][482]LogModuleManager: Shutting down and abandoning module PaperSpriteSheetImporter (294)
[2018.09.19-11.52.34:643][482]LogModuleManager: Shutting down and abandoning module Paper2DEditor (292)
[2018.09.19-11.52.34:643][482]LogModuleManager: Shutting down and abandoning module MeshPaint (291)
[2018.09.19-11.52.34:643][482]LogModuleManager: Shutting down and abandoning module RuntimePhysXCooking (288)
[2018.09.19-11.52.34:644][482]LogModuleManager: Shutting down and abandoning module PhysXVehiclesEditor (286)
[2018.09.19-11.52.34:644][482]LogModuleManager: Shutting down and abandoning module PhysXVehicles (284)
[2018.09.19-11.52.34:644][482]LogModuleManager: Shutting down and abandoning module OculusEditor (282)
[2018.09.19-11.52.34:644][482]LogModuleManager: Shutting down and abandoning module LocationServicesBPLibrary (280)
[2018.09.19-11.52.34:644][482]LogModuleManager: Shutting down and abandoning module ImmediatePhysicsEditor (278)
[2018.09.19-11.52.34:644][482]LogModuleManager: Shutting down and abandoning module ImmediatePhysics (276)
[2018.09.19-11.52.34:644][482]LogModuleManager: Shutting down and abandoning module ActorSequence (274)
[2018.09.19-11.52.34:644][482]LogModuleManager: Shutting down and abandoning module UdpMessaging (272)
[2018.09.19-11.52.34:746][482]LogModuleManager: Shutting down and abandoning module TcpMessaging (270)
[2018.09.19-11.52.34:847][482]LogModuleManager: Shutting down and abandoning module GameplayTagsEditor (268)
[2018.09.19-11.52.34:847][482]LogModuleManager: Shutting down and abandoning module FacialAnimationEditor (266)
[2018.09.19-11.52.34:847][482]LogModuleManager: Shutting down and abandoning module FacialAnimation (264)
[2018.09.19-11.52.34:847][482]LogModuleManager: Shutting down and abandoning module DataValidation (262)
[2018.09.19-11.52.34:847][482]LogModuleManager: Shutting down and abandoning module AssetManagerEditor (260)
[2018.09.19-11.52.34:847][482]LogModuleManager: Shutting down and abandoning module LevelEditor (259)
[2018.09.19-11.52.34:849][482]LogModuleManager: Shutting down and abandoning module PixelInspectorModule (258)
[2018.09.19-11.52.34:849][482]LogModuleManager: Shutting down and abandoning module CommonMenuExtensions (256)
[2018.09.19-11.52.34:849][482]LogModuleManager: Shutting down and abandoning module MainFrame (254)
[2018.09.19-11.52.34:850][482]LogModuleManager: Shutting down and abandoning module HotReload (253)
[2018.09.19-11.52.34:851][482]LogModuleManager: Shutting down and abandoning module ContentBrowser (249)
[2018.09.19-11.52.34:853][482]LogModuleManager: Shutting down and abandoning module TreeMap (247)
[2018.09.19-11.52.34:853][482]LogModuleManager: Shutting down and abandoning module LightPropagationVolumeRuntime (244)
[2018.09.19-11.52.34:853][482]LogModuleManager: Shutting down and abandoning module LiveLinkEditor (242)
[2018.09.19-11.52.34:854][482]LogModuleManager: Shutting down and abandoning module LiveLink (240)
[2018.09.19-11.52.35:699][482]LogModuleManager: Shutting down and abandoning module Paper2D (238)
[2018.09.19-11.52.35:699][482]LogModuleManager: Shutting down and abandoning module WindowsMoviePlayer (236)
[2018.09.19-11.52.35:699][482]LogModuleManager: Shutting down and abandoning module WmfMedia (234)
[2018.09.19-11.52.35:702][482]LogModuleManager: Shutting down and abandoning module Media (233)
[2018.09.19-11.52.35:709][482]LogModuleManager: Shutting down and abandoning module PacketHandler (230)
[2018.09.19-11.52.35:709][482]LogModuleManager: Shutting down and abandoning module ClothingSystemEditor (228)
[2018.09.19-11.52.35:709][482]LogModuleManager: Shutting down and abandoning module ClothingSystemRuntime (226)
[2018.09.19-11.52.35:709][482]LogModuleManager: Shutting down and abandoning module MediaAssets (224)
[2018.09.19-11.52.35:709][482]LogModuleManager: Shutting down and abandoning module Overlay (222)
[2018.09.19-11.52.35:709][482]LogModuleManager: Shutting down and abandoning module OverlayEditor (221)
[2018.09.19-11.52.35:709][482]LogModuleManager: Shutting down and abandoning module VREditor (218)
[2018.09.19-11.52.35:709][482]LogModuleManager: Shutting down and abandoning module StringTableEditor (216)
[2018.09.19-11.52.35:709][482]LogModuleManager: Shutting down and abandoning module GameplayTasksEditor (214)
[2018.09.19-11.52.35:710][482]LogModuleManager: Shutting down and abandoning module BehaviorTreeEditor (212)
[2018.09.19-11.52.35:710][482]LogModuleManager: Shutting down and abandoning module FunctionalTesting (210)
[2018.09.19-11.52.35:710][482]LogModuleManager: Shutting down and abandoning module CollisionAnalyzer (208)
[2018.09.19-11.52.35:710][482]LogModuleManager: Shutting down and abandoning module WorkspaceMenuStructure (207)
[2018.09.19-11.52.35:710][482]LogModuleManager: Shutting down and abandoning module UMG (204)
[2018.09.19-11.52.35:710][482]LogModuleManager: Shutting down and abandoning module UMGEditor (203)
[2018.09.19-11.52.35:710][482]LogModuleManager: Shutting down and abandoning module Sequencer (202)
[2018.09.19-11.52.35:710][482]LogModuleManager: Shutting down and abandoning module MessageLog (199)
[2018.09.19-11.52.35:710][482]LogModuleManager: Shutting down and abandoning module SlateReflector (194)
[2018.09.19-11.52.35:711][482]LogModuleManager: Shutting down and abandoning module Slate (192)
[2018.09.19-11.52.35:711][482]LogModuleManager: Shutting down and abandoning module EditorStyle (190)
[2018.09.19-11.52.35:715][482]LogModuleManager: Shutting down and abandoning module MRMesh (188)
[2018.09.19-11.52.35:715][482]LogModuleManager: Shutting down and abandoning module SourceCodeAccess (186)
[2018.09.19-11.52.35:715][482]LogModuleManager: Shutting down and abandoning module HeadMountedDisplay (184)
[2018.09.19-11.52.35:715][482]LogModuleManager: Shutting down and abandoning module XAudio2 (182)
[2018.09.19-11.52.35:715][482]LogModuleManager: Shutting down and abandoning module Networking (180)
[2018.09.19-11.52.35:715][482]LogModuleManager: Shutting down and abandoning module Core (178)
[2018.09.19-11.52.35:716][482]LogModuleManager: Shutting down and abandoning module LevelSequence (176)
[2018.09.19-11.52.35:716][482]LogModuleManager: Shutting down and abandoning module KismetCompiler (174)
[2018.09.19-11.52.35:716][482]LogModuleManager: Shutting down and abandoning module MeshUtilities (172)
[2018.09.19-11.52.35:716][482]LogModuleManager: Shutting down and abandoning module MeshMergeUtilities (171)
[2018.09.19-11.52.35:716][482]LogModuleManager: Shutting down and abandoning module MeshReductionInterface (170)
[2018.09.19-11.52.35:716][482]LogModuleManager: Shutting down and abandoning module SimplygonSwarm (169)
[2018.09.19-11.52.35:716][482]LogModuleManager: Shutting down and abandoning module SimplygonMeshReduction (167)
[2018.09.19-11.52.35:716][482]LogModuleManager: Shutting down and abandoning module QuadricMeshReduction (165)
[2018.09.19-11.52.35:716][482]LogModuleManager: Shutting down and abandoning module MaterialBaking (161)
[2018.09.19-11.52.35:716][482]LogModuleManager: Shutting down and abandoning module DirectoryWatcher (157)
[2018.09.19-11.52.35:718][482]LogModuleManager: Shutting down and abandoning module DerivedDataCache (154)
[2018.09.19-11.52.35:743][482]LogDerivedDataCache: Shutdown
[2018.09.19-11.52.35:743][482]LogModuleManager: Shutting down and abandoning module XGEController (152)
[2018.09.19-11.52.35:743][482]LogModuleManager: Shutting down and abandoning module TargetPlatform (150)
[2018.09.19-11.52.35:743][482]LogModuleManager: Shutting down and abandoning module VulkanShaderFormat (149)
[2018.09.19-11.52.35:743][482]LogModuleManager: Shutting down and abandoning module ShaderFormatVectorVM (147)
[2018.09.19-11.52.35:744][482]LogModuleManager: Shutting down and abandoning module ShaderFormatOpenGL (145)
[2018.09.19-11.52.35:744][482]LogModuleManager: Shutting down and abandoning module ShaderFormatD3D (143)
[2018.09.19-11.52.35:744][482]LogModuleManager: Shutting down and abandoning module MetalShaderFormat (141)
[2018.09.19-11.52.35:744][482]LogModuleManager: Shutting down and abandoning module TextureFormatUncompressed (139)
[2018.09.19-11.52.35:744][482]LogModuleManager: Shutting down and abandoning module TextureFormatPVR (137)
[2018.09.19-11.52.35:744][482]LogModuleManager: Shutting down and abandoning module TextureFormatDXT (135)
[2018.09.19-11.52.35:744][482]LogModuleManager: Shutting down and abandoning module TextureFormatIntelISPCTexComp (133)
[2018.09.19-11.52.35:744][482]LogModuleManager: Shutting down and abandoning module TextureFormatASTC (131)
[2018.09.19-11.52.35:744][482]LogModuleManager: Shutting down and abandoning module ImageWrapper (130)
[2018.09.19-11.52.35:744][482]LogModuleManager: Shutting down and abandoning module TextureFormatAndroid (127)
[2018.09.19-11.52.35:744][482]LogModuleManager: Shutting down and abandoning module AudioFormatOpus (125)
[2018.09.19-11.52.35:744][482]LogModuleManager: Shutting down and abandoning module AudioFormatOgg (123)
[2018.09.19-11.52.35:745][482]LogModuleManager: Shutting down and abandoning module AudioFormatADPCM (121)
[2018.09.19-11.52.35:745][482]LogModuleManager: Shutting down and abandoning module LinuxTargetPlatform (119)
[2018.09.19-11.52.35:745][482]LogModuleManager: Shutting down and abandoning module LinuxServerTargetPlatform (117)
[2018.09.19-11.52.35:745][482]LogModuleManager: Shutting down and abandoning module LinuxNoEditorTargetPlatform (115)
[2018.09.19-11.52.35:745][482]LogModuleManager: Shutting down and abandoning module LinuxClientTargetPlatform (113)
[2018.09.19-11.52.35:745][482]LogModuleManager: Shutting down and abandoning module TVOSTargetPlatform (111)
[2018.09.19-11.52.35:745][482]LogModuleManager: Shutting down and abandoning module Messaging (109)
[2018.09.19-11.52.35:745][482]LogModuleManager: Shutting down and abandoning module IOSTargetPlatform (107)
[2018.09.19-11.52.35:745][482]LogModuleManager: Shutting down and abandoning module HTML5TargetPlatform (105)
[2018.09.19-11.52.35:745][482]LogModuleManager: Shutting down and abandoning module AndroidTargetPlatform (103)
[2018.09.19-11.52.35:745][482]LogModuleManager: Shutting down and abandoning module Android_PVRTCTargetPlatform (101)
[2018.09.19-11.52.35:745][482]LogModuleManager: Shutting down and abandoning module Android_MultiTargetPlatform (99)
[2018.09.19-11.52.35:745][482]LogModuleManager: Shutting down and abandoning module Android_ETC2TargetPlatform (97)
[2018.09.19-11.52.35:745][482]LogModuleManager: Shutting down and abandoning module Android_ETC1TargetPlatform (95)
[2018.09.19-11.52.35:745][482]LogModuleManager: Shutting down and abandoning module Android_ETC1aTargetPlatform (93)
[2018.09.19-11.52.35:745][482]LogModuleManager: Shutting down and abandoning module Android_DXTTargetPlatform (91)
[2018.09.19-11.52.35:746][482]LogModuleManager: Shutting down and abandoning module Android_ATCTargetPlatform (89)
[2018.09.19-11.52.35:746][482]LogModuleManager: Shutting down and abandoning module Android_ASTCTargetPlatform (87)
[2018.09.19-11.52.35:746][482]LogModuleManager: Shutting down and abandoning module WindowsTargetPlatform (85)
[2018.09.19-11.52.35:746][482]LogModuleManager: Shutting down and abandoning module WindowsServerTargetPlatform (83)
[2018.09.19-11.52.35:746][482]LogModuleManager: Shutting down and abandoning module WindowsNoEditorTargetPlatform (81)
[2018.09.19-11.52.35:746][482]LogModuleManager: Shutting down and abandoning module WindowsClientTargetPlatform (79)
[2018.09.19-11.52.35:746][482]LogModuleManager: Shutting down and abandoning module MacTargetPlatform (77)
[2018.09.19-11.52.35:746][482]LogModuleManager: Shutting down and abandoning module MacServerTargetPlatform (75)
[2018.09.19-11.52.35:746][482]LogModuleManager: Shutting down and abandoning module MacNoEditorTargetPlatform (73)
[2018.09.19-11.52.35:746][482]LogModuleManager: Shutting down and abandoning module MacClientTargetPlatform (71)
[2018.09.19-11.52.35:746][482]LogModuleManager: Shutting down and abandoning module AllDesktopTargetPlatform (69)
[2018.09.19-11.52.35:746][482]LogModuleManager: Shutting down and abandoning module InputCore (66)
[2018.09.19-11.52.35:746][482]LogModuleManager: Shutting down and abandoning module Settings (64)
[2018.09.19-11.52.35:746][482]LogModuleManager: Shutting down and abandoning module PhysXCooking (62)
[2018.09.19-11.52.35:746][482]LogModuleManager: Shutting down and abandoning module SteamVR (60)
[2018.09.19-11.52.35:746][482]LogModuleManager: Shutting down and abandoning module OculusHMD (58)
[2018.09.19-11.52.35:747][482]LogModuleManager: Shutting down and abandoning module ExampleDeviceProfileSelector (56)
[2018.09.19-11.52.35:747][482]LogModuleManager: Shutting down and abandoning module AppleARKit (54)
[2018.09.19-11.52.35:747][482]LogModuleManager: Shutting down and abandoning module AugmentedReality (51)
[2018.09.19-11.52.35:747][482]LogModuleManager: Shutting down and abandoning module OnlineBlueprintSupport (48)
[2018.09.19-11.52.35:747][482]LogModuleManager: Shutting down and abandoning module OnlineSubsystem (44)
[2018.09.19-11.52.35:747][482]LogModuleManager: Shutting down and abandoning module XMPP (43)
[2018.09.19-11.52.35:747][482]LogModuleManager: Shutting down and abandoning module HTTP (41)
[2018.09.19-11.52.35:747][482]LogHttp: Display: Http module shutting down, but needs to wait on 1 outstanding Http requests:
[2018.09.19-11.52.35:747][482]LogHttp: Display: 	verb=[POST] url=[https://datarouter.ol.epicgames.com/datarouter/api/v1/public/data?SessionID=%7BEFFABE72-43CE-C1E7-CFB8-FDA8B93FD196%7D&AppID=UEEditor.Rocket.Release&AppVersion=4.19.2-4033788%2B%2B%2BUE4%2BRelease-4.19&UserID=ffa27fa94d6e02796dc9839ceb40c893%7C3c4e2f40123147c5a204ded3eddcb2bd%7C7f64047d-132b-4211-8224-b319a13f4cf9&AppEnvironment=datacollector-binary&UploadType=eteventstream] status=Processing
[2018.09.19-11.52.35:776][482]LogModuleManager: Shutting down and abandoning module SSL (40)
[2018.09.19-11.52.35:779][482]LogModuleManager: Shutting down and abandoning module AnimationModifiers (36)
[2018.09.19-11.52.35:779][482]LogModuleManager: Shutting down and abandoning module PropertyEditor (35)
[2018.09.19-11.52.35:779][482]LogModuleManager: Shutting down and abandoning module AudioEditor (32)
[2018.09.19-11.52.35:780][482]LogModuleManager: Shutting down and abandoning module TextureCompressor (30)
[2018.09.19-11.52.35:780][482]LogModuleManager: Shutting down and abandoning module ShaderCore (28)
[2018.09.19-11.52.35:780][482]LogModuleManager: Shutting down and abandoning module Landscape (26)
[2018.09.19-11.52.35:780][482]LogModuleManager: Shutting down and abandoning module SlateRHIRenderer (24)
[2018.09.19-11.52.35:782][482]LogModuleManager: Shutting down and abandoning module OpenGLDrv (22)
[2018.09.19-11.52.35:782][482]LogModuleManager: Shutting down and abandoning module D3D11RHI (20)
[2018.09.19-11.52.35:782][482]LogModuleManager: Shutting down and abandoning module AnimGraphRuntime (18)
[2018.09.19-11.52.35:782][482]LogModuleManager: Shutting down and abandoning module Renderer (16)
[2018.09.19-11.52.35:782][482]LogModuleManager: Shutting down and abandoning module Engine (14)
[2018.09.19-11.52.35:782][482]LogModuleManager: Shutting down and abandoning module CoreUObject (12)
[2018.09.19-11.52.35:782][482]LogModuleManager: Shutting down and abandoning module NetworkFile (10)
[2018.09.19-11.52.35:782][482]LogModuleManager: Shutting down and abandoning module CookedIterativeFile (8)
[2018.09.19-11.52.35:783][482]LogModuleManager: Shutting down and abandoning module StreamingFile (6)
[2018.09.19-11.52.35:783][482]LogModuleManager: Shutting down and abandoning module SandboxFile (4)
[2018.09.19-11.52.35:783][482]LogModuleManager: Shutting down and abandoning module PakFile (2)
[2018.09.19-11.52.35:803][482]LogExit: Exiting.
[2018.09.19-11.52.35:822][482]Log file closed, 09/19/18 21:52:35
